epoch,categorical_accuracy,loss,lr
0,0.7905036937403732,0.4947405945534674,1e-04
1,0.9174845384004665,0.2638995276734866,1e-04
2,0.9350681524948786,0.19877306420264362,1e-04
3,0.9452094377020595,0.16319843986690444,1e-04
4,0.9543617799778112,0.13275733983490023,1e-04
5,0.9606952035187075,0.11347786492149302,1e-04
6,0.9639637103550119,0.1027331836271606,1e-04
7,0.9683746699518805,0.09023153968572083,1e-04
8,0.9703339520983515,0.08496646766427912,1e-04
9,0.9750495859707229,0.07182782008343895,1e-04
10,0.9781497566225278,0.061903186692487476,1e-04
11,0.9787439617267925,0.05990007033017391,1e-04
12,0.9801888763237853,0.05625350776668096,1e-04
13,0.9809993122781416,0.05354731634959278,1e-04
14,0.9824536761448154,0.049124973465665606,1e-04
15,0.9831804733148357,0.04759955752882648,1e-04
16,0.9831755365301299,0.0474334291163707,1e-04
17,0.9835316073441132,0.046085657289364194,1e-04
18,0.9841682184195892,0.04460560102057404,1e-04
19,0.9854828567312868,0.04015423214142221,1e-04
20,0.9854471986192451,0.04031283636754524,1e-04
21,0.985421609158484,0.040398868005014375,1e-04
22,0.9868928303387875,0.03613128238076332,1e-04
23,0.9873431718322788,0.035190534538337315,1e-04
24,0.9877033604338131,0.03395259607024907,1e-04
25,0.9879851273242259,0.03273773073350023,1e-04
26,0.9885812505779651,0.030937982485598366,1e-04
27,0.9892403686073269,0.029403740260958405,1e-04
28,0.9891289417909029,0.02949157590567399,1e-04
29,0.9888993354985112,0.030167612586778816,1e-04
30,0.9896978117208887,0.027910778319808992,1e-04
31,0.9897215849067807,0.028114477526688202,1e-04
32,0.9898292219612156,0.027660839509643965,1e-04
33,0.9897762291650111,0.02777697815991088,1e-04
34,0.9905204200904641,0.02556490058066861,1e-04
35,0.9906202957400806,0.025389187554651724,1e-04
36,0.9911981845062051,0.02356577479599306,1e-04
37,0.9913931080958988,0.02325768745452232,1e-04
38,0.9914381885421889,0.023033169691994686,1e-04
39,0.991307078191898,0.02359151226828829,1e-04
40,0.9913763466564067,0.02314562578862679,1e-04
41,0.991818058410747,0.02165914221898021,1e-04
42,0.9917430753675883,0.022058846299813632,1e-04
43,0.9927871732637119,0.019118872931606284,1e-04
44,0.9928313257710245,0.01892379372978637,1e-04
45,0.9931271744254452,0.018102672542768303,1e-04
46,0.9928320142246733,0.018764357705510968,1e-04
47,0.9918363094329834,0.021584087036866737,1e-04
48,0.9922232395850572,0.02060803591004954,1e-04
49,0.9932662441959851,0.017822116146685028,1e-04
50,0.9940968903919194,0.015599930046388768,1e-04
51,0.9939117494312175,0.01640139663512808,1e-04
52,0.9938096162723482,0.016317530499742067,1e-04
53,0.9937651557410323,0.016558712627530364,1e-04
54,0.9933317262320978,0.017853408585192108,1e-04
55,0.9935787948185966,0.017172412450948284,1e-04
56,0.993348574611698,0.01781134957435147,5e-05
57,0.9956428552633964,0.011289051048440954,5e-05
58,0.9963727630758179,0.009221368854744588,5e-05
59,0.9963654047690782,0.00934992540602716,5e-05
60,0.9959825826704636,0.010446835017577647,5e-05
61,0.9957240914605074,0.011206115118875867,5e-05
62,0.9958173508612101,0.010978310833574674,5e-05
63,0.9958196922436656,0.010990096551993282,5e-05
64,0.9958507222617232,0.010849489461655584,2.5e-05
65,0.9970692950873834,0.007469761424950039,2.5e-05
66,0.9975590449851631,0.006177687538283517,2.5e-05
67,0.9975778813863494,0.006103306542040251,2.5e-05
68,0.9973694256754796,0.006708321688692575,2.5e-05
69,0.997092473560265,0.00741202439237761,2.5e-05
70,0.9969437905072632,0.007858649596271899,2.5e-05
71,0.997029050351256,0.00756893928685711,2.5e-05
72,0.9970122798443908,0.007685116073429184,1.25e-05
73,0.9978277563248705,0.0054996226991316345,1.25e-05
74,0.9981621863858011,0.004620925958791302,1.25e-05
75,0.9982610452895196,0.0043732579922516075,1.25e-05
76,0.9982324445274319,0.004447944612311037,1.25e-05
77,0.9981390911194036,0.004681121982984095,1.25e-05
78,0.9980073323185812,0.005025868447835013,1.25e-05
79,0.9979890764959707,0.005088450391287238,1.25e-05
80,0.9980523436928223,0.004908430763005677,1.25e-05
81,0.9980198880970078,0.00502720988570177,6.25e-06
82,0.9983498384755196,0.004142250257317118,6.25e-06
83,0.9985042617091663,0.003757172249574256,6.25e-06
84,0.9985656582269092,0.0036159032409889855,6.25e-06
85,0.9985904978959086,0.003563317409831139,6.25e-06
86,0.9985861074204413,0.003574552018637092,6.25e-06
87,0.998564471334419,0.00363442175073645,6.25e-06
88,0.9985510632229064,0.0036596730518127715,6.25e-06
89,0.998553077113175,0.0036603031009102296,6.25e-06
90,0.9984569232202483,0.003892786284154427,3.125e-06
91,0.9985876703422342,0.003550984848799055,3.125e-06
92,0.9986693527074468,0.0033552170599867033,3.125e-06
93,0.9987194079414043,0.0032482300562079853,3.125e-06
94,0.9987486007496281,0.0031853580901553434,3.125e-06
95,0.9987673003401533,0.003146198771943982,3.125e-06
96,0.9987715890743588,0.003131459623375195,3.125e-06
97,0.9987667544309459,0.003142581023359192,3.125e-06
98,0.99876445385167,0.003141945373825312,3.125e-06
99,0.9987584679185411,0.0031525894032762088,3.125e-06
100,0.9987689878049846,0.0031289796967901105,3.125e-06
101,0.9987280302133069,0.0032187122893280098,1.5625e-06
102,0.9987857559116629,0.003086239699549323,1.5625e-06
103,0.9988193503962267,0.0030095918599924516,1.5625e-06
104,0.9988394018254291,0.002969269784504935,1.5625e-06
105,0.9988547863576236,0.002940537812192435,1.5625e-06
106,0.9988665620752629,0.0029174213441426323,1.5625e-06
107,0.998875935339021,0.002898310521571695,1.5625e-06
108,0.9988820942189602,0.0028836077758396497,1.5625e-06
109,0.9988853994098552,0.0028740666323326847,1.5625e-06
110,0.9988861089318124,0.0028679521558535445,1.5625e-06
111,0.9988911129217554,0.002854367497250004,1.5625e-06
112,0.9988973116714682,0.0028423412267527056,1.5625e-06
113,0.9988838548894964,0.0028649741904580887,7.8125e-07
114,0.9988988367236434,0.002834106985087896,7.8125e-07
115,0.9989089455113849,0.0028131568191835546,7.8125e-07
116,0.9989169063984148,0.002796180429607963,7.8125e-07
117,0.9989242639050921,0.002781209929677464,7.8125e-07
118,0.9989309222906227,0.0027676847423749747,7.8125e-07
119,0.9989373474579796,0.0027553613820598694,7.8125e-07
120,0.998943121774618,0.002743125228540476,7.8125e-07
121,0.9989486182029349,0.0027321925099264054,7.8125e-07
122,0.9989469246042921,0.0027322993182495934,3.90625e-07
123,0.998949547342006,0.002725929088507189,3.90625e-07
124,0.9989527685263546,0.0027193460421807546,3.90625e-07
125,0.9989562490642471,0.0027119126629242696,3.90625e-07
126,0.9989597670717261,0.0027045364881255218,3.90625e-07
127,0.9989580392037463,0.0027075920595685376,1.953125e-07
128,0.9989597597378213,0.0027028468897945398,1.953125e-07
129,0.9989623615405704,0.0026979058380895015,1.953125e-07
130,0.9989649754775984,0.002693229206989809,1.953125e-07
131,0.9989670029689268,0.00268878459397045,1.953125e-07
132,0.9989692984811411,0.0026845801329986093,1.953125e-07
133,0.9989715498565828,0.002680585288361415,1.953125e-07
134,0.9989736008164066,0.0026767191204181986,1.953125e-07
135,0.998975491497074,0.002673009764694794,1.953125e-07
136,0.9989758241896661,0.0026716753940454266,9.765625e-08
137,0.998977203763838,0.002669410950918859,9.765625e-08
138,0.998978235044202,0.002667079569242678,9.765625e-08
139,0.9989791440483707,0.0026648839314778647,9.765625e-08
140,0.9989802227991006,0.0026628125700641266,9.765625e-08
141,0.9989802757365591,0.0026617711555771114,4.8828124e-08
142,0.9989809368547444,0.002660408249370737,4.8828124e-08
143,0.9989814094249034,0.002659220956849305,4.8828124e-08
144,0.9989821737511313,0.0026580911354730594,4.8828124e-08
145,0.9989828974075232,0.0026570293193962217,4.8828124e-08
146,0.9989832802373557,0.0026561188484464982,2.4414062e-08
147,0.9989836562666584,0.0026555662720528757,2.4414062e-08
148,0.9989840313625549,0.0026550152957839452,2.4414062e-08
149,0.9989844748637821,0.0026544737869194424,2.4414062e-08
150,0.9989847343506696,0.00265394707920834,2.4414062e-08
151,0.9989849517009403,0.0026534239717777943,1.2207031e-08
152,0.9989851975867678,0.0026531688852331516,1.2207031e-08
153,0.9989852926608433,0.0026529217993119685,1.2207031e-08
154,0.9989854509398441,0.0026526681795482933,1.2207031e-08
155,0.998985560281698,0.0026524230937829754,1.2207031e-08
156,0.9989857237611041,0.002652173340987306,1e-08
157,0.9989858055008071,0.0026519819927428925,1e-08
158,0.998985976314118,0.002651783177249917,1e-08
159,0.9989861467273977,0.00265159262906785,1e-08
160,0.9989862149993846,0.0026513979472303282,1e-08
161,0.9989862828713402,0.002651209399204126,1e-08
162,0.9989863852793205,0.0026510207178341997,1e-08
163,0.9989865015550481,0.0026508364368071757,1e-08
164,0.9989865899619373,0.002650645221906487,1e-08
165,0.9989866376989907,0.0026504584073487013,1e-08
166,0.9989868022451465,0.0026502711927597422,1e-08
167,0.9989869319885902,0.0026500826447335398,1e-08
168,0.9989870892008412,0.0026498982303627917,1e-08
169,0.9989872325453449,0.0026497168828977036,1e-08
170,0.9989873349533251,0.0026495296683087446,1e-08
171,0.9989874642967378,0.0026493468540626885,1e-08
172,0.9989875601708755,0.002649163106410562,1e-08
173,0.9989876491111397,0.002648985092538582,1e-08
174,0.9989877171164391,0.0026488025449799744,1e-08
175,0.9989877853884259,0.0026486087965485235,1e-08
176,0.9989878328587918,0.0026484310493639918,1e-08
177,0.9989879422006458,0.0026482510353361467,1e-08
178,0.9989880580763422,0.0026480678210589175,1e-08
179,0.9989881472832938,0.0026478866069375535,1e-08
180,0.9989882159553118,0.002647708859753022,1e-08
181,0.9989884142374299,0.0026475279123191068,1e-08
182,0.9989885165120664,0.0026473458981353965,1e-08
183,0.9989885913178959,0.002647162950545616,1e-08
184,0.9989886863919712,0.0026469836032363926,1e-08
185,0.9989887819994216,0.002646805456020688,1e-08
186,0.9989889052090228,0.002646628375554778,1e-08
187,0.9989890348191229,0.002646441560996992,1e-08
188,0.9989891714964404,0.0026462646138748066,1e-08
189,0.9989892259006798,0.002646093667220216,1e-08
190,0.9989893491102811,0.0026459124530988517,1e-08
191,0.9989894515182615,0.002645732705758455,1e-08
192,0.9989895877955477,0.00264555669204234,1e-08
193,0.9989896760690933,0.002645376011295873,1e-08
194,0.9989897855442909,0.0026451981307676173,1e-08
195,0.9989899016866748,0.0026450197168644642,1e-08
196,0.9989899766258479,0.0026448410362738626,1e-08
197,0.9989900651660808,0.0026446691562132013,1e-08
198,0.9989901739745599,0.0026444839417801074,1e-08
199,0.9989902626481365,0.002644304727814608,1e-08
200,0.998990378523833,0.002644131914347877,1e-08
201,0.9989904261275426,0.0026439500335078913,1e-08
202,0.9989905421365828,0.0026437832205087547,1e-08
203,0.9989906105419133,0.0026436006729501473,1e-08
204,0.9989906994821774,0.0026434301263267295,1e-08
205,0.9989907677541643,0.0026432477121118465,1e-08
206,0.9989909181658854,0.002643070898333385,1e-08
207,0.9989910345749567,0.00264289088430554,1e-08
208,0.9989911437834669,0.0026427215377756415,1e-08
209,0.9989911919205514,0.002642541523747796,1e-08
210,0.9989913008623742,0.002642371243811827,1e-08
211,0.9989913692677048,0.0026421949634082634,1e-08
212,0.9989915056783347,0.0026420144160055207,1e-08
213,0.9989915603492617,0.0026418376022270596,1e-08
214,0.9989917035604217,0.00264166638888502,1e-08
215,0.9989917171614815,0.0026414901084814563,1e-08
216,0.9989917925006858,0.0026413187617956926,1e-08
217,0.99899188144095,0.002641139814517642,1e-08
218,0.9989919838489302,0.002640965800957392,1e-08
219,0.9989920522542608,0.0026407883204603087,1e-08
220,0.9989921341273075,0.002640615773681026,1e-08
221,0.998992182264392,0.002640445493745057,1e-08
222,0.9989923256088956,0.0026402689466540445,1e-08
223,0.9989923732126053,0.002640092532906756,1e-08
224,0.9989924897550203,0.002639920919533544,1e-08
225,0.9989925713613796,0.0026397429056615636,1e-08
226,0.9989926329661802,0.002639574359194011,1e-08
227,0.9989927285736306,0.002639394345166166,1e-08
228,0.9989927901784312,0.0026392217983868833,1e-08
229,0.9989929131213451,0.002639045918014492,1e-08
230,0.9989930017949218,0.0026388749713599016,1e-08
231,0.9989930631330349,0.002638703357986689,1e-08
232,0.9989931311383343,0.0026385266775519525,1e-08
233,0.9989932332796272,0.0026383517305856316,1e-08
234,0.9989933764907871,0.0026381794504937977,1e-08
235,0.9989934516966477,0.0026380102373076233,1e-08
236,0.9989935406369117,0.0026378323567793674,1e-08
237,0.9989936501121094,0.0026376594099689118,1e-08
238,0.9989936981158501,0.0026374859297835585,1e-08
239,0.998993821058764,0.002637311782879584,1e-08
240,0.9989939031984982,0.0026371408362249934,1e-08
241,0.9989939856049198,0.002636965622571224,1e-08
242,0.9989940605440929,0.0026367976094785685,1e-08
243,0.9989941422837959,0.002636616128669756,1e-08
244,0.9989942586928673,0.0026364485156082735,1e-08
245,0.9989943541669739,0.0026362758354852665,1e-08
246,0.9989944360400206,0.0026361052888618486,1e-08
247,0.9989945245802536,0.002635928741770836,1e-08
248,0.9989946135205177,0.0026357577951162453,1e-08
249,0.9989947363300878,0.002635586181743033,1e-08
250,0.998994797668201,0.0026354189687127234,1e-08
251,0.9989948660735316,0.0026352386879974297,1e-08
252,0.9989949478132346,0.00263507147496712,1e-08
253,0.9989950367534988,0.0026348945278449345,1e-08
254,0.9989951460953527,0.0026347193141911655,1e-08
255,0.9989952281017431,0.002634553034566926,1e-08
256,0.9989953099747899,0.0026343776875694326,1e-08
257,0.9989953647790606,0.0026341983402602093,1e-08
258,0.9989954806547571,0.0026340335274169374,1e-08
259,0.9989955694616774,0.0026338611139813794,1e-08
260,0.9989956513347241,0.002633685100265264,1e-08
261,0.9989957808114805,0.0026335161537665384,1e-08
262,0.9989958625511836,0.0026333500074860235,1e-08
263,0.9989959785602237,0.002633172793676389,1e-08
264,0.9989960465655231,0.0026330006469282795,1e-08
265,0.9989961693750932,0.002632822633056299,1e-08
266,0.99899624444761,0.002632654353276195,1e-08
267,0.9989962716497297,0.002632486073496091,1e-08
268,0.9989964080603597,0.0026323128599981867,1e-08
269,0.9989965102016526,0.0026321505806856773,1e-08
270,0.9989965923413867,0.0026319788339687405,1e-08
271,0.9989966675472473,0.002631804553721042,1e-08
272,0.998996735419203,0.002631631073535689,1e-08
273,0.9989968580954294,0.0026314554598507464,1e-08
274,0.9989969811716869,0.002631290780351199,1e-08
275,0.9989971314500642,0.0026311092995423865,1e-08
276,0.9989971926548337,0.0026309475536047747,1e-08
277,0.9989972883956277,0.002630774606794319,1e-08
278,0.9989973840030781,0.0026306033934522795,1e-08
279,0.9989974800105597,0.0026304347136410023,1e-08
280,0.9989975685507926,0.0026302645670487576,1e-08
281,0.9989976164211897,0.0026300913535508533,1e-08
282,0.9989976576244004,0.0026299202735525383,1e-08
283,0.9989977326969173,0.0026297505269914667,1e-08
284,0.9989978213704939,0.0026295842473672273,1e-08
285,0.9989979172446317,0.0026294115672442202,1e-08
286,0.9989979788494323,0.002629233420028516,1e-08
287,0.9989980539219492,0.002629063940154893,1e-08
288,0.9989981564632732,0.002628894993656167,1e-08
289,0.9989982314024463,0.0026287232469392303,1e-08
290,0.998998320076023,0.002628550033441326,1e-08
291,0.9989983886146973,0.002628375753193627,1e-08
292,0.9989984500861542,0.0026282154740369826,1e-08
293,0.9989985182247972,0.0026280370601338295,1e-08
294,0.9989986267665889,0.0026278659801355145,1e-08
295,0.9989986878380146,0.0026276938333874046,1e-08
296,0.9989987971798685,0.0026275194197959814,1e-08
297,0.9989988722523854,0.002627351273359602,1e-08
298,0.9989989879947381,0.002627183526954395,1e-08
299,0.9989990766683148,0.002627006846519658,1e-08
300,0.9989991654752352,0.002626837099958586,1e-08
301,0.9989992682832466,0.002626664286491855,1e-08
302,0.9989993498896059,0.0026264862726198745,1e-08
303,0.9989993973599718,0.0026263150592778354,1e-08
304,0.9989995071018569,0.0026261435792483473,1e-08
305,0.9989995551055977,0.0026259710324690647,1e-08
306,0.9989996713813253,0.002625798085658609,1e-08
307,0.9989997461871546,0.002625619271724283,1e-08
308,0.9989997939242079,0.002625446591601276,1e-08
309,0.9989998829978157,0.002625270844572609,1e-08
310,0.998999985405796,0.002625101764730159,1e-08
311,0.9990000195417895,0.002624922150733487,1e-08
312,0.9990000603449691,0.0026247457369861986,1e-08
313,0.9990001492852333,0.002624567056395597,1e-08
314,0.9990002172905327,0.0026243898425859628,1e-08
315,0.9990003131646704,0.002624223429617999,1e-08
316,0.9990003474340076,0.0026240442156525,1e-08
317,0.9990004495753004,0.0026238756691849474,1e-08
318,0.9990005309149723,0.002623702589030767,1e-08
319,0.99900064039017,0.002623526175283479,1e-08
320,0.9990006537245424,0.0026233552286288883,1e-08
321,0.999000729330434,0.0026231870821925084,1e-08
322,0.999000818404042,0.00262301066844522,1e-08
323,0.9990009274792084,0.002622837188259867,1e-08
324,0.9990010508221534,0.002622658240981817,1e-08
325,0.9990010917586768,0.002622479560391215,1e-08
326,0.9990011737650673,0.0026223058135184133,1e-08
327,0.999001262438644,0.0026221344668326497,1e-08
328,0.9990013515122518,0.0026219643202404046,1e-08
329,0.9990014468530147,0.002621790440023879,1e-08
330,0.9990015625953674,0.002621625893868056,1e-08
331,0.9990016511356004,0.0026214558806195356,1e-08
332,0.9990017468763944,0.0026212840005588743,1e-08
333,0.9990018427505323,0.0026211170542160137,1e-08
334,0.9990019520923862,0.0026209451741553524,1e-08
335,0.999002047966524,0.002620781428061876,1e-08
336,0.9990021434406307,0.0026206131482817718,1e-08
337,0.9990022393147684,0.002620441534908559,1e-08
338,0.9990023143872852,0.0026202689881292766,1e-08
339,0.999002416528578,0.0026201036419111075,1e-08
340,0.9990025394714919,0.002619933495318863,1e-08
341,0.999002607610135,0.0026197557481343315,1e-08
342,0.9990027170853327,0.0026195936021655465,1e-08
343,0.9990027922911932,0.0026194293226971723,1e-08
344,0.9990028942991424,0.0026192566425741652,1e-08
345,0.9990029900399364,0.0026190864959819205,1e-08
346,0.9990030785801693,0.0026189195496390595,1e-08
347,0.9990031400516263,0.0026187499364217124,1e-08
348,0.9990032015230832,0.00261857925645457,1e-08
349,0.9990032628611963,0.0026184155103610935,1e-08
350,0.9990033586019904,0.002618244830393951,1e-08
351,0.999003454076097,0.0026180790841446094,1e-08
352,0.9990035294153014,0.0026179085375211916,1e-08
353,0.9990036254227828,0.0026177379908977737,1e-08
354,0.9990037552995703,0.0026175699778051183,1e-08
355,0.9990038167710272,0.00261740063127522,1e-08
356,0.9990038915768565,0.0026172259509963476,1e-08
357,0.9990039733165595,0.0026170632716526654,1e-08
358,0.9990040485224201,0.0026169021924336753,1e-08
359,0.9990041647981477,0.0026167292456232196,1e-08
360,0.9990042738733143,0.002616559232374699,1e-08
361,0.9990043488124873,0.0026163922860318383,1e-08
362,0.9990044441532502,0.0026162249396578046,1e-08
363,0.999004485356461,0.002616056526533976,1e-08
364,0.999004546827918,0.002615887046660353,1e-08
365,0.999004614966561,0.0026157206336923896,1e-08
366,0.9990046835052354,0.0026155558208491177,1e-08
367,0.9990048127153043,0.002615385140881976,1e-08
368,0.9990048739200738,0.0026152148609460066,1e-08
369,0.9990049215237833,0.0026150489813529403,1e-08
370,0.9990049968629875,0.0026148827017287014,1e-08
371,0.999005051267227,0.0026147214891659868,1e-08
372,0.9990051263397439,0.0026145450754186984,1e-08
373,0.9990052219471942,0.0026143743954515565,1e-08
374,0.9990052903525248,0.0026142170498568472,1e-08
375,0.9990053450234517,0.0026140465032334294,1e-08
376,0.9990054270298422,0.002613872756360628,1e-08
377,0.9990055022357027,0.0026137128772351567,1e-08
378,0.9990055910426232,0.0026135471309858146,1e-08
379,0.9990056391797076,0.002613374050831635,1e-08
380,0.9990057143855682,0.0026132036375519415,1e-08
381,0.9990057961252712,0.002613040958208259,1e-08
382,0.9990059254686838,0.002612871478334636,1e-08
383,0.9990059937406707,0.0026127135993650294,1e-08
384,0.9990060412110365,0.002612543852803958,1e-08
385,0.9990061097497108,0.002612377706523443,1e-08
386,0.9990061714878552,0.002612210626836858,1e-08
387,0.9990062262921259,0.0026120447472437916,1e-08
388,0.9990062809630529,0.00261187500068272,1e-08
389,0.9990064173736828,0.002611714454838627,1e-08
390,0.9990064652440799,0.0026115452416524522,1e-08
391,0.9990065539176566,0.002611384962495808,1e-08
392,0.9990066085885835,0.002611214282528666,1e-08
393,0.9990066563256368,0.0026110478695607025,1e-08
394,0.9990067449992135,0.002610881456592739,1e-08
395,0.999006827005604,0.002610711710031667,1e-08
396,0.9990068818098746,0.0026105552978430285,1e-08
397,0.9990069771506376,0.002610383951157265,1e-08
398,0.9990070723580567,0.0026102216718447554,1e-08
399,0.9990071062273627,0.002610055658907965,1e-08
400,0.999007160764946,0.002609889912658623,1e-08
401,0.9990072907750772,0.0026097256331902487,1e-08
402,0.9990073927830263,0.0026095573534101447,1e-08
403,0.9990074885238204,0.0026093857400369324,1e-08
404,0.9990075909318007,0.0026092269276612556,1e-08
405,0.9990076525366013,0.0026090590479123247,1e-08
406,0.9990077140080582,0.002608893435006707,1e-08
407,0.9990078024149475,0.002608726355320122,1e-08
408,0.9990078913552116,0.0026085666095383747,1e-08
409,0.9990079528266684,0.002608394062759092,1e-08
410,0.9990079393589524,0.002608228049822302,1e-08
411,0.9990080829701434,0.0026080592366673,1e-08
412,0.9990081444416004,0.002607892023636991,1e-08
413,0.9990082059130573,0.0026077313444491735,1e-08
414,0.9990082605839843,0.0026075623979504477,1e-08
415,0.9990083425903747,0.0026073985185132466,1e-08
416,0.9990084036618004,0.00260722770520238,1e-08
417,0.9990085196708406,0.0026070664926396655,1e-08
418,0.9990086495476281,0.002606899279609356,1e-08
419,0.9990087652899808,0.0026067352668284302,1e-08
420,0.9990088816990522,0.0026065745876406128,1e-08
421,0.999008922368888,0.0026064065745479577,1e-08
422,0.9990089907742187,0.0026062358945808154,1e-08
423,0.9990090998493851,0.002606075482080447,1e-08
424,0.9990091885229618,0.0026059125360493158,1e-08
425,0.9990092634621349,0.0026057458563939037,1e-08
426,0.9990093389346829,0.002605576109832832,1e-08
427,0.9990093932055787,0.0026054154306450147,1e-08
428,0.9990094548103793,0.0026052539513948514,1e-08
429,0.9990095161484925,0.002605081937990466,1e-08
430,0.9990095974881643,0.0026049167251160216,1e-08
431,0.9990096661601824,0.0026047557792407555,1e-08
432,0.999009761634289,0.002604585632648511,1e-08
433,0.9990098231057459,0.002604421219836412,1e-08
434,0.9990099120460101,0.002604253340087481,1e-08
435,0.9990100009862742,0.0026040869271195177,1e-08
436,0.9990100556572011,0.0026039255812130785,1e-08
437,0.999010205668891,0.002603758768213942,1e-08
438,0.999010294209124,0.002603593288652049,1e-08
439,0.999010396750448,0.0026034308759958153,1e-08
440,0.9990105058256145,0.002603260596059846,1e-08
441,0.9990105672970714,0.0026031017836841692,1e-08
442,0.9990106221013422,0.002602927370092746,1e-08
443,0.9990106698383955,0.0026027649574365125,1e-08
444,0.999010717442105,0.0026026032114989006,1e-08
445,0.9990107922479343,0.0026024350650625206,1e-08
446,0.9990108806548236,0.0026022735858123574,1e-08
447,0.9990109214580032,0.0026021058394071505,1e-08
448,0.9990110510681033,0.0026019411599076036,1e-08
449,0.9990111400083674,0.0026017794139699913,1e-08
450,0.9990112425496914,0.0026016172680012064,1e-08
451,0.9990113176222082,0.0026014499216271726,1e-08
452,0.9990113929614125,0.002601287508970939,1e-08
453,0.9990114816349891,0.0026011206959718025,1e-08
454,0.9990115295053862,0.0026009601501277096,1e-08
455,0.999011597777373,0.00260079200369133,1e-08
456,0.9990116593821737,0.0026006285242853016,1e-08
457,0.9990117208536305,0.002600469045191003,1e-08
458,0.9990117957928036,0.0026002980985364126,1e-08
459,0.9990118775325066,0.0026001359525676276,1e-08
460,0.9990119728732696,0.0025999700729745613,1e-08
461,0.999012007009263,0.002599804860100117,1e-08
462,0.9990121092838996,0.0025996487145989264,1e-08
463,0.9990121983575074,0.002599481101537444,1e-08
464,0.9990122463612482,0.002599314021850859,1e-08
465,0.9990123147665788,0.0025991516091946254,1e-08
466,0.9990123623702883,0.002598988129788597,1e-08
467,0.999012451043865,0.002598828650694299,1e-08
468,0.9990125533185016,0.0025986657046631677,1e-08
469,0.9990126351915484,0.0025985016918822425,1e-08
470,0.9990126625270118,0.0025983327453835167,1e-08
471,0.9990127171979388,0.0025981775332883966,1e-08
472,0.9990128198726065,0.0025980087201333954,1e-08
473,0.9990129092129019,0.0025978495077265454,1e-08
474,0.9990130189547869,0.002597687495101485,1e-08
475,0.9990131349638272,0.0025975206821023484,1e-08
476,0.9990131889680355,0.0025973557359153525,1e-08
477,0.9990132576400534,0.0025971879895101456,1e-08
478,0.9990133668485637,0.002597025976885085,1e-08
479,0.9990134149856482,0.002596865031009819,1e-08
480,0.9990134972587261,0.002596699018073029,1e-08
481,0.9990135109931297,0.0025965364720730707,1e-08
482,0.9990135859323028,0.0025963676589180694,1e-08
483,0.999013674339192,0.002596208179823771,1e-08
484,0.9990137291434628,0.002596046567229883,1e-08
485,0.999013770079986,0.0025958784207935036,1e-08
486,0.9990138451525029,0.0025957218752611405,1e-08
487,0.9990138795551837,0.0025955515953251713,1e-08
488,0.9990139816964766,0.0025953939830430134,1e-08
489,0.9990140907716432,0.002595228370137396,1e-08
490,0.9990141111732329,0.0025950619571694323,1e-08
491,0.999014186112406,0.002594895544201469,1e-08
492,0.9990143155891623,0.002594732598170338,1e-08
493,0.9990143699934019,0.0025945685853894125,1e-08
494,0.9990144722680384,0.0025943991055157895,1e-08
495,0.9990145608082713,0.002594240693171286,1e-08
496,0.9990146017447947,0.002594075080265668,1e-08
497,0.9990146566824092,0.0025939134676717804,1e-08
498,0.9990147181538661,0.0025937455879228495,1e-08
499,0.9990147664242943,0.002593592642671043,1e-08
500,0.9990148822999907,0.0025934236961723174,1e-08
501,0.9990149505719775,0.0025932599500788404,1e-08
502,0.999015026311213,0.0025930992708910233,1e-08
503,0.9990150740482663,0.0025929364582036167,1e-08
504,0.9990151691223418,0.0025927729787975883,1e-08
505,0.9990152509953885,0.002592614833140533,1e-08
506,0.9990153532700251,0.002592451620421954,1e-08
507,0.9990154280758544,0.0025922829406106766,1e-08
508,0.9990155036817461,0.002592123461516378,1e-08
509,0.9990156130236001,0.0025919626489848365,1e-08
510,0.9990156946299593,0.0025917989028913595,1e-08
511,0.9990157355664827,0.002591638490390991,1e-08
512,0.9990158106389995,0.002591475944391033,1e-08
513,0.9990158449083366,0.0025913095314230696,1e-08
514,0.9990158925120463,0.002591152052484636,1e-08
515,0.9990159474496607,0.002590981772548667,1e-08
516,0.9990160022539314,0.002590821360048298,1e-08
517,0.9990161253301889,0.0025906624143288972,1e-08
518,0.9990162074699231,0.002590496001360934,1e-08
519,0.9990163097445597,0.002590331988580008,1e-08
520,0.9990164189530699,0.0025901678424553585,1e-08
521,0.9990164873584005,0.0025900042297056056,1e-08
522,0.9990165145605202,0.0025898392835186097,1e-08
523,0.999016514693864,0.00258967513739396,1e-08
524,0.9990166103013143,0.0025895100578632395,1e-08
525,0.9990167264436982,0.0025893432448641034,1e-08
526,0.9990167880484988,0.0025891838991135294,1e-08
527,0.9990168631210157,0.0025890177528330146,1e-08
528,0.9990169449940624,0.0025888557402079537,1e-08
529,0.9990170403348253,0.0025886862603343307,1e-08
530,0.9990171492766481,0.002588522247553405,1e-08
531,0.9990172382169122,0.0025883590348348253,1e-08
532,0.9990172658190631,0.002588193555272932,1e-08
533,0.9990173411582673,0.0025880334094600123,1e-08
534,0.9990174368990614,0.0025878665964608758,1e-08
535,0.999017526106013,0.002587699650118015,1e-08
536,0.9990175877108136,0.0025875381708678515,1e-08
537,0.9990176558494568,0.0025873720245873366,1e-08
538,0.9990177239881,0.0025872004112141244,1e-08
539,0.9990177922600868,0.002587046132525075,1e-08
540,0.9990178743998209,0.002586877452713798,1e-08
541,0.9990179425384641,0.0025867195737441914,1e-08
542,0.9990180517469743,0.0025865484937458764,1e-08
543,0.9990181541549547,0.002586378080466183,1e-08
544,0.9990182428285312,0.002586213134279187,1e-08
545,0.9990182905655846,0.0025860429876869424,1e-08
546,0.9990183313687643,0.002585876174687806,1e-08
547,0.9990184203090283,0.0025857150954688157,1e-08
548,0.999018522583665,0.0025855509493441656,1e-08
549,0.9990186112572416,0.0025853858698134456,1e-08
550,0.9990186729953859,0.0025852241238758333,1e-08
551,0.9990187342001554,0.0025850607778135294,1e-08
552,0.9990188230070759,0.0025848982318135718,1e-08
553,0.999018857276413,0.002584737019250857,1e-08
554,0.9990189527505197,0.002584565539221369,1e-08
555,0.9990190072881029,0.0025844096604076276,1e-08
556,0.999019096228367,0.002584234713441307,1e-08
557,0.9990191642336664,0.0025840721674413487,1e-08
558,0.999019211837376,0.0025839021541928285,1e-08
559,0.9990193418475072,0.0025837408082863894,1e-08
560,0.9990193965184342,0.002583580929160918,1e-08
561,0.999019478391481,0.0025834159829739222,1e-08
562,0.9990195329290642,0.002583255570473554,1e-08
563,0.9990196078682373,0.0025830864906311035,1e-08
564,0.9990196832074415,0.002582923011225075,1e-08
565,0.999019792282608,0.002582749397695998,1e-08
566,0.9990198057503241,0.0025825784510414072,1e-08
567,0.9990198876233709,0.0025824115046985466,1e-08
568,0.9990199560287015,0.00258223975798161,1e-08
569,0.9990200311012183,0.002582073611701095,1e-08
570,0.999020106173735,0.002581905331920991,1e-08
571,0.9990202359171788,0.0025817401190465464,1e-08
572,0.9990202768537022,0.002581577173015415,1e-08
573,0.9990203041891657,0.0025814038261737864,1e-08
574,0.9990203995299286,0.0025812454138292827,1e-08
575,0.9990204679352592,0.0025810722003313784,1e-08
576,0.9990205298067473,0.002580907387488107,1e-08
577,0.999020577810488,0.002580737507583311,1e-08
578,0.999020666350721,0.0025805626939607146,1e-08
579,0.9990208028946947,0.002580394147493162,1e-08
580,0.9990209598402582,0.0025802237342134686,1e-08
581,0.9990210553143648,0.0025800473204661803,1e-08
582,0.9990211577223451,0.002579882107591736,1e-08
583,0.9990212329282057,0.002579711960999491,1e-08
584,0.9990212874657889,0.0025795523485614685,1e-08
585,0.9990213080007224,0.0025793915360299265,1e-08
586,0.9990213969409866,0.0025792293900611415,1e-08
587,0.9990214854812195,0.002579056843281859,1e-08
588,0.9990215537532064,0.0025788804295345706,1e-08
589,0.9990216629617166,0.00257870454916218,1e-08
590,0.9990217242998298,0.0025785272020088213,1e-08
591,0.999021785637943,0.0025783566553854035,1e-08
592,0.9990218537765861,0.0025781849086684667,1e-08
593,0.9990219288491029,0.002578015962169741,1e-08
594,0.9990220313904269,0.0025778535495135074,1e-08
595,0.9990221133968175,0.0025776868698580953,1e-08
596,0.999022202070394,0.0025775203235464074,1e-08
597,0.9990222910106582,0.0025773520437663033,1e-08
598,0.9990223866181086,0.0025771898977975183,1e-08
599,0.9990224959599625,0.002577026818422663,1e-08
600,0.999022537296517,0.0025768594720486293,1e-08
601,0.9990226739738345,0.002576695859298877,1e-08
602,0.9990227691812537,0.002576515578583583,1e-08
603,0.999022857988174,0.002576348232209549,1e-08
604,0.9990229463950633,0.002576181552554137,1e-08
605,0.9990229873315867,0.0025760156729610706,1e-08
606,0.9990230624041034,0.0025758567272416697,1e-08
607,0.9990230966734406,0.002575687780742944,1e-08
608,0.9990231582782413,0.0025755265681802293,1e-08
609,0.999023178679831,0.002575362288711855,1e-08
610,0.9990232470851617,0.0025752034763361783,1e-08
611,0.9990233289582084,0.0025750281293386848,1e-08
612,0.999023431232845,0.0025748645165889323,1e-08
613,0.9990234929709894,0.0025747041040885634,1e-08
614,0.9990236089800295,0.002574540891369984,1e-08
615,0.9990236635176127,0.0025743744784020206,1e-08
616,0.9990237523245331,0.0025742025983413594,1e-08
617,0.9990238276637374,0.0025740356519984987,1e-08
618,0.9990238891351944,0.0025738733726859892,1e-08
619,0.9990239708748974,0.002573708559842718,1e-08
620,0.9990240391468842,0.0025735422802184785,1e-08
621,0.9990241075522147,0.00257337693400031,1e-08
622,0.999024209960195,0.002573209987657449,1e-08
623,0.9990243054343017,0.002573049441813356,1e-08
624,0.9990244283772155,0.0025728852956887057,1e-08
625,0.9990244831814862,0.0025727248831883373,1e-08
626,0.999024572255094,0.002572561403782309,1e-08
627,0.9990246199921473,0.002572400724594492,1e-08
628,0.9990246879974468,0.002572240312094123,1e-08
629,0.9990247761376485,0.002572080566312376,1e-08
630,0.9990248514768528,0.0025719198871245585,1e-08
631,0.9990249129483098,0.0025717593412804655,1e-08
632,0.9990249884208576,0.002571602929091827,1e-08
633,0.999025063226687,0.002571438116248555,1e-08
634,0.9990251381658601,0.002571281570716192,1e-08
635,0.9990251924367559,0.0025711259585898994,1e-08
636,0.9990252947113925,0.0025709647460271847,1e-08
637,0.9990253767177829,0.002570801799996054,1e-08
638,0.9990254583241422,0.002570648188025626,1e-08
639,0.9990255264627853,0.002570486842119187,1e-08
640,0.999025615136362,0.0025703248294941263,1e-08
641,0.9990256700739765,0.0025701646836812065,1e-08
642,0.9990257519470231,0.0025700002708691078,1e-08
643,0.9990259020920568,0.002569842258555777,1e-08
644,0.9990259840984472,0.0025696749121817434,1e-08
645,0.9990260798392413,0.0025695127662129585,1e-08
646,0.9990261209091084,0.0025693462199012705,1e-08
647,0.9990261550451018,0.0025691812737142746,1e-08
648,0.999026223183745,0.002569020461182733,1e-08
649,0.9990262641202683,0.002568853781527321,1e-08
650,0.9990263187911953,0.002568688968684049,1e-08
651,0.9990263871965259,0.0025685305563395455,1e-08
652,0.9990264485346391,0.002568369877151728,1e-08
653,0.9990265304076859,0.0025682166652124735,1e-08
654,0.9990265576098056,0.0025680509189631314,1e-08
655,0.9990266393495086,0.002567897306992704,1e-08
656,0.9990267280230852,0.0025677363611174378,1e-08
657,0.9990267893611985,0.0025675786154915558,1e-08
658,0.9990268711009015,0.002567425936927198,1e-08
659,0.999026967108383,0.0025672700581134567,1e-08
660,0.9990270215126226,0.002567111779112677,1e-08
661,0.9990271168533854,0.0025669510999248597,1e-08
662,0.9990272395296118,0.0025667961545171886,1e-08
663,0.9990273556719957,0.0025666445427026258,1e-08
664,0.9990274172767963,0.002566484130202257,1e-08
665,0.9990274106096101,0.0025663266512638235,1e-08
666,0.9990274447456036,0.002566166905482077,1e-08
667,0.9990275063504042,0.0025660147602926163,1e-08
668,0.9990276018245108,0.0025658551478545937,1e-08
669,0.9990276835642138,0.0025657038027274794,1e-08
670,0.9990277378351097,0.002565539389915381,1e-08
671,0.9990277718377594,0.002565386844694748,1e-08
672,0.9990278331758725,0.002565226565538103,1e-08
673,0.9990278945139858,0.00256507002000574,1e-08
674,0.9990279901214361,0.0025649112076300638,1e-08
675,0.9990280378584894,0.002564759595815501,1e-08
676,0.9990281127976625,0.0025645957163782994,1e-08
677,0.9990281540008733,0.0025644385041273146,1e-08
678,0.9990282562755098,0.0025642883590937192,1e-08
679,0.9990283317480578,0.00256412514637514,1e-08
680,0.9990283728179249,0.00256396193365656,1e-08
681,0.9990284273555081,0.0025637961874072183,1e-08
682,0.9990284545576279,0.002563637108344093,1e-08
683,0.9990285707000118,0.002563475362406481,1e-08
684,0.9990286251042513,0.0025633153499372853,1e-08
685,0.9990286725746171,0.0025631605378733384,1e-08
686,0.9990287681820675,0.002562998925279451,1e-08
687,0.9990288091185909,0.002562843713184331,1e-08
688,0.999028884057764,0.002562682767309065,1e-08
689,0.9990289660641545,0.002562529822057259,1e-08
690,0.9990290752726647,0.00256236447583909,1e-08
691,0.9990291644796162,0.0025622092637439704,1e-08
692,0.9990292736881264,0.0025620516514618125,1e-08
693,0.9990293828966367,0.002561890438899098,1e-08
694,0.999029506106238,0.002561736026866324,1e-08
695,0.9990295401088877,0.0025615712140230527,1e-08
696,0.9990296015803446,0.002561418935489868,1e-08
697,0.9990296699856752,0.002561262123270056,1e-08
698,0.9990297246566021,0.0025610939768336764,1e-08
699,0.9990298269312388,0.002560921163366945,1e-08
700,0.9990299637418999,0.0025607700849272796,1e-08
701,0.999030038681073,0.0025606126059888458,1e-08
702,0.9990300794842526,0.0025604415259905308,1e-08
703,0.9990301476228958,0.0025602836470209247,1e-08
704,0.9990302430970024,0.002560121634395864,1e-08
705,0.9990303113689892,0.0025599649555197767,1e-08
706,0.9990303999092222,0.0025598097434246566,1e-08
707,0.9990304615140227,0.0025596581316100937,1e-08
708,0.999030543653757,0.0025595071865141526,1e-08
709,0.9990306121924313,0.0025593446405141945,1e-08
710,0.9990306599294846,0.002559192762012183,1e-08
711,0.9990307073998504,0.002559038616666858,1e-08
712,0.9990308098078308,0.0025588896717267814,1e-08
713,0.9990308850136913,0.0025587279257891695,1e-08
714,0.9990309259502146,0.0025585723136628768,1e-08
715,0.9990310212909775,0.002558419101723622,1e-08
716,0.9990310827624345,0.002558264289659675,1e-08
717,0.9990311236989579,0.002558107344096139,1e-08
718,0.9990311645021375,0.0025579535987819866,1e-08
719,0.9990312665100866,0.002557792652906721,1e-08
720,0.999031348516477,0.0025576470415597527,1e-08
721,0.9990314373233974,0.00255748249540393,1e-08
722,0.9990315467985951,0.0025573286167460533,1e-08
723,0.9990315674668724,0.002557170071057825,1e-08
724,0.9990316016028659,0.0025570188592744353,1e-08
725,0.9990316905431299,0.002556864313897937,1e-08
726,0.9990317522812743,0.002556708968459093,1e-08
727,0.9990318410881948,0.002556554956457492,1e-08
728,0.9990318752241881,0.002556400144393545,1e-08
729,0.9990319777655121,0.0025562433321737335,1e-08
730,0.99903207363965,0.0025560878533911653,1e-08
731,0.9990321484454793,0.002555930907827629,1e-08
732,0.9990322712550493,0.0025557766291385794,1e-08
733,0.999032318858759,0.0025556271508236058,1e-08
734,0.9990324140661782,0.0025554668716669614,1e-08
735,0.9990324548693578,0.0025553167266333665,1e-08
736,0.9990325164741585,0.002555158314288863,1e-08
737,0.999032577678928,0.0025550060357556782,1e-08
738,0.999032645817571,0.002554842956380823,1e-08
739,0.9990326935546243,0.0025546980117524764,1e-08
740,0.9990328300985981,0.002554540532814043,1e-08
741,0.9990328643679353,0.0025543898544055504,1e-08
742,0.9990329323732347,0.002554229575248906,1e-08
743,0.9990330142462813,0.0025540752965598564,1e-08
744,0.9990330891854544,0.0025539195510898395,1e-08
745,0.9990331503902239,0.0025537651390570657,1e-08
746,0.9990332667992953,0.002553616994179335,1e-08
747,0.9990333352046258,0.002553459248553453,1e-08
748,0.999033499084063,0.0025533068366765444,1e-08
749,0.9990335264195265,0.0025531524246437706,1e-08
750,0.9990335950915445,0.002553004146422316,1e-08
751,0.9990336565630015,0.002552847734233677,1e-08
752,0.999033704166711,0.002552685588264892,1e-08
753,0.9990337519037643,0.002552538376793232,1e-08
754,0.9990338811138332,0.0025523827646669393,1e-08
755,0.9990339425852901,0.002552228619321614,1e-08
756,0.9990339973895609,0.0025520747406637375,1e-08
757,0.999034038459428,0.00255191406147592,1e-08
758,0.999034079529295,0.0025517701835973683,1e-08
759,0.9990341410007519,0.002551608304316032,1e-08
760,0.9990341886044616,0.00255145949271968,1e-08
761,0.9990342770113507,0.00255130334721849,1e-08
762,0.9990343454166813,0.002551148001779646,1e-08
763,0.9990344414241629,0.0025509897227788663,1e-08
764,0.9990344963617773,0.0025508318438092602,1e-08
765,0.999034578234824,0.002550683965618978,1e-08
766,0.9990346870433031,0.0025505255532744745,1e-08
767,0.9990347690496936,0.002550377675084193,1e-08
768,0.9990348511894277,0.002550228730144117,1e-08
769,0.9990349470635655,0.00255006498405064,1e-08
770,0.9990349953339938,0.0025499136389235256,1e-08
771,0.9990350838742267,0.002549760293640546,1e-08
772,0.9990351250774375,0.002549604948201702,1e-08
773,0.9990351590800872,0.0025494521362936203,1e-08
774,0.9990352068171405,0.0025492905236997325,1e-08
775,0.9990352409531339,0.0025491395786037914,1e-08
776,0.9990353641627352,0.002548988100132953,1e-08
777,0.9990354187003184,0.0025488330213815575,1e-08
778,0.9990354732379018,0.002548674742380778,1e-08
779,0.999035514174425,0.0025485211304103503,1e-08
780,0.9990356097818754,0.0025483632514407438,1e-08
781,0.9990356780538623,0.0025482212403743327,1e-08
782,0.9990357053893257,0.0025480618946237587,1e-08
783,0.9990357732612815,0.002547900282029871,1e-08
784,0.9990358348660822,0.002547749470277654,1e-08
785,0.999035896337539,0.0025475979918068155,1e-08
786,0.9990359646095259,0.00254744784677322,1e-08
787,0.9990360532831025,0.0025472899678036136,1e-08
788,0.9990360806185661,0.0025471410228635376,1e-08
789,0.9990361355561804,0.00254698434398745,1e-08
790,0.999036224763132,0.0025468344656413033,1e-08
791,0.9990363067695225,0.002546675253234454,1e-08
792,0.9990364025103166,0.0025465227080138206,1e-08
793,0.9990364910505495,0.002546366429168906,1e-08
794,0.9990365117188268,0.002546216017447862,1e-08
795,0.9990365866579999,0.0025460628055086073,1e-08
796,0.9990366686643903,0.0025459125271312874,1e-08
797,0.9990367301358473,0.002545756114942649,1e-08
798,0.9990367849401179,0.0025456121037203726,1e-08
799,0.9990368261433288,0.0025454523579386255,1e-08
800,0.9990368534787922,0.0025452962124374355,1e-08
801,0.9990369421523689,0.0025451426004670075,1e-08
802,0.9990369897560786,0.0025449937888706556,1e-08
803,0.9990370648285953,0.00254483377640146,1e-08
804,0.9990371463016109,0.002544681364524551,1e-08
805,0.9990372281746577,0.0025445265524606043,1e-08
806,0.9990372963133007,0.002544377207489355,1e-08
807,0.9990373645852876,0.0025442245289249974,1e-08
808,0.9990374192562146,0.0025440650498306993,1e-08
809,0.9990374739271416,0.002543919038452558,1e-08
810,0.9990375489996584,0.0025437566257963244,1e-08
811,0.9990376239388314,0.0025436070141376266,1e-08
812,0.9990376308727051,0.002543460069353415,1e-08
813,0.9990377399478716,0.0025432947231352463,1e-08
814,0.9990377876849249,0.0025431472449761374,1e-08
815,0.9990378559569117,0.002542995233130402,1e-08
816,0.9990378903595927,0.0025428374875045194,1e-08
817,0.999037979166513,0.002542684008877816,1e-08
818,0.9990380205030676,0.0025425277300329015,1e-08
819,0.9990380891750856,0.002542375718187166,1e-08
820,0.999038177982006,0.0025422257064972946,1e-08
821,0.9990383009249199,0.002542073294620386,1e-08
822,0.9990383555958469,0.0025419259498050016,1e-08
823,0.99903843053502,0.002541763937179941,1e-08
824,0.9990385061409116,0.002541613525458897,1e-08
825,0.9990385810800847,0.0025414616469568853,1e-08
826,0.9990386150827344,0.002541311901954463,1e-08
827,0.9990387174907147,0.002541153756297408,1e-08
828,0.9990388333664111,0.0025410068115131967,1e-08
829,0.9990388743029345,0.002540854532980012,1e-08
830,0.9990389425749213,0.002540698787509995,1e-08
831,0.9990390792522388,0.002540545175539567,1e-08
832,0.9990391544580993,0.0025403896967569986,1e-08
833,0.9990391749930329,0.002540245818878447,1e-08
834,0.9990392227300862,0.002540090606783327,1e-08
835,0.9990392707338269,0.002539943261967943,1e-08
836,0.999039311803694,0.0025397891166226176,1e-08
837,0.9990393524735299,0.0025396355046521896,1e-08
838,0.9990394070111132,0.0025394853596185946,1e-08
839,0.9990394342132329,0.002539327880680161,1e-08
840,0.9990394888841599,0.0025391793357712575,1e-08
841,0.9990395499555856,0.0025390247903947596,1e-08
842,0.999039638762506,0.0025388738452988184,1e-08
843,0.9990396935667768,0.00253872330023405,1e-08
844,0.9990397618387636,0.002538572888513006,1e-08
845,0.9990398573128703,0.0025384262104162433,1e-08
846,0.9990399259848882,0.0025382623309790422,1e-08
847,0.9990400145251213,0.0025381180530693174,1e-08
848,0.9990400619954871,0.0025379659078798573,1e-08
849,0.99904015733625,0.0025378112291596345,1e-08
850,0.9990402122738644,0.0025376578838766555,1e-08
851,0.9990403212156872,0.0025375086722491304,1e-08
852,0.9990403213490309,0.0025373489264673833,1e-08
853,0.9990404032220777,0.0025372017149957234,1e-08
854,0.999040505630058,0.002537052770055647,1e-08
855,0.9990405668348274,0.00253689702458563,1e-08
856,0.9990406216390981,0.0025367432792714776,1e-08
857,0.9990407577830407,0.0025365928675504337,1e-08
858,0.9990408125873114,0.0025364423224856656,1e-08
859,0.9990408875264845,0.0025362845768597837,1e-08
860,0.9990409695328749,0.002536136698669502,1e-08
861,0.9990410240704581,0.0025359865536359067,1e-08
862,0.999041065273669,0.0025358318749156843,1e-08
863,0.9990411815493966,0.002535675062695872,1e-08
864,0.9990412700896295,0.0025355243842873796,1e-08
865,0.9990413176933391,0.002535368638817363,1e-08
866,0.9990413928991996,0.0025352254276574324,1e-08
867,0.999041467705029,0.0025350680820627235,1e-08
868,0.9990414879732751,0.0025349100697493925,1e-08
869,0.9990415495780757,0.002534756991153862,1e-08
870,0.9990416179834063,0.0025346092463073046,1e-08
871,0.9990416658538033,0.002534457234461569,1e-08
872,0.999041706656983,0.0025343077561465954,1e-08
873,0.9990417407929764,0.0025341534774575456,1e-08
874,0.9990418089316195,0.002533996665237734,1e-08
875,0.9990418634692028,0.002533849587109798,1e-08
876,0.9990419044057262,0.002533697575264062,1e-08
877,0.999041972677713,0.0025335418297940454,1e-08
878,0.9990420069470501,0.0025333970185094233,1e-08
879,0.9990420342825136,0.0025332371393839517,1e-08
880,0.9990420954872831,0.0025330955283487137,1e-08
881,0.9990421568253963,0.002532941249659664,1e-08
882,0.9990422456323167,0.0025327897711888256,1e-08
883,0.9990423004365874,0.0025326365592495707,1e-08
884,0.9990423413731108,0.0025324829472791427,1e-08
885,0.9990423893768515,0.002532337335932175,1e-08
886,0.9990424579155258,0.00253218412399292,1e-08
887,0.9990425467224463,0.0025320331788969788,1e-08
888,0.9990425532562888,0.002531884500644351,1e-08
889,0.9990426352626792,0.002531729955267853,1e-08
890,0.9990427304700984,0.0025315772767034953,1e-08
891,0.9990428055426152,0.0025314271316699,1e-08
892,0.9990428396786086,0.002531276719948856,1e-08
893,0.9990429011500656,0.0025311280416962286,1e-08
894,0.9990429830231122,0.0025309740296946275,1e-08
895,0.9990430444945692,0.0025308304185035243,1e-08
896,0.9990431194337422,0.0025306768065330968,1e-08
897,0.9990431946396028,0.002530530128436334,1e-08
898,0.9990432495772172,0.0025303770498408032,1e-08
899,0.9990433381174502,0.002530229705025419,1e-08
900,0.999043406389437,0.0025300783598983046,1e-08
901,0.999043461060364,0.002529932081832715,1e-08
902,0.9990435087974173,0.0025297814034242225,1e-08
903,0.9990435708022491,0.002529631925109249,1e-08
904,0.9990436797440718,0.002529478046451372,1e-08
905,0.999043747882715,0.002529330701635988,1e-08
906,0.9990438300224492,0.002529180689946117,1e-08
907,0.9990438918939373,0.0025290304115687975,1e-08
908,0.9990439326971169,0.002528882533378516,1e-08
909,0.999043980567514,0.0025287353219068556,1e-08
910,0.999043980567514,0.002528587043685401,1e-08
911,0.9990440215040374,0.0025284407656198113,1e-08
912,0.9990440832421817,0.0025282900872113188,1e-08
913,0.9990441309792351,0.0025281347417724746,1e-08
914,0.9990441855168183,0.002527993664112134,1e-08
915,0.9990442537888051,0.0025278403188291544,1e-08
916,0.9990443083263884,0.002527688440327143,1e-08
917,0.9990443696645016,0.0025275484294165966,1e-08
918,0.9990444587381094,0.0025273954841647907,1e-08
919,0.9990445268767525,0.002527251206255066,1e-08
920,0.9990446024826443,0.002527094127347805,1e-08
921,0.9990446639541012,0.0025269461158137995,1e-08
922,0.9990447386265868,0.002526800371123107,1e-08
923,0.9990448068985737,0.002526656493244555,1e-08
924,0.9990448753039042,0.002526501147805711,1e-08
925,0.9990449845124144,0.002526354336365224,1e-08
926,0.999045038916654,0.002526199524301277,1e-08
927,0.999045086787051,0.0025260511127360983,1e-08
928,0.9990451345241043,0.0025259072348575466,1e-08
929,0.9990452098633086,0.002525757489855124,1e-08
930,0.9990452573336744,0.0025256076115089776,1e-08
931,0.9990453254723175,0.002525466267161188,1e-08
932,0.9990454008115218,0.0025253123885033116,1e-08
933,0.9990454486819188,0.00252515957659523,1e-08
934,0.9990454826845685,0.00252502223255917,1e-08
935,0.9990455989602961,0.002524869020619915,1e-08
936,0.9990456738994692,0.0025247159420243846,1e-08
937,0.9990457284370525,0.002524572197489557,1e-08
938,0.9990457420381124,0.002524424986017897,1e-08
939,0.9990458243111903,0.002524276841140167,1e-08
940,0.9990458925831771,0.002524128696262436,1e-08
941,0.9990459472541041,0.0025239750842920086,1e-08
942,0.9990459881906275,0.002523822805758824,1e-08
943,0.9990460016583437,0.0025236810613798615,1e-08
944,0.9990461110001976,0.002523534516626823,1e-08
945,0.9990461791388408,0.002523379971250325,1e-08
946,0.9990462343431425,0.002523239160277433,1e-08
947,0.9990462958145995,0.0025230958157737783,1e-08
948,0.9990463571527127,0.002522942870521972,1e-08
949,0.9990463911553624,0.002522796459112658,1e-08
950,0.9990464252913558,0.0025226451139855437,1e-08
951,0.9990464998304978,0.0025224991026074027,1e-08
952,0.9990465682358283,0.0025223514911045697,1e-08
953,0.9990466437083763,0.0025222017461021475,1e-08
954,0.9990466849115871,0.0025220602684106336,1e-08
955,0.9990467395825141,0.002521907589846276,1e-08
956,0.9990467803856937,0.002521760245030892,1e-08
957,0.999046848924368,0.002521606633060464,1e-08
958,0.9990469034619512,0.0025214603549948743,1e-08
959,0.9990469171963549,0.002521313143523214,1e-08
960,0.9990469721339693,0.0025211696656758354,1e-08
961,0.9990470334720825,0.0025210187205798942,1e-08
962,0.9990470740085747,0.0025208732425766505,1e-08
963,0.9990471564149963,0.002520722164136985,1e-08
964,0.9990471632155262,0.0025205776195398114,1e-08
965,0.9990472385547305,0.0025204310747867728,1e-08
966,0.9990473204277772,0.002520285596783529,1e-08
967,0.9990473610976132,0.0025201335849377934,1e-08
968,0.9990474155018527,0.002519987573559652,1e-08
969,0.9990474771066533,0.002519837561869781,1e-08
970,0.999047544978609,0.002519692750585159,1e-08
971,0.9990476336521857,0.0025195399386770774,1e-08
972,0.9990476743220216,0.0025193955274236284,1e-08
973,0.9990477359268223,0.00251924898267059,1e-08
974,0.9990478043321528,0.002519099504355616,1e-08
975,0.9990478383348026,0.002518951892852783,1e-08
976,0.999047933408878,0.0025188058814746422,1e-08
977,0.9990479810125876,0.0025186582699718092,1e-08
978,0.9990480560851044,0.002518514258749533,1e-08
979,0.9990481518258985,0.0025183607801228295,1e-08
980,0.9990482335656015,0.002518216635556829,1e-08
981,0.9990482677015949,0.002518073024365726,1e-08
982,0.9990483222391782,0.002517919945770195,1e-08
983,0.999048349441298,0.0025177747344544005,1e-08
984,0.9990483699762315,0.002517628723076259,1e-08
985,0.999048445182092,0.0025174791114175614,1e-08
986,0.9990485547906334,0.002517331766602177,1e-08
987,0.9990486298631501,0.002517187088661279,1e-08
988,0.9990486709330173,0.0025170357435341647,1e-08
989,0.9990487118695406,0.0025168939991552022,1e-08
990,0.9990487392050041,0.002516742920715537,1e-08
991,0.9990487872087449,0.0025166013096802986,1e-08
992,0.9990488416129844,0.0025164571651142983,1e-08
993,0.9990488552140443,0.0025163060866746326,1e-08
994,0.9990489098849713,0.0025161596752653185,1e-08
995,0.9990489645558982,0.002516008996856826,1e-08
996,0.9990490393617276,0.002515866319071793,1e-08
997,0.9990491209680868,0.0025157160406944737,1e-08
998,0.9990491140342133,0.0025155732295657164,1e-08
999,0.9990492164421935,0.0025154244179693645,1e-08
