epoch,categorical_accuracy,loss,lr
0,0.8155939507671117,0.4794221849782888,1e-04
1,0.9179719518495086,0.26076179182769466,1e-04
2,0.9363475631280767,0.19720795863960147,1e-04
3,0.948509363253378,0.15266678277278106,1e-04
4,0.9562534069854941,0.12789924659451649,1e-04
5,0.9602302495531855,0.11419766927992205,1e-04
6,0.9651583411816249,0.09981801205833486,1e-04
7,0.9689785135405709,0.08833911821612843,1e-04
8,0.9720265649309094,0.07986775073962457,1e-04
9,0.973005303867178,0.07721588062226639,1e-04
10,0.9762190771049568,0.06796115103450664,1e-04
11,0.9787330448760816,0.06071237843041986,1e-04
12,0.9805275180462489,0.05547657922343653,1e-04
13,0.9810319736233227,0.05376914763610635,1e-04
14,0.9801522482694929,0.05608094591955744,1e-04
15,0.9828525254923759,0.04840231408475496,1e-04
16,0.9840112948577676,0.04453118882189928,1e-04
17,0.9847395393405718,0.04257920297733623,1e-04
18,0.9855429220786297,0.039735558315678196,1e-04
19,0.986037735704341,0.03843702592572377,1e-04
20,0.9866689666272277,0.036991116851234865,1e-04
21,0.9844811970755558,0.04227954455936782,1e-04
22,0.9856399157703323,0.03939608292825003,1e-04
23,0.9873835428449131,0.034746799292980426,1e-04
24,0.9886800192079821,0.0312085155672675,1e-04
25,0.9891386505474714,0.03006957294690262,1e-04
26,0.9885821451810116,0.031684932826082715,1e-04
27,0.989084756081003,0.029985172903244393,1e-04
28,0.9893078486658049,0.029529446456789704,1e-04
29,0.9891594316335333,0.02957058006218349,1e-04
30,0.9897986910487181,0.02735081615063968,1e-04
31,0.9900861291810703,0.026761691308928283,1e-04
32,0.9899338841171607,0.027469458596018338,1e-04
33,0.9894233924697177,0.028970404359318264,1e-04
34,0.9901473474182538,0.026819358869420336,1e-04
35,0.9916420269599163,0.0222898583017473,1e-04
36,0.991863194061339,0.02181686584314777,1e-04
37,0.9917237890646762,0.022524883816439568,1e-04
38,0.9908769508069527,0.024872003118997187,1e-04
39,0.9914288475476122,0.023132220610676196,1e-04
40,0.9917698255854699,0.022345612913170117,1e-04
41,0.9922434703615688,0.020773197180472765,1e-04
42,0.9923617035750575,0.020362445572078627,1e-04
43,0.992215177756828,0.020790082096253465,1e-04
44,0.99200876433844,0.02134291971023184,1e-04
45,0.9922638400822411,0.020388682549965197,1e-04
46,0.9926020664390035,0.019378633973849167,1e-04
47,0.9927759157197854,0.018985903769798192,1e-04
48,0.9929855577897706,0.018522149097732782,1e-04
49,0.9928027134080328,0.0188156483690744,1e-04
50,0.9933573954324061,0.017420160023691404,1e-04
51,0.9918501151754818,0.021343012917495147,1e-04
52,0.9915907218952307,0.02234692088176207,1e-04
53,0.9927467637147412,0.01904517012154496,1e-04
54,0.9929838112536693,0.018448486557476204,1e-04
55,0.9946362389547446,0.013656803692213908,1e-04
56,0.9955375578579486,0.01137517842670415,1e-04
57,0.9954021761081363,0.011869180922540242,1e-04
58,0.9948117316969289,0.01358231575430373,1e-04
59,0.9945001527500366,0.014425702676410376,1e-04
60,0.9945000626096789,0.014594488229260882,1e-04
61,0.9943133111234747,0.014972392611322254,1e-04
62,0.9942917121070076,0.015308358925300957,5e-05
63,0.9960421169097525,0.010160559775845316,5e-05
64,0.9966449645541658,0.00850810967302429,5e-05
65,0.9964749450384904,0.008956935715088642,5e-05
66,0.9958934399905621,0.010556034460430444,5e-05
67,0.9957955576962806,0.010919175025334028,5e-05
68,0.9959902224658053,0.01036461207690655,5e-05
69,0.995981853013604,0.010309886879035557,5e-05
70,0.9959429455816879,0.010468570978049464,2.5e-05
71,0.9971170997459616,0.007335907260843572,2.5e-05
72,0.9975865932652348,0.0061253207908647436,2.5e-05
73,0.9975390879633176,0.006249005229147756,2.5e-05
74,0.9972617592854255,0.006990565949638418,2.5e-05
75,0.9970871622130375,0.0075041163687738,2.5e-05
76,0.9970819592742578,0.007457875698738184,2.5e-05
77,0.9973542898293309,0.006790328079155361,2.5e-05
78,0.9973350428628175,0.006863401106806676,1.25e-05
79,0.9979728873677435,0.005189232644885445,1.25e-05
80,0.9982120521383264,0.004567710745254619,1.25e-05
81,0.9982900600838714,0.004379722496007113,1.25e-05
82,0.9982879421854979,0.004410175135738365,1.25e-05
83,0.9982239601329402,0.004563783372541936,1.25e-05
84,0.9981702772829624,0.004705622958923613,1.25e-05
85,0.9980809297871003,0.0049374940944731365,1.25e-05
86,0.9980785941384249,0.004901195932554719,1.25e-05
87,0.9979600663686492,0.005222521372289466,6.25e-06
88,0.9982810405810141,0.004406055214687748,6.25e-06
89,0.9984532438668628,0.0039488911895410594,6.25e-06
90,0.9985844015541759,0.0036190332182301772,6.25e-06
91,0.9986460927615496,0.003470932477272597,6.25e-06
92,0.9986681094105612,0.003413668414890366,6.25e-06
93,0.9986650249035299,0.003416652514097141,6.25e-06
94,0.9986310859921261,0.0034935941098787108,6.25e-06
95,0.9986320344660373,0.0034970046423158925,6.25e-06
96,0.9986240467769187,0.00350405465836493,6.25e-06
97,0.9985364188817257,0.0037247485229099622,3.125e-06
98,0.9986656040153248,0.0033936531218373,3.125e-06
99,0.998747037961179,0.0032012329272242466,3.125e-06
100,0.9987999635521464,0.003083992057732021,3.125e-06
101,0.9988324608845466,0.0030153565758826747,3.125e-06
102,0.9988520348098721,0.0029720274660677984,3.125e-06
103,0.998863333290322,0.002947314073575423,3.125e-06
104,0.9988612021909198,0.0029526680907947106,3.125e-06
105,0.998858087948238,0.0029585908189982643,3.125e-06
106,0.9988608332288346,0.0029472532688371287,3.125e-06
107,0.9988683788835069,0.002927155169331254,3.125e-06
108,0.9988207174360886,0.003032914744127517,1.5625e-06
109,0.9988641518874456,0.0029312922917223085,1.5625e-06
110,0.9988988341901126,0.0028563219162175053,1.5625e-06
111,0.9989211932658082,0.002809790023487953,1.5625e-06
112,0.9989367118084458,0.0027771413459607153,1.5625e-06
113,0.9989496354822077,0.002750855697614768,1.5625e-06
114,0.9989603332491795,0.0027257828104415996,1.5625e-06
115,0.9989696762439122,0.002706511175339121,1.5625e-06
116,0.9989765493128391,0.0026898990808183984,1.5625e-06
117,0.9989813550206639,0.0026779096131890143,1.5625e-06
118,0.9989866522334566,0.00266585267363512,1.5625e-06
119,0.9989774428491358,0.0026789722293281983,7.8125e-07
120,0.9989864202153763,0.0026585105014860764,7.8125e-07
121,0.9989911915205202,0.0026464858311134698,7.8125e-07
122,0.998995351044657,0.002636236365742865,7.8125e-07
123,0.9989981500627744,0.0026288125872345313,7.8125e-07
124,0.9990035779524169,0.002616718978156446,7.8125e-07
125,0.9990086968846502,0.002607007288026063,7.8125e-07
126,0.9990140115654709,0.0025955766639453454,7.8125e-07
127,0.9989930904684984,0.0026327078241096514,3.90625e-07
128,0.9989887695984553,0.002639060052449271,3.90625e-07
129,0.9989927631096552,0.002630931952389028,3.90625e-07
130,0.9989986482349285,0.002617898536741867,3.90625e-07
131,0.9990055974431219,0.0026029113688458266,3.90625e-07
132,0.9989881000796154,0.0026309710221002567,1.953125e-07
133,0.9989969759712817,0.0026130346910532157,1.953125e-07
134,0.9990051823441081,0.0025965572736940663,1.953125e-07
135,0.9990124451767411,0.002582854605894494,1.953125e-07
136,0.9990185492524098,0.002571488920207525,1.953125e-07
137,0.9990164132192898,0.0025738395033800096,9.765625e-08
138,0.9990222559412587,0.002562615562072003,9.765625e-08
139,0.9990253488489446,0.0025567173691137257,9.765625e-08
140,0.9990284544242842,0.0025515564336072677,9.765625e-08
141,0.9990308251423591,0.002546981010394342,9.765625e-08
142,0.9990314650588921,0.0025455436983897917,4.8828124e-08
143,0.9990333281374084,0.0025417763381463034,4.8828124e-08
144,0.9990344280897905,0.00253948029255707,4.8828124e-08
145,0.9990356999222331,0.0025373795955239793,4.8828124e-08
146,0.9990368118755503,0.0025353945074998827,4.8828124e-08
147,0.999037966632203,0.0025334826251804427,4.8828124e-08
148,0.9990386342842307,0.0025322235937353214,2.4414062e-08
149,0.9990392081956202,0.0025309140250186794,2.4414062e-08
150,0.9990396994339006,0.002529934882050926,2.4414062e-08
151,0.9990404018886404,0.0025290394789420517,2.4414062e-08
152,0.9990411328789371,0.0025281582102679567,2.4414062e-08
153,0.9990414351691602,0.0025273986844141744,1.2207031e-08
154,0.9990417341257902,0.002526880510701429,1.2207031e-08
155,0.9990420617513208,0.002526431942412784,1.2207031e-08
156,0.9990422052291682,0.0025260103095564534,1.2207031e-08
157,0.9990424920515193,0.0025255954772300635,1.2207031e-08
158,0.9990427792739015,0.002525181178278571,1e-08
159,0.9990429426199637,0.0025248474189365736,1e-08
160,0.9990430246263542,0.0025245157930941656,1e-08
161,0.9990432635783082,0.0025241904344068013,1e-08
162,0.9990436045382114,0.0025238673425627503,1e-08
163,0.9990437822853959,0.0025235479843429805,1e-08
164,0.999043952031957,0.0025232328931223892,1e-08
165,0.9990441029770529,0.0025229202020888362,1e-08
166,0.9990443903327788,0.002522614044897775,1e-08
167,0.9990445282101897,0.00252229975373953,1e-08
168,0.9990447255589018,0.002522000130390961,1e-08
169,0.9990449641108247,0.0025217030405731544,1e-08
170,0.9990451549256941,0.0025214015504124447,1e-08
171,0.9990453468073135,0.0025210919262845513,1e-08
172,0.9990455581571165,0.0025207984367473014,1e-08
173,0.9990458924498334,0.0025205061473035704,1e-08
174,0.999046015526091,0.002520212257735148,1e-08
175,0.9990460839314216,0.002519929702383293,1e-08
176,0.9990462818135084,0.002519642480001087,1e-08
177,0.999046513698245,0.002519355124275156,1e-08
178,0.9990466366411589,0.002519079502796967,1e-08
179,0.99904689732814,0.0025187825463228843,1e-08
180,0.9990470681414508,0.0025185087916568356,1e-08
181,0.9990471698827125,0.0025182334368660944,1e-08
182,0.9990473061599987,0.0025179611489810133,1e-08
183,0.999047442437285,0.0025176899278457265,1e-08
184,0.9990476264516246,0.002517413372961467,1e-08
185,0.9990478244670552,0.002517136418046034,1e-08
186,0.9990480702195391,0.002516868263816407,1e-08
187,0.9990481727608632,0.0025166061100543747,1e-08
188,0.9990483570418902,0.002516339422605715,1e-08
189,0.999048493052489,0.0025160780689060286,1e-08
190,0.9990486912012634,0.0025158103147075745,1e-08
191,0.9990487732076538,0.0025155485609767154,1e-08
192,0.9990489028177538,0.002515292007651105,1e-08
193,0.9990490461622575,0.002515033187482181,1e-08
194,0.9990491960406037,0.0025147679668144894,1e-08
195,0.9990493329846085,0.0025145091466455653,1e-08
196,0.9990495582021589,0.002514255126850717,1e-08
197,0.9990496743445428,0.0025140020404619393,1e-08
198,0.9990498315567938,0.002513743086949291,1e-08
199,0.9990498526251023,0.0025135000013398376,1e-08
200,0.999049927697619,0.00251324198123326,1e-08
201,0.999050077709309,0.002512995828718147,1e-08
202,0.9990503507972563,0.0025127491428281372,1e-08
203,0.9990505216105673,0.0025124980565952243,1e-08
204,0.9990506585545721,0.0025122536375485277,1e-08
205,0.9990508022991069,0.002512003084690512,1e-08
206,0.9990510001811939,0.0025117694664854866,1e-08
207,0.9990511912627508,0.0025115237140015466,1e-08
208,0.9990513479416269,0.002511281961829337,1e-08
209,0.9990514771516957,0.0025110347425644297,1e-08
210,0.9990516543655054,0.002510799124203539,1e-08
211,0.9990518454470624,0.002510560572280713,1e-08
212,0.9990519618561338,0.0025103237538263035,1e-08
213,0.9990520841323289,0.002510083335091337,1e-08
214,0.9990522950821008,0.002509839849450711,1e-08
215,0.999052458961538,0.002509613431806799,1e-08
216,0.999052643242565,0.002509379146883152,1e-08
217,0.9990528340574346,0.002509150462395926,1e-08
218,0.9990529507331933,0.0025089064433804027,1e-08
219,0.9990530466073312,0.0025086762921122095,1e-08
220,0.9990531014116019,0.002508440273720146,1e-08
221,0.9990532170206108,0.002508219056481483,1e-08
222,0.9990533604984582,0.002507992105462674,1e-08
223,0.999053462639751,0.0025077536868835723,1e-08
224,0.9990536399869044,0.0025075284693331793,1e-08
225,0.9990538241345877,0.0025073097856252785,1e-08
226,0.999053934276504,0.0025070776342012205,1e-08
227,0.9990540300172981,0.0025068516165884817,1e-08
228,0.9990542212321988,0.0025066303993498185,1e-08
229,0.9990543644433587,0.002506404248393355,1e-08
230,0.9990545080545498,0.0025061810309988273,1e-08
231,0.9990546444651798,0.002505959147041543,1e-08
232,0.9990548423472667,0.002505732062679009,1e-08
233,0.9990550334288236,0.0025055115121589678,1e-08
234,0.9990551838405447,0.002505291228326375,1e-08
235,0.999055319584456,0.002505069611056539,1e-08
236,0.9990553538537932,0.0025048518607547086,1e-08
237,0.9990554495945873,0.002504635177202673,1e-08
238,0.999055620007867,0.002504411159745799,1e-08
239,0.9990557838873042,0.002504193676131417,1e-08
240,0.9990558860285971,0.002503974859079792,1e-08
241,0.9990559677683001,0.0025037543085597506,1e-08
242,0.9990560571085954,0.002503540025194753,1e-08
243,0.9990562345890924,0.002503323074955268,1e-08
244,0.9990564194034943,0.0025031030578101243,1e-08
245,0.9990565490135944,0.002502892774756856,1e-08
246,0.9990566312866723,0.0025026712908307446,1e-08
247,0.9990567815650496,0.0025024610077774767,1e-08
248,0.999056891173591,0.0025022387237890187,1e-08
249,0.9990570547863408,0.0025020295074855456,1e-08
250,0.9990572119985918,0.0025018176243075856,1e-08
251,0.999057369077499,0.0025016086746915606,1e-08
252,0.9990575329569362,0.0025013849239221356,1e-08
253,0.9990576146966392,0.002501175707618662,1e-08
254,0.9990576899024998,0.002500961024222491,1e-08
255,0.9990578672496531,0.002500747940951012,1e-08
256,0.999057989659192,0.002500540991490853,1e-08
257,0.9990581602058155,0.0025003339086869685,1e-08
258,0.9990582559466096,0.00250012669253936,1e-08
259,0.99905833115247,0.0024999057419881456,1e-08
260,0.9990585562366767,0.002499701326058748,1e-08
261,0.9990586853134019,0.0024994955766921077,1e-08
262,0.9990587745203534,0.0024992890272631206,1e-08
263,0.9990589175981697,0.002499080877709442,1e-08
264,0.9990590814776068,0.0024988712613747957,1e-08
265,0.9990591770850572,0.002498664178570912,1e-08
266,0.9990593272300908,0.0024984592292666167,1e-08
267,0.999059443239131,0.0024982512130566625,1e-08
268,0.9990594977767142,0.002498045597033746,1e-08
269,0.9990596207196281,0.002497841314448073,1e-08
270,0.9990596616561515,0.002497638231955919,1e-08
271,0.9990597777985353,0.002497436882932181,1e-08
272,0.9990599076753228,0.002497237267376859,1e-08
273,0.9990600375521103,0.0024970307179478725,1e-08
274,0.9990601471606517,0.002496827635455718,1e-08
275,0.9990602493019446,0.002496622819495148,1e-08
276,0.9990603174405877,0.0024964234706272748,1e-08
277,0.9990604679856524,0.0024962218549160883,1e-08
278,0.9990606045296262,0.0024960254396101506,1e-08
279,0.9990606862693292,0.0024958231571803424,1e-08
280,0.9990608505487976,0.0024956251417497127,1e-08
281,0.9990609802922413,0.0024954256595381154,1e-08
282,0.9990610758996916,0.0024952308443568698,1e-08
283,0.9990612259113816,0.002495025628365126,1e-08
284,0.9990613145849582,0.0024948318799336753,1e-08
285,0.999061355788169,0.002494637731471051,1e-08
286,0.999061492198799,0.0024944406494464915,1e-08
287,0.999061615541744,0.002494243434078208,1e-08
288,0.9990617246169106,0.0024940430184605404,1e-08
289,0.9990618270248908,0.0024938495367165378,1e-08
290,0.9990619569016783,0.002493653388098049,1e-08
291,0.9990621141139293,0.0024934587062605275,1e-08
292,0.9990622919944575,0.0024932641577667305,1e-08
293,0.999062387068533,0.0024930657423049276,1e-08
294,0.9990624761421408,0.002492872127217201,1e-08
295,0.9990625926845559,0.002492679045504372,1e-08
296,0.9990627353623409,0.0024924830302296068,1e-08
297,0.9990628517714123,0.0024922846147678044,1e-08
298,0.99906294764555,0.0024920895328991097,1e-08
299,0.9990630499201867,0.002491902451653875,1e-08
300,0.9990630843228675,0.002491706169691662,1e-08
301,0.9990631932646903,0.0024915110878229673,1e-08
302,0.999063281938267,0.002491321206359522,1e-08
303,0.999063390746746,0.0024911301248025574,1e-08
304,0.999063479286979,0.002490935442965036,1e-08
305,0.9990636023632365,0.0024907378275655792,1e-08
306,0.9990636842362832,0.0024905515463826905,1e-08
307,0.9990637319733365,0.002490366465293321,1e-08
308,0.9990638959861176,0.00249016378283234,1e-08
309,0.9990640459978074,0.0024899755014935864,1e-08
310,0.9990641554730051,0.00248978682012366,1e-08
311,0.9990642788159501,0.00248959773872256,1e-08
312,0.9990643882911477,0.0024894046570097307,1e-08
313,0.9990644704308819,0.0024892177091082202,1e-08
314,0.9990646272431017,0.0024890260941763586,1e-08
315,0.9990647497859844,0.0024888311456513885,1e-08
316,0.9990648860632707,0.002488643664374981,1e-08
317,0.9990649204659515,0.002488453249536638,1e-08
318,0.9990650640771427,0.0024882713686966524,1e-08
319,0.9990651732856528,0.0024880817539206556,1e-08
320,0.999065296095223,0.0024878901389887935,1e-08
321,0.9990653578333674,0.0024876989240881046,1e-08
322,0.999065528780022,0.002487512509561492,1e-08
323,0.9990655831842614,0.0024873275618158466,1e-08
324,0.9990656645239333,0.0024871347467904656,1e-08
325,0.9990657189281729,0.002486949265669923,1e-08
326,0.9990658008012195,0.002486761517706067,1e-08
327,0.9990659508129094,0.0024865768366478702,1e-08
328,0.9990660118843352,0.002486387221871873,1e-08
329,0.9990661682965238,0.002486196273658633,1e-08
330,0.9990662845722514,0.0024860166596619607,1e-08
331,0.9990664001812605,0.0024858309118539696,1e-08
332,0.9990664887214934,0.0024856419637965944,1e-08
333,0.9990665775284138,0.0024854551492388085,1e-08
334,0.9990666594014606,0.0024852758019295847,1e-08
335,0.9990667891449043,0.0024850844536851717,1e-08
336,0.9990668711512948,0.00248489777247111,1e-08
337,0.9990669124878493,0.0024847212253800975,1e-08
338,0.9990669874270224,0.002484531743947825,1e-08
339,0.9990671241043398,0.0024843505298264607,1e-08
340,0.9990672470472536,0.0024841631818937776,1e-08
341,0.9990673359875177,0.0024839747672112996,1e-08
342,0.9990674655976178,0.0024837951532146276,1e-08
343,0.999067622676525,0.0024836075385944955,1e-08
344,0.9990677182839754,0.0024834217907865044,1e-08
345,0.9990678134913946,0.0024832411100400376,1e-08
346,0.9990679364343085,0.002483057762419084,1e-08
347,0.9990680049729828,0.0024828768149851685,1e-08
348,0.9990681279158966,0.002482685200053307,1e-08
349,0.9990681619185463,0.002482514120054992,1e-08
350,0.9990682712604002,0.002482317438061605,1e-08
351,0.999068339532387,0.002482138890814728,1e-08
352,0.9990684558081147,0.0024819539430690823,1e-08
353,0.9990685579494075,0.002481774995791032,1e-08
354,0.9990686470230153,0.002481587647858349,1e-08
355,0.9990687630320555,0.002481404966956017,1e-08
356,0.9990688650400047,0.002481222686084858,1e-08
357,0.9990689399791777,0.0024810452055877754,1e-08
358,0.9990690013172909,0.0024808651915599303,1e-08
359,0.999069124126861,0.002480677576939798,1e-08
360,0.9990693222756354,0.002480498763005472,1e-08
361,0.9990694380179881,0.002480316348790589,1e-08
362,0.9990695677614319,0.00248013806823116,1e-08
363,0.9990696288328577,0.0024799571207972447,1e-08
364,0.9990697313741816,0.002479780173675059,1e-08
365,0.999069772310705,0.0024796052267087388,1e-08
366,0.9990698269816319,0.0024794136117768767,1e-08
367,0.9990699639256369,0.002479231330905718,1e-08
368,0.9990700663336172,0.0024790530503462894,1e-08
369,0.9990701758088149,0.002478867302538298,1e-08
370,0.9990702779501076,0.0024786895553537665,1e-08
371,0.9990704147607689,0.0024785162085121377,1e-08
372,0.9990705310364965,0.0024783341943284275,1e-08
373,0.9990705653058336,0.002478153113550788,1e-08
374,0.9990706679805014,0.00247797363289784,1e-08
375,0.9990708251927523,0.0024777978858691735,1e-08
376,0.9990709281341075,0.0024776244056838206,1e-08
377,0.9990710306754315,0.0024774355909701696,1e-08
378,0.999071125749507,0.0024772641109406814,1e-08
379,0.9990712414918597,0.002477084763631458,1e-08
380,0.9990713233649064,0.0024769056830096833,1e-08
381,0.9990713641680861,0.002476726469044184,1e-08
382,0.9990713979040483,0.002476554588983523,1e-08
383,0.9990714868443125,0.002476378308579959,1e-08
384,0.9990715481824256,0.0024761961610525246,1e-08
385,0.9990716367226585,0.002476020814055031,1e-08
386,0.9990717251295478,0.002475844800338916,1e-08
387,0.9990718070025946,0.0024756694533414223,1e-08
388,0.9990719500804107,0.0024754907727508203,1e-08
389,0.9990720798238545,0.0024753140923160833,1e-08
390,0.9990721414286552,0.0024751354117254817,1e-08
391,0.9990722098339857,0.002474959131321918,1e-08
392,0.9990723121086224,0.0024747828509183536,1e-08
393,0.9990724353182235,0.00247460750392086,1e-08
394,0.9990724835886517,0.002474433090329437,1e-08
395,0.9990726129320644,0.0024742550764574565,1e-08
396,0.9990727425421644,0.002474081996303277,1e-08
397,0.9990728582845172,0.002473908649461648,1e-08
398,0.9990729610925286,0.0024737265019342137,1e-08
399,0.9990730564332915,0.002473550754905547,1e-08
400,0.9990731792428617,0.0024733851419999294,1e-08
401,0.9990732949852144,0.0024732104617210576,1e-08
402,0.9990733633905449,0.002473029914318315,1e-08
403,0.999073411260942,0.0024728525671649567,1e-08
404,0.9990735343371995,0.0024726818871978144,1e-08
405,0.9990736026091863,0.0024725038733258344,1e-08
406,0.9990737391531601,0.0024723341267647624,1e-08
407,0.9990738275600493,0.0024721537127057446,1e-08
408,0.9990739096997835,0.002471983299426051,1e-08
409,0.9990739779717703,0.002471809419209525,1e-08
410,0.9990740939808105,0.0024716376724925886,1e-08
411,0.9990741623861411,0.0024714612587453002,1e-08
412,0.999074271727995,0.0024712884452785687,1e-08
413,0.999074326398922,0.0024711156318118375,1e-08
414,0.9990744700101132,0.002470944418469798,1e-08
415,0.9990745585503461,0.0024707658712229204,1e-08
416,0.9990746066874305,0.0024705895908193566,1e-08
417,0.9990746680255438,0.0024704233111951177,1e-08
418,0.9990747979023312,0.0024702524978842512,1e-08
419,0.9990748663076618,0.002470077284230482,1e-08
420,0.9990750167193829,0.002469902737295334,1e-08
421,0.9990750711236224,0.0024697319239844677,1e-08
422,0.999075173398259,0.002469554310143661,1e-08
423,0.9990752416702459,0.0024693841635514157,1e-08
424,0.9990753922153106,0.002469215083708966,1e-08
425,0.999075481022231,0.0024690381365867803,1e-08
426,0.9990755968979275,0.0024688713235876437,1e-08
427,0.9990756378344509,0.002468687842622966,1e-08
428,0.9990757195741539,0.0024685114288756776,1e-08
429,0.9990758358498815,0.0024683286146296216,1e-08
430,0.9990759109223982,0.0024681442002588735,1e-08
431,0.9990759582594204,0.0024679612526690934,1e-08
432,0.9990760880028642,0.0024677789717979346,1e-08
433,0.9990761769431282,0.0024676005578947815,1e-08
434,0.9990762861516385,0.002467428544490396,1e-08
435,0.9990763750919026,0.002467247330369032,1e-08
436,0.9990764568316056,0.0024670755836520954,1e-08
437,0.9990765457718698,0.0024669054370598507,1e-08
438,0.999076600309453,0.002466732490249395,1e-08
439,0.9990767300528968,0.002466558743376593,1e-08
440,0.9990768049920699,0.0024663932638147,1e-08
441,0.9990768592629656,0.0024662156499738928,1e-08
442,0.9990769071333627,0.002466049503693378,1e-08
443,0.999076988739722,0.002465863489197938,1e-08
444,0.9990771047487622,0.002465695609449007,1e-08
445,0.9990771796879352,0.0024655183956393727,1e-08
446,0.9990772960970066,0.0024653429152981547,1e-08
447,0.9990773914377695,0.0024651691684253532,1e-08
448,0.999077521314557,0.0024649938214278593,1e-08
449,0.999077678526808,0.0024648296753032096,1e-08
450,0.9990777330643912,0.002464655661742959,1e-08
451,0.9990778421395577,0.0024644865819005092,1e-08
452,0.9990779173454182,0.002464306967903837,1e-08
453,0.9990780473555494,0.002464140021560976,1e-08
454,0.9990781089603501,0.00246397014165618,1e-08
455,0.9990782185688915,0.0024638029286258704,1e-08
456,0.999078327644058,0.002463629715127966,1e-08
457,0.9990784231181646,0.002463460901972965,1e-08
458,0.9990784983240252,0.0024632864883815417,1e-08
459,0.9990785599288258,0.002463117541882816,1e-08
460,0.99907864206856,0.002462952195664647,1e-08
461,0.9990787583442876,0.0024627757819173585,1e-08
462,0.9990788536850504,0.002462604968606492,1e-08
463,0.9990789974295853,0.0024624428226377075,1e-08
464,0.9990790723687584,0.002462271075920771,1e-08
465,0.9990791539751177,0.00246210012926618,1e-08
466,0.9990792561164105,0.0024619245155812377,1e-08
467,0.9990793790593243,0.0024617553023950633,1e-08
468,0.9990794607990273,0.00246158582252144,1e-08
469,0.9990795428054178,0.0024614138091170546,1e-08
470,0.9990797136187287,0.0024612420624001183,1e-08
471,0.9990798296277689,0.0024610752494009817,1e-08
472,0.9990799049669731,0.0024609081697143965,1e-08
473,0.9990800137754522,0.0024607298891549676,1e-08
474,0.9990801504527695,0.0024605681432173557,1e-08
475,0.99908023925969,0.0024603986633437327,1e-08
476,0.9990803827375374,0.0024602250498146554,1e-08
477,0.9990804851455176,0.002460057036722,1e-08
478,0.9990805742191256,0.0024598987577212203,1e-08
479,0.9990805951540902,0.002459725144192143,1e-08
480,0.9990806700932633,0.002459560998067493,1e-08
481,0.9990807791684297,0.0024593916515375943,1e-08
482,0.9990808201049531,0.0024592173712898956,1e-08
483,0.99908088837694,0.0024590470913539264,1e-08
484,0.9990809633161131,0.0024588842786665197,1e-08
485,0.9990810179870401,0.0024587170656362105,1e-08
486,0.9990810931929006,0.002458545052231825,1e-08
487,0.999081134129424,0.0024583838396691105,1e-08
488,0.9990812506718391,0.002458211959608449,1e-08
489,0.9990813396121031,0.0024580439465157937,1e-08
490,0.9990814081507775,0.0024578807337972144,1e-08
491,0.9990815313603787,0.0024577045867373746,1e-08
492,0.9990816681710399,0.0024575368403321677,1e-08
493,0.9990818112488561,0.0024573746943633828,1e-08
494,0.9990819271245526,0.0024572054811772084,1e-08
495,0.9990820567346526,0.002457036668022207,1e-08
496,0.999082097671176,0.002456875188772044,1e-08
497,0.9990821660765066,0.0024566989083684796,1e-08
498,0.999082234081806,0.0024565318286818945,1e-08
499,0.9990822822188904,0.0024563639489329635,1e-08
500,0.9990823779596845,0.002456194869090513,1e-08
501,0.999082473967166,0.00245603739015208,1e-08
502,0.9990825694412726,0.0024558641766541755,1e-08
503,0.999082706651965,0.0024556969636238663,1e-08
504,0.9990827882583243,0.0024555314840619727,1e-08
505,0.9990828018593841,0.002455360137376209,1e-08
506,0.9990828766652134,0.002455197458032527,1e-08
507,0.9990829585382602,0.0024550318451269093,1e-08
508,0.9990830605462093,0.0024548668989399134,1e-08
509,0.9990831360187573,0.0024546986191598093,1e-08
510,0.9990832452272675,0.0024545368732221975,1e-08
511,0.9990833475019041,0.0024543669933174013,1e-08
512,0.9990834565770706,0.0024541964466939835,1e-08
513,0.9990835179151838,0.0024540309671320904,1e-08
514,0.9990836136559779,0.0024538660209450945,1e-08
515,0.9990836748607473,0.0024537045416949312,1e-08
516,0.9990837157972707,0.0024535394621642112,1e-08
517,0.9990837567337941,0.002453375316039561,1e-08
518,0.9990838655422731,0.002453202635916554,1e-08
519,0.9990840156873068,0.0024530362229485906,1e-08
520,0.9990841111614134,0.0024528744770109787,1e-08
521,0.9990842271704535,0.0024527063305745988,1e-08
522,0.9990842815746931,0.0024525376507633216,1e-08
523,0.9990843498466799,0.002452378438356472,1e-08
524,0.9990844045176068,0.0024522094918577463,1e-08
525,0.9990845137261171,0.0024520429455460583,1e-08
526,0.9990846165341285,0.002451885466607625,1e-08
527,0.9990847322764813,0.0024517153200153802,1e-08
528,0.9990848482855215,0.0024515485070162437,1e-08
529,0.9990849441596592,0.0024513850276102157,1e-08
530,0.9990850125649898,0.002451221681547912,1e-08
531,0.9990850604353868,0.0024510554019236725,1e-08
532,0.9990851080390964,0.002450888455580812,1e-08
533,0.9990851967126732,0.0024507273763618212,1e-08
534,0.9990853196555869,0.002450561496768755,1e-08
535,0.9990853876608864,0.002450393750363548,1e-08
536,0.9990854698006205,0.002450229737582623,1e-08
537,0.9990854902022104,0.002450067591613838,1e-08
538,0.9990856678160511,0.002449901445333323,1e-08
539,0.999085790758965,0.002449737299208673,1e-08
540,0.9990858927669141,0.0024495764866771315,1e-08
541,0.9990859611722447,0.002449417407614006,1e-08
542,0.9990860903823136,0.0024492439274286532,1e-08
543,0.9990861654548303,0.0024490753809611,1e-08
544,0.9990862610622807,0.0024489173686477695,1e-08
545,0.999086343202015,0.0024487466886806276,1e-08
546,0.9990864590777113,0.0024485841426806695,1e-08
547,0.999086541484133,0.0024484230634616794,1e-08
548,0.9990866645603905,0.002448263584367381,1e-08
549,0.9990867329657211,0.002448094104493758,1e-08
550,0.9990867805694307,0.002447929691681659,1e-08
551,0.9990868555086038,0.002447773146149296,1e-08
552,0.9990869304477769,0.0024476009994011862,1e-08
553,0.9990869851187039,0.0024474384534012286,1e-08
554,0.9990870671250943,0.0024472780409008597,1e-08
555,0.9990870873933404,0.002447110694526826,1e-08
556,0.999087176600292,0.002446950282026457,1e-08
557,0.9990872518061524,0.0024467826689649748,1e-08
558,0.9990873267453255,0.0024466187895277737,1e-08
559,0.9990874768903591,0.002446455176778021,1e-08
560,0.9990875518295322,0.002446296631089793,1e-08
561,0.9990876474369825,0.002446130484809278,1e-08
562,0.9990877574455551,0.0024459698056214607,1e-08
563,0.9990878462524756,0.002445800059060389,1e-08
564,0.9990879145244624,0.0024456429801531284,1e-08
565,0.999087976129263,0.0024454840344337275,1e-08
566,0.9990881196071104,0.002445313887841483,1e-08
567,0.9990882154812483,0.0024451513418415247,1e-08
568,0.9990882496172416,0.0024449858622796316,1e-08
569,0.9990883038881374,0.002444820516061463,1e-08
570,0.9990883721601242,0.002444665303966343,1e-08
571,0.9990884538998274,0.002444507558340461,1e-08
572,0.9990885424400603,0.002444336078310973,1e-08
573,0.9990886041782047,0.0024441751324357068,1e-08
574,0.9990887404554909,0.00244401538665396,1e-08
575,0.999088863265061,0.0024438569743094564,1e-08
576,0.9990889724735712,0.002443689094560525,1e-08
577,0.9990890546133054,0.002443531348934643,1e-08
578,0.9990891159514186,0.002443368002872339,1e-08
579,0.9990891844900929,0.002443202523310446,1e-08
580,0.9990892866313857,0.002443034243530342,1e-08
581,0.9990893067662882,0.002442875031123492,1e-08
582,0.9990893615705588,0.0024427106183113933,1e-08
583,0.9990894911806589,0.002442550739185922,1e-08
584,0.9990895731870494,0.002442390993404175,1e-08
585,0.9990895938553266,0.0024422297808414603,1e-08
586,0.9990896622606572,0.0024420680349038484,1e-08
587,0.9990897235987704,0.0024419074890597555,1e-08
588,0.9990897782696974,0.0024417432095913813,1e-08
589,0.9990898534755579,0.002441586130684121,1e-08
590,0.9990899626840681,0.0024414215845282978,1e-08
591,0.9990900102877777,0.002441261438715378,1e-08
592,0.999090078293077,0.002441098092653074,1e-08
593,0.9990901947021484,0.0024409435472765757,1e-08
594,0.9990903451138695,0.0024407803345579964,1e-08
595,0.9990904685901583,0.002440618588620384,1e-08
596,0.9990905775319809,0.0024404601762758804,1e-08
597,0.9990906526044978,0.002440289629652463,1e-08
598,0.9990907347442319,0.0024401354843071378,1e-08
599,0.9990907891484715,0.0024399690713391743,1e-08
600,0.999090843552711,0.0024398081254639083,1e-08
601,0.9990909394268488,0.0024396477129635394,1e-08
602,0.9990910147660531,0.0024394865004008248,1e-08
603,0.99909108303804,0.0024393232876822454,1e-08
604,0.9990911786454902,0.0024391634085567738,1e-08
605,0.999091281320158,0.002439007396399308,1e-08
606,0.9990913702604222,0.002438840716743896,1e-08
607,0.9990914590673425,0.002438684571242706,1e-08
608,0.9990915817435689,0.0024385216252115747,1e-08
609,0.9990916773510192,0.0024383617460861035,1e-08
610,0.9990917728251258,0.0024381973332740048,1e-08
611,0.9990918823003235,0.002438048921708826,1e-08
612,0.9990919781744614,0.0024378826420845866,1e-08
613,0.9990920191109847,0.0024377220962404937,1e-08
614,0.9990920873829716,0.0024375599502717087,1e-08
615,0.9990922035253554,0.002437401937958378,1e-08
616,0.9990923264682693,0.0024372391252709714,1e-08
617,0.9990924288762496,0.002437081512988814,1e-08
618,0.9990924560783694,0.0024369184336139587,1e-08
619,0.9990925650201922,0.002436764021581185,1e-08
620,0.9990926535604251,0.0024366021422998485,1e-08
621,0.9990927623689041,0.002436441863143204,1e-08
622,0.9990928721107892,0.0024362851842671166,1e-08
623,0.9990929265150288,0.0024361233049857802,1e-08
624,0.9990929674515522,0.002435964225922655,1e-08
625,0.9990930153219492,0.0024358022132975944,1e-08
626,0.9990931175965857,0.0024356400673288094,1e-08
627,0.9990931728008876,0.0024354759212041593,1e-08
628,0.9990932820093978,0.002435322842608629,1e-08
629,0.9990934257539327,0.0024351617633896388,1e-08
630,0.9990934528227087,0.0024349998841083024,1e-08
631,0.9990935617645315,0.0024348341378589607,1e-08
632,0.9990936368370483,0.002434688659855717,1e-08
633,0.999093718710095,0.002434527847324175,1e-08
634,0.9990938208513879,0.0024343635678558007,1e-08
635,0.9990939027244345,0.0024342044887926753,1e-08
636,0.9990940188668185,0.002434041276074096,1e-08
637,0.9990940871388053,0.002433891264384225,1e-08
638,0.9990941755456946,0.0024337223178854993,1e-08
639,0.9990942640859275,0.002433563772197271,1e-08
640,0.9990944071637438,0.002433405626540216,1e-08
641,0.9990944550341407,0.0024332505477888205,1e-08
642,0.9990945303733451,0.0024330882684763114,1e-08
643,0.9990946327813253,0.0024329270559135968,1e-08
644,0.9990946873189086,0.0024327701103500606,1e-08
645,0.9990947689252678,0.002432605297506789,1e-08
646,0.9990948301300373,0.0024324403513197933,1e-08
647,0.9990949601401685,0.002432291406379717,1e-08
648,0.9990950622814614,0.00243212365997451,1e-08
649,0.9990951917582177,0.0024319672477858714,1e-08
650,0.9990952670974219,0.0024318091021288163,1e-08
651,0.9990953352360651,0.002431649356347069,1e-08
652,0.9990954444445753,0.0024314832100665543,1e-08
653,0.9990955607203029,0.0024313275979402616,1e-08
654,0.999095656461097,0.002431163185128163,1e-08
655,0.9990957249997713,0.0024310061062209026,1e-08
656,0.9990958002056318,0.002430847293845226,1e-08
657,0.9990959022135809,0.0024306906149691382,1e-08
658,0.9990959978210313,0.002430537536373608,1e-08
659,0.9990960727602043,0.0024303744569987525,1e-08
660,0.9990961408988475,0.0024302128444048648,1e-08
661,0.9990962362396104,0.0024300540320291884,1e-08
662,0.9990963658497104,0.002429893352841371,1e-08
663,0.9990964409222273,0.00242974027424584,1e-08
664,0.9990965087941829,0.0024295785283082283,1e-08
665,0.9990966116021943,0.0024294217160884166,1e-08
666,0.9990966458715315,0.002429262103650394,1e-08
667,0.9990967414789819,0.002429108891711139,1e-08
668,0.9990968368197447,0.002428941145305932,1e-08
669,0.9990969594959711,0.0024287872666480556,1e-08
670,0.9990970551034215,0.002428631654521763,1e-08
671,0.9990971713791491,0.002428472708802362,1e-08
672,0.9990972397844797,0.0024283097627712307,1e-08
673,0.9990973283247127,0.0024281560174570786,1e-08
674,0.9990973623273623,0.0024280005386745104,1e-08
675,0.9990974236654755,0.002427836659237309,1e-08
676,0.9990974851369324,0.0024276857141413677,1e-08
677,0.9990975944787864,0.002427525701672172,1e-08
678,0.9990976767518643,0.002427366755952771,1e-08
679,0.9990977448905074,0.0024272022097969483,1e-08
680,0.9990978475651752,0.0024270456642645852,1e-08
681,0.9990979022361022,0.00242690045294879,1e-08
682,0.9990979914430537,0.002426733773293378,1e-08
683,0.9990980865171292,0.002426570160543625,1e-08
684,0.9990981955922956,0.0024264101480744294,1e-08
685,0.99909826413097,0.0024262533358546177,1e-08
686,0.999098345870673,0.00242609479016639,1e-08
687,0.9990984006749437,0.0024259269104174586,1e-08
688,0.9990984824146467,0.0024257775654462094,1e-08
689,0.9990985300183562,0.0024256115525094187,1e-08
690,0.9990985774887221,0.0024254595406636827,1e-08
691,0.999098638960179,0.002425293394383168,1e-08
692,0.9990987481686893,0.0024251307150394857,1e-08
693,0.999098857110512,0.0024249813700682366,1e-08
694,0.9990989388502151,0.002424816290537516,1e-08
695,0.999099041391539,0.002424654144568731,1e-08
696,0.9990991708682955,0.0024244901317878056,1e-08
697,0.999099280343493,0.0024243323861619236,1e-08
698,0.9990993416816063,0.0024241702401931386,1e-08
699,0.9990994168874668,0.0024240095610053216,1e-08
700,0.9990995123615735,0.002423848081755158,1e-08
701,0.9990995738330304,0.002423693669722384,1e-08
702,0.9990996078356801,0.002423535390721605,1e-08
703,0.9990996758409795,0.0024233787118455173,1e-08
704,0.9990997783823035,0.0024232190994074947,1e-08
705,0.9990998262527006,0.002423057486813607,1e-08
706,0.9990999219934946,0.002422899341156552,1e-08
707,0.9990999763977341,0.002422738661968735,1e-08
708,0.9991000381358784,0.002422584249935961,1e-08
709,0.9991001470777012,0.0024224269043412517,1e-08
710,0.999100256019524,0.00242226515840364,1e-08
711,0.9991003105571072,0.0024221012789664388,1e-08
712,0.9991004061645576,0.002421948733745805,1e-08
713,0.9991004745698882,0.002421790454745026,1e-08
714,0.9991005221735978,0.0024216304422758302,1e-08
715,0.9991005837783984,0.002421470963181532,1e-08
716,0.9991006795191925,0.0024213154843989635,1e-08
717,0.9991007548583968,0.002421148004681205,1e-08
718,0.9991008643335944,0.002420981991744415,1e-08
719,0.9991009734087609,0.002420820379150527,1e-08
720,0.9991010822172399,0.0024206599666501587,1e-08
721,0.9991011440887281,0.0024204976873376492,1e-08
722,0.9991012188945574,0.0024203352746814157,1e-08
723,0.9991013007676042,0.0024201723286502845,1e-08
724,0.9991013210358503,0.00242001418299323,1e-08
725,0.9991013686395598,0.0024198423029325685,1e-08
726,0.999101429977673,0.002419675889964605,1e-08
727,0.9991015666549905,0.0024195033431853225,1e-08
728,0.9991015802560503,0.0024193403971541913,1e-08
729,0.9991016553285671,0.002419174517561125,1e-08
730,0.9991016213259174,0.0024190070378433673,1e-08
731,0.9991016894645606,0.002418839158094436,1e-08
732,0.9991018124074744,0.0024186760787195806,1e-08
733,0.9991019012143948,0.002418501398440709,1e-08
734,0.9991019898879715,0.002418339652503097,1e-08
735,0.9991020581599583,0.0024181704393169226,1e-08
736,0.9991021333658189,0.0024180014928181968,1e-08
737,0.999102194703932,0.0024178344131316116,1e-08
738,0.999102276443635,0.002417676667505729,1e-08
739,0.9991023039124423,0.002417515054911842,1e-08
740,0.9991023175135022,0.002417346908475462,1e-08
741,0.9991023924526752,0.002417186896006266,1e-08
742,0.999102515395589,0.0024170296837552814,1e-08
743,0.9991025766003585,0.0024168691379111884,1e-08
744,0.9991026516728754,0.0024167101921917875,1e-08
745,0.9991027266120484,0.0024165520465347324,1e-08
746,0.9991027951507226,0.002416394567596299,1e-08
747,0.999102842887776,0.0024162372220015898,1e-08
748,0.9991029454291,0.0024160810765004,1e-08
749,0.9991029798317809,0.0024159241309368636,1e-08
750,0.9991030482371115,0.0024157622516555273,1e-08
751,0.9991031167757858,0.0024156022391863315,1e-08
752,0.999103171313369,0.0024154411599673414,1e-08
753,0.9991032055827062,0.002415290481558849,1e-08
754,0.9991033283922763,0.0024151234018722637,1e-08
755,0.9991033969309506,0.002414971123339079,1e-08
756,0.9991034584024076,0.0024148123109634023,1e-08
757,0.9991035197405207,0.0024146441645270227,1e-08
758,0.9991035948130375,0.0024144908192440433,1e-08
759,0.9991037114887963,0.0024143364072112695,1e-08
760,0.9991037933618431,0.0024141737278675873,1e-08
761,0.9991038546999562,0.0024140193158348135,1e-08
762,0.9991039503074066,0.00241385690317858,1e-08
763,0.9991040320471096,0.0024137038245830495,1e-08
764,0.9991041409889324,0.0024135408785519183,1e-08
765,0.9991042297958528,0.002413393933767707,1e-08
766,0.9991043530054541,0.002413235788110652,1e-08
767,0.999104407676381,0.0024130745755479373,1e-08
768,0.9991044895494278,0.002412921496952407,1e-08
769,0.9991045778229732,0.0024127616178269353,1e-08
770,0.9991046188928404,0.002412604005544778,1e-08
771,0.9991047007658871,0.002412443593044409,1e-08
772,0.9991047417024105,0.002412287447543219,1e-08
773,0.9991048099743973,0.002412125301574434,1e-08
774,0.9991048990480051,0.002411962622230752,1e-08
775,0.9991049739871782,0.002411803276480178,1e-08
776,0.9991050559935687,0.0024116431306672576,1e-08
777,0.9991050903962496,0.002411486851822343,1e-08
778,0.9991051585348927,0.0024113293728839098,1e-08
779,0.9991052200063496,0.0024111744274762387,1e-08
780,0.9991052885450239,0.0024110142816633185,1e-08
781,0.9991053500164808,0.00241085786947468,1e-08
782,0.9991054870938295,0.0024106983903803814,1e-08
783,0.999105548298599,0.00241053357753711,1e-08
784,0.9991056573737654,0.0024103808989727523,1e-08
785,0.9991056711081691,0.002410223953409216,1e-08
786,0.9991057255124086,0.0024100655410647124,1e-08
787,0.9991057801833355,0.00240990192831496,1e-08
788,0.9991058347209189,0.0024097432492830076,1e-08
789,0.9991058756574421,0.0024095817700328444,1e-08
790,0.9991059233944954,0.002409423891063238,1e-08
791,0.9991059571304577,0.002409261745094453,1e-08
792,0.9991059915331386,0.0024090990657507708,1e-08
793,0.9991060666056554,0.0024089246521593476,1e-08
794,0.9991061482120147,0.0024087495718493022,1e-08
795,0.9991062370189351,0.00240857795847609,1e-08
796,0.9991062850226758,0.0024084160791947536,1e-08
797,0.9991063874306562,0.002408251933070104,1e-08
798,0.9991064690370154,0.002408080186353167,1e-08
799,0.9991065647778095,0.0024079137733852038,1e-08
800,0.9991066537180736,0.0024077454936050997,1e-08
801,0.9991067289239342,0.0024075776138561683,1e-08
802,0.9991068109303246,0.002407414001106416,1e-08
803,0.9991068653345642,0.0024072505217003874,1e-08
804,0.9991069400070498,0.0024070803751081427,1e-08
805,0.9991069674758569,0.0024069188958579795,1e-08
806,0.9991070561494336,0.0024067578166389893,1e-08
807,0.9991071585574139,0.0024065922037333717,1e-08
808,0.9991072404304607,0.002406434191420041,1e-08
809,0.9991072610987379,0.002406280579449613,1e-08
810,0.999107308969135,0.002406122433792558,1e-08
811,0.9991073431051284,0.0024059609545423947,1e-08
812,0.9991074181776453,0.002405805342416102,1e-08
813,0.9991074524469824,0.0024056531972266415,1e-08
814,0.9991075344533729,0.0024054998519436625,1e-08
815,0.9991075552549938,0.002405347173379305,1e-08
816,0.9991076235269807,0.0024051916945967366,1e-08
817,0.9991077395360208,0.0024050380826263085,1e-08
818,0.9991078212757238,0.002404875269938902,1e-08
819,0.9991078348767838,0.002404725124905307,1e-08
820,0.9991078623455909,0.0024045684460292194,1e-08
821,0.9991079099493005,0.0024044240347757704,1e-08
822,0.9991079851551611,0.00240426788927458,1e-08
823,0.9991080603610216,0.0024041208111466443,1e-08
824,0.9991081358335695,0.002403969866050703,1e-08
825,0.999108142900787,0.00240381732083007,1e-08
826,0.999108245442111,0.0024036606419539823,1e-08
827,0.9991082862452906,0.0024035111636390087,1e-08
828,0.9991083681183374,0.0024033552848252674,1e-08
829,0.9991084223892331,0.0024031959390746933,1e-08
830,0.9991085315977434,0.0024030544613831794,1e-08
831,0.9991085994696991,0.002402898715913162,1e-08
832,0.9991086613411871,0.0024027480375046696,1e-08
833,0.9991087638825111,0.0024026004260018366,1e-08
834,0.9991088254873118,0.0024024413469387112,1e-08
835,0.9991088390883717,0.002402286668218489,1e-08
836,0.9991089824328753,0.0024021403901528992,1e-08
837,0.9991090575053921,0.0024019885116508878,1e-08
838,0.9991091460456251,0.0024018417002104006,1e-08
839,0.9991091869821485,0.002401695022113638,1e-08
840,0.999109234585858,0.002401542210205556,1e-08
841,0.9991093032578761,0.002401391265109615,1e-08
842,0.999109364729333,0.0024012416534509168,1e-08
843,0.9991095218082402,0.0024010951086978786,1e-08
844,0.9991096306167193,0.0024009402966339317,1e-08
845,0.9991096508849654,0.0024007922850999256,1e-08
846,0.9991097259574822,0.0024006414733477085,1e-08
847,0.9991097874289391,0.0024004949285946703,1e-08
848,0.9991098562343008,0.0024003478504667345,1e-08
849,0.999109869702017,0.0024001941051525824,1e-08
850,0.9991099651761236,0.0024000476937432683,1e-08
851,0.9991099995788045,0.0023999000822404353,1e-08
852,0.9991100405153279,0.0023997496705193914,1e-08
853,0.9991100745179776,0.0023996025923914556,1e-08
854,0.9991101907937052,0.0023994515139517903,1e-08
855,0.9991102383974148,0.002399307502729514,1e-08
856,0.9991102996021842,0.002399156557633573,1e-08
857,0.9991103884091047,0.0023990056125376314,1e-08
858,0.9991104426800005,0.0023988594678157663,1e-08
859,0.9991105862911915,0.0023987091894384464,1e-08
860,0.9991106406954311,0.0023985607778732676,1e-08
861,0.9991107156346042,0.002398407965965186,1e-08
862,0.9991108044415246,0.0023982675550234664,1e-08
863,0.999110859379139,0.0023981227437388443,1e-08
864,0.9991109752548354,0.0023979681983623464,1e-08
865,0.9991110368596361,0.0023978177866413024,1e-08
866,0.9991111120654966,0.002397668441670053,1e-08
867,0.9991111599358936,0.0023975244304477767,1e-08
868,0.9991112830121511,0.002397384552880955,1e-08
869,0.999111358084668,0.0023972285407234894,1e-08
870,0.9991114196894686,0.002397086929688251,1e-08
871,0.9991114676932094,0.002396936117936034,1e-08
872,0.9991115495662561,0.002396788106402028,1e-08
873,0.9991115702345333,0.002396642895086233,1e-08
874,0.9991116249054603,0.0023964910165842216,1e-08
875,0.9991116859768862,0.0023963446051749075,1e-08
876,0.9991117202462233,0.0023962035275145667,1e-08
877,0.9991118365219509,0.002396057782823874,1e-08
878,0.9991119190617163,0.002395907637790279,1e-08
879,0.9991119531977096,0.0023957626931619324,1e-08
880,0.9991120485384726,0.0023956152150028235,1e-08
881,0.9991120898750271,0.002395467736843715,1e-08
882,0.9991121857491649,0.002395320125340882,1e-08
883,0.9991122337529057,0.0023951706470259084,1e-08
884,0.9991123634963495,0.0023950246356477674,1e-08
885,0.9991124317683363,0.0023948786242696265,1e-08
886,0.9991125547112502,0.0023947299460169986,1e-08
887,0.9991125684456538,0.00239458246785789,1e-08
888,0.9991126364509532,0.0023944355230736784,1e-08
889,0.9991126707202903,0.002394290845132781,1e-08
890,0.9991127728615832,0.002394143366973672,1e-08
891,0.9991128275325101,0.002394004156125472,1e-08
892,0.9991129431415191,0.002393849744092698,1e-08
893,0.9991129976791023,0.002393707066307665,1e-08
894,0.9991131138214863,0.0023935615883044215,1e-08
895,0.999113155024697,0.0023934163769886263,1e-08
896,0.9991133051697306,0.0023932675653922744,1e-08
897,0.9991133121036043,0.00239312022057689,1e-08
898,0.9991133937099635,0.0023929755426359924,1e-08
899,0.9991134347798307,0.002392829931289024,1e-08
900,0.9991135233200636,0.002392690187065927,1e-08
901,0.9991135374544984,0.002392537375157845,1e-08
902,0.9991136466630086,0.002392390563717358,1e-08
903,0.9991137425371465,0.0023922460191201844,1e-08
904,0.999113790140856,0.0023920988076485245,1e-08
905,0.9991138244101931,0.0023919525295829345,1e-08
906,0.9991139405525771,0.0023918043847052043,1e-08
907,0.9991140092245951,0.002391655306421404,1e-08
908,0.999114077496582,0.0023915124952926465,1e-08
909,0.9991141523024113,0.0023913666172582296,1e-08
910,0.9991141867050922,0.002391224206160646,1e-08
911,0.9991142481765491,0.002391077661407607,1e-08
912,0.9991143709861192,0.0023909349836225744,1e-08
913,0.9991143916543965,0.0023907865720573956,1e-08
914,0.9991145011295942,0.002390638293835941,1e-08
915,0.9991145287317451,0.002390496949488151,1e-08
916,0.9991145767354859,0.002390352138203529,1e-08
917,0.9991146519413464,0.0023902001263577935,1e-08
918,0.9991147338143931,0.0023900558484480686,1e-08
919,0.9991147815514464,0.0023899066368205436,1e-08
920,0.9991148363557171,0.002389762758941992,1e-08
921,0.9991149115615776,0.0023896226146877214,1e-08
922,0.9991149664991921,0.002389473669747645,1e-08
923,0.9991150822415448,0.002389328991806747,1e-08
924,0.999115143579658,0.0023891836471472278,1e-08
925,0.9991152046510837,0.0023890340354885296,1e-08
926,0.9991152729230706,0.0023888948246403295,1e-08
927,0.9991153407950263,0.0023887496133245343,1e-08
928,0.9991153818648933,0.0023886020018217013,1e-08
929,0.9991154433363503,0.0023884614575362577,1e-08
930,0.999115512141712,0.0023883067788160353,1e-08
931,0.9991155393438318,0.0023881649010933487,1e-08
932,0.9991156481523108,0.0023880170229030667,1e-08
933,0.9991156685539007,0.0023878802122419044,1e-08
934,0.9991157300253576,0.002387730467239482,1e-08
935,0.9991158052312181,0.0023875845892050657,1e-08
936,0.9991158804370787,0.002387440444639065,1e-08
937,0.9991159215069457,0.002387291499698989,1e-08
938,0.999116017114396,0.002387145221633399,1e-08
939,0.9991160375159859,0.002387003210566988,1e-08
940,0.999116057784232,0.002386854799001809,1e-08
941,0.9991160987207554,0.002386714121372641,1e-08
942,0.9991161668593985,0.0023865681099945,1e-08
943,0.9991161873943321,0.0023864255655531917,1e-08
944,0.9991162760679088,0.0023862775540191856,1e-08
945,0.9991163374060219,0.0023861316759847687,1e-08
946,0.9991164051446338,0.002385987798106217,1e-08
947,0.9991164460811572,0.0023858452536649087,1e-08
948,0.9991165004853968,0.0023857041760045675,1e-08
949,0.9991165890256297,0.002385554297658421,1e-08
950,0.9991166708986765,0.0023854097530612477,1e-08
951,0.9991167049013262,0.002385267208619939,1e-08
952,0.9991167386372884,0.0023851242641474576,1e-08
953,0.9991167795738117,0.00238497958620656,1e-08
954,0.9991168135764615,0.0023848334414846946,1e-08
955,0.999116813843149,0.0023846894302624183,1e-08
956,0.9991169499870914,0.0023845451523526935,1e-08
957,0.9991169838563975,0.0023844039413486286,1e-08
958,0.9991170658627879,0.0023842567298769683,1e-08
959,0.9991171067993113,0.0023841105851551032,1e-08
960,0.9991171476024909,0.002383962573621097,1e-08
961,0.9991171681374245,0.0023838181623676478,1e-08
962,0.9991172637448749,0.0023836772180510315,1e-08
963,0.9991173253496755,0.002383531473360339,1e-08
964,0.9991173936216623,0.0023833926625433117,1e-08
965,0.999117448425933,0.002383244250978133,1e-08
966,0.9991175168312636,0.0023831010398182024,1e-08
967,0.999117517097951,0.0023829528949404722,1e-08
968,0.9991175923038116,0.0023828096837805422,1e-08
969,0.9991176471080823,0.0023826715396821365,1e-08
970,0.999117728981129,0.002382522061367163,1e-08
971,0.9991177561832487,0.002382377250082541,1e-08
972,0.9991178243218919,0.002382237372515719,1e-08
973,0.9991178517906991,0.002382091494481302,1e-08
974,0.9991179333970585,0.002381943882978469,1e-08
975,0.999117995001859,0.0023818012051934363,1e-08
976,0.9991181039436818,0.0023816609275954417,1e-08
977,0.9991181450135489,0.002381511449280468,1e-08
978,0.9991182064850058,0.002381366371308397,1e-08
979,0.9991182950252387,0.0023812302273658564,1e-08
980,0.9991183495628221,0.002381085682768683,1e-08
981,0.9991183906326891,0.0023809422049213044,1e-08
982,0.9991185202427891,0.0023807923265751576,1e-08
983,0.9991185610459689,0.0023806535157581306,1e-08
984,0.9991186293179557,0.002380513504847584,1e-08
985,0.9991186909227563,0.0023803662933759243,1e-08
986,0.999118752527557,0.002380222282153648,1e-08
987,0.9991187799963642,0.002380075870744334,1e-08
988,0.9991187870635816,0.00237993345964675,1e-08
989,0.999118869069972,0.0023797933153924793,1e-08
990,0.999118936808584,0.0023796466372957167,1e-08
991,0.9991190394832518,0.002379500092542678,1e-08
992,0.999119066952059,0.002379361415069375,1e-08
993,0.9991191352240458,0.002379216070409856,1e-08
994,0.9991191760272254,0.002379077792967726,1e-08
995,0.9991192170970925,0.0023789348484952446,1e-08
996,0.9991192645674584,0.0023787917706790387,1e-08
997,0.9991193397733189,0.0023786469593944167,1e-08
998,0.9991194077786183,0.002378506548452697,1e-08
999,0.9991194556490154,0.002378358936949864,1e-08
