epoch,categorical_accuracy,loss,lr
0,0.748226839790675,0.5201764272096706,1e-04
1,0.9259279255632319,0.24139681211787314,1e-04
2,0.9408847336267732,0.1857277574955217,1e-04
3,0.9509713327057943,0.1481522388372912,1e-04
4,0.9589011370468993,0.12225371639200505,1e-04
5,0.9636144556721852,0.10641789236324746,1e-04
6,0.9692034754710442,0.08938085939526824,1e-04
7,0.9714819303561644,0.08256952514584433,1e-04
8,0.9734340998150358,0.07798638973193414,1e-04
9,0.9761560904633012,0.0686684458847814,1e-04
10,0.9789446869685879,0.06101539404333571,1e-04
11,0.9809749466460823,0.05411855713099708,1e-04
12,0.9816844684698971,0.053341119081381984,1e-04
13,0.982573616424663,0.0510092516340132,1e-04
14,0.983839147576283,0.04639586092908377,1e-04
15,0.98398620570266,0.04580682382754298,1e-04
16,0.984112193120406,0.04488456089224591,1e-04
17,0.9852266382317681,0.042016280444143066,1e-04
18,0.9863138576215279,0.038731892370270936,1e-04
19,0.9864539896081758,0.03829498979069242,1e-04
20,0.9860100446131406,0.03988778897846572,1e-04
21,0.9855586998414674,0.04134530882440691,1e-04
22,0.9854705055021333,0.041769112649913336,1e-04
23,0.9877266095788687,0.034288853073546816,1e-04
24,0.9888548577658549,0.031107864257206585,1e-04
25,0.9892510405056162,0.030453748084288048,1e-04
26,0.9893169501750528,0.02963817066260899,1e-04
27,0.9891934601519199,0.030016952846407624,1e-04
28,0.9892261749679343,0.029677220772310126,1e-04
29,0.9899098374432899,0.02778787567578173,1e-04
30,0.9903803411746185,0.026423792844384043,1e-04
31,0.989582240314825,0.02886524149768838,1e-04
32,0.9903441146182801,0.026642320140096164,1e-04
33,0.9905227696068868,0.026265593983182973,1e-04
34,0.9907088239721004,0.024950473233890748,1e-04
35,0.9906208217810731,0.025516467473117563,1e-04
36,0.9905179365635985,0.0258885648693281,1e-04
37,0.9910644531516687,0.024051131951462235,1e-04
38,0.9909868408369538,0.024423671382118924,1e-04
39,0.9894567019987426,0.028291715338192795,1e-04
40,0.9911826859651263,0.023994405797663952,1e-04
41,0.9925304985953124,0.02014831075198965,1e-04
42,0.9926844509922684,0.019651512304941814,1e-04
43,0.9923491959337153,0.02083601567569195,1e-04
44,0.9924957202851639,0.020061187429449436,1e-04
45,0.9921929352235475,0.021153313734920767,1e-04
46,0.9922391406908398,0.021100964855561052,1e-04
47,0.9921582110509509,0.020854290566455064,1e-04
48,0.9921261372182193,0.02110075657266365,5e-05
49,0.9946172464080572,0.014061192671457926,5e-05
50,0.9954036712913171,0.011804804039214814,5e-05
51,0.9953484655226637,0.01200595651430305,5e-05
52,0.9951108927428056,0.012808583193444032,5e-05
53,0.9945528243212092,0.014326133984047295,5e-05
54,0.9948885724848548,0.013369633447403875,5e-05
55,0.9946887661146637,0.014091615442194928,5e-05
56,0.9946811203188544,0.01407683562379022,2.5e-05
57,0.9963032360578277,0.00947069081684087,2.5e-05
58,0.9968502853540766,0.007985971518010901,2.5e-05
59,0.9969226537934885,0.007815755186998338,2.5e-05
60,0.9968159998823333,0.008145671962891649,2.5e-05
61,0.9966652417342935,0.008505105705602591,2.5e-05
62,0.9964754461442065,0.009041352960087309,2.5e-05
63,0.9966227208207917,0.008668959540808761,2.5e-05
64,0.9967241332568312,0.008424122728224036,2.5e-05
65,0.9967100824285674,0.008479088744861167,1.25e-05
66,0.997413487375716,0.00656468516228183,1.25e-05
67,0.9977677785843544,0.005598333191284931,1.25e-05
68,0.9978748557284908,0.0053348393248231615,1.25e-05
69,0.99787360043067,0.0053791395769823315,1.25e-05
70,0.9977738282557835,0.005676105518469075,1.25e-05
71,0.9977192654705688,0.00586827356009942,1.25e-05
72,0.997711373655588,0.005810331711566421,1.25e-05
73,0.9977282073673786,0.0057988880198007195,1.25e-05
74,0.9975865855312988,0.006133730912901945,6.25e-06
75,0.9979790946514547,0.005095708556889954,6.25e-06
76,0.9981880340000127,0.0045558399535398884,6.25e-06
77,0.9983043561312442,0.004284173850245124,6.25e-06
78,0.9983554085095724,0.004172181656429965,6.25e-06
79,0.9983689678328682,0.004143721705315097,6.25e-06
80,0.9983526396271366,0.004191996267177914,6.25e-06
81,0.9983315550507582,0.004245805393662762,6.25e-06
82,0.9983287430982996,0.004248569475724393,6.25e-06
83,0.9983568024848665,0.004184243796389108,6.25e-06
84,0.9983282781287328,0.004237337267105478,3.125e-06
85,0.9984666510449693,0.0038921240992194055,3.125e-06
86,0.9985408236249714,0.0037167348317651942,3.125e-06
87,0.9985808300758635,0.003629964870094453,3.125e-06
88,0.9986050798322263,0.003574795637621442,3.125e-06
89,0.998614802989917,0.0035554267949439266,3.125e-06
90,0.998599714747478,0.003585438200291371,3.125e-06
91,0.9986046027283807,0.003571506181285952,3.125e-06
92,0.9986138194466064,0.0035464072920865395,3.125e-06
93,0.9986232128452668,0.0035247898741856518,3.125e-06
94,0.99859712014529,0.0035862066601746834,1.5625e-06
95,0.9986400908271739,0.0034726570116593533,1.5625e-06
96,0.9986752907701787,0.0033989415339442173,1.5625e-06
97,0.9987014933453844,0.003345048400913042,1.5625e-06
98,0.9987205550974647,0.0033055879925721443,1.5625e-06
99,0.9987361781815821,0.003275236560727659,1.5625e-06
100,0.9987465945932956,0.003254578550923324,1.5625e-06
101,0.9987512777582378,0.0032395571136901308,1.5625e-06
102,0.9987574633069219,0.003224220318548898,1.5625e-06
103,0.9987611233254674,0.0032121759133050907,1.5625e-06
104,0.9987694942444496,0.003194650547616434,1.5625e-06
105,0.9987748871980364,0.0031813801801711386,1.5625e-06
106,0.9987808404619528,0.0031669162530493684,1.5625e-06
107,0.998770543259529,0.0031812207010768405,7.8125e-07
108,0.9987917774475661,0.003135725289116503,7.8125e-07
109,0.9988032059381472,0.003114086269532274,7.8125e-07
110,0.9988110293477974,0.003097809134447068,7.8125e-07
111,0.9988193045259856,0.003082942375934097,7.8125e-07
112,0.998826171994476,0.0030692025052354373,7.8125e-07
113,0.9988327407730239,0.003056700864360903,7.8125e-07
114,0.9988270051260656,0.0030647061548510386,3.90625e-07
115,0.9988283034939094,0.0030580472359454606,3.90625e-07
116,0.9988324410163316,0.003050176089242001,3.90625e-07
117,0.9988370957790605,0.003041895710648573,3.90625e-07
118,0.9988414921216516,0.0030331514292382023,3.90625e-07
119,0.9988457676548286,0.0030245946291042386,3.90625e-07
120,0.9988501094598364,0.0030162541124911383,3.90625e-07
121,0.9988544240627246,0.003007904795192232,3.90625e-07
122,0.9988587793354486,0.0029996548189679516,3.90625e-07
123,0.998862315077643,0.0029914928496017285,3.90625e-07
124,0.9988621794670753,0.0029925230632159,1.953125e-07
125,0.9988642268266187,0.0029884486123752806,1.953125e-07
126,0.9988663992625755,0.0029825753546934533,1.953125e-07
127,0.9988691441431409,0.002976758634750742,1.953125e-07
128,0.9988717788817899,0.0029712844748358332,1.953125e-07
129,0.9988703587711257,0.002971700640599466,9.765625e-08
130,0.9988724341328512,0.002968032221399431,9.765625e-08
131,0.9988751234090835,0.002964412739346225,9.765625e-08
132,0.9988770220903742,0.002961074879238803,9.765625e-08
133,0.9988790022446805,0.002957970770680131,9.765625e-08
134,0.9988796706967706,0.002956560927482793,4.8828124e-08
135,0.998880721578662,0.002954862528466005,4.8828124e-08
136,0.9988816652521991,0.0029529579800514033,4.8828124e-08
137,0.9988825523879971,0.002951267981689248,4.8828124e-08
138,0.99888332978191,0.002949725994861099,4.8828124e-08
139,0.9988837532815784,0.0029485804389253827,2.4414062e-08
140,0.998884584946387,0.0029476771685367728,2.4414062e-08
141,0.9988850081793681,0.0029469161759020234,2.4414062e-08
142,0.9988855823574451,0.0029461879858234583,2.4414062e-08
143,0.9988858957151971,0.002945486997864657,2.4414062e-08
144,0.9988861278666212,0.0029448405474891064,1.2207031e-08
145,0.9988864968287064,0.0029444547840946204,1.2207031e-08
146,0.998886769383279,0.00294411969131538,1.2207031e-08
147,0.9988870290035102,0.0029437936659093937,1.2207031e-08
148,0.998887207150726,0.0029434723075337592,1.2207031e-08
149,0.9988874125000614,0.002943152682626541,1e-08
150,0.9988876306503944,0.0029428998629252114,1e-08
151,0.9988877943964879,0.0029426398426627685,1e-08
152,0.9988879037383419,0.002942398490521732,1e-08
153,0.9988880817522139,0.002942158071786765,1e-08
154,0.9988882044284403,0.0029419173863643503,1e-08
155,0.9988884229788044,0.0029416729673176537,1e-08
156,0.9988884917841662,0.0029414366822381414,1e-08
157,0.9988886555302596,0.0029411997304400073,1e-08
158,0.9988887648721136,0.002940963312016771,1e-08
159,0.998888996890194,0.002940731160592713,1e-08
160,0.9988890247590323,0.0029404948755132007,1e-08
161,0.9988891068987665,0.0029402623240579696,1e-08
162,0.9988892295749929,0.0029400359064140577,1e-08
163,0.9988894886618492,0.002939799221303372,1e-08
164,0.9988896252058229,0.002939574003752979,1e-08
165,0.9988897062788074,0.002939354253295284,1e-08
166,0.9988897202798984,0.0029391186349343934,1e-08
167,0.9988899386969189,0.00293889648428966,1e-08
168,0.9988900888419525,0.0029386735335825806,1e-08
169,0.9988902935245693,0.002938449516125707,1e-08
170,0.9988903616632124,0.0029382245652627625,1e-08
171,0.9988906075490401,0.00293800121452451,1e-08
172,0.9988906484855635,0.002937775863630393,1e-08
173,0.9988907714284773,0.0029375589133909083,1e-08
174,0.9988909077057636,0.002937338362870867,1e-08
175,0.9988910029131828,0.0029371140787265446,1e-08
176,0.9988910846528858,0.0029368977952056816,1e-08
177,0.9988912757344427,0.002936674711154878,1e-08
178,0.9988913852096404,0.0029364584276340153,1e-08
179,0.9988914397472236,0.002936244010925293,1e-08
180,0.9988914804170596,0.0029360230603740784,1e-08
181,0.9988915484223589,0.0029358087770090806,1e-08
182,0.9988916582975879,0.0029355850262396555,1e-08
183,0.9988917949749052,0.002935374609842663,1e-08
184,0.9988918635135796,0.002935154992728692,1e-08
185,0.9988919451199388,0.0029349364423645156,1e-08
186,0.9988920955316599,0.0029347256259363505,1e-08
187,0.998892191272454,0.002934510409165282,1e-08
188,0.9988923007476517,0.002934300526143187,1e-08
189,0.9988924238239092,0.0029340879762466054,1e-08
190,0.9988924915625211,0.0029338707593196726,1e-08
191,0.998892655575302,0.0029336584761105395,1e-08
192,0.9988927510494087,0.002933443926058093,1e-08
193,0.9988928737256351,0.0029332303094117165,1e-08
194,0.998892914395471,0.0029330102922665727,1e-08
195,0.9988929828008016,0.002932804542899932,1e-08
196,0.9988931602812987,0.0029325883927227934,1e-08
197,0.9988932285532856,0.0029323774429509037,1e-08
198,0.9988933241607358,0.0029321640929919762,1e-08
199,0.9988934336359335,0.0029319499429707025,1e-08
200,0.9988935427111001,0.0029317445936352347,1e-08
201,0.9988936245841468,0.0029315316437074804,1e-08
202,0.9988938157990475,0.002931320427248142,1e-08
203,0.9988940342160679,0.0029311122776944634,1e-08
204,0.9988942392987159,0.0029309003945165034,1e-08
205,0.9988944441146765,0.002930685577776608,1e-08
206,0.9988944851845436,0.002930474894692167,1e-08
207,0.9988946219952047,0.002930266078419867,1e-08
208,0.9988947856079545,0.002930057528835015,1e-08
209,0.9988948674810013,0.0029298531129056176,1e-08
210,0.998894990423915,0.0029296384295094467,1e-08
211,0.9988950450948421,0.002929429213205973,1e-08
212,0.9988951679044122,0.002929219596871327,1e-08
213,0.9988953591193128,0.0029290086470994373,1e-08
214,0.9988954409923596,0.002928798630733618,1e-08
215,0.9988955911373932,0.002928590747867388,1e-08
216,0.9988956866114999,0.002928387665375234,1e-08
217,0.9988958779597442,0.002928175782197274,1e-08
218,0.9988959604995096,0.0029279680326747682,1e-08
219,0.9988960153037802,0.0029277662836198572,1e-08
220,0.998896070108051,0.0029275597341908706,1e-08
221,0.9988962475885481,0.0029273470509505644,1e-08
222,0.9988962610562643,0.002927139701459232,1e-08
223,0.9988963294615948,0.002926932351967899,1e-08
224,0.9988963974668942,0.0029267287361008473,1e-08
225,0.9988965201431206,0.0029265204532034446,1e-08
226,0.998896615750571,0.0029263121703060413,1e-08
227,0.9988966981569926,0.0029261101545636817,1e-08
228,0.9988967662956357,0.0029259025383849007,1e-08
229,0.9988968616363986,0.0029256974557368815,1e-08
230,0.9988969851126873,0.002925498240212733,1e-08
231,0.9988970941878539,0.002925285156941254,1e-08
232,0.9988971619264658,0.0029250820744490995,1e-08
233,0.9988972984704395,0.0029248781918945997,1e-08
234,0.998897476217624,0.002924670575715818,1e-08
235,0.9988976127615977,0.0029244681599422855,1e-08
236,0.9988976671658373,0.00292425641010805,1e-08
237,0.9988977623732564,0.002924057327927626,1e-08
238,0.9988978991839176,0.0029238537120605743,1e-08
239,0.9988980222601752,0.002923653029755458,1e-08
240,0.9988981452030891,0.0029234471470450927,1e-08
241,0.9988983364179898,0.0029232411309910032,1e-08
242,0.9988984865630233,0.002923040315342163,1e-08
243,0.9988986229736533,0.002922833365882003,1e-08
244,0.9988987864530593,0.0029226293499837784,1e-08
245,0.9988989503324965,0.0029224222671798946,1e-08
246,0.9988991142119337,0.002922223451686919,1e-08
247,0.9988993187612069,0.0029220203691947646,1e-08
248,0.9988993188945505,0.002921812619672259,1e-08
249,0.9988994147686884,0.0029216118040234183,1e-08
250,0.9988995645136908,0.0029214024543762207,1e-08
251,0.9988996189179303,0.002921204305601867,1e-08
252,0.9988997555952478,0.0029209978895166043,1e-08
253,0.9988998102661747,0.0029207916067750662,1e-08
254,0.9988998920058777,0.0029205927912820907,1e-08
255,0.9988999737455807,0.0029203881086652442,1e-08
256,0.9989001241573018,0.0029201839594232954,1e-08
257,0.9989001924292886,0.0029199828770870065,1e-08
258,0.9989003015044552,0.0029197773944078143,1e-08
259,0.9989004107129654,0.00291957337850959,1e-08
260,0.9989004924526684,0.002919366829080603,1e-08
261,0.9989006151288948,0.002919162146463757,1e-08
262,0.9989006835342253,0.0029189659978452677,1e-08
263,0.9989007247374362,0.0029187593150725565,1e-08
264,0.9989008886168734,0.002918558899454889,1e-08
265,0.9989010112930997,0.0029183596839307403,1e-08
266,0.9989010659640267,0.0029181535345329268,1e-08
267,0.998901216242404,0.002917952718884086,1e-08
268,0.9989012846477346,0.0029177489696733104,1e-08
269,0.9989013257176017,0.002917549487461713,1e-08
270,0.9989013393186617,0.0029173450715323157,1e-08
271,0.9989014483938281,0.0029171435891648533,1e-08
272,0.9989015029314113,0.002916944506984429,1e-08
273,0.998901598405518,0.002916741157804826,1e-08
274,0.9989018173559133,0.0029165344750321153,1e-08
275,0.9989019540332308,0.0029163353928516908,1e-08
276,0.9989020220385302,0.002916133910484229,1e-08
277,0.998902144981444,0.0029159336282102853,1e-08
278,0.9989022677910141,0.002915729212280888,1e-08
279,0.9989024183360788,0.0029155247963514905,1e-08
280,0.9989025004758131,0.0029153275809832065,1e-08
281,0.9989026235520706,0.002915130765646096,1e-08
282,0.9989026507541904,0.0029149238161859364,1e-08
283,0.9989027872981641,0.0029147202003188847,1e-08
284,0.9989028554368072,0.0029145231182943253,1e-08
285,0.9989030330506481,0.0029143221693017606,1e-08
286,0.9989031561269056,0.0029141174866849145,1e-08
287,0.9989032107978326,0.002913911603974549,1e-08
288,0.9989033609428661,0.0029137207891050333,1e-08
289,0.9989034428159129,0.002913520106799917,1e-08
290,0.9989035109545561,0.002913319824525974,1e-08
291,0.9989035792265429,0.0029131183421585117,1e-08
292,0.9989037296382639,0.002912920726759055,1e-08
293,0.998903880049985,0.0029127219112660796,1e-08
294,0.9989039484553156,0.0029125206955860658,1e-08
295,0.9989041124680965,0.002912317746437636,1e-08
296,0.9989042078088594,0.002912115597351552,1e-08
297,0.9989043851560128,0.002911920248795409,1e-08
298,0.9989044532946559,0.0029117158328660115,1e-08
299,0.998904521433299,0.0029115184841540034,1e-08
300,0.9989047261159159,0.002911314468255779,1e-08
301,0.9989047397169758,0.002911115519419079,1e-08
302,0.9989048077222752,0.002910919770831763,1e-08
303,0.9989049441329051,0.00291072348886955,1e-08
304,0.9989050537414466,0.002910516939440563,1e-08
305,0.9989051629499568,0.002910324924477528,1e-08
306,0.9989052040198239,0.002910121041923028,1e-08
307,0.9989052858928706,0.002909927293491577,1e-08
308,0.9989054083024096,0.0029097264778427364,1e-08
309,0.9989054900421126,0.002909530462567972,1e-08
310,0.9989055992506227,0.0029093277801069905,1e-08
311,0.9989056948580731,0.002909124964302285,1e-08
312,0.9989058179343306,0.002908931215870834,1e-08
313,0.9989059540782732,0.0029087255998479175,1e-08
314,0.998906077021187,0.0029085323847913634,1e-08
315,0.9989062002307884,0.0029083298356741066,1e-08
316,0.9989063093059548,0.002908135020492861,1e-08
317,0.9989063913123453,0.002907934871562642,1e-08
318,0.998906596528337,0.002907727788758758,1e-08
319,0.9989066235971131,0.0029075352404208258,1e-08
320,0.9989067469400581,0.002907334291428261,1e-08
321,0.9989069110861827,0.0029071364093413554,1e-08
322,0.9989070202946929,0.0029069326601305796,1e-08
323,0.9989070748322763,0.0029067369115432637,1e-08
324,0.9989071432376068,0.002906540896268499,1e-08
325,0.9989072793815493,0.002906340880682004,1e-08
326,0.9989073611212523,0.002906140598408061,1e-08
327,0.9989074703297626,0.0029059391160405987,1e-08
328,0.9989075387350932,0.0029057359002047202,1e-08
329,0.9989076204747962,0.00290554401858541,1e-08
330,0.9989077706198297,0.00290534506974871,1e-08
331,0.9989079482336706,0.0029051419872565556,1e-08
332,0.9989081118464204,0.0029049437051384772,1e-08
333,0.998908207320527,0.0029047431561770856,1e-08
334,0.9989083302634407,0.0029045438073092124,1e-08
335,0.9989083982687402,0.002904342724972923,1e-08
336,0.9989084804084744,0.0029041516434159587,1e-08
337,0.9989086577556278,0.0029039541613602267,1e-08
338,0.9989087806985416,0.002903751745586694,1e-08
339,0.9989088624382446,0.0029035553302807562,1e-08
340,0.9989089169758278,0.002903355314694262,1e-08
341,0.9989089579123512,0.002903155299107767,1e-08
342,0.9989091216584447,0.0029029590171455537,1e-08
343,0.9989092720701657,0.0029027595349339565,1e-08
344,0.9989094491506316,0.002902565653158781,1e-08
345,0.9989096400988449,0.002902370704633811,1e-08
346,0.9989097490406676,0.0029021714891096623,1e-08
347,0.9989098994523887,0.0029019709401482702,1e-08
348,0.9989099270545396,0.002901775858279576,1e-08
349,0.9989100089275864,0.002901580243035984,1e-08
350,0.9989100771995733,0.0029013812941992845,1e-08
351,0.9989101452048726,0.0029011896792674225,1e-08
352,0.9989102269445757,0.002900991397149344,1e-08
353,0.9989103776229842,0.002900794848499682,1e-08
354,0.9989104322939111,0.0029005958996629823,1e-08
355,0.9989105275013302,0.0029004008177942876,1e-08
356,0.9989105687045411,0.0029001949350839227,1e-08
357,0.9989106644453352,0.0029000055869953744,1e-08
358,0.9989108008559652,0.0028998137053760638,1e-08
359,0.9989109373999389,0.0028996186235073695,1e-08
360,0.9989111012793761,0.0028994151409840424,1e-08
361,0.9989111695513629,0.0028992244594582507,1e-08
362,0.9989112790265606,0.0028990301776519022,1e-08
363,0.9989113202297715,0.0028988308287840295,1e-08
364,0.9989114430393415,0.0028986306798538105,1e-08
365,0.9989115655822242,0.0028984377314847055,1e-08
366,0.9989116341208985,0.0028982337155864808,1e-08
367,0.9989116753241093,0.002898041167248549,1e-08
368,0.9989117298616925,0.0028978418183806757,1e-08
369,0.9989117571971561,0.0028976516702297816,1e-08
370,0.998911811868083,0.0028974577884546063,1e-08
371,0.9989118666723538,0.002897266840241366,1e-08
372,0.9989119618797729,0.002897061757593347,1e-08
373,0.99891200294964,0.0028968724095047985,1e-08
374,0.9989120849560305,0.002896679194448245,1e-08
375,0.9989121532280173,0.0028964787788305774,1e-08
376,0.9989122215000041,0.0028962830302432614,1e-08
377,0.9989122485687802,0.0028960930154360914,1e-08
378,0.9989123033730509,0.0028958944666305645,1e-08
379,0.9989123449762929,0.002895702585011254,1e-08
380,0.9989124271160271,0.0028955053696429704,1e-08
381,0.9989124676525193,0.002895308687649584,1e-08
382,0.9989124951213265,0.0028951148058744083,1e-08
383,0.9989125497922534,0.002894924657723514,1e-08
384,0.998912685936196,0.0028947326427604795,1e-08
385,0.998912740607123,0.0028945320937990874,1e-08
386,0.9989128910188441,0.0028943435457728854,1e-08
387,0.9989130415639088,0.00289414259678032,1e-08
388,0.9989131233036118,0.0028939488483488694,1e-08
389,0.9989132190444059,0.002893746565919061,1e-08
390,0.9989132599809293,0.00289355281748761,1e-08
391,0.998913341853976,0.0028933609358682997,1e-08
392,0.9989134786646372,0.0028931626537502214,1e-08
393,0.9989135742720875,0.0028929626381637265,1e-08
394,0.9989136974816888,0.0028927635559833024,1e-08
395,0.9989137928224516,0.0028925716743639918,1e-08
396,0.998913860827751,0.0028923692585904595,1e-08
397,0.998913997238381,0.0028921736433468676,1e-08
398,0.9989141473834147,0.002891971494260784,1e-08
399,0.9989142568586123,0.0028917780125167812,1e-08
400,0.9989144346057969,0.002891576530149319,1e-08
401,0.9989144347391405,0.002891384115155111,1e-08
402,0.9989145302132472,0.0028911876998491733,1e-08
403,0.9989146116862627,0.0028909871508877817,1e-08
404,0.9989147210281167,0.002890790335550671,1e-08
405,0.9989148850408976,0.0028906009874621226,1e-08
406,0.9989149941160641,0.0028904036387501146,1e-08
407,0.998915007717124,0.002890207223444177,1e-08
408,0.9989151030578869,0.002890010674794515,1e-08
409,0.9989152397352044,0.002889819059862653,1e-08
410,0.9989154168156703,0.002889626244837272,1e-08
411,0.9989155669607038,0.0028894322297183727,1e-08
412,0.9989157033713338,0.002889237547880851,1e-08
413,0.9989157855110681,0.002889042466012157,1e-08
414,0.9989159081872945,0.0028888532512673327,1e-08
415,0.998916085934479,0.0028886559025553247,1e-08
416,0.9989161815419293,0.002888462687498771,1e-08
417,0.9989163178192155,0.0028882686723798712,1e-08
418,0.9989163863578899,0.0028880729237925552,1e-08
419,0.9989163726234863,0.002887876641830342,1e-08
420,0.9989164824987151,0.0028876887605227613,1e-08
421,0.9989165098341786,0.002887489945029786,1e-08
422,0.9989166057083164,0.0028873000635663403,1e-08
423,0.9989167149168267,0.002887111915571311,1e-08
424,0.9989168649285165,0.0028869090997666056,1e-08
425,0.9989169742703704,0.002886719618334333,1e-08
426,0.9989170014724902,0.0028865233363721196,1e-08
427,0.9989170836122244,0.00288633025465929,1e-08
428,0.9989171924207034,0.00288612637210479,1e-08
429,0.9989172606926903,0.00288593635729762,1e-08
430,0.9989174247054712,0.002885747142552796,1e-08
431,0.9989175201795778,0.0028855544608711397,1e-08
432,0.9989175887182522,0.002885360179064791,1e-08
433,0.9989175887182522,0.0028851613635718157,1e-08
434,0.9989177388632857,0.00288497148210837,1e-08
435,0.9989178207363325,0.002884776133552227,1e-08
436,0.9989178618061996,0.0028845761179657325,1e-08
437,0.9989179300781864,0.002884386236502287,1e-08
438,0.9989180392866966,0.0028841931547894575,1e-08
439,0.9989180939576237,0.002883995672733725,1e-08
440,0.9989182030327901,0.002883806457988901,1e-08
441,0.9989182710380896,0.002883610709401585,1e-08
442,0.9989183122413003,0.0028834122939397824,1e-08
443,0.9989183530444801,0.0028832232125386827,1e-08
444,0.9989185169239172,0.0028830274639513667,1e-08
445,0.9989186533345472,0.0028828255815527316,1e-08
446,0.9989188170806407,0.002882636366807908,1e-08
447,0.9989189124214036,0.0028824420850015594,1e-08
448,0.9989190353643174,0.002882251803506941,1e-08
449,0.9989191721749786,0.0028820584551066627,1e-08
450,0.9989192951178925,0.002881863639925417,1e-08
451,0.9989193632565355,0.002881671891649831,1e-08
452,0.9989194588639859,0.0028814732095005795,1e-08
453,0.9989196226100794,0.0028812830613496854,1e-08
454,0.9989196771476626,0.002881093713261137,1e-08
455,0.9989198682292196,0.0028808990314236156,1e-08
456,0.9989199638366699,0.0028807096833350673,1e-08
457,0.9989200457097167,0.002880516201591065,1e-08
458,0.9989201278494508,0.0028803255200652734,1e-08
459,0.998920264660112,0.0028801279046658168,1e-08
460,0.9989203195977264,0.0028799429569201715,1e-08
461,0.9989204972115673,0.002879747475020304,1e-08
462,0.9989205926856739,0.002879559727056448,1e-08
463,0.998920688426468,0.00287936237834444,1e-08
464,0.9989207021608716,0.00287916436291381,1e-08
465,0.9989208116360692,0.002878977815043473,1e-08
466,0.9989209208445794,0.0028787939340476224,1e-08
467,0.9989210436541496,0.0028785937851174034,1e-08
468,0.998921166330376,0.002878403503622785,1e-08
469,0.9989211936658394,0.002878206288254501,1e-08
470,0.9989212894066335,0.002878022273914926,1e-08
471,0.9989213575452767,0.0028778313257016856,1e-08
472,0.9989214530193833,0.0028776382439888565,1e-08
473,0.9989215075569665,0.0028774438288387836,1e-08
474,0.9989215891633257,0.0028772544807502353,1e-08
475,0.9989216845040887,0.002877058865506644,1e-08
476,0.9989217665104791,0.002876871384230236,1e-08
477,0.9989218619845858,0.002876685369734796,1e-08
478,0.9989219710597522,0.0028764894878037556,1e-08
479,0.9989219849274996,0.0028763017398398994,1e-08
480,0.9989220397317703,0.002876109458189416,1e-08
481,0.9989221081371009,0.0028759126428523052,1e-08
482,0.9989221628080278,0.002875726094981968,1e-08
483,0.9989221898768039,0.0028755306130821006,1e-08
484,0.998922272016538,0.0028753365979632007,1e-08
485,0.9989222581487908,0.002875145649749961,1e-08
486,0.9989223398884938,0.002874954034818099,1e-08
487,0.9989224766991549,0.0028747593529805772,1e-08
488,0.9989225448377981,0.0028745725384227913,1e-08
489,0.9989225993753813,0.002874381456865827,1e-08
490,0.9989226948494879,0.002874189708590241,1e-08
491,0.9989227904569382,0.0028739995604393468,1e-08
492,0.9989229543363755,0.002873819013036604,1e-08
493,0.9989229679374353,0.0028736213976371474,1e-08
494,0.998923050343857,0.0028734301827364585,1e-08
495,0.9989231323502474,0.0028732388344920455,1e-08
496,0.9989232279576978,0.002873049753090946,1e-08
497,0.998923310097432,0.002872862138470814,1e-08
498,0.9989234191725985,0.002872667189945844,1e-08
499,0.9989235010456452,0.0028724786419196415,1e-08
500,0.9989236374562752,0.0028722879603938502,1e-08
501,0.9989237469314729,0.002872099012336475,1e-08
502,0.9989238424055795,0.00287191193109124,1e-08
503,0.9989239513474023,0.0028717271166893194,1e-08
504,0.9989240880247198,0.0028715303013522086,1e-08
505,0.9989242245686935,0.002871343220106974,1e-08
506,0.9989242796396516,0.0028711546720807716,1e-08
507,0.9989243341772348,0.0028709693243039536,1e-08
508,0.9989243340438911,0.0028707809096214757,1e-08
509,0.9989244156502504,0.0028705891613458896,1e-08
510,0.9989244428523701,0.002870401813413206,1e-08
511,0.9989245380597893,0.0028702127320121063,1e-08
512,0.9989246199328361,0.00287002005033045,1e-08
513,0.9989247016725391,0.002869832035679145,1e-08
514,0.9989248242154217,0.002869635887060656,1e-08
515,0.9989248926207523,0.0028694537395332217,1e-08
516,0.9989249471583356,0.0028692655915381923,1e-08
517,0.9989250426324422,0.0028690781102617847,1e-08
518,0.9989251381065488,0.0028688891622044095,1e-08
519,0.9989251517076086,0.0028686998141158613,1e-08
520,0.998925206245192,0.0028685053989657887,1e-08
521,0.9989253291881057,0.0028683212512824892,1e-08
522,0.9989253973267489,0.002868131769850217,1e-08
523,0.9989254929341993,0.002867940554949528,1e-08
524,0.9989255886749934,0.0028677474732366984,1e-08
525,0.9989256841491,0.002867559991960291,1e-08
526,0.9989258482952246,0.0028673665102162886,1e-08
527,0.9989259437693312,0.002867181429126919,1e-08
528,0.9989259984402582,0.0028669920810383705,1e-08
529,0.9989261896551589,0.002866804999793136,1e-08
530,0.9989262852626092,0.002866612584798928,1e-08
531,0.9989263946044632,0.00286642323671038,1e-08
532,0.9989264492753901,0.0028662333552469344,1e-08
533,0.9989266542246944,0.002866047474095219,1e-08
534,0.9989267499654885,0.0028658489252896915,1e-08
535,0.9989267771676082,0.002865663444169149,1e-08
536,0.9989269139782694,0.002865474896142947,1e-08
537,0.9989269682491653,0.0028652831478673604,1e-08
538,0.9989270909253917,0.0028650945998411584,1e-08
539,0.9989271046597952,0.002864904051659091,1e-08
540,0.9989272684058887,0.002864716303695235,1e-08
541,0.9989274048165186,0.0028645244220759244,1e-08
542,0.9989274596207894,0.0028643356073622737,1e-08
543,0.9989275278927763,0.0028641474593672444,1e-08
544,0.9989275688292997,0.0028639566444977286,1e-08
545,0.9989276371012865,0.002863765296253315,1e-08
546,0.9989277187076457,0.0028635786150392538,1e-08
547,0.9989278141817524,0.0028633825997644888,1e-08
548,0.9989279781945333,0.002863190584801454,1e-08
549,0.9989280600675801,0.0028630045703060144,1e-08
550,0.9989281555416867,0.002862812421999255,1e-08
551,0.9989282922190041,0.0028626254740977447,1e-08
552,0.9989284560984413,0.0028624267919484933,1e-08
553,0.9989284562317851,0.0028622381105785667,1e-08
554,0.9989285798414175,0.0028620526294580242,1e-08
555,0.9989287162520475,0.0028618611478698867,1e-08
556,0.9989289073336044,0.002861670866375268,1e-08
557,0.9989290302765182,0.0028614855185984498,1e-08
558,0.9989290985485051,0.002861289503323685,1e-08
559,0.9989291804215519,0.002861103355484521,1e-08
560,0.9989292076236717,0.0028609082736158263,1e-08
561,0.9989292622945986,0.0028607327932746087,1e-08
562,0.9989293852375124,0.00286054251177999,1e-08
563,0.9989294260406921,0.002860349296723436,1e-08
564,0.9989295351158586,0.0028601634155717205,1e-08
565,0.9989296173889365,0.0028599748675455184,1e-08
566,0.9989297267307905,0.002859786186175592,1e-08
567,0.9989297814017174,0.002859598304868011,1e-08
568,0.9989298359393006,0.0028594090901231874,1e-08
569,0.9989298770091678,0.0028592200087220877,1e-08
570,0.9989299451478109,0.002859036927788583,1e-08
571,0.9989300680907247,0.0028588483797623806,1e-08
572,0.9989301635648313,0.0028586546313309298,1e-08
573,0.9989302318368182,0.0028584654165861056,1e-08
574,0.9989304095840027,0.002858277135247352,1e-08
575,0.9989305185258255,0.0028580916541268097,1e-08
576,0.998930572930065,0.002857903772819229,1e-08
577,0.998930655203143,0.002857716424886546,1e-08
578,0.9989307506772496,0.0028575294769850354,1e-08
579,0.9989308460180125,0.0028573406622713843,1e-08
580,0.9989309284244341,0.0028571554478382904,1e-08
581,0.9989310105641683,0.0028569680999056073,1e-08
582,0.9989310788361552,0.0028567752848802264,1e-08
583,0.9989311744436055,0.0028565879369475433,1e-08
584,0.9989312285811576,0.002856397388765476,1e-08
585,0.9989312696510246,0.0028562144411756955,1e-08
586,0.9989313931273134,0.002856024026337353,1e-08
587,0.9989315428723158,0.0028558322780617663,1e-08
588,0.998931679682977,0.002855644930129083,1e-08
589,0.9989317064850656,0.0028554574488526756,1e-08
590,0.9989317746237087,0.00285527156770096,1e-08
591,0.9989318290279482,0.0028550867532990388,1e-08
592,0.9989319521042058,0.0028548978052416636,1e-08
593,0.9989320070418202,0.00285470859049684,1e-08
594,0.9989320478449999,0.0028545225760013998,1e-08
595,0.9989321566534789,0.002854336294818511,1e-08
596,0.9989322521275855,0.002854151080385417,1e-08
597,0.9989322929307651,0.002853962532359215,1e-08
598,0.9989323614694395,0.0028537666504281746,1e-08
599,0.9989324024059628,0.002853588103181297,1e-08
600,0.9989324709446371,0.0028534038221542735,1e-08
601,0.9989325666854312,0.002853213674003379,1e-08
602,0.9989325941542384,0.002853029126288907,1e-08
603,0.9989326901617199,0.0028528368446384235,1e-08
604,0.9989328127046027,0.0028526462964563563,1e-08
605,0.9989328671088421,0.0028524680158969274,1e-08
606,0.9989328944443057,0.0028522796012144494,1e-08
607,0.9989329761840087,0.002852093720062734,1e-08
608,0.9989330580570553,0.0028519059720988776,1e-08
609,0.9989330988602351,0.0028517154239168104,1e-08
610,0.9989332218031488,0.002851525142422192,1e-08
611,0.998933262873016,0.002851339527957925,1e-08
612,0.9989333314116903,0.002851157113743042,1e-08
613,0.9989334543546041,0.0028509681656856663,1e-08
614,0.998933563696458,0.002850774283910491,1e-08
615,0.9989336727716246,0.002850598003506927,1e-08
616,0.9989337550447025,0.0028504065219187896,1e-08
617,0.9989338369177492,0.002850220107392177,1e-08
618,0.9989340143982463,0.0028500391599582614,1e-08
619,0.9989341104057278,0.0028498495451822646,1e-08
620,0.9989342060131782,0.0028496659308738623,1e-08
621,0.9989343557581806,0.0028494752493480706,1e-08
622,0.9989344378979147,0.0028492907016335984,1e-08
623,0.9989345609741723,0.0028491056205442286,1e-08
624,0.9989346291128154,0.0028489188059864427,1e-08
625,0.998934724586922,0.002848726791023408,1e-08
626,0.998934792858909,0.002848544510152249,1e-08
627,0.9989348200610286,0.0028483578289381878,1e-08
628,0.9989348881996718,0.002848175948098202,1e-08
629,0.9989350246103018,0.0028479898002590374,1e-08
630,0.9989351610209318,0.002847799785451868,1e-08
631,0.998935215558515,0.0028476161711434656,1e-08
632,0.9989352972982181,0.00284742628968002,1e-08
633,0.9989353930390121,0.002847237474966369,1e-08
634,0.9989354885131188,0.0028470573275948,1e-08
635,0.9989356251904362,0.0028468653126317647,1e-08
636,0.9989356661269595,0.0028466783647302547,1e-08
637,0.9989357477333188,0.0028465036844513825,1e-08
638,0.9989358433407691,0.002846311402800899,1e-08
639,0.9989359529493106,0.002846131388773054,1e-08
640,0.9989360350890447,0.002845942974090576,1e-08
641,0.9989361168287477,0.0028457560261890657,1e-08
642,0.998936198968482,0.002845568411568934,1e-08
643,0.9989362808415287,0.0028453853306354294,1e-08
644,0.998936390050039,0.0028452002495460596,1e-08
645,0.9989364583220258,0.002845013968363171,1e-08
646,0.9989365948659995,0.002844829954023596,1e-08
647,0.9989367178089134,0.002844643939528156,1e-08
648,0.998936854352887,0.002844456991626646,1e-08
649,0.9989369772958009,0.0028442757775052814,1e-08
650,0.9989370729032512,0.002844089229634944,1e-08
651,0.9989371681106703,0.002843906282045164,1e-08
652,0.9989372225149099,0.0028437198675185507,1e-08
653,0.9989372501170608,0.0028435370532724946,1e-08
654,0.9989373591922274,0.0028433518388394008,1e-08
655,0.9989374547996777,0.002843162224063404,1e-08
656,0.9989375505404717,0.0028429807432545913,1e-08
657,0.998937687351133,0.0028427912618223185,1e-08
658,0.9989377421554037,0.0028426095143260573,1e-08
659,0.9989377833586145,0.002842427366798623,1e-08
660,0.9989378786993773,0.0028422416189906314,1e-08
661,0.9989380696475906,0.0028420592047757485,1e-08
662,0.9989381792561319,0.0028418753237798976,1e-08
663,0.998938288597986,0.0028416875758160414,1e-08
664,0.9989384387430196,0.0028415019613517744,1e-08
665,0.9989384936806339,0.002841320480542962,1e-08
666,0.9989385344838136,0.0028411424666709814,1e-08
667,0.9989385754203369,0.0028409532519261577,1e-08
668,0.9989385890213969,0.002840764970587404,1e-08
669,0.9989386980965633,0.0028405824230287964,1e-08
670,0.9989387802362976,0.0028403992087515676,1e-08
671,0.9989388759770916,0.0028402091939443977,1e-08
672,0.9989389307813623,0.002840027713135585,1e-08
673,0.9989389987866617,0.0028398442321709073,1e-08
674,0.998939121996263,0.002839660084487608,1e-08
675,0.9989392038693098,0.0028394752700856866,1e-08
676,0.9989392717412654,0.00283929458933922,1e-08
677,0.998939367215372,0.0028391059079692933,1e-08
678,0.9989394902916297,0.0028389188267240587,1e-08
679,0.9989395992334523,0.00283873961275856,1e-08
680,0.9989396539043793,0.002838556265137606,1e-08
681,0.9989397361774572,0.002838372917516653,1e-08
682,0.9989398592537149,0.0028381809025536183,1e-08
683,0.9989399963310635,0.0028379995550885297,1e-08
684,0.9989401596771257,0.00283781847431089,1e-08
685,0.9989401732781856,0.002837632059784277,1e-08
686,0.9989402415501725,0.0028374455119139397,1e-08
687,0.9989403100888468,0.0028372684314480296,1e-08
688,0.9989403918285498,0.002837080416796725,1e-08
689,0.9989404741016277,0.002836895202363631,1e-08
690,0.9989405149048074,0.002836712388117575,1e-08
691,0.9989405287725547,0.0028365250401848913,1e-08
692,0.998940610378914,0.002836343692719803,1e-08
693,0.9989407061197081,0.0028361534112251847,1e-08
694,0.9989408017271584,0.002835970863666577,1e-08
695,0.9989408974679524,0.0028357847158274126,1e-08
696,0.9989409794743429,0.0028356001681129404,1e-08
697,0.9989410748151059,0.002835416820491987,1e-08
698,0.9989410885495094,0.0028352329394961363,1e-08
699,0.9989411838902723,0.002835046258282075,1e-08
700,0.9989413341686496,0.0028348617105676023,1e-08
701,0.9989414028406677,0.0028346798297276166,1e-08
702,0.9989414711126545,0.002834494748638247,1e-08
703,0.9989415395179851,0.0028343131344857097,1e-08
704,0.9989416076566282,0.0028341263199279237,1e-08
705,0.9989417440672582,0.0028339420389009,1e-08
706,0.9989418262069925,0.0028337573578427035,1e-08
707,0.9989419082133829,0.002833574410252923,1e-08
708,0.9989419080800391,0.0028333899958821753,1e-08
709,0.9989420174218931,0.0028332065149174975,1e-08
710,0.9989420992949398,0.002833018366922468,1e-08
711,0.9989421400981194,0.00283283395255172,1e-08
712,0.998942153832523,0.002832648338087453,1e-08
713,0.9989421675669267,0.0028324645904353267,1e-08
714,0.9989422495733171,0.0028322797760334056,1e-08
715,0.9989423315797076,0.002832104295692188,1e-08
716,0.9989424546559652,0.002831910413917012,1e-08
717,0.9989425771988478,0.0028317382671689028,1e-08
718,0.9989426862740143,0.0028315466522370407,1e-08
719,0.9989427820148084,0.0028313666382091957,1e-08
720,0.9989428497534204,0.002831184090650588,1e-08
721,0.9989428906899437,0.002831001943123154,1e-08
722,0.9989430411016648,0.0028308113949410867,1e-08
723,0.9989431229747116,0.002830630047475998,1e-08
724,0.998943204981102,0.00283044563310525,1e-08
725,0.9989432459176253,0.0028302633522340917,1e-08
726,0.9989433823282553,0.002830071470614781,1e-08
727,0.9989434916701093,0.002829894390148871,1e-08
728,0.998943628214083,0.0028297073089036365,1e-08
729,0.9989436964860698,0.0028295310285000727,1e-08
730,0.9989438058279237,0.0028293440805985622,1e-08
731,0.9989439282374627,0.0028291632665083714,1e-08
732,0.9989439557062699,0.0028289748518258934,1e-08
733,0.9989440653148114,0.0028287941710794266,1e-08
734,0.9989441333201108,0.002828610690114749,1e-08
735,0.9989442423952772,0.0028284213420262006,1e-08
736,0.9989443382694151,0.00282824146134208,1e-08
737,0.9989444336101779,0.0028280645142198945,1e-08
738,0.9989444473445815,0.0028278772996309354,1e-08
739,0.9989445838885552,0.0028276918185103925,1e-08
740,0.9989446793626618,0.0028275084708894393,1e-08
741,0.9989447343002763,0.0028273257899871073,1e-08
742,0.9989447749701122,0.002827140708897738,1e-08
743,0.9989448161733231,0.002826951227465465,1e-08
744,0.9989448843119662,0.002826768279875685,1e-08
745,0.9989450344569998,0.002826587865816667,1e-08
746,0.9989450073882238,0.0028264062516641297,1e-08
747,0.9989451441988849,0.0028262238374492468,1e-08
748,0.9989452532740514,0.0028260423566404337,1e-08
749,0.9989453760836216,0.002825860075769275,1e-08
750,0.9989454715577282,0.0028256681941499647,1e-08
751,0.9989456353038216,0.0028254837797792166,1e-08
752,0.9989456489048815,0.0028253013655643337,1e-08
753,0.9989457715811079,0.0028251193513806235,1e-08
754,0.9989458533208109,0.0028249349370098754,1e-08
755,0.9989460038658756,0.0028247518560763707,1e-08
756,0.9989460857389224,0.002824566641643277,1e-08
757,0.9989461266754458,0.002824384360772118,1e-08
758,0.9989461813463727,0.0028241951460272943,1e-08
759,0.9989462765537919,0.0028240185989362814,1e-08
760,0.9989463994967057,0.0028238281840979387,1e-08
761,0.9989465084385285,0.0028236513703194773,1e-08
762,0.998946535773992,0.002823465622511486,1e-08
763,0.9989466449825022,0.0028232801413909433,1e-08
764,0.9989467132544891,0.002823093460176882,1e-08
765,0.9989467540576688,0.002822918513210561,1e-08
766,0.9989467813931322,0.0028227319653402238,1e-08
767,0.9989468770005826,0.002822550084500238,1e-08
768,0.9989469180704497,0.002822359136286998,1e-08
769,0.9989468770005826,0.00282217872222798,1e-08
770,0.9989469455392569,0.0028219991082313075,1e-08
771,0.9989470139445874,0.0028218185608285653,1e-08
772,0.998947137020845,0.002821626412521806,1e-08
773,0.9989472872992223,0.002821444665025545,1e-08
774,0.9989473963743888,0.002821265317716321,1e-08
775,0.9989474779807481,0.002821081303376746,1e-08
776,0.998947505582899,0.002820900089255382,1e-08
777,0.9989475465194224,0.0028207078076048987,1e-08
778,0.998947696664456,0.0028205279269207777,1e-08
779,0.998947696664456,0.002820344045924927,1e-08
780,0.998947751335383,0.0028201646986157035,1e-08
781,0.9989477920052189,0.0028199810843073016,1e-08
782,0.9989478602772057,0.002819792136249926,1e-08
783,0.9989479146814453,0.0028196162558775354,1e-08
784,0.9989480514921064,0.0028194315748193387,1e-08
785,0.9989480922952861,0.00281925022735425,1e-08
786,0.9989482837768743,0.0028190703466701296,1e-08
787,0.9989483523155486,0.0028188843321746895,1e-08
788,0.9989484068531318,0.002818698451022974,1e-08
789,0.9989484888595223,0.0028185135032773286,1e-08
790,0.9989485300627331,0.0028183348226867265,1e-08
791,0.9989485436637929,0.002818157875564541,1e-08
792,0.9989486254034959,0.0028179785282553176,1e-08
793,0.9989487346120062,0.0028177947806031912,1e-08
794,0.9989488299527691,0.0028176123663883083,1e-08
795,0.9989489391612794,0.0028174220848936897,1e-08
796,0.9989490349020734,0.0028172412708034984,1e-08
797,0.9989491034407477,0.0028170617901505505,1e-08
798,0.9989492398513777,0.0028168817761227054,1e-08
799,0.9989493353254844,0.002816692428034157,1e-08
800,0.9989493626609478,0.0028165097471318256,1e-08
801,0.998949430799591,0.0028163314665723966,1e-08
802,0.9989495674769083,0.0028161446520146107,1e-08
803,0.9989495949457156,0.002815963971268144,1e-08
804,0.9989496906865096,0.002815786490771061,1e-08
805,0.9989498000283636,0.0028156014096816914,1e-08
806,0.9989498683003505,0.0028154173953421164,1e-08
807,0.9989499777755482,0.0028152369812830982,1e-08
808,0.9989500052443553,0.0028150521668811775,1e-08
809,0.9989500596485948,0.0028148688192602238,1e-08
810,0.9989501553893889,0.0028146882718574815,1e-08
811,0.998950196459256,0.0028145071910798416,1e-08
812,0.9989503055344225,0.002814318909741088,1e-08
813,0.9989503735397219,0.0028141366288699293,1e-08
814,0.9989504695472035,0.0028139555480922894,1e-08
815,0.9989505651546537,0.0028137796677198987,1e-08
816,0.9989507151663437,0.002813590452975075,1e-08
817,0.9989507969060467,0.0028134085721350888,1e-08
818,0.9989508786457497,0.0028132285581072437,1e-08
819,0.99895098785426,0.0028130496108291934,1e-08
820,0.9989510287907833,0.002812865863177067,1e-08
821,0.9989510969294264,0.002812681448806319,1e-08
822,0.9989512472078037,0.0028125013014347494,1e-08
823,0.9989513018787307,0.00281232022065711,1e-08
824,0.9989513702840613,0.0028121422067851295,1e-08
825,0.9989514930936314,0.0028119560589459653,1e-08
826,0.9989516153698266,0.002811775644886947,1e-08
827,0.9989516561730063,0.0028115946974530317,1e-08
828,0.9989517653815165,0.0028114166835810513,1e-08
829,0.9989519428620136,0.0028112257353678114,1e-08
830,0.9989520110006567,0.0028110510550889392,1e-08
831,0.9989521338102268,0.0028108687742177804,1e-08
832,0.9989522154165861,0.002810686226659173,1e-08
833,0.998952297689664,0.0028105079460997444,1e-08
834,0.998952379429367,0.002810327132009553,1e-08
835,0.9989523931637706,0.0028101484514189514,1e-08
836,0.9989525843786713,0.0028099669706101384,1e-08
837,0.9989526935871815,0.0028097854898013258,1e-08
838,0.9989527615924809,0.0028096037423050646,1e-08
839,0.9989528435988714,0.0028094267951828786,1e-08
840,0.9989529254719182,0.0028092489146546227,1e-08
841,0.9989529528073816,0.0028090689006267777,1e-08
842,0.9989530481481446,0.002808887819849138,1e-08
843,0.998953184825462,0.0028087071391026714,1e-08
844,0.9989532808329435,0.00280853032532421,1e-08
845,0.9989533763070502,0.0028083531115145758,1e-08
846,0.9989534444456932,0.002808171630705763,1e-08
847,0.9989534851155292,0.0028079881497410854,1e-08
848,0.9989536761970862,0.002807805735526202,1e-08
849,0.998953826208776,0.0028076318553096765,1e-08
850,0.9989537990066563,0.0028074462408454095,1e-08
851,0.9989539494183773,0.002807275160847094,1e-08
852,0.9989540720946036,0.0028070920799135894,1e-08
853,0.9989541539676504,0.002806914466072782,1e-08
854,0.9989542218396061,0.0028067353854510074,1e-08
855,0.9989542627761294,0.002806558838359995,1e-08
856,0.9989542762438456,0.0028063746906766955,1e-08
857,0.9989543310481164,0.0028061942766176773,1e-08
858,0.9989543991867594,0.002806021063119773,1e-08
859,0.9989544677254337,0.0028058406490607548,1e-08
860,0.9989544814598373,0.0028056565013774557,1e-08
861,0.9989545361307643,0.0028054834212232756,1e-08
862,0.998954618003811,0.002805303273851706,1e-08
863,0.9989547000102016,0.002805122059730342,1e-08
864,0.9989548232198028,0.0028049456459830536,1e-08
865,0.9989548780240736,0.0028047693655794898,1e-08
866,0.9989550143013598,0.0028045865513334337,1e-08
867,0.9989550821733155,0.0028044126711169078,1e-08
868,0.9989552055162605,0.0028042317236829923,1e-08
869,0.9989553012570546,0.0028040521096863204,1e-08
870,0.9989554378010282,0.0028038766293451024,1e-08
871,0.998955519674075,0.0028036970153484304,1e-08
872,0.9989555744783457,0.002803520601601142,1e-08
873,0.9989556834201685,0.002803340720917021,1e-08
874,0.9989557927620224,0.0028031664406693224,1e-08
875,0.9989558335652021,0.002802988026766169,1e-08
876,0.9989559427737122,0.0028028078793945997,1e-08
877,0.9989559973112956,0.0028026325323971058,1e-08
878,0.9989560382478189,0.002802455851962369,1e-08
879,0.9989561202542093,0.002802277438059216,1e-08
880,0.9989562842669903,0.0028021022244054464,1e-08
881,0.9989563934755006,0.002801916743284904,1e-08
882,0.9989564892162947,0.002801741662974859,1e-08
883,0.9989564893496383,0.0028015639157903277,1e-08
884,0.9989565574882815,0.002801387368699315,1e-08
885,0.9989565710893413,0.002801210288233405,1e-08
886,0.9989566528290443,0.0028010369413917764,1e-08
887,0.9989567485698384,0.002800856527332758,1e-08
888,0.9989568304428852,0.002800678113429605,1e-08
889,0.9989568441772888,0.00280049809940176,1e-08
890,0.9989569123159319,0.0028003232857791637,1e-08
891,0.998956953385799,0.00280014793878167,1e-08
892,0.998957035125502,0.002799970458284587,1e-08
893,0.9989570899297727,0.0027997913776628123,1e-08
894,0.9989571990049392,0.002799615497290421,1e-08
895,0.9989572536758662,0.0027994390835431333,1e-08
896,0.998957280877986,0.0027992689369508886,1e-08
897,0.9989573223478843,0.002799085989361108,1e-08
898,0.9989574042209309,0.0027989110423947876,1e-08
899,0.9989574858272903,0.0027987359620847423,1e-08
900,0.9989575950358005,0.0027985539479010325,1e-08
901,0.998957677042191,0.0027983828679027174,1e-08
902,0.9989577045109982,0.0027981985868756934,1e-08
903,0.998957745180834,0.002798026040096411,1e-08
904,0.9989578134528209,0.00279785015972402,1e-08
905,0.9989578818581515,0.0027976748127265263,1e-08
906,0.9989579227946749,0.0027974981322917898,1e-08
907,0.9989579365290785,0.002797323585356642,1e-08
908,0.9989579912000055,0.0027971442380474183,1e-08
909,0.9989581553461301,0.002796967024237784,1e-08
910,0.9989582373525205,0.0027967934107087067,1e-08
911,0.9989583742965255,0.002796616996961419,1e-08
912,0.9989584289674525,0.0027964381830270927,1e-08
913,0.998958579112486,0.002796260302498837,1e-08
914,0.9989587295242071,0.0027960916226875596,1e-08
915,0.9989587841951341,0.0027959122753783362,1e-08
916,0.998958852867152,0.0027957429288484373,1e-08
917,0.9989589076714228,0.002795556514321824,1e-08
918,0.9989589350068863,0.0027953845009174388,1e-08
919,0.9989589759434097,0.0027952136876065728,1e-08
920,0.998959044482084,0.002795031540079138,1e-08
921,0.9989590442153965,0.0027948628602678612,1e-08
922,0.9989591259550995,0.002794685246427054,1e-08
923,0.9989592352969534,0.0027945076325862467,1e-08
924,0.9989593171700002,0.0027943333523385476,1e-08
925,0.9989593717075834,0.0027941569385912593,1e-08
926,0.9989594945171535,0.0027939814582500417,1e-08
927,0.9989595627891404,0.002793803577721786,1e-08
928,0.9989596445288434,0.0027936272973182216,1e-08
929,0.9989597125341428,0.002793454217164042,1e-08
930,0.9989597805394422,0.002793277670073029,1e-08
931,0.9989598349436818,0.002793099789544773,1e-08
932,0.9989599304177884,0.0027929240425161065,1e-08
933,0.9989599852220591,0.002792749762268408,1e-08
934,0.9989600808295094,0.0027925728151462223,1e-08
935,0.9989601357671238,0.002792401335116734,1e-08
936,0.9989601903047071,0.0027922198543079216,1e-08
937,0.9989602585766939,0.0027920451740290494,1e-08
938,0.9989603948539802,0.0027918688936254855,1e-08
939,0.9989604493915635,0.002791693013253095,1e-08
940,0.9989605312646102,0.002791513532600147,1e-08
941,0.9989605447323263,0.002791342585945556,1e-08
942,0.9989606540741803,0.00279116377201123,1e-08
943,0.9989607768837504,0.0027909840246708333,1e-08
944,0.9989608862256044,0.002790809077704513,1e-08
945,0.998960899960008,0.002790639331143441,1e-08
946,0.9989609684986823,0.002790462917396153,1e-08
947,0.9989611187770596,0.0027902877037423836,1e-08
948,0.9989611187770596,0.002790111956713717,1e-08
949,0.9989612279855699,0.002789938476528364,1e-08
950,0.9989612825231531,0.00278975819581307,1e-08
951,0.9989613915983195,0.0027895880492208253,1e-08
952,0.9989614602703376,0.0027894068350994613,1e-08
953,0.9989615554777568,0.0027892389553505303,1e-08
954,0.9989615690788166,0.002789056807823096,1e-08
955,0.9989616510852072,0.0027888895947927863,1e-08
956,0.9989617330915976,0.0027887110475459088,1e-08
957,0.9989617741614647,0.0027885326336427557,1e-08
958,0.9989618152313318,0.00278835568652057,1e-08
959,0.998961979110769,0.002788182072991493,1e-08
960,0.9989621019203391,0.0027880084594624154,1e-08
961,0.9989621977944769,0.002787830712277884,1e-08
962,0.9989622934019272,0.0027876561653427364,1e-08
963,0.9989623616739141,0.0027874878855626323,1e-08
964,0.9989624982178877,0.0027873052046603003,1e-08
965,0.9989625798242471,0.002787127990850666,1e-08
966,0.9989625792908722,0.0027869546440090374,1e-08
967,0.9989626198273643,0.002786783030635825,1e-08
968,0.998962715301471,0.0027866019498581853,1e-08
969,0.9989627971745177,0.0027864316699222165,1e-08
970,0.9989628515787573,0.0027862545894563064,1e-08
971,0.9989629473195514,0.0027860828427393697,1e-08
972,0.998962988122731,0.002785903095398973,1e-08
973,0.9989630835968376,0.0027857240147771984,1e-08
974,0.9989631792042879,0.0027855557349970943,1e-08
975,0.9989631654698843,0.0027853766543753196,1e-08
976,0.9989632202741551,0.0027852035742211394,1e-08
977,0.998963302547233,0.0027850274271613,1e-08
978,0.9989634526922665,0.0027848567471941577,1e-08
979,0.9989634662933264,0.002784673666260653,1e-08
980,0.9989635210975971,0.002784504586418203,1e-08
981,0.9989635346986571,0.002784333506419888,1e-08
982,0.9989635484330606,0.0027841516255799025,1e-08
983,0.9989636167050475,0.002783975345176338,1e-08
984,0.9989636441738546,0.002783805731958991,1e-08
985,0.9989637123124978,0.002783623717775281,1e-08
986,0.9989638216543517,0.0027834501042462035,1e-08
987,0.9989638763252787,0.002783280891060029,1e-08
988,0.9989639311295494,0.0027831039439378436,1e-08
989,0.9989639583316692,0.0027829256633784146,1e-08
990,0.9989640267369998,0.00278275551678617,1e-08
991,0.9989641087433903,0.0027825745693522545,1e-08
992,0.9989641496799136,0.0027824022892604205,1e-08
993,0.9989641906164369,0.0027822356096050085,1e-08
994,0.998964272889515,0.002782051061890536,1e-08
995,0.9989643138260382,0.0027818725146436583,1e-08
996,0.998964341028158,0.0027817095686125276,1e-08
997,0.9989644090334574,0.002781530888021926,1e-08
998,0.998964559178491,0.002781353140837394,1e-08
999,0.9989646271837904,0.002781182727557701,1e-08
