epoch,categorical_accuracy,loss,lr
0,0.7885823433831234,0.48929897010726414,1e-04
1,0.9245937259938626,0.24338417111893895,1e-04
2,0.9419206931553697,0.17823012056500054,1e-04
3,0.9502849532187119,0.15047244590934225,1e-04
4,0.958848160118598,0.12199335383622172,1e-04
5,0.9641935543992642,0.10531533977862706,1e-04
6,0.966215715178974,0.09809177833915557,1e-04
7,0.9710866758220681,0.08296660835577604,1e-04
8,0.9746953698346013,0.07357305154971094,1e-04
9,0.9786075874996398,0.06163833165328775,1e-04
10,0.9795456449990838,0.058872594529350335,1e-04
11,0.9811972266342283,0.053717384802415065,1e-04
12,0.9819650940713733,0.052478529462878336,1e-04
13,0.9823593655955338,0.05075135567044252,1e-04
14,0.9835757809197343,0.04621285653487681,1e-04
15,0.9845848403521033,0.04386000105198598,1e-04
16,0.9854826717835411,0.04143406814110093,1e-04
17,0.9848755012689288,0.0434623431306024,1e-04
18,0.9863046521041751,0.0383897699765711,1e-04
19,0.985881011624731,0.04040315060540867,1e-04
20,0.9861121948400067,0.03908568674019253,1e-04
21,0.9868983326342282,0.03699042946433594,1e-04
22,0.9848384581156225,0.04381154500931435,1e-04
23,0.9879848669039323,0.0332202582017954,1e-04
24,0.9893784639019294,0.0290028644888193,1e-04
25,0.9895256551053433,0.028803194929289337,1e-04
26,0.9898479972909761,0.02826040889859466,1e-04
27,0.9897714234571863,0.028588250046075056,1e-04
28,0.9889565836929901,0.030872330036206,1e-04
29,0.9897790003142901,0.028548239461527576,1e-04
30,0.9895129446481965,0.02974249479221284,1e-04
31,0.9889485265317912,0.030738845500903375,1e-04
32,0.990195499970609,0.02724814148290579,5e-05
33,0.9931734162955743,0.01813196335862947,5e-05
34,0.994024958519861,0.01573496883614218,5e-05
35,0.9936708187896933,0.016801701029408433,5e-05
36,0.9932913764211155,0.017894458850758188,5e-05
37,0.9933717860204795,0.017670833157746316,5e-05
38,0.9934253257926412,0.0177556050970517,5e-05
39,0.99367875127451,0.016630691303236106,5e-05
40,0.9934313881317242,0.017552773824474156,2.5e-05
41,0.9952642042898225,0.012088065846121017,2.5e-05
42,0.9958875139287654,0.010406596281917837,2.5e-05
43,0.9957716288982622,0.010845416477595933,2.5e-05
44,0.9955227776395128,0.011509909725829258,2.5e-05
45,0.9952741864010258,0.012291585972378451,2.5e-05
46,0.9952315569457325,0.0123124501315806,2.5e-05
47,0.9951458876031624,0.012698185123853236,2.5e-05
48,0.9953542553071741,0.012146167573779489,1.25e-05
49,0.9964872009268809,0.008864571184119922,1.25e-05
50,0.9969911724662354,0.007524143129387158,1.25e-05
51,0.9971217073050122,0.007234264540192265,1.25e-05
52,0.9970006200024479,0.007548246207653276,1.25e-05
53,0.9968941838415943,0.007894294240597377,1.25e-05
54,0.9967465663382937,0.008269272127940885,1.25e-05
55,0.996727819677434,0.00832094695477411,1.25e-05
56,0.9967452969060382,0.008302897281561389,1.25e-05
57,0.9967143715628042,0.008464693756444876,6.25e-06
58,0.9972498275556287,0.006935072025196665,6.25e-06
59,0.9975619258763273,0.006088143760459268,6.25e-06
60,0.9976804464455419,0.005792821813749787,6.25e-06
61,0.997725465020344,0.005702505442386772,6.25e-06
62,0.9977151827524172,0.00573920670238384,6.25e-06
63,0.9976625706525457,0.005887065291138037,6.25e-06
64,0.9976386902582992,0.0059500903357862095,6.25e-06
65,0.9976308533809329,0.0059613501465560605,6.25e-06
66,0.9975654620185528,0.006139158269169613,3.125e-06
67,0.9978484888738167,0.0054073713769848715,3.125e-06
68,0.9979632148806681,0.00512504924330402,3.125e-06
69,0.9980140625763793,0.005001218926986592,3.125e-06
70,0.9980469147364298,0.00493263931615774,3.125e-06
71,0.9980638749914148,0.004898393847531653,3.125e-06
72,0.9980686405627787,0.004881142903227668,3.125e-06
73,0.9980604060544264,0.00490423443600102,3.125e-06
74,0.9980541246316044,0.0049171962460682166,3.125e-06
75,0.9980637099118841,0.004892979958980142,3.125e-06
76,0.9980804642841586,0.004855915870709174,3.125e-06
77,0.9980644627705516,0.00490412509414707,1.5625e-06
78,0.9981511528593315,0.004679736141657136,1.5625e-06
79,0.9981931685334617,0.004578701201701324,1.5625e-06
80,0.9982225114867191,0.004514175506779545,1.5625e-06
81,0.9982449999058274,0.004470486102221529,1.5625e-06
82,0.9982595294380615,0.004437544335188215,1.5625e-06
83,0.9982716413152298,0.00440956922185501,1.5625e-06
84,0.9982799002254836,0.004388592387205802,1.5625e-06
85,0.9982879023157244,0.004368919120805642,1.5625e-06
86,0.99829870369077,0.004346225352361965,1.5625e-06
87,0.9983088346135697,0.004319112439550276,1.5625e-06
88,0.9983228442386226,0.004288215631873283,1.5625e-06
89,0.9983326202004281,0.00426007983935226,1.5625e-06
90,0.9983402677297059,0.00424262274565046,1.5625e-06
91,0.9983545507093937,0.004213126980484999,1.5625e-06
92,0.9983645584225921,0.004187396842094609,1.5625e-06
93,0.9983745270660793,0.004162622111489042,1.5625e-06
94,0.9983779924027871,0.004154072778603642,1.5625e-06
95,0.9983919216215744,0.00412485143482285,1.5625e-06
96,0.998396276627611,0.004111626804275001,1.5625e-06
97,0.9984087844022969,0.004085028198208052,1.5625e-06
98,0.9984057947026537,0.004082047432594385,1.5625e-06
99,0.9984173733382684,0.004052310048600438,1.5625e-06
100,0.9984283247250039,0.0040273511703115715,1.5625e-06
101,0.9984404906063805,0.004003507445589275,1.5625e-06
102,0.9984526282188876,0.003971482416660727,1.5625e-06
103,0.9984603448202146,0.00395702569010007,1.5625e-06
104,0.99846829050606,0.003940760289262605,1.5625e-06
105,0.9984767299637165,0.003921283438168383,1.5625e-06
106,0.998488377404693,0.003892854689485008,1.5625e-06
107,0.9984964324323923,0.003872456699943116,1.5625e-06
108,0.9985052120498896,0.003849742529909616,1.5625e-06
109,0.9985096099926054,0.00383681552255447,1.5625e-06
110,0.9985150580171503,0.003820913350022079,1.5625e-06
111,0.9985294080687316,0.003791585864636722,1.5625e-06
112,0.9985428296479603,0.0037610665530433056,1.5625e-06
113,0.9985494533641226,0.0037460317814376797,1.5625e-06
114,0.9985615772422262,0.00371673963213927,1.5625e-06
115,0.9985694966593578,0.003695429438179238,1.5625e-06
116,0.9985803385708956,0.0036689188389703465,1.5625e-06
117,0.9985820055007935,0.003659544641806242,1.5625e-06
118,0.9985859375405365,0.003642577986322527,1.5625e-06
119,0.9985973793654901,0.003620382256689221,1.5625e-06
120,0.9985915489111438,0.0036314556529324594,7.8125e-07
121,0.9986305606178523,0.0035447160936308655,7.8125e-07
122,0.9986562972900851,0.003491087381205036,7.8125e-07
123,0.9986721782609653,0.003459371843060658,7.8125e-07
124,0.9986822686472728,0.0034385451534450456,7.8125e-07
125,0.9986900520538057,0.003422708319337576,7.8125e-07
126,0.9986967291074578,0.003407976104642454,7.8125e-07
127,0.9987020124525032,0.003394462651587706,7.8125e-07
128,0.9987085525621504,0.0033779573653901717,7.8125e-07
129,0.9987148895893054,0.0033615195511171483,7.8125e-07
130,0.9987114070512572,0.0033647188670949913,3.90625e-07
131,0.9987219896092511,0.0033437839023752235,3.90625e-07
132,0.9987284339781042,0.0033294961223132927,3.90625e-07
133,0.9987331312774812,0.0033189138310067605,3.90625e-07
134,0.9987383596849122,0.0033084879518888674,3.90625e-07
135,0.9987437141021626,0.003296810241886967,3.90625e-07
136,0.9987482332543238,0.0032857955168824333,3.90625e-07
137,0.9987526435980061,0.0032753891059482923,3.90625e-07
138,0.9987360117686142,0.0033056503974351306,1.953125e-07
139,0.9987437413042823,0.0032876129918450476,1.953125e-07
140,0.9987485747476019,0.0032777231544989602,1.953125e-07
141,0.9987533244510625,0.003268152141997745,1.953125e-07
142,0.9987576126518932,0.003259069834246198,1.953125e-07
143,0.99875233117366,0.003265686216503715,9.765625e-08
144,0.9987574501058932,0.003255833315369267,9.765625e-08
145,0.9987612869382171,0.003248295527976631,9.765625e-08
146,0.9987647122718077,0.0032416419428200264,9.765625e-08
147,0.9987681006691866,0.0032355522682736117,9.765625e-08
148,0.9987681412056788,0.0032337029241608826,4.8828124e-08
149,0.9987701061588006,0.0032300335715547772,4.8828124e-08
150,0.9987720317755236,0.003226699978446534,4.8828124e-08
151,0.998773519491456,0.003223681209871433,4.8828124e-08
152,0.9987748433279511,0.00322083792163755,4.8828124e-08
153,0.9987763867815602,0.0032182726550688944,4.8828124e-08
154,0.9987777123515238,0.003215628715702885,4.8828124e-08
155,0.9987786682926835,0.0032136726966106918,4.8828124e-08
156,0.9987794746221845,0.003211679341275687,2.4414062e-08
157,0.9987803620246699,0.003210123753387656,2.4414062e-08
158,0.9987810175424188,0.0032088480539769933,2.4414062e-08
159,0.9987814818452668,0.003207626492118409,2.4414062e-08
160,0.9987820548232503,0.003206380128327099,2.4414062e-08
161,0.9987828882215274,0.0032051361647228264,1.2207031e-08
162,0.9987834209297061,0.0032045214501536666,1.2207031e-08
163,0.9987835572069923,0.003203963940042244,1.2207031e-08
164,0.9987838850992105,0.00320341069693,1.2207031e-08
165,0.9987841443194105,0.003202859187286172,1.2207031e-08
166,0.9987844996804359,0.003202297010144398,1e-08
167,0.9987848410403701,0.0032018431081067794,1e-08
168,0.9987848687758648,0.003201413741314438,1e-08
169,0.9987851422638434,0.00320098757477148,1e-08
170,0.9987854014840435,0.003200556874541895,1e-08
171,0.9987855244269573,0.003200114840095742,1e-08
172,0.9987858385847719,0.0031996562710277718,1e-08
173,0.9987862068801385,0.0031992107696447863,1e-08
174,0.9987863979616954,0.0031987852698204503,1e-08
175,0.998786507036862,0.003198357369809076,1e-08
176,0.9987867387882549,0.003197942537482686,1e-08
177,0.9987868473300464,0.003197548240089843,1e-08
178,0.9987869568052441,0.003197142875167881,1e-08
179,0.998787216158788,0.0031967463109317243,1e-08
180,0.998787448843587,0.0031963266782312587,1e-08
181,0.9987876672606073,0.0031958941111895327,1e-08
182,0.9987879536829272,0.0031954234078426487,1e-08
183,0.9987882263708434,0.0031949647054309548,1e-08
184,0.998788362514786,0.0031945400056689645,1e-08
185,0.9987886085339573,0.0031941347740907264,1e-08
186,0.9987886772059754,0.003193700606924309,1e-08
187,0.9987890319002821,0.003193248571698831,1e-08
188,0.9987893056549482,0.003192797603223148,1e-08
189,0.9987896062117029,0.003192363702744179,1e-08
190,0.9987897018191532,0.0031919342026081126,1e-08
191,0.9987899337038898,0.0031915208370626906,1e-08
192,0.9987900970499521,0.003191106804798647,1e-08
193,0.9987903293347199,0.0031907018399078575,1e-08
194,0.9987905204162768,0.0031902820738636674,1e-08
195,0.9987908485751824,0.0031898424396045524,1e-08
196,0.9987910540578616,0.003189367069227317,1e-08
197,0.9987912992769706,0.003188868097010875,1e-08
198,0.9987914906252151,0.0031884271293145163,1e-08
199,0.9987916821068032,0.0031880126970192995,1e-08
200,0.9987918731883602,0.003187582396820888,1e-08
201,0.9987920780043207,0.003187135161969486,1e-08
202,0.9987922968213724,0.003186688460492981,1e-08
203,0.9987924197642862,0.003186238692110817,1e-08
204,0.9987926517823665,0.0031858254599091192,1e-08
205,0.9987928295295511,0.003185432362609795,1e-08
206,0.9987930616809751,0.0031850455324655145,1e-08
207,0.9987932527625321,0.003184633767044784,1e-08
208,0.9987934713128962,0.0031842278687479247,1e-08
209,0.9987936213245862,0.0031838311711680435,1e-08
210,0.9987938397416066,0.0031834388739310653,1e-08
211,0.9987939900199839,0.00318304204300746,1e-08
212,0.9987940720263744,0.0031826320110551463,1e-08
213,0.9987943453810092,0.003182193976920723,1e-08
214,0.9987944953926992,0.0031817344744466828,1e-08
215,0.9987946452710452,0.0031812680380989776,1e-08
216,0.9987948639547531,0.0031808461385551983,1e-08
217,0.9987950411685628,0.0031804507744125606,1e-08
218,0.9987953683940622,0.003180081678983616,1e-08
219,0.9987954646682312,0.0031797111167737035,1e-08
220,0.9987955734767103,0.0031793293536909475,1e-08
221,0.9987957918937308,0.0031789161214892496,1e-08
222,0.9987959288377356,0.003178482754385178,1e-08
223,0.9987961333870088,0.003178034319440257,1e-08
224,0.9987963658051203,0.0031775580156569515,1e-08
225,0.9987965844888281,0.0031771202482099767,1e-08
226,0.99879677610376,0.003176713016475874,1e-08
227,0.9987969262487937,0.003176319652489101,1e-08
228,0.9987970761271397,0.003175897352914149,1e-08
229,0.9987972944108165,0.0031754682528092556,1e-08
230,0.9987974170870428,0.0031750654214180558,1e-08
231,0.9987975532309854,0.0031746804580859156,1e-08
232,0.9987977168437352,0.003174272559633191,1e-08
233,0.9987978123178418,0.0031738675947424015,1e-08
234,0.9987980039327736,0.003173466496819618,1e-08
235,0.9987981403434036,0.0031730640654595906,1e-08
236,0.998798318223932,0.00317264736632106,1e-08
237,0.9987985093054889,0.003172204398468837,1e-08
238,0.99879891893741,0.0031717134268758546,1e-08
239,0.9987991921587012,0.003171261391650377,1e-08
240,0.998799437511154,0.0031708301580458944,1e-08
241,0.9987995460529455,0.0031704309269352513,1e-08
242,0.9987997920721169,0.0031700031602676015,1e-08
243,0.998799955551523,0.0031695533918854376,1e-08
244,0.9988002695759938,0.003169076821414683,1e-08
245,0.9988005019941053,0.003168571315355749,1e-08
246,0.9988006928089748,0.0031680919446667836,1e-08
247,0.9988007885497688,0.00316765297712629,1e-08
248,0.998800952962581,0.003167242011767906,1e-08
249,0.9988010349689714,0.0031668229124423375,1e-08
250,0.9988011583119164,0.003166385144995363,1e-08
251,0.9988014040644003,0.0031659704460126974,1e-08
252,0.9988015955459885,0.003165575481901233,1e-08
253,0.9988016498168842,0.003165154249076075,1e-08
254,0.9988018546328449,0.0031647202152533817,1e-08
255,0.9988019775757587,0.0031642885816177265,1e-08
256,0.9988022505303624,0.003163884683476732,1e-08
257,0.9988023048012582,0.0031634401154998163,1e-08
258,0.9988026053580128,0.0031628743380774853,1e-08
259,0.9988028645782129,0.003162271091068618,1e-08
260,0.9988031926037748,0.003161685178743913,1e-08
261,0.9988033699509281,0.003161145003316653,1e-08
262,0.9988035608991414,0.0031606875009984776,1e-08
263,0.9988037247785786,0.0031602764022963695,1e-08
264,0.9988039299945703,0.0031598426351611246,1e-08
265,0.9988041488116219,0.0031594367368642648,1e-08
266,0.9988043534942388,0.0031590393725657623,1e-08
267,0.998804503372585,0.0031586201398964694,1e-08
268,0.9988046940541108,0.0031581959735093768,1e-08
269,0.9988049531409671,0.0031577583394061266,1e-08
270,0.9988051987601073,0.003157313638085487,1e-08
271,0.998805430644844,0.003156814265837872,1e-08
272,0.9988056629296117,0.00315628049090938,1e-08
273,0.9988057993402417,0.0031557800519119708,1e-08
274,0.9988059765540513,0.0031553424178087206,1e-08
275,0.9988061949710718,0.0031549142511098976,1e-08
276,0.9988063581837904,0.0031544907514414263,1e-08
277,0.9988065224632587,0.003154075252396415,1e-08
278,0.998806686342696,0.0031536778880979126,1e-08
279,0.9988068087522349,0.003153291591328529,1e-08
280,0.9988069588972684,0.0031528687583786794,1e-08
281,0.9988071093089895,0.0031524271239636993,1e-08
282,0.99880732772601,0.003151955220523297,1e-08
283,0.998807560410809,0.003151491584393802,1e-08
284,0.9988078200310402,0.003151021147734367,1e-08
285,0.998808079384584,0.0031504817723694532,1e-08
286,0.9988082300629925,0.0031499198619151275,1e-08
287,0.9988083667403099,0.0031494032883270743,1e-08
288,0.9988085714229268,0.0031489287180121845,1e-08
289,0.9988087219679915,0.0031484980177825996,1e-08
290,0.9988088583786215,0.0031480497161814032,1e-08
291,0.9988090222580588,0.0031476364839797054,1e-08
292,0.9988091313332252,0.003147221518309591,1e-08
293,0.9988093090804098,0.0031468141532317636,1e-08
294,0.9988095133629955,0.003146417855683056,1e-08
295,0.9988097047112399,0.0031459947560457577,1e-08
296,0.9988098955261094,0.003145513385200927,1e-08
297,0.9988101276775334,0.0031450169465152477,1e-08
298,0.9988103191591216,0.003144501439676989,1e-08
299,0.9988105650449493,0.0031439420627534256,1e-08
300,0.9988107285243553,0.003143391753203117,1e-08
301,0.9988109204059746,0.003142891180861983,1e-08
302,0.9988110840187243,0.003142436745449467,1e-08
303,0.9988111521573675,0.0031420003114397362,1e-08
304,0.9988113844421352,0.0031414914717876937,1e-08
305,0.9988116031258432,0.0031409547632972666,1e-08
306,0.9988117804729966,0.0031404257887428506,1e-08
307,0.9988119855556445,0.003139934283774971,1e-08
308,0.9988122309080973,0.003139440111932605,1e-08
309,0.9988123810531309,0.003138899803161621,1e-08
310,0.9988126134712424,0.003138375228950108,1e-08
311,0.9988128185538904,0.003137860922205368,1e-08
312,0.9988130507053145,0.0031373307475574333,1e-08
313,0.9988132417868715,0.0031367943057544548,1e-08
314,0.9988134327350847,0.003136285332758688,1e-08
315,0.9988136648865088,0.0031358288971903075,1e-08
316,0.9988138831701855,0.003135302189479205,1e-08
317,0.9988141837269401,0.0031347209441848515,1e-08
318,0.9988143884095569,0.003134184502381873,1e-08
319,0.9988145110857833,0.0031337524687150447,1e-08
320,0.9988146202942936,0.00313336643863311,1e-08
321,0.9988147977747907,0.0031329693410220563,1e-08
322,0.9988150157917799,0.003132540640948336,1e-08
323,0.9988152346088316,0.0031320980731272857,1e-08
324,0.9988154258237323,0.003131587900038,1e-08
325,0.9988156991783671,0.003130986919872446,1e-08
326,0.9988158903932678,0.0031304504780694676,1e-08
327,0.9988160134695253,0.0031300476466782673,1e-08
328,0.9988161909500225,0.0031296504157234894,1e-08
329,0.9988163548294596,0.003129287320762139,1e-08
330,0.9988165051078369,0.003128894223462815,1e-08
331,0.9988166421851856,0.0031284747241060737,1e-08
332,0.9988168471344899,0.003127963484266994,1e-08
333,0.9988170926202864,0.003127374371692905,1e-08
334,0.9988172842352182,0.003126832996172126,1e-08
335,0.9988174619824027,0.0031264020292550926,1e-08
336,0.9988176798660483,0.0031260007979885844,1e-08
337,0.9988177345369753,0.003125598366628557,1e-08
338,0.9988178576132328,0.0031251600658066853,1e-08
339,0.9988182261752869,0.0031245801539495754,1e-08
340,0.9988184308579038,0.003124014643214693,1e-08
341,0.9988186082050571,0.0031235999442320275,1e-08
342,0.9988187584834344,0.0031232185811804446,1e-08
343,0.9988189087618118,0.0031228230836940823,1e-08
344,0.9988190590401891,0.003122420518990331,1e-08
345,0.9988192227862825,0.0031219595497353233,1e-08
346,0.9988194002667796,0.0031215160485082026,1e-08
347,0.9988194824065137,0.0031211197509594946,1e-08
348,0.9988196876225055,0.0031207425215633655,1e-08
349,0.9988199471093931,0.00312034875754542,1e-08
350,0.9988201519253537,0.0031199741950237777,1e-08
351,0.9988202886026711,0.0031195878982543945,1e-08
352,0.9988205206207514,0.0031191730659280046,1e-08
353,0.9988207118356521,0.003118740498886279,1e-08
354,0.9988208479795947,0.0031183208661858136,1e-08
355,0.9988209161182378,0.0031179177681071647,1e-08
356,0.9988210934653912,0.0031175488060219444,1e-08
357,0.9988212028072451,0.003117165709501945,1e-08
358,0.9988212984146955,0.003116771412109102,1e-08
359,0.9988214621607889,0.0031163223104455594,1e-08
360,0.9988216669767495,0.003115800803139706,1e-08
361,0.998821776051916,0.003115261827805965,1e-08
362,0.9988219536657568,0.0031147981916764705,1e-08
363,0.9988221034107593,0.003114344556326301,1e-08
364,0.998822239954733,0.0031139258570319055,1e-08
365,0.9988223766320504,0.003113523292328154,1e-08
366,0.9988224859739043,0.0031131013927843745,1e-08
367,0.9988225955824457,0.0031126478907779294,1e-08
368,0.9988227322597631,0.003112153185560666,1e-08
369,0.9988229233413202,0.0031115883415444054,1e-08
370,0.9988231828282077,0.003111038565368994,1e-08
371,0.9988233876441682,0.003110568262053283,1e-08
372,0.9988234288473791,0.003110089558082939,1e-08
373,0.9988235791257564,0.0031095079127574127,1e-08
374,0.9988238520803601,0.0031089190668707727,1e-08
375,0.9988240976995003,0.0031084306288085527,1e-08
376,0.9988243846551951,0.003107913121814429,1e-08
377,0.9988244386594034,0.0031074162830975766,1e-08
378,0.9988247800193377,0.0031068739741707276,1e-08
379,0.9988251348469881,0.0031062575261331512,1e-08
380,0.9988252849920217,0.0031056469452194453,1e-08
381,0.9988254484714277,0.0031051759751851127,1e-08
382,0.9988256668884482,0.0031047014048702234,1e-08
383,0.998825899173216,0.0031041362941665136,1e-08
384,0.9988260630526532,0.003103595318676908,1e-08
385,0.9988262406664941,0.0031030450091265992,1e-08
386,0.998826513487754,0.00310243802849345,1e-08
387,0.9988267867090451,0.0031018921192860443,1e-08
388,0.9988268685820919,0.0031014206158768145,1e-08
389,0.9988270187271254,0.0031009024421640692,1e-08
390,0.9988271963409663,0.0031003375981478085,1e-08
391,0.9988274694289137,0.003099730484170935,1e-08
392,0.9988276742448743,0.0030992032430849355,1e-08
393,0.9988277697189809,0.0030987936111637943,1e-08
394,0.9988280706757667,0.0030983063731950936,1e-08
395,0.9988281664165608,0.003097712993621826,1e-08
396,0.9988283576314615,0.0030971626840715174,1e-08
397,0.998828603117258,0.0030966139746459007,1e-08
398,0.9988287671300389,0.0030961508718913033,1e-08
399,0.9988289720793432,0.0030957125710694314,1e-08
400,0.9988292454339781,0.0030952766704345977,1e-08
401,0.9988294229144752,0.003094823835146774,1e-08
402,0.9988294909197746,0.0030943661994848742,1e-08
403,0.9988296138626884,0.0030938530928336532,1e-08
404,0.998829996159146,0.0030933138508124638,1e-08
405,0.9988301055009999,0.003092900618610766,1e-08
406,0.9988303240513642,0.003092556058427098,1e-08
407,0.9988304189920959,0.0030922265660842793,1e-08
408,0.9988305420683534,0.0030918698716216973,1e-08
409,0.9988307059477907,0.003091467040230497,1e-08
410,0.9988309653013344,0.0030910039374759,1e-08
411,0.9988310881109046,0.0030904756296401058,1e-08
412,0.9988312658580891,0.003089926520183316,1e-08
413,0.9988313477311358,0.003089504087264639,1e-08
414,0.9988314570729898,0.003089186862544459,1e-08
415,0.9988315801492473,0.003088871637980143,1e-08
416,0.9988317988329553,0.003088551746385476,1e-08
417,0.9988319353769289,0.0030882234541361763,1e-08
418,0.9988320173833194,0.003087888094669487,1e-08
419,0.9988322223326237,0.003087533133675321,1e-08
420,0.9988323995464333,0.0030871599045909225,1e-08
421,0.9988325495581232,0.0030867357382038294,1e-08
422,0.9988327269052766,0.0030862706352933673,1e-08
423,0.998832972391073,0.0030857589954231142,1e-08
424,0.9988330952006432,0.0030852766911722137,1e-08
425,0.998833218143557,0.0030849621333265197,1e-08
426,0.9988332729478278,0.003084662643321675,1e-08
427,0.9988333001499474,0.003084377154407885,1e-08
428,0.9988334090917702,0.003084086731776295,1e-08
429,0.998833627375447,0.0030837916421143532,1e-08
430,0.9988337639194207,0.0030834834847674273,1e-08
431,0.9988338732612746,0.0030831693269529063,1e-08
432,0.9988339548676339,0.0030828575693254237,1e-08
433,0.9988341322147873,0.0030825392778554487,1e-08
434,0.99883425475767,0.003082214319199257,1e-08
435,0.9988344321048233,0.003081897361166525,1e-08
436,0.9988346101186952,0.003081573735947577,1e-08
437,0.998834773731445,0.003081255044446429,1e-08
438,0.9988349788140931,0.003080910617606485,1e-08
439,0.9988351290924704,0.0030805011190290685,1e-08
440,0.9988353613772382,0.003080011080842157,1e-08
441,0.9988354844534957,0.0030795818473935395,1e-08
442,0.99883555299217,0.0030792594222681102,1e-08
443,0.9988356484662766,0.003078966199418309,1e-08
444,0.9988358255467426,0.003078690044565222,1e-08
445,0.9988359480896252,0.003078412689618616,1e-08
446,0.9988360706325079,0.003078135201328286,1e-08
447,0.9988361255701222,0.003077853312695053,1e-08
448,0.9988362899829344,0.0030775663570002955,1e-08
449,0.9988364542624028,0.003077279934680435,1e-08
450,0.9988366314762124,0.0030769969792974077,1e-08
451,0.9988367132159154,0.0030767014896042927,1e-08
452,0.9988368902963813,0.003076408800129389,1e-08
453,0.9988369860371754,0.0030761067765937822,1e-08
454,0.9988371636510162,0.0030757959523723694,1e-08
455,0.9988373271304223,0.0030754559258753286,1e-08
456,0.998837436072245,0.0030750942976949464,1e-08
457,0.9988375998183385,0.0030747109344874987,1e-08
458,0.9988378590385386,0.0030743530399313978,1e-08
459,0.9988379682470488,0.003074055150051245,1e-08
460,0.9988380915899938,0.0030737953964762505,1e-08
461,0.9988381462609208,0.003073525108747034,1e-08
462,0.9988382420017149,0.003073265088484591,1e-08
463,0.9988384608187665,0.00307298880028778,1e-08
464,0.9988386249648912,0.0030727217128079477,1e-08
465,0.9988387344400889,0.003072448758204245,1e-08
466,0.9988389396560805,0.0030721750035381957,1e-08
467,0.9988391991429681,0.0030719039157466334,1e-08
468,0.9988393487546268,0.0030716342947360387,1e-08
469,0.9988394576964496,0.0030713641403505468,1e-08
470,0.9988395669049598,0.003071084385216903,1e-08
471,0.9988396353102904,0.0030708119639880974,1e-08
472,0.9988398537273109,0.0030705426096649512,1e-08
473,0.9988399766702246,0.003070266054780691,1e-08
474,0.9988402629592008,0.003069999767363205,1e-08
475,0.9988403177634715,0.003069718812136042,1e-08
476,0.9988403861688021,0.0030694439907201984,1e-08
477,0.998840550181583,0.0030691717028351172,1e-08
478,0.9988407415298274,0.0030688982148565167,1e-08
479,0.9988409322113532,0.0030686319274390306,1e-08
480,0.9988409864822491,0.0030683524389928355,1e-08
481,0.9988411366272826,0.003068080151107754,1e-08
482,0.998841177563806,0.003067805596379359,1e-08
483,0.9988413683786755,0.0030675274413704073,1e-08
484,0.9988415186570528,0.003067254753454153,1e-08
485,0.9988416824031463,0.0030669799320383094,1e-08
486,0.9988417914783128,0.003066708844246747,1e-08
487,0.9988418734847032,0.0030664397566110497,1e-08
488,0.9988420510985441,0.0030661576012903677,1e-08
489,0.9988422285790411,0.003065883446593146,1e-08
490,0.9988423241864914,0.00306561102536434,1e-08
491,0.9988424336616891,0.003065333937105183,1e-08
492,0.9988425292691395,0.003065057648908372,1e-08
493,0.9988426522120534,0.0030647756269314144,1e-08
494,0.9988427750216234,0.0030645022722965384,1e-08
495,0.9988429386343732,0.003064220116975857,1e-08
496,0.998843034508511,0.003063942628685527,1e-08
497,0.9988431441170524,0.0030636656737700937,1e-08
498,0.9988432399911902,0.0030633921857914936,1e-08
499,0.998843348933013,0.003063109763783363,1e-08
500,0.9988434172049998,0.0030628293419310976,1e-08
501,0.9988436358887077,0.003062561721076368,1e-08
502,0.998843690426291,0.003062285966254454,1e-08
503,0.9988438271036084,0.003062015411837789,1e-08
504,0.9988439633808947,0.0030617421905466376,1e-08
505,0.9988440588550013,0.0030614611019757505,1e-08
506,0.9988442363354983,0.003061193614464745,1e-08
507,0.9988443728794721,0.003060918659705177,1e-08
508,0.9988444823546697,0.0030606454384140254,1e-08
509,0.9988446047642087,0.0030603660833115544,1e-08
510,0.998844796645828,0.0030601056630179388,1e-08
511,0.9988448922532783,0.0030598347085701006,1e-08
512,0.9988451113370175,0.0030595601538417057,1e-08
513,0.9988452754831421,0.0030592867992068297,1e-08
514,0.9988454120271157,0.0030590174448836835,1e-08
515,0.9988455351033734,0.003058748757279159,1e-08
516,0.9988456311108549,0.0030584812697681536,1e-08
517,0.9988456993828417,0.0030582155157255647,1e-08
518,0.9988459180665497,0.003057935760591921,1e-08
519,0.9988459999395963,0.00305766933983071,1e-08
520,0.9988461360835389,0.003057402519038326,1e-08
521,0.9988462178232419,0.003057136764995737,1e-08
522,0.9988463677015881,0.0030568715443280454,1e-08
523,0.9988465453154288,0.0030566027233797964,1e-08
524,0.9988467770668218,0.0030563343024627206,1e-08
525,0.9988469136107955,0.003056061747890191,1e-08
526,0.9988471461622507,0.0030557974606285694,1e-08
527,0.9988472688384771,0.003055527172899353,1e-08
528,0.9988474188501669,0.0030552624856065584,1e-08
529,0.9988474049824196,0.00305499459806438,1e-08
530,0.9988475688618568,0.003054725377084958,1e-08
531,0.998847651001591,0.003054462823291753,1e-08
532,0.998847923822851,0.003054195602468196,1e-08
533,0.9988479512916582,0.003053939449173759,1e-08
534,0.9988481283721241,0.003053672095006478,1e-08
535,0.9988482241129182,0.0030534039407768506,1e-08
536,0.9988483743912955,0.0030531445872330294,1e-08
537,0.9988484293289099,0.0030528829668458944,1e-08
538,0.9988486341448705,0.00305261921295917,1e-08
539,0.9988487430866932,0.0030523539922914784,1e-08
540,0.9988488660296071,0.0030520957054974516,1e-08
541,0.9988489344349377,0.0030518340851103166,1e-08
542,0.9988490844466276,0.0030515747315664954,1e-08
543,0.9988492483260648,0.0030513127111481872,1e-08
544,0.9988493438001714,0.0030510510907610523,1e-08
545,0.9988494122055019,0.003050782803187701,1e-08
546,0.9988494936785175,0.0030505207827693933,1e-08
547,0.9988495894193116,0.003050255562101701,1e-08
548,0.9988496571579235,0.003049994208402015,1e-08
549,0.9988498217040793,0.00304973165460881,1e-08
550,0.9988499307792459,0.0030494683007532583,1e-08
551,0.998850053588816,0.003049212147458821,1e-08
552,0.9988501079930555,0.0030489454600101614,1e-08
553,0.9988501079930555,0.003048672105375286,1e-08
554,0.9988503265434197,0.003048413418550086,1e-08
555,0.998850395082094,0.0030481531316001943,1e-08
556,0.9988505041572605,0.003047890177775816,1e-08
557,0.9988505997647108,0.0030476304242008216,1e-08
558,0.9988507364420283,0.003047365603564303,1e-08
559,0.9988509277902727,0.003047103183114822,1e-08
560,0.9988509277902727,0.003046838362478303,1e-08
561,0.9988511462072931,0.0030465760753725464,1e-08
562,0.9988510912696787,0.0030463172552036228,1e-08
563,0.998851200478189,0.003046056568222558,1e-08
564,0.9988512683501446,0.003045802948458883,1e-08
565,0.9988514323629255,0.003045544528321132,1e-08
566,0.9988514999681938,0.003045285708152208,1e-08
567,0.9988515410380608,0.0030450304882638406,1e-08
568,0.9988517459873651,0.003044774601656852,1e-08
569,0.9988518825313389,0.0030445184483624144,1e-08
570,0.9988519921398803,0.003044256961319004,1e-08
571,0.9988522113569631,0.003043997074400285,1e-08
572,0.9988523341665332,0.0030437407877621234,1e-08
573,0.9988524704438194,0.003043489434841762,1e-08
574,0.9988524428416685,0.003043230614672838,1e-08
575,0.9988526480576603,0.0030429732612848813,1e-08
576,0.9988526343232567,0.0030427103074605034,1e-08
577,0.9988527163296471,0.003042453887478617,1e-08
578,0.9988527984693814,0.003042201067777288,1e-08
579,0.9988529348800113,0.0030419415808897424,1e-08
580,0.9988531542304379,0.003041681427283575,1e-08
581,0.9988532634389481,0.0030414284742385214,1e-08
582,0.9988534817226248,0.003041166987195111,1e-08
583,0.9988535223924607,0.0030409139008063333,1e-08
584,0.9988536998729578,0.0030406564140746523,1e-08
585,0.9988538092148117,0.003040394126968896,1e-08
586,0.9988539457587854,0.0030401343733939016,1e-08
587,0.9988541093715352,0.0030398807536302264,1e-08
588,0.9988542459155089,0.0030396252670544105,1e-08
589,0.9988543549906754,0.0030393808480077143,1e-08
590,0.998854450464782,0.0030391245613695527,1e-08
591,0.9988547642225654,0.0030388629409824177,1e-08
592,0.9988547642225654,0.003038611988093229,1e-08
593,0.9988549963739894,0.0030383611685477646,1e-08
594,0.9988551465190231,0.0030381099489711276,1e-08
595,0.998855378670447,0.0030378559291762792,1e-08
596,0.9988555016133609,0.0030376069764429556,1e-08
597,0.998855774834652,0.0030373533566792807,1e-08
598,0.9988558841765061,0.003037107204164168,1e-08
599,0.9988559525818366,0.003036854517806563,1e-08
600,0.9988561568644223,0.0030366064984793098,1e-08
601,0.9988562935417398,0.0030363539454654294,1e-08
602,0.9988563891491901,0.003036103925982311,1e-08
603,0.9988565664963435,0.003035865374059485,1e-08
604,0.9988566210339267,0.00303561175429581,1e-08
605,0.9988567302424369,0.0030353681353114596,1e-08
606,0.9988567982477363,0.0030351138488291626,1e-08
607,0.9988569211906502,0.003034863562658596,1e-08
608,0.9988570573345926,0.0030346203437054183,1e-08
609,0.9988572078796575,0.003034375524627549,1e-08
610,0.99885720761297,0.00303413163895575,1e-08
611,0.9988574125622743,0.0030338765524111073,1e-08
612,0.998857439764394,0.0030336392005818,1e-08
613,0.9988575493729355,0.0030333873142865415,1e-08
614,0.9988576720491619,0.0030331446287082614,1e-08
615,0.9988577947253883,0.003032893409131624,1e-08
616,0.9988579042005858,0.003032653657115279,1e-08
617,0.9988579315360494,0.00303240577113175,1e-08
618,0.9988580135424399,0.003032156951742151,1e-08
619,0.9988581500864135,0.003031909999164692,1e-08
620,0.9988582047573406,0.00303166171314999,1e-08
621,0.9988582595616112,0.00303141809416564,1e-08
622,0.9988583413013142,0.0030311696748072134,1e-08
623,0.9988584779786317,0.003030918188543128,1e-08
624,0.9988584911796604,0.003030671635996842,1e-08
625,0.9988586410580066,0.0030304222832323456,1e-08
626,0.9988587914697276,0.003030177330810752,1e-08
627,0.9988589006782378,0.00302993397851385,1e-08
628,0.9988589692169121,0.003029680492093899,1e-08
629,0.9988591465640655,0.0030294278057362944,1e-08
630,0.9988592420381721,0.0030291823199398034,1e-08
631,0.9988594189852943,0.0030289272333951602,1e-08
632,0.9988595011250284,0.0030286760138185233,1e-08
633,0.9988596651378094,0.0030284249275856104,1e-08
634,0.9988598159495616,0.003028172507915454,1e-08
635,0.9988599523601916,0.0030279235551821304,1e-08
636,0.9988601163729726,0.0030276716688868717,1e-08
637,0.9988602253147953,0.0030274123153430504,1e-08
638,0.998860334789993,0.0030271632292660023,1e-08
639,0.9988604167963835,0.0030269118763456408,1e-08
640,0.998860485201714,0.003026657856550793,1e-08
641,0.9988606077445967,0.003026401303225182,1e-08
642,0.9988607168197632,0.003026149150242475,1e-08
643,0.9988609076346326,0.0030258971306034916,1e-08
644,0.9988609896410232,0.0030256463110580273,1e-08
645,0.9988611669881765,0.0030253918912320063,1e-08
646,0.9988613040655251,0.003025145605373169,1e-08
647,0.9988614134073791,0.0030248930523592886,1e-08
648,0.9988614955471132,0.0030246371657523,1e-08
649,0.9988616595598941,0.0030243806124266893,1e-08
650,0.9988617686350607,0.003024130726287296,1e-08
651,0.9988618502414199,0.0030238771065236206,1e-08
652,0.9988619865187063,0.0030236224200101505,1e-08
653,0.9988621093282763,0.0030233673334655077,1e-08
654,0.9988623144109243,0.0030231119802334163,1e-08
655,0.9988624509548981,0.003022864360937336,1e-08
656,0.9988625054924813,0.0030226132747044232,1e-08
657,0.9988625604300958,0.0030223587215346777,1e-08
658,0.9988625740311556,0.0030221081686766624,1e-08
659,0.9988626424364863,0.0030218562823814033,1e-08
660,0.9988627791138037,0.003021608663085323,1e-08
661,0.99886291539109,0.0030213495762289504,1e-08
662,0.9988629976641679,0.0030211040904324594,1e-08
663,0.9988631483425764,0.0030208519374497517,1e-08
664,0.9988633122220135,0.0030206011179042874,1e-08
665,0.9988634623670472,0.0030203478981717853,1e-08
666,0.9988635851766172,0.003020095345157905,1e-08
667,0.9988637355883383,0.003019844792299889,1e-08
668,0.998863831462476,0.003019588238974279,1e-08
669,0.9988638175947288,0.0030193300855239765,1e-08
670,0.9988639541387024,0.0030190760657291286,1e-08
671,0.998864063213869,0.003018824846152491,1e-08
672,0.9988641177514522,0.0030185636257965293,1e-08
673,0.9988642541620822,0.00301830987268913,1e-08
674,0.9988644316425793,0.003018052252613725,1e-08
675,0.9988646365918836,0.003017795699288114,1e-08
676,0.9988647595347974,0.003017535679025671,1e-08
677,0.9988648823443675,0.0030172752587320556,1e-08
678,0.9988650192883725,0.0030170185720627208,1e-08
679,0.9988652103699294,0.0030167610853310397,1e-08
680,0.9988653602482755,0.003016507465567365,1e-08
681,0.9988654425213535,0.0030162423782433972,1e-08
682,0.9988655241277127,0.0030159872916987545,1e-08
683,0.9988656745394338,0.003015722204374787,1e-08
684,0.9988657976156913,0.003015454183488884,1e-08
685,0.9988658518865872,0.003015192029726852,1e-08
686,0.9988660291003968,0.0030149273424340574,1e-08
687,0.9988661240411285,0.0030146633218598846,1e-08
688,0.9988662605851022,0.00301439863456709,1e-08
689,0.9988662475174173,0.003014140214429339,1e-08
690,0.9988664116635418,0.003013875793823993,1e-08
691,0.9988665620752629,0.0030136189738109343,1e-08
692,0.9988666164795025,0.003013353753143242,1e-08
693,0.9988668897007936,0.0030130853322261667,1e-08
694,0.9988669447717518,0.0030128313124313183,1e-08
695,0.9988670677146656,0.0030125704921065296,1e-08
696,0.9988672451951627,0.003012317539061476,1e-08
697,0.9988673817391364,0.003012051918362611,1e-08
698,0.9988674228090034,0.0030117912313815465,1e-08
699,0.998867518816485,0.003011541478585877,1e-08
700,0.9988675736207556,0.003011283458479299,1e-08
701,0.9988677508345652,0.003011029171997002,1e-08
702,0.9988678600430755,0.0030107640846730346,1e-08
703,0.9988679693849295,0.0030105057978790078,1e-08
704,0.9988680923278433,0.0030102549783335435,1e-08
705,0.9988682292718482,0.0030099937579775816,1e-08
706,0.9988683927512543,0.00300974147165115,1e-08
707,0.9988685702317514,0.003009485318356712,1e-08
708,0.9988687339778448,0.00300922809831248,1e-08
709,0.9988688434530425,0.003008968344737486,1e-08
710,0.9988689799970162,0.0030087177918794706,1e-08
711,0.9988690073324796,0.0030084581716482003,1e-08
712,0.9988692669527109,0.003008206018665493,1e-08
713,0.9988693212236067,0.003007949331996158,1e-08
714,0.9988695260395674,0.0030076919786082017,1e-08
715,0.9988697307221841,0.003007440092312943,1e-08
716,0.9988698533984105,0.0030071743382703536,1e-08
717,0.9988700170111603,0.0030069125845394945,1e-08
718,0.9988700852831471,0.003006640696685586,1e-08
719,0.9988701807572538,0.0030063489406167527,1e-08
720,0.998870331035631,0.0030060374496767186,1e-08
721,0.9988706174579509,0.0030057118243019053,1e-08
722,0.9988710133554685,0.003005384198771227,1e-08
723,0.9988711092296063,0.003005066707363598,1e-08
724,0.9988712319058326,0.0030047602834850883,1e-08
725,0.9988713819175226,0.0030044537262628544,1e-08
726,0.9988715868668269,0.0030041399684795065,1e-08
727,0.9988717510129514,0.0030038359447880345,1e-08
728,0.9988719423611959,0.0030035475223123094,1e-08
729,0.9988721478438751,0.0030032747010523306,1e-08
730,0.9988722430512943,0.0030030134806963687,1e-08
731,0.9988723523931482,0.00300275666068331,1e-08
732,0.9988724746693434,0.003002503174263359,1e-08
733,0.9988725833444787,0.0030022507545932027,1e-08
734,0.9988726514831219,0.0030020008684538088,1e-08
735,0.9988727198884525,0.003001752582439107,1e-08
736,0.9988727749594106,0.0030015004294563995,1e-08
737,0.9988728708335484,0.0030012582772530167,1e-08
738,0.9988729531066263,0.0030010007905213357,1e-08
739,0.9988731033850036,0.003000750504350769,1e-08
740,0.9988732808655008,0.0030004926175879153,1e-08
741,0.998873403541727,0.003000242864792246,1e-08
742,0.9988734991491774,0.0029999997791827927,1e-08
743,0.9988735808888805,0.0029997393588891766,1e-08
744,0.9988736902307344,0.0029994912062181987,1e-08
745,0.9988738678445752,0.002999244920359362,1e-08
746,0.9988739635853693,0.002998995034219968,1e-08
747,0.9988740182562963,0.002998751281891893,1e-08
748,0.9988741137304029,0.00299850019565898,1e-08
749,0.9988742641421239,0.002998244175708267,1e-08
750,0.9988743734839779,0.0029980033569421277,1e-08
751,0.9988744689580845,0.002997751470646869,1e-08
752,0.9988745101612952,0.002997505584819205,1e-08
753,0.9988746603063289,0.0029972582322105733,1e-08
754,0.9988747424460631,0.0029970122130391847,1e-08
755,0.9988748520546045,0.0029967707275544236,1e-08
756,0.9988749880652033,0.002996519241290338,1e-08
757,0.9988751108747734,0.002996279889305166,1e-08
758,0.9988752198165962,0.0029960254694791446,1e-08
759,0.9988753832960022,0.002995783717306935,1e-08
760,0.9988754517013327,0.002995539431603963,1e-08
761,0.9988755746442466,0.002995296079307061,1e-08
762,0.9988757111882204,0.002995053793759954,1e-08
763,0.9988758341311341,0.002994805107714079,1e-08
764,0.998876011744975,0.0029945569550431017,1e-08
765,0.9988761482889487,0.0029943196032137945,1e-08
766,0.998876229895308,0.0029940718505739898,1e-08
767,0.9988763527048781,0.0029938262314337747,1e-08
768,0.9988764892488518,0.002993576078606932,1e-08
769,0.9988766119250782,0.002993337126652933,1e-08
770,0.9988766935314375,0.00299309004073175,1e-08
771,0.9988767619367681,0.0029928396212174587,1e-08
772,0.9988768023399165,0.0029925992024824924,1e-08
773,0.9988768976806794,0.0029923494496868226,1e-08
774,0.9988770204902495,0.002992101963734467,1e-08
775,0.9988771432998197,0.002991858211406392,1e-08
776,0.9988771843696868,0.0029916140590471444,1e-08
777,0.9988772797104496,0.0029913675065008586,1e-08
778,0.9988773749178688,0.002991121353985746,1e-08
779,0.9988774843930665,0.002990880935250779,1e-08
780,0.9988775797338294,0.0029906390497348454,1e-08
781,0.9988777300122067,0.0029903847632525484,1e-08
782,0.9988778670895553,0.002990141544299371,1e-08
783,0.9988779082927661,0.0029899056592510315,1e-08
784,0.9988781405775339,0.0029896593733921947,1e-08
785,0.9988782637871352,0.002989413220877082,1e-08
786,0.998878345660182,0.002989169335205283,1e-08
787,0.9988785506094862,0.0029889255828772082,1e-08
788,0.99887868715346,0.002988675963425263,1e-08
789,0.9988788643672696,0.0029884307443162205,1e-08
790,0.9988789459736288,0.0029881863252695243,1e-08
791,0.9988789733090924,0.0029879357724115086,1e-08
792,0.9988790278466756,0.002987696287082612,1e-08
793,0.9988791641239618,0.0029874410671942454,1e-08
794,0.9988793144023391,0.002987193447898165,1e-08
795,0.9988793280033991,0.002986946762008155,1e-08
796,0.9988794374785968,0.0029866935422756527,1e-08
797,0.998879533086047,0.0029864447228860535,1e-08
798,0.9988796697633645,0.002986192569903346,1e-08
799,0.9988797244342915,0.0029859408169518116,1e-08
800,0.9988797652374711,0.0029857058653095423,1e-08
801,0.9988799017814448,0.0029854633130749868,1e-08
802,0.9988800108566114,0.0029852170272161496,1e-08
803,0.9988801610016449,0.0029849782086058753,1e-08
804,0.9988802974122749,0.002984747257275336,1e-08
805,0.9988803791519779,0.0029845059051342993,1e-08
806,0.9988804472906211,0.0029842698867422355,1e-08
807,0.9988805702335349,0.0029840280012263013,1e-08
808,0.9988806245044307,0.002983789182616027,1e-08
809,0.9988807479807195,0.0029835479638187145,1e-08
810,0.9988808162527063,0.0029833102119582347,1e-08
811,0.9988809663977399,0.0029830671263487815,1e-08
812,0.9988811713470442,0.0029828257742077445,1e-08
813,0.9988812670878383,0.0029825886890658864,1e-08
814,0.9988812940232705,0.00298235320404872,1e-08
815,0.9988815125736348,0.0029821134520323753,1e-08
816,0.9988816216488012,0.002981871966547614,1e-08
817,0.9988816627186683,0.00298163501474948,1e-08
818,0.9988817716604911,0.0029813900623278863,1e-08
819,0.9988818943367175,0.0029811496435929196,1e-08
820,0.9988818942033738,0.0029809120250761643,1e-08
821,0.9988818944700613,0.0029806678727169163,1e-08
822,0.9988819215388373,0.0029804315876374044,1e-08
823,0.9988820716838709,0.0029801878353093295,1e-08
824,0.9988821948934722,0.00297994701654319,1e-08
825,0.9988822901008914,0.002979705131027256,1e-08
826,0.9988823723739693,0.0029794679125416733,1e-08
827,0.9988824407792998,0.0029792241602135984,1e-08
828,0.9988825771899298,0.0029789860083219454,1e-08
829,0.9988827278683383,0.0029787454562432546,1e-08
830,0.9988828508112522,0.002978503304039872,1e-08
831,0.9988829600197624,0.002978263151992354,1e-08
832,0.9988830832293636,0.002978024066694631,1e-08
833,0.9988832743109206,0.0029777780475232427,1e-08
834,0.9988833291151913,0.0029775382955068977,1e-08
835,0.9988834109882381,0.0029772940098039256,1e-08
836,0.9988836430063184,0.002977050657507024,1e-08
837,0.9988837250127088,0.0029768074385538466,1e-08
838,0.9988838206201591,0.0029765655530379124,1e-08
839,0.9988839299620131,0.0029763162002734156,1e-08
840,0.9988840661059557,0.0029760757815384493,1e-08
841,0.9988841894489007,0.002975836696240726,1e-08
842,0.9988843803971139,0.0029755956107871376,1e-08
843,0.9988844621368169,0.002975355058708447,1e-08
844,0.9988847073559259,0.002975108906193334,1e-08
845,0.9988849399073813,0.0029748659539276055,1e-08
846,0.9988850763180112,0.0029746212681934603,1e-08
847,0.9988852131286724,0.0029743789826463534,1e-08
848,0.9988853499393335,0.0029741318967251703,1e-08
849,0.9988854998176797,0.002973892678083723,1e-08
850,0.9988856640971481,0.002973650925911513,1e-08
851,0.9988857594379109,0.002973397839522735,1e-08
852,0.998885882247481,0.00297316208781812,1e-08
853,0.9988859777215876,0.0029729180688025966,1e-08
854,0.9988860594612907,0.002972681917066809,1e-08
855,0.9988861278666212,0.0029724424317379124,1e-08
856,0.9988861962719519,0.0029721936123483133,1e-08
857,0.9988863736191052,0.00297195452705059,1e-08
858,0.9988865097630477,0.00297171184147231,1e-08
859,0.9988866056371856,0.0029714670223944407,1e-08
860,0.9988866737758286,0.0029712316707209987,1e-08
861,0.9988867697833101,0.0029709857848933346,1e-08
862,0.9988869067273151,0.002970752966750655,1e-08
863,0.9988870024681091,0.0029705066808918177,1e-08
864,0.9988871798152625,0.0029702663955005755,1e-08
865,0.998887234219502,0.002970029577046166,1e-08
866,0.9988874529032099,0.002969784491280848,1e-08
867,0.998887589713871,0.00296954433923333,1e-08
868,0.9988876446514855,0.002969306053997953,1e-08
869,0.998887726657876,0.0029690584347018727,1e-08
870,0.9988877950632066,0.002968818415998079,1e-08
871,0.998887890137282,0.0029685855978553994,1e-08
872,0.9988879721436724,0.002968341178808703,1e-08
873,0.9988881772263205,0.0029681015601360824,1e-08
874,0.9988882997692031,0.002967864741681673,1e-08
875,0.9988883679078463,0.0029676184558228356,1e-08
876,0.9988885319206272,0.0029673853709927074,1e-08
877,0.9988886549968847,0.0029671386851026975,1e-08
878,0.9988887372699626,0.0029668987997426284,1e-08
879,0.9988888602128765,0.0029666557141331752,1e-08
880,0.9988889556869831,0.0029664180956164195,1e-08
881,0.9988891606362874,0.0029661786102875235,1e-08
882,0.9988893110480085,0.002965939791677249,1e-08
883,0.9988894202565187,0.0029657001730046284,1e-08
884,0.9988895978703595,0.0029654609543631806,1e-08
885,0.9988897072122135,0.002965225202658566,1e-08
886,0.9988898301551272,0.002964982517080286,1e-08
887,0.9988899253625464,0.002964749432250157,1e-08
888,0.9988900619065202,0.002964509413546364,1e-08
889,0.9988901711150304,0.002964262460968905,1e-08
890,0.9988902935245693,0.002964027109295463,1e-08
891,0.9988903755309598,0.002963791624278297,1e-08
892,0.9988904844727825,0.0029635464051692545,1e-08
893,0.9988905803469204,0.002963300385997866,1e-08
894,0.9988905799468891,0.0029630645009495267,1e-08
895,0.9988906343511287,0.0029628190151530357,1e-08
896,0.9988907711617898,0.002962585796979183,1e-08
897,0.9988909213068234,0.002962342311338557,1e-08
898,0.9988910575841097,0.0029620974922606874,1e-08
899,0.9988911397238439,0.0029618630739933157,1e-08
900,0.9988911671926511,0.002961626922257528,1e-08
901,0.9988913716085805,0.0029613855701164913,1e-08
902,0.9988914945514944,0.0029611499517556003,1e-08
903,0.9988915765578849,0.0029609190004250613,1e-08
904,0.9988917135018897,0.0029606823153143762,1e-08
905,0.9988918224437124,0.0029604454968599667,1e-08
906,0.9988919452532826,0.0029602117453112163,1e-08
907,0.9988920545951365,0.00295997532688798,1e-08
908,0.9988922043401389,0.002959738375089846,1e-08
909,0.9988922727454695,0.0029595012899479877,1e-08
910,0.9988922454100061,0.00295927007193,1e-08
911,0.9988923686196073,0.00295903725378732,1e-08
912,0.9988924506259977,0.0029588040356134677,1e-08
913,0.998892614505435,0.0029585638835659496,1e-08
914,0.9988926694430494,0.002958332798891686,1e-08
915,0.9988927101128854,0.002958094513656309,1e-08
916,0.998892805586992,0.002957860895451283,1e-08
917,0.9988929010610986,0.0029576174098106573,1e-08
918,0.9988930921426555,0.00295738405829308,1e-08
919,0.998893174149046,0.002957146973151222,1e-08
920,0.9988931880167934,0.0029569118881652284,1e-08
921,0.9988933110930509,0.002956672669523781,1e-08
922,0.9988934883068605,0.0029564290505394307,1e-08
923,0.9988936248508342,0.0029561882317732913,1e-08
924,0.9988937475270606,0.002955949146475568,1e-08
925,0.9988938840710343,0.0029556989936487255,1e-08
926,0.9988938840710343,0.002955469642442878,1e-08
927,0.9988939932795445,0.002955230557145155,1e-08
928,0.9988941576923567,0.002954988804972945,1e-08
929,0.9988942124966274,0.0029547475861756325,1e-08
930,0.9988943218384814,0.0029545109010649475,1e-08
931,0.9988944719835149,0.0029542679487992184,1e-08
932,0.9988946083941449,0.00295402499653349,1e-08
933,0.9988947180026863,0.002953787778047907,1e-08
934,0.9988947862746732,0.002953553626467984,1e-08
935,0.9988949365530505,0.0029533188081694397,1e-08
936,0.9988950320271571,0.0029530942573376684,1e-08
937,0.998895045628217,0.0029528561054460154,1e-08
938,0.9988951683044434,0.00295262342064706,1e-08
939,0.998895209107623,0.0029523910025355533,1e-08
940,0.9988953181827895,0.002952159651173841,1e-08
941,0.9988953727203728,0.0029519240328129506,1e-08
942,0.9988955774029896,0.0029516972151378655,1e-08
943,0.9988956320739166,0.0029514611967458022,1e-08
944,0.9988957003459035,0.0029512321122274034,1e-08
945,0.9988957414157705,0.002951005427896043,1e-08
946,0.9988958096877574,0.0029507634090363845,1e-08
947,0.9988958918274916,0.0029505360579864023,1e-08
948,0.9988960003692832,0.00295030377321862,1e-08
949,0.9988960959767336,0.002950072155169459,1e-08
950,0.9988962187863036,0.0029498380035895364,1e-08
951,0.9988963827990845,0.0029496007851039538,1e-08
952,0.998896574147329,0.0029493710338669337,1e-08
953,0.9988966424193159,0.002949139415817773,1e-08
954,0.9988967380267662,0.002948910597986823,1e-08
955,0.9988967654955734,0.002948674846282208,1e-08
956,0.9988968883051434,0.002948441894795804,1e-08
957,0.9988969292416668,0.002948211476840162,1e-08
958,0.9988970384501771,0.0029479709247614712,1e-08
959,0.9988971748608071,0.00294774237361797,1e-08
960,0.9988973112714371,0.002947508088694323,1e-08
961,0.9988972975370335,0.0029472754038953673,1e-08
962,0.9988974886185904,0.0029470437858462066,1e-08
963,0.9988975296884575,0.0029468107010160783,1e-08
964,0.9988977345044181,0.0029465810831227827,1e-08
965,0.9988977210367019,0.0029463489316987244,1e-08
966,0.9988978713150792,0.0029461151801499744,1e-08
967,0.9988979398537535,0.0029458802285077055,1e-08
968,0.998898021860144,0.0029456478103961985,1e-08
969,0.9988981857395812,0.0029454147255660703,1e-08
970,0.998898281613719,0.0029451825741420123,1e-08
971,0.9988984584274975,0.0029449505560616785,1e-08
972,0.9988985948381275,0.002944714137638442,1e-08
973,0.9988987311154137,0.00294448278627673,1e-08
974,0.998898799654088,0.002944253168383434,1e-08
975,0.9988988815271348,0.002944022217052895,1e-08
976,0.9988989911356762,0.002943788465504145,1e-08
977,0.9988991278129936,0.0029435585809234003,1e-08
978,0.9988993052934907,0.00294331989565685,1e-08
979,0.9988994142353135,0.002943084410639684,1e-08
980,0.9988996050501829,0.0029428638601196426,1e-08
981,0.9988997011910082,0.002942624241447022,1e-08
982,0.9988997693296514,0.0029423942235225534,1e-08
983,0.9988998785381615,0.0029421600719426303,1e-08
984,0.9988999737455807,0.002941933120923821,1e-08
985,0.9989000696197186,0.002941696169125687,1e-08
986,0.9989002198980959,0.002941462017545764,1e-08
987,0.9989002883034265,0.0029412333330585388,1e-08
988,0.9989003431076972,0.002940994914479437,1e-08
989,0.9989006300633919,0.002940764363180071,1e-08
990,0.9989007259375297,0.0029405360787240183,1e-08
991,0.9989008352793837,0.0029403032605813386,1e-08
992,0.9989009583556412,0.0029400661754394805,1e-08
993,0.9989010399620005,0.002939837890983428,1e-08
994,0.9989011491705108,0.002939602405966262,1e-08
995,0.9989012719800808,0.0029393617205438465,1e-08
996,0.9989014355928306,0.002939130102494686,1e-08
997,0.9989014494605779,0.0029388931506965517,1e-08
998,0.9989015585357444,0.002938660732585045,1e-08
999,0.9989016401421037,0.002938426714348846,1e-08
