epoch,categorical_accuracy,loss,lr
0,0.810834382404417,0.4550100170259241,1e-04
1,0.9267466289618405,0.23304458085855914,1e-04
2,0.9418201542540685,0.17993317274439255,1e-04
3,0.9508714906587964,0.1487100267036916,1e-04
4,0.958014927321099,0.12431468939621176,1e-04
5,0.9627168990621631,0.10879617516093072,1e-04
6,0.9676566645336364,0.09324887654925353,1e-04
7,0.9695930236938016,0.08743025005797145,1e-04
8,0.9720297594465132,0.08114426208022457,1e-04
9,0.9759646284766912,0.0688798092889039,1e-04
10,0.9768143270906453,0.06807755437206635,1e-04
11,0.9777891026513955,0.06402624426805466,1e-04
12,0.9796517678021851,0.05822608081553073,1e-04
13,0.9817336928391083,0.053231413865782805,1e-04
14,0.9830482978148748,0.0490006165749808,1e-04
15,0.9837454642758807,0.047579402358206596,1e-04
16,0.9838478727895408,0.04628635986272654,1e-04
17,0.9859221120275373,0.0398749311765035,1e-04
18,0.9826071229023688,0.048754185104796816,1e-04
19,0.984710023440504,0.043186356423951903,1e-04
20,0.9864708550557727,0.03759034914725046,1e-04
21,0.9876710068459479,0.034724711171732654,1e-04
22,0.9866969432073418,0.03739659484867548,1e-04
23,0.9878223389053772,0.03465432902043831,1e-04
24,0.9595025191104385,0.1287735197901459,1e-04
25,0.9863942262843685,0.03848440761800847,1e-04
26,0.988882672333344,0.031031323892691524,1e-04
27,0.9895689271440442,0.0293054149988247,1e-04
28,0.9897297490096466,0.028813316651372035,1e-04
29,0.9895844408863076,0.029572869040555335,1e-04
30,0.9892868414287865,0.030278650439558946,1e-04
31,0.9891805424786254,0.030404127417528123,1e-04
32,0.9893901512126795,0.030013029073975496,1e-04
33,0.9894243970813367,0.030030447231309793,1e-04
34,0.9901921829121225,0.027713021042629644,5e-05
35,0.9927526267049563,0.019808851765839578,5e-05
36,0.9933900953139234,0.017910296751615453,5e-05
37,0.9932255338235723,0.018549132400444424,5e-05
38,0.9926288914627144,0.020517184830351965,5e-05
39,0.9928179648631904,0.019967094497125953,5e-05
40,0.9933409674855687,0.018195430304380072,5e-05
41,0.9933100412089286,0.018368119894791504,5e-05
42,0.9931296264831918,0.019080263656257784,2.5e-05
43,0.994843485104691,0.013841462215321176,2.5e-05
44,0.9953396189666168,0.012469575175769644,2.5e-05
45,0.9953879800685567,0.01233897699872386,2.5e-05
46,0.9952344638389229,0.012955401301117284,2.5e-05
47,0.9951573326283654,0.013101725236948171,2.5e-05
48,0.9952256856882066,0.013041600284960446,2.5e-05
49,0.9950095364444741,0.013742392895205709,2.5e-05
50,0.9953942760258446,0.012523955013394622,2.5e-05
51,0.9953205144112008,0.012626134842567529,1.25e-05
52,0.9963285794994176,0.009791063248977832,1.25e-05
53,0.9966967011191434,0.008811524917081965,1.25e-05
54,0.9967412261888218,0.008708550092624605,1.25e-05
55,0.9966791945549199,0.008905652652117497,1.25e-05
56,0.9965350882585683,0.009335105984536327,1.25e-05
57,0.9965047608285942,0.009401919591080155,1.25e-05
58,0.9966421115318401,0.009100812926921801,1.25e-05
59,0.9966964553666595,0.008994921208494728,1.25e-05
60,0.9966263941737096,0.009223097122755626,6.25e-06
61,0.9970569442582611,0.00795919329794728,6.25e-06
62,0.9972976575495146,0.007324665451476505,6.25e-06
63,0.997407288626003,0.007057146471352118,6.25e-06
64,0.997437917012763,0.006996146251157893,6.25e-06
65,0.9974326459353402,0.007028219150483475,6.25e-06
66,0.9973957790624375,0.0071428336819813025,6.25e-06
67,0.997329706313626,0.00733902790402406,6.25e-06
68,0.9973656975182911,0.007225333844255281,6.25e-06
69,0.9973485471151552,0.007296758876817605,3.125e-06
70,0.997569462196939,0.006706649025014583,3.125e-06
71,0.9976755567311707,0.0064279359725764405,3.125e-06
72,0.9977137898438729,0.006334164932003491,3.125e-06
73,0.9977585347973527,0.0062342136764953066,3.125e-06
74,0.9977920695439281,0.006156889917599808,3.125e-06
75,0.9978157885922682,0.006099954680841775,3.125e-06
76,0.9978155687084668,0.006109770379077135,3.125e-06
77,0.9978483272612229,0.006021038397846606,3.125e-06
78,0.9978999128811045,0.005877349734039648,3.125e-06
79,0.9979326568993946,0.005808315687798281,3.125e-06
80,0.9979327230378818,0.005800658157741197,3.125e-06
81,0.9979629284583482,0.005727679670790431,3.125e-06
82,0.9979734280765457,0.0056985627351457905,3.125e-06
83,0.997970299299398,0.005708817667609094,3.125e-06
84,0.9979687449116035,0.005718313607593511,3.125e-06
85,0.9979638962670994,0.005713212143388104,3.125e-06
86,0.9979718714219078,0.005690507040727859,3.125e-06
87,0.9979572890855589,0.005724921455852671,1.5625e-06
88,0.9980495382742061,0.005499714572957698,1.5625e-06
89,0.998096945435142,0.005386177058721282,1.5625e-06
90,0.9981252112377943,0.005330365376184451,1.5625e-06
91,0.998144531143325,0.0052932019468388564,1.5625e-06
92,0.9981557138814222,0.005270397903135159,1.5625e-06
93,0.9981615438023936,0.005251737115633834,1.5625e-06
94,0.9981743934703886,0.005224717276741728,1.5625e-06
95,0.9981737388860459,0.005222201747382247,1.5625e-06
96,0.998177929212583,0.005214241260383486,1.5625e-06
97,0.9981896046557416,0.005184789098615881,1.5625e-06
98,0.9981817941804327,0.0052035322925388415,7.8125e-07
99,0.9982090499043731,0.005142206580313527,7.8125e-07
100,0.9982218291668817,0.00511392250957105,7.8125e-07
101,0.9982320160940457,0.005090559889006135,7.8125e-07
102,0.9982433077739656,0.00507029764337561,7.8125e-07
103,0.9982524967566966,0.005051152951498693,7.8125e-07
104,0.9982583669474727,0.005036933976798517,7.8125e-07
105,0.9982644023511233,0.0050237908192662314,7.8125e-07
106,0.9982701656002326,0.0050099266722164965,7.8125e-07
107,0.9982753122679606,0.0049969539279639055,7.8125e-07
108,0.9982819773206775,0.004981351512123808,7.8125e-07
109,0.9982873978764152,0.004968870272839096,7.8125e-07
110,0.9982867004887369,0.00496814728316578,3.90625e-07
111,0.9982925166753048,0.004951981090059216,3.90625e-07
112,0.998299426813787,0.004941231985753548,3.90625e-07
113,0.9983040279723387,0.004931779915854435,3.90625e-07
114,0.9983084524504557,0.004922810016862498,3.90625e-07
115,0.9983120575313866,0.004914114139224059,3.90625e-07
116,0.998316782699602,0.0049041322947081835,3.90625e-07
117,0.9983206339330482,0.00489525920326011,3.90625e-07
118,0.9983251641527385,0.004885332829733556,3.90625e-07
119,0.9983232678716348,0.004887519933500012,1.953125e-07
120,0.9983259975510156,0.004880626329639614,1.953125e-07
121,0.9983285652177712,0.004874561056994752,1.953125e-07
122,0.9983318277386745,0.004868320304008671,1.953125e-07
123,0.9983351051940748,0.004862221562089003,1.953125e-07
124,0.9983316499914899,0.004864598280631456,9.765625e-08
125,0.9983340937819257,0.004859213861043021,9.765625e-08
126,0.9983363071544058,0.004854556164752184,9.765625e-08
127,0.9983391195068957,0.004850242761957565,9.765625e-08
128,0.998341343946905,0.004846266452098053,9.765625e-08
129,0.9983412236708656,0.004844959550255897,4.8828124e-08
130,0.9983426581826519,0.004842440687303309,4.8828124e-08
131,0.9983443220456442,0.004839962227499192,4.8828124e-08
132,0.9983458653659095,0.004837715385744235,4.8828124e-08
133,0.9983465479524344,0.004835664159232872,4.8828124e-08
134,0.9983473266797844,0.00483417044283293,2.4414062e-08
135,0.9983479536619763,0.004832966749033405,2.4414062e-08
136,0.9983481590113117,0.004831919867453693,2.4414062e-08
137,0.9983485406410507,0.004830933523924825,2.4414062e-08
138,0.9983489504063157,0.004829989317012846,2.4414062e-08
139,0.9983494009747601,0.0048290808462189885,2.4414062e-08
140,0.998350153166709,0.004828188910046946,2.4414062e-08
141,0.998350809084489,0.0048273211090890085,2.4414062e-08
142,0.9983514229989958,0.004826474643126964,2.4414062e-08
143,0.998351395796876,0.004825624176853188,1.2207031e-08
144,0.9983516958202558,0.004825194410029674,1.2207031e-08
145,0.9983519142372763,0.004824787711670468,1.2207031e-08
146,0.9983522011929711,0.00482438248009223,1.2207031e-08
147,0.9983523238691975,0.00482398951613663,1.2207031e-08
148,0.9983525428195927,0.004823585884683084,1e-08
149,0.9983526657625066,0.0048232669264944876,1e-08
150,0.9983529115149905,0.0048229479683058905,1e-08
151,0.9983531571341308,0.0048226383441779975,1e-08
152,0.9983533899522734,0.0048223313869245905,1e-08
153,0.9983535264962472,0.004822033897075611,1e-08
154,0.9983536215703226,0.004821730673446485,1e-08
155,0.9983537301121143,0.004821418915819001,1e-08
156,0.9983538393206244,0.004821121826001195,1e-08
157,0.9983539759979418,0.00482081646887248,1e-08
158,0.9983540718720797,0.004820520312460744,1e-08
159,0.9983541262763191,0.004820218555612586,1e-08
160,0.9983543588277745,0.004819920665732433,1e-08
161,0.9983545367083027,0.004819624109289523,1e-08
162,0.9983547956618153,0.004819331553158344,1e-08
163,0.9983550003444321,0.004819044730807311,1e-08
164,0.9983550688831064,0.004818740973803287,1e-08
165,0.9983552603646946,0.004818446950891141,1e-08
166,0.9983554379785354,0.004818159995196383,1e-08
167,0.9983556697299283,0.004817868772502447,1e-08
168,0.9983558745458889,0.004817586483838041,1e-08
169,0.9983560380252949,0.004817287660551818,1e-08
170,0.9983562429745992,0.00481700283835665,1e-08
171,0.9983564207217838,0.004816715082599546,1e-08
172,0.9983565025948304,0.004816425860061475,1e-08
173,0.9983567210118509,0.004816138904366717,1e-08
174,0.9983568574224809,0.004815854215515274,1e-08
175,0.9983569668976786,0.004815569526663829,1e-08
176,0.9983571719803266,0.004815286704624526,1e-08
177,0.9983572810554932,0.0048150028158354275,1e-08
178,0.9983573901306596,0.004814714526703427,1e-08
179,0.9983574993391698,0.004814433571476265,1e-08
180,0.9983575264079458,0.004814147282500129,1e-08
181,0.9983576761529483,0.004813858993368127,1e-08
182,0.9983578129636095,0.004813577771453516,1e-08
183,0.9983580040451664,0.004813303216725121,1e-08
184,0.9983581136537079,0.004813019327936023,1e-08
185,0.9983582912675486,0.00481273743930279,1e-08
186,0.9983584000760277,0.0048124566174193514,1e-08
187,0.9983585094178816,0.0048121761955670864,1e-08
188,0.9983586594295715,0.004811900040713999,1e-08
189,0.9983587959735453,0.00481162441923581,1e-08
190,0.9983590693281801,0.004811335996760085,1e-08
191,0.9983591238657633,0.0048110566416576135,1e-08
192,0.9983593152140078,0.004810778353304937,1e-08
193,0.9983595605664606,0.0048105015317332295,1e-08
194,0.9983596152373875,0.0048102209765372396,1e-08
195,0.9983597515146738,0.004809942421497114,1e-08
196,0.998359833654408,0.004809667466737546,1e-08
197,0.9983599560639469,0.004809388911697422,1e-08
198,0.9983600654058008,0.004809111956781989,1e-08
199,0.9983602432863291,0.0048088354018977295,1e-08
200,0.9983604210335136,0.004808552979889599,1e-08
201,0.9983606530515939,0.004808278691848652,1e-08
202,0.9983609120051066,0.004807998403340111,1e-08
203,0.9983610620167965,0.0048077157146445325,1e-08
204,0.9983611437564995,0.004807444093478073,1e-08
205,0.9983612390972624,0.004807172338967889,1e-08
206,0.9983613624402073,0.004806889516928585,1e-08
207,0.9983615123185535,0.004806612962044325,1e-08
208,0.9983617579376938,0.004806334540347925,1e-08
209,0.9983618944816675,0.004806061985775395,1e-08
210,0.9983619902224615,0.004805786897672103,1e-08
211,0.9983621951717658,0.0048055090093506,1e-08
212,0.9983623317157395,0.004805236588121794,1e-08
213,0.998362523063984,0.0048049590998314635,1e-08
214,0.9983626597413015,0.004804685478509139,1e-08
215,0.9983627414810045,0.00480441292393661,1e-08
216,0.9983629605647435,0.004804135568990004,1e-08
217,0.9983630427044776,0.004803855947200084,1e-08
218,0.9983632472537508,0.0048035881930016296,1e-08
219,0.9983634656707713,0.00480331257152344,1e-08
220,0.9983636700867007,0.004803036950045251,1e-08
221,0.9983638204984217,0.004802768795815623,1e-08
222,0.9983639706434553,0.004802489307369429,1e-08
223,0.9983640937197128,0.004802217952890418,1e-08
224,0.998364230530374,0.004801947798504925,1e-08
225,0.9983643534732878,0.0048016736438077036,1e-08
226,0.998364490283949,0.004801401355922622,1e-08
227,0.9983646813655059,0.004801133468380444,1e-08
228,0.998364872447063,0.00480085277984073,1e-08
229,0.9983649679211696,0.0048005832921738595,1e-08
230,0.9983650221920654,0.004800312871100919,1e-08
231,0.9983652675445182,0.004800041649965632,1e-08
232,0.9983654447583278,0.004799768828705653,1e-08
233,0.9983655541001817,0.004799498007601539,1e-08
234,0.9983656493076009,0.00479922545302901,1e-08
235,0.9983657313139913,0.00479895076495689,1e-08
236,0.9983658815923686,0.004798681410633744,1e-08
237,0.998366044938431,0.00479840378899969,1e-08
238,0.998366167748001,0.004798132967895576,1e-08
239,0.998366304158631,0.004797862280135187,1e-08
240,0.998366522842339,0.0047975897255626565,1e-08
241,0.9983666321841929,0.0047973178377087485,1e-08
242,0.9983667827292577,0.004797044749761321,1e-08
243,0.9983669466086948,0.004796772328532516,1e-08
244,0.9983671102214446,0.004796498440522742,1e-08
245,0.9983671647590279,0.004796226686012558,1e-08
246,0.9983672600997908,0.004795960265251347,1e-08
247,0.9983674653157825,0.004795678643305563,1e-08
248,0.9983675742576053,0.0047954034218585465,1e-08
249,0.9983676974672065,0.004795133400816779,1e-08
250,0.9983679021498234,0.004794853645683135,1e-08
251,0.9983679570874379,0.004794582291204124,1e-08
252,0.9983680800303517,0.0047943100033190425,1e-08
253,0.9983682711119086,0.004794030914904021,1e-08
254,0.9983684760612129,0.004793755160082107,1e-08
255,0.9983686260729028,0.004793481805447231,1e-08
256,0.9983686807438298,0.00479321138437429,1e-08
257,0.998368735281413,0.004792937763051965,1e-08
258,0.9983688718253867,0.004792672409040549,1e-08
259,0.9983691037101233,0.004792399854468019,1e-08
260,0.9983692399874097,0.004792127699926662,1e-08
261,0.9983693761313521,0.004791856212103927,1e-08
262,0.9983694989409223,0.004791583924218846,1e-08
263,0.9983696078827451,0.004791316303364115,1e-08
264,0.9983698268331404,0.004791045348916278,1e-08
265,0.9983700175146661,0.004790779728217413,1e-08
266,0.9983701547253585,0.004790513307456203,1e-08
267,0.9983702227306579,0.00479024315307071,1e-08
268,0.9983704411476784,0.004789969531748386,1e-08
269,0.9983705780916833,0.004789706311236559,1e-08
270,0.998370714635657,0.004789445090880596,1e-08
271,0.998370905717214,0.004789177470025867,1e-08
272,0.9983710010579768,0.00478890624889058,1e-08
273,0.9983710967987709,0.004788644095128548,1e-08
274,0.998371233609432,0.004788372607305812,1e-08
275,0.9983713292168824,0.004788103653013839,1e-08
276,0.9983714933630071,0.004787842566001602,1e-08
277,0.9983716568424131,0.004787571878241212,1e-08
278,0.998372066607678,0.004787310124510353,1e-08
279,0.9983721484807248,0.004787047970748321,1e-08
280,0.9983722848913547,0.004786778616425175,1e-08
281,0.9983724625051955,0.004786511528945343,1e-08
282,0.998372571580362,0.004786246308277651,1e-08
283,0.9983727627952627,0.004785979354141543,1e-08
284,0.9983728586694005,0.004785717467066959,1e-08
285,0.9983729268080436,0.004785451579680645,1e-08
286,0.9983730357498664,0.004785184758888262,1e-08
287,0.9983731994959598,0.004784922205095057,1e-08
288,0.9983733359065898,0.00478465591767757,1e-08
289,0.9983734179129803,0.004784392697165743,1e-08
290,0.9983735407225505,0.0047841229428114244,1e-08
291,0.998373786608378,0.004783852388394759,1e-08
292,0.998373909017917,0.004783589701257829,1e-08
293,0.9983740731640417,0.004783325013965035,1e-08
294,0.9983741691715232,0.004783069527389219,1e-08
295,0.9983742785133771,0.00478279390591103,1e-08
296,0.9983743605197676,0.004782527885180992,1e-08
297,0.9983744699949653,0.004782265864762684,1e-08
298,0.998374619606624,0.004782005444469068,1e-08
299,0.9983747426828815,0.004781742357300965,1e-08
300,0.9983747972204647,0.004781475403164857,1e-08
301,0.9983748653591079,0.0047812057821542625,1e-08
302,0.9983750019030816,0.004780951495671966,1e-08
303,0.9983751524481465,0.004780686275004274,1e-08
304,0.9983752889921201,0.004780417187368577,1e-08
305,0.9983754256694376,0.004780155300293993,1e-08
306,0.9983756442198017,0.004779893546563134,1e-08
307,0.9983757948982103,0.004779626459083301,1e-08
308,0.9983760273163217,0.00477936897235162,1e-08
309,0.9983761226570846,0.004779107351964486,1e-08
310,0.9983762318655949,0.004778843198046588,1e-08
311,0.9983763822773158,0.004778580377565934,1e-08
312,0.9983765049535422,0.004778313690117275,1e-08
313,0.9983766688329795,0.004778060203697324,1e-08
314,0.9983768327124167,0.004777790982717902,1e-08
315,0.9983769005843723,0.004777536162860708,1e-08
316,0.9983770648638407,0.004777272542317708,1e-08
317,0.9983771738056635,0.004777012388711541,1e-08
318,0.9983773372850695,0.004776758368916693,1e-08
319,0.9983774876967906,0.0047764936816238985,1e-08
320,0.9983776377084804,0.004776232861299109,1e-08
321,0.9983777739857668,0.0047759704408496285,1e-08
322,0.9983778426577847,0.004775704820150764,1e-08
323,0.9983779521329824,0.004775448933543775,1e-08
324,0.9983780477404328,0.004775189313312505,1e-08
325,0.9983782117532137,0.004774929426393786,1e-08
326,0.9983783893670545,0.004774670072849965,1e-08
327,0.9983784441713252,0.004774410319274971,1e-08
328,0.9983787172592726,0.0047741521658246685,1e-08
329,0.9983789214085146,0.0047738948124367115,1e-08
330,0.9983789900805327,0.004773633192049577,1e-08
331,0.9983791266245063,0.004773378238848659,1e-08
332,0.9983792087642405,0.004773114751649383,1e-08
333,0.9983793593093053,0.004772858465011221,1e-08
334,0.9983794959866227,0.004772598311405054,1e-08
335,0.9983795918607605,0.004772341491391995,1e-08
336,0.9983797148036744,0.004772081071098379,1e-08
337,0.9983798105444684,0.004771828384740774,1e-08
338,0.9983799332206948,0.004771565830947569,1e-08
339,0.9983799878916217,0.00477130994434058,1e-08
340,0.9983802060419548,0.00477105032410931,1e-08
341,0.9983803015160614,0.004770797237720532,1e-08
342,0.9983803968568243,0.004770538017520435,1e-08
343,0.9983806016727849,0.004770277330539371,1e-08
344,0.9983807246156987,0.004770025577587836,1e-08
345,0.9983808068887766,0.004769763557169528,1e-08
346,0.9983809298316905,0.004769511670874269,1e-08
347,0.9983810663756642,0.004769252584017896,1e-08
348,0.9983811753174869,0.004768992430411729,1e-08
349,0.9983813802667912,0.004768737743898259,1e-08
350,0.9983815029430176,0.004768474790073881,1e-08
351,0.9983815846827206,0.004768222903778622,1e-08
352,0.9983816257525877,0.004767967017171634,1e-08
353,0.9983817621632177,0.004767713930782856,1e-08
354,0.9983818583040429,0.004767455643988829,1e-08
355,0.9983820767210634,0.004767194290289143,1e-08
356,0.9983822271327845,0.004766936803557462,1e-08
357,0.9983823638101019,0.004766679316825781,1e-08
358,0.9983824183476852,0.004766428097249144,1e-08
359,0.9983825816937474,0.004766163543300074,1e-08
360,0.998382855181726,0.004765912990442058,1e-08
361,0.9983830325288794,0.004765659504022107,1e-08
362,0.9983831282696735,0.004765400683853184,1e-08
363,0.9983832920157669,0.004765143863840125,1e-08
364,0.9983834422941442,0.004764886510452168,1e-08
365,0.9983835377682508,0.004764626890220898,1e-08
366,0.9983837835207349,0.0047643768707377795,1e-08
367,0.998383865660469,0.004764118450600029,1e-08
368,0.9983838932626199,0.0047638656308986995,1e-08
369,0.9983839341991433,0.004763608144167019,1e-08
370,0.9983840296732499,0.0047633454570300895,1e-08
371,0.9983840982119242,0.004763091970610139,1e-08
372,0.9983842484903016,0.004762838750877636,1e-08
373,0.9983843715665591,0.004762578863958917,1e-08
374,0.998384508510564,0.004762318043634129,1e-08
375,0.9983846175857305,0.004762071357744119,1e-08
376,0.9983846993254335,0.004761816271199476,1e-08
377,0.9983847131931809,0.004761560917967384,1e-08
378,0.9983848090673186,0.004761302897860807,1e-08
379,0.9983849320102325,0.00476105354509631,1e-08
380,0.9983850414854302,0.004760800592051256,1e-08
381,0.9983851505605966,0.004760540438445089,1e-08
382,0.9983853141733464,0.004760282818369684,1e-08
383,0.9983854235152003,0.004760033065574014,1e-08
384,0.998385628331161,0.0047597790457791665,1e-08
385,0.9983858876847047,0.004759520092266518,1e-08
386,0.998385956223379,0.004759261672128767,1e-08
387,0.9983860656985767,0.004759012986082892,1e-08
388,0.9983862839822535,0.004758757366163352,1e-08
389,0.998386352387584,0.004758502012931261,1e-08
390,0.9983864338605996,0.004758250926698348,1e-08
391,0.9983865702712296,0.004757993039935494,1e-08
392,0.9983866930807996,0.004757737820047127,1e-08
393,0.9983868701612656,0.004757482066783863,1e-08
394,0.9983869245655052,0.004757228580363912,1e-08
395,0.9983870885782861,0.004756973493819269,1e-08
396,0.9983872385899759,0.0047567185406183505,1e-08
397,0.99838733433077,0.004756463720761156,1e-08
398,0.998387416070473,0.004756210100997481,1e-08
399,0.9983874848758347,0.004755954081046768,1e-08
400,0.9983875256790145,0.004755696861002536,1e-08
401,0.9983875528811341,0.004755450708487423,1e-08
402,0.9983876482218971,0.0047551985555047156,1e-08
403,0.9983877436960037,0.0047549409354293104,1e-08
404,0.9983878257023941,0.004754690249227571,1e-08
405,0.9983878941077248,0.00475443582940155,1e-08
406,0.998388003316235,0.004754180876200631,1e-08
407,0.9983881126580889,0.004753925656312264,1e-08
408,0.9983882353343153,0.00475367083645507,1e-08
409,0.9983883854793489,0.004753417216691395,1e-08
410,0.998388453617992,0.0047531639969588925,1e-08
411,0.9983885356243825,0.004752910110507769,1e-08
412,0.9983887267059395,0.0047526520904011904,1e-08
413,0.9983888765842855,0.0047524016708869,1e-08
414,0.9983889312552126,0.0047521465843422565,1e-08
415,0.9983890680658737,0.004751895764796793,1e-08
416,0.9983892044765037,0.004751640811595874,1e-08
417,0.9983893135516703,0.004751381458052053,1e-08
418,0.9983893954247169,0.004751128104975826,1e-08
419,0.9983894091591206,0.00475087661871174,1e-08
420,0.9983895594374979,0.004750622465573168,1e-08
421,0.9983897097158752,0.004750365778903833,1e-08
422,0.9983897915889219,0.004750113092546229,1e-08
423,0.9983898735953124,0.004749856405876894,1e-08
424,0.9983899692027628,0.004749597052333072,1e-08
425,0.9983900506757784,0.0047493492996932675,1e-08
426,0.9983902010874993,0.004749090346180619,1e-08
427,0.9983903098959784,0.004748833392823836,1e-08
428,0.998390378301309,0.0047485833733407175,1e-08
429,0.998390432972236,0.0047483261532964855,1e-08
430,0.9983905559151498,0.004748066799752664,1e-08
431,0.998390705793496,0.0047478174469881675,1e-08
432,0.9983908284697224,0.004747563960568217,1e-08
433,0.9983908830073056,0.004747304607024395,1e-08
434,0.9983910604878027,0.004747050587229547,1e-08
435,0.99839121076618,0.00474678950021731,1e-08
436,0.9983912522360783,0.004746533346922872,1e-08
437,0.9983913890467394,0.004746287061064035,1e-08
438,0.9983916351992546,0.0047460341080189814,1e-08
439,0.9983916762691216,0.004745775287850058,1e-08
440,0.9983918261474678,0.004745519001211896,1e-08
441,0.9983919764258451,0.0047452685816976045,1e-08
442,0.998392140438626,0.004745004027748535,1e-08
443,0.9983921677740895,0.004744755741733833,1e-08
444,0.9983923591223339,0.004744503055376228,1e-08
445,0.9983924408620369,0.0047442545026740775,1e-08
446,0.9983925092673676,0.004744000882910402,1e-08
447,0.9983925774060106,0.004743740595960511,1e-08
448,0.9983927004822682,0.004743490176446219,1e-08
449,0.9983927956896874,0.004743238556838409,1e-08
450,0.9983928775627341,0.004742984270356112,1e-08
451,0.9983929733035282,0.004742726650280707,1e-08
452,0.9983930829120695,0.00474247636411014,1e-08
453,0.9983931237152492,0.004742223677752535,1e-08
454,0.9983932875946864,0.004741969657957687,1e-08
455,0.9983934102709128,0.004741713504663249,1e-08
456,0.9983935465481991,0.004741466285398343,1e-08
457,0.998393682958829,0.004741209332041559,1e-08
458,0.9983938331038626,0.004740960645995684,1e-08
459,0.9983940108510472,0.00474070089242069,1e-08
460,0.9983942025993228,0.004740444072407631,1e-08
461,0.9983942707379659,0.004740195653049204,1e-08
462,0.9983943796797887,0.004739944300128843,1e-08
463,0.9983944751538953,0.004739681879679362,1e-08
464,0.9983945575603169,0.004739437460632666,1e-08
465,0.998394680369887,0.0047391795738698115,1e-08
466,0.9983947486418739,0.004738926754168483,1e-08
467,0.9983949262557147,0.004738675001216948,1e-08
468,0.9983950218631651,0.004738423381609138,1e-08
469,0.9983951038695555,0.004738162027909451,1e-08
470,0.9983953494886957,0.004737916275425512,1e-08
471,0.998395404026279,0.00473765718856914,1e-08
472,0.9983954176273389,0.004737404235524086,1e-08
473,0.9983955949744923,0.004737146482104956,1e-08
474,0.9983956221766119,0.004736899129496324,1e-08
475,0.9983958133915126,0.004736646843169893,1e-08
476,0.9983958817968432,0.004736385756157656,1e-08
477,0.9983960048731008,0.004736129336175769,1e-08
478,0.9983961278160146,0.004735881983567137,1e-08
479,0.9983962371578686,0.004735631964084019,1e-08
480,0.9983963875695896,0.004735375810789582,1e-08
481,0.9983964013039932,0.004735117924026728,1e-08
482,0.9983965377146232,0.004734866437762642,1e-08
483,0.9983966741252532,0.004734617351685595,1e-08
484,0.9983967698660473,0.004734360931703708,1e-08
485,0.9983969062766773,0.004734112245657833,1e-08
486,0.9983970152185001,0.004733859692643953,1e-08
487,0.9983971649635025,0.004733606606255175,1e-08
488,0.998397369779463,0.004733361120458684,1e-08
489,0.9983975068568116,0.004733106567288939,1e-08
490,0.9983975479266788,0.004732849880619604,1e-08
491,0.998397657135189,0.004732602127979799,1e-08
492,0.9983976843373087,0.004732343574498324,1e-08
493,0.9983977526092956,0.004732095688514795,1e-08
494,0.9983979158220142,0.004731847269156368,1e-08
495,0.9983980386315843,0.004731588849018618,1e-08
496,0.9983981613078107,0.004731337629441981,1e-08
497,0.9983982295797975,0.0047310912102394185,1e-08
498,0.9983983797248311,0.004730831189976976,1e-08
499,0.998398393325891,0.004730586637586555,1e-08
500,0.998398529736521,0.004730338618259302,1e-08
501,0.9983986522794036,0.004730081931589967,1e-08
502,0.9983986796148672,0.00472983471232506,1e-08
503,0.9983988434943043,0.004729578559030622,1e-08
504,0.9983989252340073,0.004729332006484337,1e-08
505,0.9983989524361271,0.004729085853969224,1e-08
506,0.9983990616446373,0.004728823300176019,1e-08
507,0.9983992255240746,0.004728578747785598,1e-08
508,0.9983993208648374,0.0047283292616773775,1e-08
509,0.9983994572754674,0.00472807004147728,1e-08
510,0.9983996208882172,0.0047278232222435455,1e-08
511,0.9983997711665945,0.004727572536041806,1e-08
512,0.9983999213116281,0.004727321716496342,1e-08
513,0.9984000851910653,0.004727067563357769,1e-08
514,0.9984001671974557,0.004726818210593273,1e-08
515,0.9984002630715936,0.004726566724329187,1e-08
516,0.9984002902737134,0.00472631550475255,1e-08
517,0.9984004265509996,0.004726064685207085,1e-08
518,0.998400590830468,0.004725809065287545,1e-08
519,0.9984007961798034,0.004725570246677271,1e-08
520,0.9984008373830142,0.00472531582685125,1e-08
521,0.9984009328571208,0.004725063673868542,1e-08
522,0.9984010147301676,0.0047248124542919046,1e-08
523,0.9984011239386779,0.004724562034777614,1e-08
524,0.9984011514074851,0.004724307481607868,1e-08
525,0.9984013015525186,0.004724060262342961,1e-08
526,0.9984014110277163,0.004723812109671983,1e-08
527,0.9984014655652995,0.004723562623563762,1e-08
528,0.9984016019759295,0.00472330753701912,1e-08
529,0.9984016977167236,0.004723064984784564,1e-08
530,0.9984018069252338,0.004722810698302267,1e-08
531,0.9984019434692075,0.004722560945506597,1e-08
532,0.9984020256089418,0.004722309592586235,1e-08
533,0.9984021349507957,0.004722067307039128,1e-08
534,0.9984022572269909,0.004721817820930908,1e-08
535,0.9984023395000688,0.004721564067823508,1e-08
536,0.9984024351075191,0.004721316448527428,1e-08
537,0.9984025713848055,0.004721062562076304,1e-08
538,0.998402652857821,0.004720814276061602,1e-08
539,0.9984027621996749,0.004720567456827867,1e-08
540,0.9984028984769612,0.004720318237407095,1e-08
541,0.998402898610305,0.00472006461764342,1e-08
542,0.9984029940844116,0.004719814998191475,1e-08
543,0.9984030898252056,0.004719567778926567,1e-08
544,0.9984031579638487,0.004719314425850342,1e-08
545,0.9984031989003721,0.004719063872992326,1e-08
546,0.9984033217099423,0.004718817720477213,1e-08
547,0.9984034719883196,0.004718564367400986,1e-08
548,0.998403608665637,0.004718320748416636,1e-08
549,0.998403635734413,0.00471807232905821,1e-08
550,0.9984036906720275,0.004717817509201016,1e-08
551,0.9984037862794778,0.004717573223498044,1e-08
552,0.9984038958880191,0.004717321203859061,1e-08
553,0.9984039778944097,0.004717075051343948,1e-08
554,0.9984040596341127,0.004716828632141386,1e-08
555,0.9984041413738157,0.004716577812595922,1e-08
556,0.9984041961780864,0.004716328859862598,1e-08
557,0.9984043737919271,0.004716079640441826,1e-08
558,0.9984044693993775,0.004715828820896362,1e-08
559,0.9984045786078878,0.004715580801569108,1e-08
560,0.9984047015508016,0.004715327448492883,1e-08
561,0.9984047970249083,0.004715079695853078,1e-08
562,0.9984050015741813,0.00471483247658817,1e-08
563,0.9984051246504388,0.0047145843239171925,1e-08
564,0.9984052886632199,0.004714335237840144,1e-08
565,0.99840539787173,0.004714083351544886,1e-08
566,0.9984055616178236,0.004713834265467838,1e-08
567,0.9984056162887505,0.004713575311955189,1e-08
568,0.9984056980284535,0.00471332955947125,1e-08
569,0.9984058479067996,0.0047130790066132345,1e-08
570,0.9984060120529243,0.004712832320723224,1e-08
571,0.9984061757990178,0.004712571900429608,1e-08
572,0.9984062302032574,0.0047123160138226195,1e-08
573,0.9984062712731244,0.004712060927277977,1e-08
574,0.9984063666138873,0.004711810774451135,1e-08
575,0.9984064898234886,0.0047115540877818,1e-08
576,0.998406748910345,0.004711303934954957,1e-08
577,0.9984068989220348,0.004711052715378319,1e-08
578,0.9984070083972325,0.004710802695895202,1e-08
579,0.9984071038713391,0.004710548676100353,1e-08
580,0.9984071720099823,0.004710298789960959,1e-08
581,0.9984073769592865,0.004710047037009425,1e-08
582,0.9984075541730962,0.004709797684244928,1e-08
583,0.9984075812418722,0.00470954953157395,1e-08
584,0.9984077589890568,0.004709298978715935,1e-08
585,0.9984079367362413,0.004709043625483844,1e-08
586,0.998408127951142,0.00470879560615659,1e-08
587,0.9984081824887252,0.0047085421197366395,1e-08
588,0.9984083327671025,0.004708295433846629,1e-08
589,0.9984083737036259,0.004708041947426678,1e-08
590,0.99840846944442,0.004707793794755701,1e-08
591,0.9984085515841542,0.004707549509052729,1e-08
592,0.9984086334572009,0.004707293089070843,1e-08
593,0.9984087151969039,0.004707047469930627,1e-08
594,0.9984088112043854,0.00470679625035399,1e-08
595,0.998408947348328,0.004706539163653482,1e-08
596,0.9984091388299161,0.0047062943445756135,1e-08
597,0.9984092069685593,0.0047060487254353975,1e-08
598,0.9984092751072023,0.004705805106451047,1e-08
599,0.9984094389866396,0.004705549219844059,1e-08
600,0.9984096164671367,0.004705296533486454,1e-08
601,0.9984097666121703,0.004705052247783482,1e-08
602,0.998409848485217,0.004704808762142855,1e-08
603,0.9984100127646853,0.0047045551423791805,1e-08
604,0.9984102041129298,0.004704310323301311,1e-08
605,0.9984102997203801,0.004704066437629512,1e-08
606,0.9984104501321012,0.004703815751427772,1e-08
607,0.998410504402997,0.004703572132443421,1e-08
608,0.9984106000104473,0.00470331984611699,1e-08
609,0.9984107092189576,0.004703079560725748,1e-08
610,0.998410791225348,0.004702827941117938,1e-08
611,0.9984109003005145,0.004702580321821857,1e-08
612,0.9984110231100847,0.004702338302962198,1e-08
613,0.9984111051164751,0.004702090683666118,1e-08
614,0.9984111188508787,0.004701841197557897,1e-08
615,0.9984112141916416,0.004701597845260996,1e-08
616,0.9984113099324357,0.004701352092777056,1e-08
617,0.9984114192742896,0.0047011056735744945,1e-08
618,0.9984115283494561,0.004700859254371933,1e-08
619,0.9984115694193232,0.0047006207024491075,1e-08
620,0.9984116922288933,0.00470036454915467,1e-08
621,0.998411883443794,0.004700122130263838,1e-08
622,0.998412060924291,0.004699872644155618,1e-08
623,0.998412224937072,0.004699635025638862,1e-08
624,0.9984123208112098,0.004699384472780847,1e-08
625,0.998412402950944,0.0046991440540458795,1e-08
626,0.9984124986917381,0.004698901368467599,1e-08
627,0.9984125668303812,0.004698653882515244,1e-08
628,0.9984127441775346,0.004698411463624413,1e-08
629,0.998412785114058,0.004698165977827921,1e-08
630,0.9984128124495214,0.004697923825624539,1e-08
631,0.9984130173988257,0.0046976767397033554,1e-08
632,0.9984130446009455,0.004697432854031556,1e-08
633,0.9984131128729323,0.004697186301485271,1e-08
634,0.9984132492835623,0.0046969461494377526,1e-08
635,0.9984133862275671,0.0046966974633918775,1e-08
636,0.9984135090371373,0.004696452644314009,1e-08
637,0.998413672649887,0.004696209425360831,1e-08
638,0.9984138094605483,0.004695970606750557,1e-08
639,0.9984139598722692,0.004695721920704682,1e-08
640,0.9984140145431962,0.00469547550150212,1e-08
641,0.9984140829485268,0.004695231349142873,1e-08
642,0.9984141782892897,0.0046949878635022466,1e-08
643,0.9984143148332634,0.0046947478447984525,1e-08
644,0.9984144648449533,0.004694501025564719,1e-08
645,0.9984146012555832,0.004694258339986438,1e-08
646,0.9984146555264791,0.004694016187783055,1e-08
647,0.9984146964630024,0.004693770835330289,1e-08
648,0.9984148462080049,0.004693519349066203,1e-08
649,0.9984150235551582,0.004693282663955518,1e-08
650,0.9984151602324757,0.004693034377940816,1e-08
651,0.9984152555732385,0.004692790492269017,1e-08
652,0.9984154059849596,0.004692544473097629,1e-08
653,0.9984156109342639,0.004692302320894246,1e-08
654,0.9984156926739669,0.004692052301411127,1e-08
655,0.9984158016157897,0.004691809349145398,1e-08
656,0.9984159110909874,0.004691568663722984,1e-08
657,0.9984160476349611,0.004691318510896141,1e-08
658,0.9984161703111875,0.004691068891444196,1e-08
659,0.9984162795196977,0.004690830206177645,1e-08
660,0.9984163885948641,0.004690587120568192,1e-08
661,0.9984165798097648,0.00469033790114742,1e-08
662,0.9984167574236057,0.0046900942821630695,1e-08
663,0.99841682596228,0.004689849196397752,1e-08
664,0.9984169213030429,0.0046896058441008494,1e-08
665,0.9984170443793005,0.004689356491336353,1e-08
666,0.9984171810566179,0.004689116605976284,1e-08
667,0.9984173717381437,0.004688870986836069,1e-08
668,0.9984174536111904,0.004688628701288961,1e-08
669,0.998417480946654,0.004688382148742676,1e-08
670,0.9984175902885079,0.00468813959650812,1e-08
671,0.9984177543012888,0.004687891443837142,1e-08
672,0.9984179592505931,0.004687648758258862,1e-08
673,0.9984179727183092,0.004687403139118647,1e-08
674,0.998418054591356,0.00468716085357154,1e-08
675,0.9984181914020172,0.004686912834244286,1e-08
676,0.99841828674278,0.004686669615291109,1e-08
677,0.9984183551481106,0.004686428129806348,1e-08
678,0.9984184918254281,0.004686184244134549,1e-08
679,0.998418546496355,0.0046859375582445385,1e-08
680,0.9984186285027455,0.004685697272853296,1e-08
681,0.9984187378445994,0.004685457254149503,1e-08
682,0.9984188194509588,0.004685210301572045,1e-08
683,0.9984190242669193,0.004684962282244791,1e-08
684,0.9984191341421481,0.004684725597134106,1e-08
685,0.9984191614776117,0.004684473977526296,1e-08
686,0.9984192436173458,0.004684234092166227,1e-08
687,0.9984193940290669,0.004683985406120352,1e-08
688,0.998419544440788,0.00468374392063559,1e-08
689,0.9984196809847616,0.004683503501900624,1e-08
690,0.9984197761921808,0.004683259616228824,1e-08
691,0.9984198171287042,0.004683005196402803,1e-08
692,0.9984198713996,0.0046827630441994205,1e-08
693,0.9984200491467845,0.004682518758496449,1e-08
694,0.9984201036843677,0.004682272872668785,1e-08
695,0.9984202130262217,0.004682024986685256,1e-08
696,0.9984202672971175,0.004681783234513046,1e-08
697,0.9984203902400314,0.004681534148435998,1e-08
698,0.9984205266506613,0.004681293463013583,1e-08
699,0.9984205813215883,0.004681047710529643,1e-08
700,0.9984207452010255,0.004680805024951363,1e-08
701,0.9984208546762232,0.004680557138967834,1e-08
702,0.9984209093471501,0.004680313920014657,1e-08
703,0.9984209909535094,0.0046800648339376085,1e-08
704,0.9984211137630795,0.0046798221483593284,1e-08
705,0.9984211955027825,0.004679577062594011,1e-08
706,0.9984213048446365,0.00467933251020359,1e-08
707,0.9984214276542066,0.004679090891375104,1e-08
708,0.9984215236616881,0.004678839538454742,1e-08
709,0.9984215916669875,0.004678591385783765,1e-08
710,0.9984217831485757,0.0046783517671111444,1e-08
711,0.9984218512872188,0.0046781037477838915,1e-08
712,0.9984219607624165,0.004677856661862708,1e-08
713,0.9984220835719866,0.0046776150430342224,1e-08
714,0.998422220249304,0.004677370223956354,1e-08
715,0.9984223159900981,0.004677120071129511,1e-08
716,0.9984224246652335,0.0046768731185520525,1e-08
717,0.9984225336070562,0.004676626032630869,1e-08
718,0.9984226976198372,0.00467638521386473,1e-08
719,0.9984227798929151,0.0046761363944751305,1e-08
720,0.9984228893681127,0.004675891575397261,1e-08
721,0.9984229576400996,0.004675647823069186,1e-08
722,0.9984230808497009,0.004675403804053663,1e-08
723,0.998423217660362,0.0046751512510397825,1e-08
724,0.9984232721979452,0.0046749084321177775,1e-08
725,0.9984234360773825,0.004674656679166243,1e-08
726,0.9984235448858615,0.004674407059714298,1e-08
727,0.9984236402266244,0.004674164507479742,1e-08
728,0.9984237626361634,0.004673915688090143,1e-08
729,0.9984238173070903,0.004673672869168139,1e-08
730,0.9984239129145407,0.004673421516247777,1e-08
731,0.998424036124142,0.004673175497076389,1e-08
732,0.9984241725347719,0.004672928811186378,1e-08
733,0.9984242541411312,0.004672682391983817,1e-08
734,0.9984243089454019,0.0046724354394063585,1e-08
735,0.9984243501486127,0.004672190753672214,1e-08
736,0.9984244318883158,0.004671951935061939,1e-08
737,0.9984245409634823,0.004671699915422956,1e-08
738,0.9984246771074248,0.0046714534962203945,1e-08
739,0.9984247593805027,0.004671209343861147,1e-08
740,0.9984248276524896,0.004670969725188526,1e-08
741,0.9984249371276872,0.004670723572673414,1e-08
742,0.9984250871393772,0.00467047768684575,1e-08
743,0.998425127809213,0.004670231134299464,1e-08
744,0.9984252098156035,0.0046699859151904215,1e-08
745,0.9984252507521268,0.0046697461631740765,1e-08
746,0.9984253055563975,0.0046695036109395205,1e-08
747,0.9984254283659677,0.004669254391518748,1e-08
748,0.9984254967712982,0.0046690214400323445,1e-08
749,0.9984256059798085,0.004668777954391718,1e-08
750,0.9984256606507355,0.004668533535345022,1e-08
751,0.998425797728084,0.00466828831623598,1e-08
752,0.9984258934688781,0.0046680452306265266,1e-08
753,0.9984260165451357,0.004667807478766046,1e-08
754,0.9984261941589765,0.00466756919353067,1e-08
755,0.9984262622976197,0.004667320640828519,1e-08
756,0.9984263307029502,0.004667079688718655,1e-08
757,0.9984264535125204,0.004666838203233894,1e-08
758,0.9984265487199395,0.004666592850781127,1e-08
759,0.9984266033908665,0.004666360165982172,1e-08
760,0.9984267534025564,0.004666114680185681,1e-08
761,0.9984268898131864,0.004665877061668925,1e-08
762,0.9984269991550403,0.004665629442372845,1e-08
763,0.9984271489000427,0.004665393157293332,1e-08
764,0.9984272854440164,0.004665150471715052,1e-08
765,0.9984273811848104,0.004664909786292637,1e-08
766,0.9984275039943806,0.0046646717677447085,1e-08
767,0.9984275856007399,0.004664430548947396,1e-08
768,0.9984276950759375,0.00466418893011891,1e-08
769,0.9984278042844478,0.004663950378196085,1e-08
770,0.998427858822031,0.004663708492680151,1e-08
771,0.9984280225681246,0.004663466873851665,1e-08
772,0.998428173246533,0.004663226455116699,1e-08
773,0.9984283100571941,0.004662985503006835,1e-08
774,0.9984282963227906,0.004662743750834625,1e-08
775,0.9984283919302409,0.004662501731974966,1e-08
776,0.9984284875376913,0.004662254912741233,1e-08
777,0.9984286239483212,0.004662015427412336,1e-08
778,0.9984286922203081,0.004661778208926754,1e-08
779,0.9984288148965345,0.0046615409904411705,1e-08
780,0.9984288559664016,0.004661292171051571,1e-08
781,0.9984289377061046,0.004661057352753027,1e-08
782,0.998429074383422,0.00466081413379985,1e-08
783,0.9984291838586197,0.004660581582344618,1e-08
784,0.9984292794660701,0.0046603364965793,1e-08
785,0.998429429877791,0.004660093277626123,1e-08
786,0.9984294708143144,0.0046598591260462,1e-08
787,0.9984296212260355,0.004659619107342406,1e-08
788,0.998429648561499,0.004659373221514742,1e-08
789,0.998429744302293,0.004659136536404057,1e-08
790,0.9984298263086835,0.004658897851137507,1e-08
791,0.9984299215161027,0.004658662232776617,1e-08
792,0.9984300175235842,0.004658422614103996,1e-08
793,0.9984302090051723,0.004658173261339499,1e-08
794,0.9984303596835808,0.004657943110071306,1e-08
795,0.9984305238297055,0.004657700957867923,1e-08
796,0.9984306197038433,0.004657462939319994,1e-08
797,0.9984307423800697,0.004657221587178958,1e-08
798,0.9984307967843092,0.004656981968506337,1e-08
799,0.9984309875991787,0.00465674368327096,1e-08
800,0.9984310422701057,0.004656499797599161,1e-08
801,0.9984310830732853,0.004656265512675514,1e-08
802,0.9984311513452722,0.004656022960440958,1e-08
803,0.9984312740214986,0.004655781208268748,1e-08
804,0.9984314240331884,0.004655545323220408,1e-08
805,0.9984315469761023,0.004655310238234415,1e-08
806,0.9984317516587191,0.004655066485906341,1e-08
807,0.9984317924618987,0.004654829000733309,1e-08
808,0.9984318744682892,0.0046545953825282834,1e-08
809,0.99843192927256,0.0046543533636686256,1e-08
810,0.9984320523488175,0.004654115478464421,1e-08
811,0.9984321342218643,0.004653871992823795,1e-08
812,0.9984322159615673,0.004653637574556424,1e-08
813,0.9984323117023614,0.0046534002227271165,1e-08
814,0.9984324347786189,0.00465316260421036,1e-08
815,0.9984325847903087,0.004652919118569735,1e-08
816,0.9984326807977902,0.004652678699834768,1e-08
817,0.9984328036073603,0.004652443614848775,1e-08
818,0.9984329537523939,0.004652206263019468,1e-08
819,0.998433062560873,0.004651965444253329,1e-08
820,0.9984332127059066,0.004651731292673406,1e-08
821,0.998433267643521,0.004651486206908088,1e-08
822,0.9984333496499115,0.00465124605486057,1e-08
823,0.998433513396005,0.004651007236250295,1e-08
824,0.9984336088701116,0.004650767217546502,1e-08
825,0.9984336636743822,0.004650524531968222,1e-08
826,0.9984338410215357,0.0046502899803571255,1e-08
827,0.9984339363622985,0.004650047828153743,1e-08
828,0.9984340186353765,0.004649812743167749,1e-08
829,0.9984340594385561,0.004649570457620642,1e-08
830,0.9984341413116028,0.004649332172385265,1e-08
831,0.9984342914566364,0.004649094020493612,1e-08
832,0.9984344002651155,0.004648854268477267,1e-08
833,0.9984345233413731,0.004648619583522447,1e-08
834,0.9984346732197192,0.004648377297975339,1e-08
835,0.9984347414917061,0.004648136879240373,1e-08
836,0.998434946574354,0.004647892726881125,1e-08
837,0.998434946574354,0.004647660708800792,1e-08
838,0.9984350147129972,0.004647413222848435,1e-08
839,0.9984351513903147,0.004647177204456372,1e-08
840,0.9984351513903147,0.004646928651754222,1e-08
841,0.998435246997765,0.00464668929976905,1e-08
842,0.9984353836750824,0.004646450481158775,1e-08
843,0.9984354656814729,0.004646201928456624,1e-08
844,0.9984355608888921,0.004645966043408285,1e-08
845,0.9984357791725688,0.004645728958266427,1e-08
846,0.9984359022488264,0.004645486672719319,1e-08
847,0.9984359842552168,0.004645252121108224,1e-08
848,0.9984360386594563,0.004645012769123052,1e-08
849,0.9984362849453151,0.004644772883762982,1e-08
850,0.998436326148526,0.00464453473187133,1e-08
851,0.9984363942871691,0.004644300046916509,1e-08
852,0.9984364897612757,0.004644064828586792,1e-08
853,0.9984365716343224,0.004643824276508101,1e-08
854,0.9984366808428327,0.004643595325333426,1e-08
855,0.9984367763169393,0.00464335397319239,1e-08
856,0.9984369128609131,0.0046431195549250185,1e-08
857,0.9984369947339597,0.004642889803687998,1e-08
858,0.9984370631392904,0.004642647918172064,1e-08
859,0.9984371587467407,0.004642412833186071,1e-08
860,0.9984372682219383,0.004642170414295239,1e-08
861,0.9984373091584617,0.004641940796401943,1e-08
862,0.9984374182336282,0.004641705311384777,1e-08
863,0.9984375682453182,0.004641463692556292,1e-08
864,0.9984376773204846,0.004641224473914844,1e-08
865,0.9984378410665781,0.004640992189147062,1e-08
866,0.9984379501417446,0.004640760304410452,1e-08
867,0.9984380592169111,0.004640518952269416,1e-08
868,0.9984382094952884,0.00464028226715873,1e-08
869,0.9984382916350226,0.0046400531826403316,1e-08
870,0.9984384008435329,0.004639810897093225,1e-08
871,0.9984384827165795,0.0046395763454821284,1e-08
872,0.9984386192605533,0.004639340993808687,1e-08
873,0.9984387284690635,0.0046391003083862715,1e-08
874,0.9984388514119773,0.004638858422870337,1e-08
875,0.9984389332850241,0.004638622937853171,1e-08
876,0.9984390288924744,0.004638388252898351,1e-08
877,0.9984391653031044,0.004638148234194557,1e-08
878,0.9984394109222446,0.004637907282084693,1e-08
879,0.9984395066630387,0.004637672330442424,1e-08
880,0.9984396297392962,0.004637437645487604,1e-08
881,0.9984397117456867,0.004637198293502432,1e-08
882,0.9984398074864808,0.004636949874144006,1e-08
883,0.9984399304293946,0.004636720656281883,1e-08
884,0.9984399989680689,0.004636481170952987,1e-08
885,0.9984401079098917,0.004636241418936642,1e-08
886,0.9984401897829385,0.004636008334106514,1e-08
887,0.998440312859196,0.004635766715278028,1e-08
888,0.9984403948655864,0.004635529496792446,1e-08
889,0.9984405040740967,0.004635291478244517,1e-08
890,0.9984406131492631,0.0046350573266645935,1e-08
891,0.9984407498265806,0.004634822508366049,1e-08
892,0.9984408312995962,0.004634583823099499,1e-08
893,0.9984409403747627,0.004634345937895295,1e-08
894,0.9984411317230071,0.00463411205300282,1e-08
895,0.9984412956024443,0.004633873234392546,1e-08
896,0.9984414593485378,0.004633638016062828,1e-08
897,0.9984415960258552,0.004633403864482905,1e-08
898,0.9984416505634385,0.004633173046496091,1e-08
899,0.9984417737730398,0.004632936094697957,1e-08
900,0.9984418964492662,0.004632702076461758,1e-08
901,0.9984419787223441,0.004632465391351073,1e-08
902,0.9984420741964507,0.004632231373114874,1e-08
903,0.9984421290007214,0.004631995221379086,1e-08
904,0.998442210873768,0.00463176253658013,1e-08
905,0.9984423475510855,0.004631523984657305,1e-08
906,0.9984424840950592,0.0046312923666081435,1e-08
907,0.9984425797025096,0.004631065948964232,1e-08
908,0.9984426751766162,0.004630832464102931,1e-08
909,0.9984427573163503,0.004630595778992245,1e-08
910,0.9984429486645948,0.004630358960537836,1e-08
911,0.9984430308043291,0.004630129876019438,1e-08
912,0.9984431536138991,0.004629894257658546,1e-08
913,0.9984433312277399,0.004629665306483873,1e-08
914,0.9984434539039663,0.004629435155215679,1e-08
915,0.9984435084415495,0.004629203537166519,1e-08
916,0.9984435632458203,0.004628963251775277,1e-08
917,0.9984437813961533,0.004628727900101834,1e-08
918,0.9984438224660204,0.004628498282208539,1e-08
919,0.998443836200424,0.004628264530659789,1e-08
920,0.9984439042057234,0.004628034246047871,1e-08
921,0.9984439862121138,0.004627797427593462,1e-08
922,0.9984440546174445,0.004627562342607468,1e-08
923,0.998444177693702,0.00462733112458948,1e-08
924,0.9984441775603582,0.0046271005732901145,1e-08
925,0.9984443003699284,0.004626865088272948,1e-08
926,0.9984444094450948,0.004626640137410004,1e-08
927,0.9984444910514542,0.004626401452143453,1e-08
928,0.9984445729245008,0.004626169167375671,1e-08
929,0.9984446960007585,0.004625937949357684,1e-08
930,0.9984447641394015,0.004625705131215004,1e-08
931,0.9984447505383417,0.004625470179572735,1e-08
932,0.9984448600135394,0.0046252441619599955,1e-08
933,0.9984449561543646,0.0046250105437549704,1e-08
934,0.9984449969575443,0.004624777858956015,1e-08
935,0.9984450792306222,0.004624545040813335,1e-08
936,0.9984451611036689,0.004624318089794526,1e-08
937,0.9984452703121791,0.004624079404527976,1e-08
938,0.9984453656529421,0.004623853386915237,1e-08
939,0.9984453521852259,0.004623618168585519,1e-08
940,0.9984453248497623,0.004623390284160639,1e-08
941,0.9984454201905253,0.004623163466485555,1e-08
942,0.9984454748614523,0.004622931581748945,1e-08
943,0.9984455840699624,0.004622692896482395,1e-08
944,0.9984456660763529,0.004622466612182207,1e-08
945,0.9984458571579099,0.00462223139385249,1e-08
946,0.9984459660997327,0.004622004309489956,1e-08
947,0.9984460754415866,0.004621769091160239,1e-08
948,0.9984461575813208,0.004621536539705008,1e-08
949,0.9984461711823807,0.004621310788779718,1e-08
950,0.9984464028004298,0.0046210805041678,1e-08
951,0.9984464710724167,0.0046208450191506335,1e-08
952,0.9984465530788071,0.004620610467539537,1e-08
953,0.9984466077497341,0.004620384983301696,1e-08
954,0.998446730692648,0.004620147898159838,1e-08
955,0.9984468401678457,0.004619922413921996,1e-08
956,0.9984469632441032,0.004619686395529933,1e-08
957,0.9984470455171811,0.004619458244417604,1e-08
958,0.9984472369987692,0.004619233026867212,1e-08
959,0.9984473055374435,0.004618997275162596,1e-08
960,0.998447360475058,0.004618764990394814,1e-08
961,0.9984474015449251,0.004618531638877237,1e-08
962,0.9984475787587347,0.00461830415448353,1e-08
963,0.9984476604984377,0.0046180680027477425,1e-08
964,0.998447783708039,0.004617838118166998,1e-08
965,0.9984477834413515,0.004617607033492735,1e-08
966,0.9984479611885361,0.004617374615381228,1e-08
967,0.9984480838647625,0.004617142597300894,1e-08
968,0.9984482198753613,0.0046169163130007065,1e-08
969,0.998448342418244,0.004616676961015535,1e-08
970,0.998448478828874,0.004616449476621829,1e-08
971,0.998448683911522,0.0046162178585726675,1e-08
972,0.9984487929866884,0.004615990240835237,1e-08
973,0.9984489160629461,0.00461575688931766,1e-08
974,0.9984489978026491,0.0046155190041134555,1e-08
975,0.9984491479476826,0.004615295386687755,1e-08
976,0.9984491751498024,0.004615061368451556,1e-08
977,0.9984492570228491,0.004614828950340049,1e-08
978,0.9984493390292396,0.004614600799227721,1e-08
979,0.9984493800991067,0.004614368114428766,1e-08
980,0.9984494895743043,0.004614137696473124,1e-08
981,0.9984495578462912,0.004613904078268098,1e-08
982,0.9984496258515906,0.004613675660468321,1e-08
983,0.9984496942569212,0.0046134468426373716,1e-08
984,0.9984498714707308,0.004613214424525865,1e-08
985,0.9984499808125848,0.004612977739415179,1e-08
986,0.998450090021095,0.004612750521708921,1e-08
987,0.9984501174899022,0.004612511836442372,1e-08
988,0.9984501992296052,0.0046122804850806595,1e-08
989,0.998450254033876,0.004612056867654958,1e-08
990,0.9984504040455658,0.004611816448919992,1e-08
991,0.9984504452487767,0.004611591098025875,1e-08
992,0.998450567925003,0.004611355079633811,1e-08
993,0.9984506363303336,0.004611120394678991,1e-08
994,0.9984507318044402,0.004610891710191765,1e-08
995,0.9984508956838775,0.00461066395911061,1e-08
996,0.9984509910246403,0.004610428340749719,1e-08
997,0.9984510728976871,0.004610195522607039,1e-08
998,0.9984512227760332,0.004609970305056646,1e-08
999,0.9984513594533506,0.004609738553663762,1e-08
