epoch,categorical_accuracy,loss,lr
0,0.7214708085561492,0.5066304510871836,1e-04
1,0.9166029139653148,0.26117854697058934,1e-04
2,0.9336666439470296,0.20240546619598765,1e-04
3,0.9452051895043461,0.1625905270277787,1e-04
4,0.949796057120799,0.14705362055925714,1e-04
5,0.9567774211533651,0.12559751562890858,1e-04
6,0.9637952640285962,0.1039651824323923,1e-04
7,0.9673403682858085,0.09280965898927693,1e-04
8,0.9713467468884701,0.08087103492194908,1e-04
9,0.973495026029463,0.07536440567682254,1e-04
10,0.9749485043604635,0.07039265317938205,1e-04
11,0.9762882175594901,0.06635140465943339,1e-04
12,0.9788184529982957,0.059588898481671974,1e-04
13,0.9799106129063856,0.05658776954783156,1e-04
14,0.9805065240102593,0.05599078729382031,1e-04
15,0.9827320142347007,0.04780081507876949,1e-04
16,0.9840466184104049,0.04410777782700472,1e-04
17,0.9841078306471208,0.04433023049527367,1e-04
18,0.9853366236025322,0.040567465276526125,1e-04
19,0.9863402964818131,0.037491153417284324,1e-04
20,0.9866925548653741,0.03625246835768356,1e-04
21,0.9862553203932658,0.038294576425147005,1e-04
22,0.986930796230666,0.036021567297728534,1e-04
23,0.9867597390341278,0.03606627624840278,1e-04
24,0.9872456807684845,0.03505815542250938,1e-04
25,0.9883038269593412,0.031954434760731606,1e-04
26,0.9886317922498289,0.03047711003813434,1e-04
27,0.9895530536404126,0.027904909062438896,1e-04
28,0.9896018693111087,0.027933744109450303,1e-04
29,0.9883957973262608,0.03145615873187447,1e-04
30,0.9876343858588729,0.033981116692758516,1e-04
31,0.9893810309019665,0.028181949984573944,1e-04
32,0.9905299050962632,0.024958309177850982,1e-04
33,0.9914678311187949,0.02269778062299861,1e-04
34,0.9910897148535556,0.023611663171909,1e-04
35,0.9909158939749869,0.02419479341314943,1e-04
36,0.9912092444347322,0.023444469609783268,1e-04
37,0.9913730757348489,0.023191460827052993,1e-04
38,0.9907654153153934,0.024833586658674064,1e-04
39,0.9909483369031475,0.024587522017075713,5e-05
40,0.9935402398141439,0.01676346871676861,5e-05
41,0.9946741909788759,0.013604115986450673,5e-05
42,0.9947337100169803,0.013367905579424012,5e-05
43,0.9941793364166414,0.014821645397467902,5e-05
44,0.994005788225989,0.015652408669192253,5e-05
45,0.9937424433044673,0.01640060083978128,5e-05
46,0.9944266724906512,0.014453083076733072,5e-05
47,0.9944639201932306,0.01435858891314308,5e-05
48,0.9943973071356481,0.01468598362583442,2.5e-05
49,0.9961125451979754,0.010004629758113715,2.5e-05
50,0.9967231831827953,0.008270571829221926,2.5e-05
51,0.9967599284462214,0.008262613742410203,2.5e-05
52,0.9964106124252814,0.00922930840677863,2.5e-05
53,0.9963297453235993,0.009461038864698986,2.5e-05
54,0.9963060008066079,0.009693504846602745,2.5e-05
55,0.9963611292359013,0.009329835973863367,2.5e-05
56,0.9961435345461971,0.009900471108071756,1.25e-05
57,0.9971317656888258,0.007254082884564496,1.25e-05
58,0.9975216234023673,0.006227672366754588,1.25e-05
59,0.9976419667802935,0.005929861026055594,1.25e-05
60,0.9976392843045911,0.0059602947309779905,1.25e-05
61,0.9975114112732394,0.0063217966348532864,1.25e-05
62,0.9974203303089612,0.00658997646647545,1.25e-05
63,0.9973908356105454,0.006645920425986817,1.25e-05
64,0.9974612106946225,0.006455669600424884,1.25e-05
65,0.9973784379777759,0.006711595010437422,6.25e-06
66,0.9978196991636715,0.005480293326196521,6.25e-06
67,0.9980334192847778,0.004937641039257349,6.25e-06
68,0.9981209771745156,0.004722270256187559,6.25e-06
69,0.9981635246234185,0.004616871642853056,6.25e-06
70,0.9981646032408047,0.004612913467740052,6.25e-06
71,0.9981422036286168,0.004671005061275474,6.25e-06
72,0.9981064021720716,0.004773746800902706,6.25e-06
73,0.998123836197309,0.004715608670407494,6.25e-06
74,0.9981420192142461,0.004669376934401407,6.25e-06
75,0.9980664293237981,0.004869550666553062,3.125e-06
76,0.9982042004598067,0.004495394309895151,3.125e-06
77,0.9983051769952113,0.004259745946666538,3.125e-06
78,0.9983707033014404,0.004111369984261941,3.125e-06
79,0.9984124853573656,0.0040124522759610376,3.125e-06
80,0.9984419097836386,0.003949157876989719,3.125e-06
81,0.9984594843531615,0.003909675466934307,3.125e-06
82,0.9984649923823824,0.003896918072796508,3.125e-06
83,0.9984613612994252,0.0039041094331933347,3.125e-06
84,0.9984671717522128,0.0038919862218084484,3.125e-06
85,0.9984784634321328,0.0038650126531886843,3.125e-06
86,0.9984342165174633,0.003972815987247749,1.5625e-06
87,0.9984719495911993,0.0038702614622094754,1.5625e-06
88,0.9985067213675053,0.003790168687534546,1.5625e-06
89,0.9985344467280428,0.0037276259471372736,1.5625e-06
90,0.9985588059596034,0.003673129567097231,1.5625e-06
91,0.9985791035413208,0.003629156807125015,1.5625e-06
92,0.9985971681490308,0.003592388075203437,1.5625e-06
93,0.9986100912894178,0.0035638446509171384,1.5625e-06
94,0.9986208367934429,0.0035372109754506905,1.5625e-06
95,0.9986294470644104,0.003517590513165365,1.5625e-06
96,0.9986360417116409,0.003500762668498677,1.5625e-06
97,0.9986428015717458,0.0034850425101499963,1.5625e-06
98,0.9986512942335483,0.003464905740964066,1.5625e-06
99,0.9986437840483066,0.0034759319335288916,7.8125e-07
100,0.9986618757247925,0.0034373819961377172,7.8125e-07
101,0.9986732762131915,0.0034144256739008345,7.8125e-07
102,0.998683040574093,0.003393433904754502,7.8125e-07
103,0.9986921680853671,0.0033745157638652213,7.8125e-07
104,0.9987009471694895,0.003356582633067564,7.8125e-07
105,0.9987091603428458,0.003340451909391672,7.8125e-07
106,0.9987048952104794,0.0033459620721121497,3.90625e-07
107,0.9987071545865445,0.0033387588441238574,3.90625e-07
108,0.9987110194210504,0.0033309482354712434,3.90625e-07
109,0.9987148537198436,0.0033215627040905707,3.90625e-07
110,0.9987190947169959,0.0033118787494548483,3.90625e-07
111,0.9987236193362499,0.0033020981206189864,3.90625e-07
112,0.9987282966340681,0.0032924625697551956,3.90625e-07
113,0.9987336626522226,0.003282838353107973,3.90625e-07
114,0.9987280932848885,0.003291664774252531,1.953125e-07
115,0.9987287894724732,0.0032882918447456103,1.953125e-07
116,0.9987327007105953,0.003281190758050155,1.953125e-07
117,0.9987375350873209,0.0032728633091220387,1.953125e-07
118,0.9987415272650836,0.0032649390916162954,1.953125e-07
119,0.9987371395898346,0.003268981939994249,9.765625e-08
120,0.9987414471255053,0.0032606444902868077,9.765625e-08
121,0.9987450383386889,0.0032543938698651274,9.765625e-08
122,0.9987475094645882,0.003249215066299609,9.765625e-08
123,0.9987501454033307,0.0032447469847847687,9.765625e-08
124,0.9987508283898868,0.0032429200424177267,4.8828124e-08
125,0.9987525007868773,0.003239791265270054,4.8828124e-08
126,0.9987536956799911,0.0032375113542714644,4.8828124e-08
127,0.9987550541858545,0.0032354441265131802,4.8828124e-08
128,0.9987562270772538,0.0032335151761970263,4.8828124e-08
129,0.9987570484745956,0.003231969322400872,2.4414062e-08
130,0.9987575942504593,0.0032308733703306056,2.4414062e-08
131,0.9987583316412548,0.003229930363512146,2.4414062e-08
132,0.9987589115531119,0.0032290244262490496,2.4414062e-08
133,0.998759417459202,0.0032281439576373003,2.4414062e-08
134,0.9987598192238434,0.0032272837572716495,2.4414062e-08
135,0.9987604943431198,0.003226437691340777,2.4414062e-08
136,0.9987611717292393,0.003225596959158878,1.2207031e-08
137,0.9987614574848406,0.003225168125741434,1.2207031e-08
138,0.9987617515077527,0.003224765027662785,1.2207031e-08
139,0.998761962724212,0.0032243620629278606,1.2207031e-08
140,0.9987621738073277,0.0032239656320354284,1.2207031e-08
141,0.9987623583550421,0.0032235621339256064,1e-08
142,0.9987626246424596,0.0032232438424556315,1e-08
143,0.9987628217244842,0.003222935951796154,1e-08
144,0.9987629994716687,0.00322262539426219,1e-08
145,0.998763183619352,0.0032223153701031234,1e-08
146,0.9987633609665053,0.0032220104130055815,1e-08
147,0.9987636817915061,0.0032217031890647255,1e-08
148,0.9987639207434601,0.0032214027656538107,1e-08
149,0.9987641464943854,0.0032210948749943334,1e-08
150,0.9987643377092861,0.003220804852393916,1e-08
151,0.9987645493257766,0.003220504295639277,1e-08
152,0.9987647060046526,0.00322020720582147,1e-08
153,0.9987649450899504,0.003219915983127534,1e-08
154,0.9987650816339241,0.0032196264939020145,1e-08
155,0.9987652595144524,0.0032193338044271104,1e-08
156,0.9987654643304129,0.003219041114952207,1e-08
157,0.9987655730055482,0.0032187470920400597,1e-08
158,0.9987657232839255,0.0032184618698137186,1e-08
159,0.9987658323590921,0.0032181763808999285,1e-08
160,0.9987659272998238,0.003217897025797458,1e-08
161,0.9987661046469771,0.0032176086033217327,1e-08
162,0.9987662963952527,0.0032173243145014615,1e-08
163,0.9987664808096235,0.003217041492462158,1e-08
164,0.9987665833509475,0.003216753203330157,1e-08
165,0.9987666714911493,0.003216478515258038,1e-08
166,0.9987667885669392,0.0032162008936239836,1e-08
167,0.998766939112004,0.00321591713817861,1e-08
168,0.9987670480538268,0.003215638316451036,1e-08
169,0.9987672532698185,0.003215362028254225,1e-08
170,0.9987674171492558,0.003215084539963895,1e-08
171,0.9987676363663386,0.0032148133188286084,1e-08
172,0.9987677727769685,0.0032145379640378673,1e-08
173,0.9987678541166404,0.0032142682096835485,1e-08
174,0.9987679973278003,0.0032139851209567966,1e-08
175,0.9987681209374327,0.0032137157666336505,1e-08
176,0.9987682373465041,0.0032134413452489796,1e-08
177,0.9987684224275934,0.003213167723926655,1e-08
178,0.9987685113678576,0.0032128997030407523,1e-08
179,0.9987687016493522,0.0032126283485617415,1e-08
180,0.9987689133991865,0.0032123555273017627,1e-08
181,0.9987691862204464,0.003212087906447033,1e-08
182,0.9987692064886925,0.003211820152248579,1e-08
183,0.9987692954289566,0.003211542930645697,1e-08
184,0.9987694999782297,0.003211279176758973,1e-08
185,0.9987697047941904,0.0032110095557483782,1e-08
186,0.9987698212032616,0.003210750202204557,1e-08
187,0.9987699369456144,0.003210478314350649,1e-08
188,0.9987701069588629,0.0032102124269643355,1e-08
189,0.9987702167007481,0.003209942139235119,1e-08
190,0.9987703805801852,0.003209676518536254,1e-08
191,0.9987705232579702,0.003209416898304984,1e-08
192,0.9987706524680392,0.003209152344355914,1e-08
193,0.9987707487422082,0.0032088848568449083,1e-08
194,0.9987708783523082,0.0032086187027711463,1e-08
195,0.9987710152963131,0.003208350948572692,1e-08
196,0.9987711043699209,0.003208089594873006,1e-08
197,0.9987711590408479,0.0032078213072996545,1e-08
198,0.9987713027853827,0.0032075614203809356,1e-08
199,0.998771411993893,0.0032072959330257953,1e-08
200,0.9987715553383966,0.003207038846325288,1e-08
201,0.998771650945847,0.0032067750924385636,1e-08
202,0.9987717870897894,0.003206509338395974,1e-08
203,0.998771950835883,0.0032062530517578125,1e-08
204,0.9987720941803866,0.003205988364465018,1e-08
205,0.9987723059302208,0.0032057240772033965,1e-08
206,0.998772455808567,0.003205466190440543,1e-08
207,0.9987725718176071,0.0032052032366161644,1e-08
208,0.9987728042357187,0.0032049497501962136,1e-08
209,0.9987728999765128,0.00320469186343336,1e-08
210,0.9987730226527392,0.003204426909453117,1e-08
211,0.9987731931993625,0.0032041630222226685,1e-08
212,0.9987733841475758,0.0032039070022719554,1e-08
213,0.9987735274920794,0.003203653782539453,1e-08
214,0.9987736369672771,0.003203390962058799,1e-08
215,0.998773800046652,0.0032031321418898753,1e-08
216,0.9987739844610227,0.003202876388626611,1e-08
217,0.9987741344727126,0.0032026155683018216,1e-08
218,0.998774305019336,0.0032023562147580004,1e-08
219,0.9987744276955624,0.0032021047284939144,1e-08
220,0.9987745166358265,0.0032018435081379525,1e-08
221,0.9987746394453966,0.0032015880215621366,1e-08
222,0.9987748446613883,0.0032013234676130666,1e-08
223,0.9987749738714572,0.0032010710479429103,1e-08
224,0.9987751034815573,0.003200811694399089,1e-08
225,0.9987752674943382,0.003200555541104652,1e-08
226,0.9987754451081791,0.0032003019213409766,1e-08
227,0.9987756295225497,0.003200045368015366,1e-08
228,0.9987757591326498,0.003199786814533891,1e-08
229,0.9987758955432798,0.003199529727833383,1e-08
230,0.998776066223247,0.0031992822418810273,1e-08
231,0.9987761552968548,0.003199025021836795,1e-08
232,0.9987763189096045,0.003198763001418487,1e-08
233,0.9987764622541082,0.0031985120485292983,1e-08
234,0.9987766533356651,0.0031982589621405207,1e-08
235,0.9987767622774879,0.0031980052090331214,1e-08
236,0.9987768512177521,0.0031977445220520567,1e-08
237,0.9987770420326216,0.0031974931691316952,1e-08
238,0.9987771653755666,0.0031972378158996034,1e-08
239,0.9987773908598044,0.0031969809958865445,1e-08
240,0.9987774866005985,0.0031967323098406695,1e-08
241,0.9987776302117896,0.0031964788234207188,1e-08
242,0.9987777055509939,0.0031962328042493306,1e-08
243,0.9987778420949676,0.003195972650643163,1e-08
244,0.99877799183997,0.0031957159639738283,1e-08
245,0.9987780946479814,0.003195463544303672,1e-08
246,0.9987781562527821,0.0031952056575408182,1e-08
247,0.9987783059977845,0.00319495470465163,1e-08
248,0.9987784362746032,0.003194701884950301,1e-08
249,0.9987785660180469,0.003194453598935599,1e-08
250,0.9987787229636105,0.0031941986457346802,1e-08
251,0.9987788596409279,0.00319394209240907,1e-08
252,0.9987790712574184,0.0031936975400186493,1e-08
253,0.9987791672648999,0.003193436186318963,1e-08
254,0.9987793104760598,0.003193189900460126,1e-08
255,0.9987794402195036,0.003192941347757975,1e-08
256,0.9987796453021517,0.0031926870612756786,1e-08
257,0.9987798022477152,0.003192438108542355,1e-08
258,0.9987798770535445,0.003192182621966539,1e-08
259,0.9987800270652344,0.003191938202919843,1e-08
260,0.9987801909446716,0.003191678316001124,1e-08
261,0.9987803001531819,0.0031914298966426976,1e-08
262,0.998780361491295,0.003191178410378612,1e-08
263,0.9987805045691113,0.0031909307910825318,1e-08
264,0.9987806751157347,0.003190674237756921,1e-08
265,0.9987807500549077,0.0031904279518980842,1e-08
266,0.9987808865988814,0.0031901796658833823,1e-08
267,0.9987810300767288,0.003189923245901496,1e-08
268,0.9987812626281841,0.0031896758932928645,1e-08
269,0.9987813853044104,0.0031894284073405083,1e-08
270,0.998781500646732,0.0031891806547007036,1e-08
271,0.9987816847944153,0.0031889273016244774,1e-08
272,0.9987818080040166,0.0031886846160461974,1e-08
273,0.9987819170791831,0.003188432196376041,1e-08
274,0.9987820532231256,0.0031881809767994036,1e-08
275,0.9987821621649484,0.0031879288238166963,1e-08
276,0.9987822371041215,0.003187679604395924,1e-08
277,0.9987823805819689,0.003187434918661779,1e-08
278,0.9987824971243839,0.003187187832740596,1e-08
279,0.9987826403355439,0.0031869380799449264,1e-08
280,0.9987827908806086,0.0031867020615528627,1e-08
281,0.9987829268912074,0.003186444574821182,1e-08
282,0.9987830709024297,0.0031861966888376532,1e-08
283,0.9987832547834256,0.003185943202417702,1e-08
284,0.9987833918607741,0.0031856958498090704,1e-08
285,0.9987834666666036,0.0031854535642619635,1e-08
286,0.99878357574177,0.0031851998111545638,1e-08
287,0.9987837118857126,0.0031849561921702134,1e-08
288,0.9987838557635911,0.0031847112397486196,1e-08
289,0.9987839855070348,0.0031844592201096364,1e-08
290,0.9987841701880931,0.0031842146677192157,1e-08
291,0.9987842659288871,0.0031839613146429895,1e-08
292,0.9987843684702111,0.0031837179623460878,1e-08
293,0.9987845119480585,0.0031834736766431157,1e-08
294,0.9987846415581586,0.0031832313910960084,1e-08
295,0.998784703296303,0.0031829795048007497,1e-08
296,0.9987849151794809,0.003182735485785226,1e-08
297,0.9987850925266343,0.0031824841328648647,1e-08
298,0.9987852153362043,0.0031822459809732117,1e-08
299,0.9987853661479565,0.003181992094522088,1e-08
300,0.9987855094924603,0.0031817479421628403,1e-08
301,0.9987855980326932,0.0031815013896165545,1e-08
302,0.9987857409771657,0.003181251236789712,1e-08
303,0.9987858021819351,0.003181005350962048,1e-08
304,0.9987858840549819,0.003180758665072038,1e-08
305,0.9987860268661106,0.0031805155794625848,1e-08
306,0.9987861155396873,0.003180267293447883,1e-08
307,0.9987862590175347,0.0031800236744635325,1e-08
308,0.9987863955615084,0.0031797739216678626,1e-08
309,0.9987865253049522,0.0031795316361207557,1e-08
310,0.9987866490479284,0.0031792820166688103,1e-08
311,0.9987867650569685,0.003179044931526952,1e-08
312,0.9987869156020333,0.0031787958454499044,1e-08
313,0.9987870112094837,0.0031785515597469323,1e-08
314,0.9987870722809093,0.003178302073638711,1e-08
315,0.9987870997497166,0.0031780619215911934,1e-08
316,0.9987872436275952,0.003177812835514145,1e-08
317,0.9987873803049125,0.0031775709499982114,1e-08
318,0.9987874963139528,0.003177321730577439,1e-08
319,0.9987875712531258,0.003177077044843294,1e-08
320,0.9987877556674966,0.003176834759296187,1e-08
321,0.9987878854109403,0.0031765936738425986,1e-08
322,0.9987879874188894,0.003176342987640859,1e-08
323,0.9987881644993554,0.003176102568905892,1e-08
324,0.9987883423798837,0.003175857083109401,1e-08
325,0.9987884521217688,0.003175615997655813,1e-08
326,0.9987885407953454,0.003175369311765803,1e-08
327,0.9987886294689221,0.0031751167587519224,1e-08
328,0.9987887384107449,0.003174880873703583,1e-08
329,0.9987888889558096,0.0031746367213443356,1e-08
330,0.998789038700812,0.0031743929690162607,1e-08
331,0.9987891273743887,0.0031741473498760452,1e-08
332,0.99878925738452,0.003173899730579965,1e-08
333,0.998789387527995,0.003173658778470101,1e-08
334,0.9987894975365675,0.003173416092891821,1e-08
335,0.9987896683498784,0.0031731703404078815,1e-08
336,0.9987898047605084,0.0031729311217664337,1e-08
337,0.9987898870335863,0.00317268523593877,1e-08
338,0.9987899615727281,0.0031724378833301384,1e-08
339,0.9987900979833582,0.003172188263878193,1e-08
340,0.9987902278601457,0.0031719563791415837,1e-08
341,0.998790378138523,0.0031717127601572333,1e-08
342,0.9987905210829955,0.0031714656742360503,1e-08
343,0.9987905892216385,0.0031712313893124027,1e-08
344,0.9987906914962752,0.003170986836921982,1e-08
345,0.9987908696434908,0.003170744551374875,1e-08
346,0.9987910057874334,0.0031704983988597624,1e-08
347,0.9987911488652496,0.003170255713281482,1e-08
348,0.9987912990102832,0.0031700098274538182,1e-08
349,0.99879138088333,0.0031697632749075324,1e-08
350,0.9987915242278336,0.003169528589952712,1e-08
351,0.9987916814400846,0.0031692788371570427,1e-08
352,0.9987918183840895,0.003169038285078352,1e-08
353,0.9987919482608769,0.0031687898657199254,1e-08
354,0.9987920306672986,0.0031685455800169533,1e-08
355,0.9987921669445848,0.0031683078281564735,1e-08
356,0.9987922482842567,0.0031680531416430034,1e-08
357,0.998792364693328,0.0031678124562205885,1e-08
358,0.9987924937700532,0.0031675653702994055,1e-08
359,0.9987925893775035,0.0031673210845964334,1e-08
360,0.9987926436483994,0.0031670813325800884,1e-08
361,0.9987927325886634,0.003166835580096149,1e-08
362,0.9987928144617102,0.0031665887608624144,1e-08
363,0.998792985275021,0.0031663478087525505,1e-08
364,0.998793115418496,0.0031661073900175842,1e-08
365,0.9987932111592901,0.0031658584372842606,1e-08
366,0.9987932930323368,0.0031656161517371532,1e-08
367,0.9987934293096231,0.0031653765330645327,1e-08
368,0.9987935251837609,0.0031651266469251388,1e-08
369,0.9987936270583663,0.003164885294784102,1e-08
370,0.9987937978716771,0.0031646456761114817,1e-08
371,0.9987939685516443,0.003164401123721061,1e-08
372,0.9987941053623054,0.00316415257101891,1e-08
373,0.9987942489734966,0.0031639084186596625,1e-08
374,0.998794378850284,0.0031636706667991826,1e-08
375,0.9987944672571732,0.003163426647783659,1e-08
376,0.9987945899333996,0.0031631826287681357,1e-08
377,0.9987947398117458,0.0031629354095032286,1e-08
378,0.9987949034244955,0.003162701124579581,1e-08
379,0.9987950465023118,0.003162454038658398,1e-08
380,0.9987951762457555,0.0031622088195493556,1e-08
381,0.9987953195902591,0.003161967600752043,1e-08
382,0.9987954289321131,0.003161717981300098,1e-08
383,0.9987955588089006,0.003161473695597126,1e-08
384,0.9987956610835372,0.0031612256762698727,1e-08
385,0.998795777225921,0.003160977123567722,1e-08
386,0.9987958936349924,0.003160736971520204,1e-08
387,0.9987960028435027,0.003160489885599021,1e-08
388,0.9987961191192303,0.0031602361324916217,1e-08
389,0.9987963102007872,0.0031599910467263034,1e-08
390,0.9987963987410202,0.003159745027554915,1e-08
391,0.9987964598124459,0.00315949634150904,1e-08
392,0.9987965822219849,0.0031592549893680036,1e-08
393,0.9987967187659585,0.003159007236728199,1e-08
394,0.9987968009056928,0.0031587692181802704,1e-08
395,0.9987969647851299,0.003158516398478941,1e-08
396,0.9987970950619486,0.003158270779338726,1e-08
397,0.9987971840022127,0.0031580244934798886,1e-08
398,0.9987973472149313,0.003157779941089468,1e-08
399,0.998797463490659,0.0031575341886055284,1e-08
400,0.9987975726991691,0.0031572831023726155,1e-08
401,0.9987976683066195,0.003157043483699995,1e-08
402,0.9987977713813184,0.0031568011981528876,1e-08
403,0.9987978941908885,0.0031565547789503263,1e-08
404,0.998798051136452,0.0031563052928421055,1e-08
405,0.9987981879471133,0.0031560592736707173,1e-08
406,0.9987983311582732,0.0031558199216855454,1e-08
407,0.998798427032411,0.003155574835920227,1e-08
408,0.9987985633096972,0.0031553257498431794,1e-08
409,0.998798659183835,0.0031550847977333154,1e-08
410,0.9987987959944962,0.0031548389119056513,1e-08
411,0.9987989188040662,0.003154596092983647,1e-08
412,0.9987990900174083,0.003154353940780264,1e-08
413,0.9987992064264797,0.0031541049880469407,1e-08
414,0.9987993291027061,0.0031538592355630007,1e-08
415,0.9987993699058857,0.003153621883733694,1e-08
416,0.9987994717804911,0.0031533786647805163,1e-08
417,0.9987995948567486,0.003153138379389274,1e-08
418,0.9987997179330061,0.0031528902267182967,1e-08
419,0.9987997996727093,0.0031526487412335356,1e-08
420,0.9987999156817494,0.0031524077891236717,1e-08
421,0.9988000311574147,0.0031521619032960075,1e-08
422,0.9988001399658937,0.003151918150967933,1e-08
423,0.9988002562416213,0.003151672398483993,1e-08
424,0.9988004066533424,0.00315143424659234,1e-08
425,0.9988005370635048,0.003151185427202741,1e-08
426,0.9988007146773455,0.003150948475404607,1e-08
427,0.9988008372202283,0.0031507036563267377,1e-08
428,0.9988009806980757,0.0031504653710913606,1e-08
429,0.9988010963070846,0.003150216951732934,1e-08
430,0.998801246052087,0.0031499690657494053,1e-08
431,0.9988013487267547,0.0031497274469209197,1e-08
432,0.9988014101982117,0.003149490228435337,1e-08
433,0.99880158127821,0.0031492412757020134,1e-08
434,0.9988016898200016,0.003149005390653674,1e-08
435,0.9988018058290418,0.0031487572379826968,1e-08
436,0.998801942106328,0.00314852081955946,1e-08
437,0.9988020786503017,0.003148276933887661,1e-08
438,0.9988021878588119,0.0031480323814972403,1e-08
439,0.9988023520049366,0.0031477935628869656,1e-08
440,0.998802501749939,0.0031475503439337884,1e-08
441,0.9988026316267266,0.0031473145922291733,1e-08
442,0.9988027960395386,0.003147076040306347,1e-08
443,0.9988028712453991,0.0031468285543539915,1e-08
444,0.998802946317916,0.0031465908024935116,1e-08
445,0.9988030963296058,0.0031463490503213015,1e-08
446,0.9988031782026525,0.003146102097743843,1e-08
447,0.998803287811194,0.0031458598121967356,1e-08
448,0.9988033560831808,0.0031456209935864614,1e-08
449,0.9988034042202653,0.0031453804415077706,1e-08
450,0.9988035134287755,0.003145142022928669,1e-08
451,0.998803649572718,0.003144901070818805,1e-08
452,0.9988037861166917,0.003144660785427563,1e-08
453,0.9988039295945391,0.0031444127661003096,1e-08
454,0.9988040184014596,0.0031441734141151377,1e-08
455,0.9988041341438123,0.003143933395411344,1e-08
456,0.9988042702877549,0.003143689509739545,1e-08
457,0.9988044004312298,0.003143455358159622,1e-08
458,0.9988045101731149,0.0031432148060809312,1e-08
459,0.9988045921795053,0.003142971187096581,1e-08
460,0.9988047216562617,0.003142731968455133,1e-08
461,0.998804810463182,0.00314249194975134,1e-08
462,0.9988049196716923,0.0031422507309540274,1e-08
463,0.9988050358140762,0.00314200444509519,1e-08
464,0.9988051520898038,0.003141771360265062,1e-08
465,0.998805234229538,0.003141530808186371,1e-08
466,0.998805322769771,0.003141292656294718,1e-08
467,0.998805425311095,0.003141056371215206,1e-08
468,0.9988055413201351,0.0031408099520126445,1e-08
469,0.9988056982656986,0.0031405766004950677,1e-08
470,0.9988057321350047,0.003140335115010306,1e-08
471,0.998805827742455,0.0031400945629316153,1e-08
472,0.9988059438848389,0.003139855744321341,1e-08
473,0.9988059712203023,0.003139613192086785,1e-08
474,0.9988060185573245,0.0031393787738194135,1e-08
475,0.9988062025716641,0.0031391386217718958,1e-08
476,0.9988063189807355,0.003138897803005756,1e-08
477,0.9988064147215295,0.0031386576509582383,1e-08
478,0.9988065718004367,0.003138422165941072,1e-08
479,0.9988065923353703,0.0031381869476113542,1e-08
480,0.9988067286126565,0.003137943328627004,1e-08
481,0.9988068580894128,0.003137707176891216,1e-08
482,0.9988070627720297,0.0031374666248125253,1e-08
483,0.9988071923821298,0.0031372323398888777,1e-08
484,0.9988073703960018,0.0031369947213721223,1e-08
485,0.9988074930722282,0.0031367591030112317,1e-08
486,0.9988075749452748,0.0031365193509948867,1e-08
487,0.9988077180230911,0.0031362847993837905,1e-08
488,0.9988077864284217,0.003136047180867035,1e-08
489,0.9988079095046792,0.0031358111624749715,1e-08
490,0.9988079711094798,0.003135575944145254,1e-08
491,0.9988081487233207,0.0031353469929705797,1e-08
492,0.9988082375302411,0.0031350997737056726,1e-08
493,0.9988083739408711,0.0031348696224374794,1e-08
494,0.9988084632811663,0.003134632537295621,1e-08
495,0.9988085931579539,0.0031343941187165192,1e-08
496,0.9988087297019276,0.003134162634011083,1e-08
497,0.9988088594453713,0.0031339219485886677,1e-08
498,0.9988090025231876,0.0031336864635715016,1e-08
499,0.9988091388004738,0.003133452178647854,1e-08
500,0.9988091932047134,0.003133215626880893,1e-08
501,0.9988093161476271,0.003132980141863727,1e-08
502,0.9988093844196141,0.0031327483904708417,1e-08
503,0.998809493761468,0.0031325109052978105,1e-08
504,0.9988095960361045,0.0031322743535308496,1e-08
505,0.998809719112362,0.003132038601826235,1e-08
506,0.9988098076525951,0.003131804183558863,1e-08
507,0.9988099441965688,0.0031315658983234857,1e-08
508,0.9988099920669659,0.0031313312133686654,1e-08
509,0.9988101079426622,0.0031310881277592123,1e-08
510,0.9988101624802455,0.0031308507759299055,1e-08
511,0.9988102852898156,0.0031306030232901008,1e-08
512,0.9988104286343192,0.0031303720719595618,1e-08
513,0.9988105445100157,0.0031301244526634815,1e-08
514,0.9988106131820337,0.003129882167116374,1e-08
515,0.9988107019889542,0.0031296457486931378,1e-08
516,0.9988108247985242,0.0031294034631460304,1e-08
517,0.9988109952118039,0.0031291690448786587,1e-08
518,0.9988111116208753,0.0031289274260501735,1e-08
519,0.9988112205626981,0.0031286896741896933,1e-08
520,0.9988113229706783,0.0031284519223292134,1e-08
521,0.9988114113775676,0.0031282201709363286,1e-08
522,0.9988115544553838,0.003127984152544265,1e-08
523,0.9988116364617743,0.003127750534339239,1e-08
524,0.9988117935406815,0.0031275189162900782,1e-08
525,0.99881193741856,0.003127279030930009,1e-08
526,0.9988120742292212,0.0031270498130678863,1e-08
527,0.9988122110398824,0.0031268165948940335,1e-08
528,0.998812340383295,0.003126578176314932,1e-08
529,0.9988124974622022,0.0031263461582345985,1e-08
530,0.9988126070707436,0.0031261058728433563,1e-08
531,0.9988126821432605,0.003125879721886893,1e-08
532,0.998812825087733,0.0031256482371814567,1e-08
533,0.9988129002935935,0.003125413952257809,1e-08
534,0.9988130028349175,0.003125177267147124,1e-08
535,0.9988131527132635,0.0031249479159412767,1e-08
536,0.9988132276524366,0.003124710697455694,1e-08
537,0.9988133233932307,0.00312448174628102,1e-08
538,0.998813452869987,0.003124247728044821,1e-08
539,0.9988135620784973,0.0031240157099644878,1e-08
540,0.9988138010304513,0.0031237859587274677,1e-08
541,0.9988139582427022,0.0031235480735232633,1e-08
542,0.9988140809189286,0.0031233132552247185,1e-08
543,0.998814183326909,0.003123074836645617,1e-08
544,0.9988142717337982,0.0031228496190952243,1e-08
545,0.998814346806315,0.0031226169342962688,1e-08
546,0.998814469615885,0.0031223871830592487,1e-08
547,0.9988145720238654,0.0031221480977615254,1e-08
548,0.9988145921587678,0.0031219126127443593,1e-08
549,0.9988146876328744,0.0031216875285376903,1e-08
550,0.9988147971080721,0.0031214536436452163,1e-08
551,0.9988148993827086,0.0031212176252531526,1e-08
552,0.9988149540536355,0.0031209858738602673,1e-08
553,0.9988150839304231,0.003120757322716766,1e-08
554,0.9988151999394632,0.0031205293049481626,1e-08
555,0.9988153087479423,0.0031202907530253365,1e-08
556,0.9988154115559538,0.0031200598016947975,1e-08
557,0.9988154932956568,0.0031198277836144636,1e-08
558,0.998815602504167,0.003119598965783514,1e-08
559,0.9988157187798946,0.0031193598804857905,1e-08
560,0.9988158489233695,0.003119131462686014,1e-08
561,0.9988160545393925,0.003118900511355475,1e-08
562,0.9988161981505835,0.0031186678265565193,1e-08
563,0.99881631402628,0.0031184362085073586,1e-08
564,0.9988163753643932,0.0031182060572391653,1e-08
565,0.998816504574462,0.003117968838753583,1e-08
566,0.9988165663126064,0.0031177401542663574,1e-08
567,0.9988167092570789,0.003117510536373062,1e-08
568,0.9988168323333365,0.003117273584574928,1e-08
569,0.9988169074058533,0.003117040766432248,1e-08
570,0.9988169964794611,0.0031168180824126175,1e-08
571,0.9988171062213462,0.0031165843308638675,1e-08
572,0.9988172152965128,0.003116357646532507,1e-08
573,0.9988173310388655,0.0031161242950149297,1e-08
574,0.9988173855764487,0.0031158866764981743,1e-08
575,0.9988175085193626,0.0031156599921668138,1e-08
576,0.9988176313289326,0.0031154299742423446,1e-08
577,0.9988177612057202,0.003115196356037319,1e-08
578,0.9988178634803567,0.0031149715385180993,1e-08
579,0.9988179589544633,0.0031147455209053604,1e-08
580,0.998818027359794,0.00311451083595054,1e-08
581,0.9988181303011491,0.003114275484277098,1e-08
582,0.9988181777715149,0.0031140549337570567,1e-08
583,0.9988182604446241,0.0031138226489892742,1e-08
584,0.9988183420509833,0.0031135934311271513,1e-08
585,0.998818479128332,0.003113359812922126,1e-08
586,0.998818581669656,0.0031131328619033163,1e-08
587,0.9988186566088291,0.003112906444259405,1e-08
588,0.998818711279756,0.0031126718926483086,1e-08
589,0.9988188411565435,0.0031124433415048074,1e-08
590,0.9988188892936279,0.0031122149237050307,1e-08
591,0.9988189639661136,0.0031119870392801513,1e-08
592,0.9988191410465795,0.003111760888323688,1e-08
593,0.9988192981254868,0.003111526736743765,1e-08
594,0.9988194002667796,0.0031113004524435774,1e-08
595,0.9988195028081036,0.0031110647007389623,1e-08
596,0.9988196054827714,0.003110846950437132,1e-08
597,0.9988196668208845,0.003110611198732517,1e-08
598,0.9988197830966121,0.003110391581618546,1e-08
599,0.9988198856379362,0.0031101604969442824,1e-08
600,0.9988199811120428,0.0031099336792691974,1e-08
601,0.9988201039216129,0.0031097043280633504,1e-08
602,0.9988202197973094,0.0031094767103259195,1e-08
603,0.9988203088709172,0.0031092465590577263,1e-08
604,0.9988204516820459,0.00310901507435229,1e-08
605,0.998820581292146,0.0031087913235828646,1e-08
606,0.998820656764694,0.0031085595721899797,1e-08
607,0.9988207866414814,0.0031083379549201435,1e-08
608,0.9988209093177078,0.003108105536808637,1e-08
609,0.9988210254600918,0.0031078797858833467,1e-08
610,0.9988211144003559,0.003107652168145916,1e-08
611,0.9988212506776422,0.003107425750502004,1e-08
612,0.998821400689332,0.003107200532951611,1e-08
613,0.9988214821623476,0.0031069714484332125,1e-08
614,0.9988215848370153,0.003106743564008333,1e-08
615,0.998821727648144,0.003106512079302897,1e-08
616,0.9988218168550956,0.00310628952862699,1e-08
617,0.9988218917942687,0.003106056443796862,1e-08
618,0.9988219739340028,0.003105831759621366,1e-08
619,0.9988220760752957,0.003105610809070152,1e-08
620,0.9988221991515533,0.0031053818578954777,1e-08
621,0.9988223083600635,0.003105147439628106,1e-08
622,0.9988223899664228,0.0031049347563878,1e-08
623,0.9988224649055959,0.0031046986046520124,1e-08
624,0.9988225745141373,0.003104471653633203,1e-08
625,0.998822677188805,0.003104246702770259,1e-08
626,0.9988227661290692,0.003104020285126347,1e-08
627,0.9988228886719518,0.003103792134014019,1e-08
628,0.9988230116148656,0.003103561316027204,1e-08
629,0.9988231552260567,0.0031033220973857565,1e-08
630,0.9988231826948639,0.0031030900793054227,1e-08
631,0.9988232988372479,0.0031028489938518347,1e-08
632,0.9988233741764521,0.0031026177758338466,1e-08
633,0.9988235315220468,0.0031023852243786156,1e-08
634,0.9988236269961535,0.0031021546730792496,1e-08
635,0.9988237700739696,0.0031019265219669216,1e-08
636,0.9988238862163535,0.0031017019711351503,1e-08
637,0.9988240162264848,0.0031014850208956656,1e-08
638,0.9988241394360861,0.0031012483357849806,1e-08
639,0.9988242759800597,0.003101022451515966,1e-08
640,0.9988243785213837,0.0031007939003724646,1e-08
641,0.9988245011976101,0.003100577216820429,1e-08
642,0.998824596538373,0.003100347465583409,1e-08
643,0.9988246785447635,0.0031001153141593505,1e-08
644,0.9988247532172491,0.0030998916967336495,1e-08
645,0.9988248149553934,0.0030996635456213215,1e-08
646,0.9988248900279103,0.0030994431284450045,1e-08
647,0.9988250127041367,0.003099214043926606,1e-08
648,0.9988251223126781,0.0030989862928454508,1e-08
649,0.9988252313878445,0.0030987597418578147,1e-08
650,0.9988253611312883,0.0030985401247438436,1e-08
651,0.9988254360704614,0.0030983139737873803,1e-08
652,0.9988255112763219,0.003098085422643879,1e-08
653,0.998825613284271,0.0030978592716874157,1e-08
654,0.9988256952906615,0.0030976341874807472,1e-08
655,0.9988258112997017,0.003097409636648976,1e-08
656,0.9988259546442053,0.0030971825522864427,1e-08
657,0.9988260569188419,0.003096948934081417,1e-08
658,0.9988262205315916,0.0030967305170609646,1e-08
659,0.998826343741193,0.0030965063662603664,1e-08
660,0.9988264189470535,0.0030962820821160437,1e-08
661,0.9988264802851666,0.003096055264440959,1e-08
662,0.998826602961393,0.0030958319137027067,1e-08
663,0.9988266506984463,0.003095607229527211,1e-08
664,0.9988267597736128,0.0030953809452270234,1e-08
665,0.9988268623149368,0.0030951525274272467,1e-08
666,0.998826971523447,0.0030949287766578212,1e-08
667,0.9988271212684495,0.003094707026044261,1e-08
668,0.9988271960742788,0.0030944795416505545,1e-08
669,0.9988273322182214,0.003094259657849135,1e-08
670,0.9988274211584856,0.0030940301732995633,1e-08
671,0.998827496364346,0.0030938069559050354,1e-08
672,0.9988275853046101,0.0030935810716360207,1e-08
673,0.9988276947798078,0.0030933573208665956,1e-08
674,0.9988277903872582,0.003093136370315381,1e-08
675,0.9988278927952384,0.0030929124862022314,1e-08
676,0.9988280365397733,0.003092680201434449,1e-08
677,0.99882811841282,0.0030924587175083372,1e-08
678,0.998828220954144,0.003092234033332842,1e-08
679,0.9988283166949381,0.003092011349313211,1e-08
680,0.9988284257701046,0.003091788798637305,1e-08
681,0.9988284939087477,0.0030915585140253873,1e-08
682,0.9988286033839454,0.0030913435639417677,1e-08
683,0.9988286989913957,0.003091112479267504,1e-08
684,0.9988288147337485,0.003090891928747463,1e-08
685,0.9988289307427887,0.0030906668445407942,1e-08
686,0.9988290467518288,0.003090451494426002,1e-08
687,0.9988291763619288,0.00309022014306429,1e-08
688,0.9988292586350067,0.003089996925669762,1e-08
689,0.998829401712823,0.003089772908212888,1e-08
690,0.9988295655922602,0.003089547690662495,1e-08
691,0.998829661466398,0.0030893243399242425,1e-08
692,0.9988297705415644,0.0030891045894665473,1e-08
693,0.9988298661490148,0.0030888841722902303,1e-08
694,0.9988299822913987,0.0030886621549892214,1e-08
695,0.9988301323030886,0.0030884358706890335,1e-08
696,0.9988302140427916,0.0030882098530762947,1e-08
697,0.9988303371190491,0.0030879821019951397,1e-08
698,0.9988303573872952,0.003087759417975509,1e-08
699,0.9988304664624618,0.0030875380673931214,1e-08
700,0.998830541801666,0.0030873104496556905,1e-08
701,0.9988305827381894,0.003087085232105298,1e-08
702,0.9988306711450786,0.003086867748490916,1e-08
703,0.9988307602186864,0.0030866389306599662,1e-08
704,0.9988308695605403,0.0030864162466403356,1e-08
705,0.9988309719685207,0.0030861938293081535,1e-08
706,0.9988310470410374,0.003085963544696236,1e-08
707,0.998831129047428,0.0030857409940203296,1e-08
708,0.9988311974527585,0.0030855067090966824,1e-08
709,0.9988313199956411,0.0030852694906110998,1e-08
710,0.9988314290708077,0.0030850388059680094,1e-08
711,0.9988315248116018,0.003084816255292103,1e-08
712,0.9988316480212031,0.003084589037585845,1e-08
713,0.998831777631303,0.0030843756876269175,1e-08
714,0.9988319072414031,0.00308414446960893,1e-08
715,0.9988320097827271,0.0030839209855269534,1e-08
716,0.9988320848552439,0.003083696034664009,1e-08
717,0.9988322080648452,0.0030834758841751407,1e-08
718,0.998832317006668,0.003083251199999645,1e-08
719,0.9988324124807746,0.0030830233155747654,1e-08
720,0.9988324535506417,0.0030827984980555455,1e-08
721,0.9988325763602118,0.003082579414316472,1e-08
722,0.9988326785015047,0.003082348196298484,1e-08
723,0.9988327403729927,0.003082130179309205,1e-08
724,0.9988329381217359,0.0030819034949778443,1e-08
725,0.9988330606646185,0.003081676543959035,1e-08
726,0.9988330675984922,0.0030814570601887885,1e-08
727,0.998833197341936,0.003081229975826255,1e-08
728,0.99883330668379,0.0030810060917131053,1e-08
729,0.9988334297600475,0.0030807911416294857,1e-08
730,0.9988335800384248,0.0030805592568928764,1e-08
731,0.9988336617781278,0.003080337906310489,1e-08
732,0.9988338185903477,0.0030801149556034095,1e-08
733,0.9988339280655454,0.0030798940050521953,1e-08
734,0.9988340168724658,0.0030796673207208348,1e-08
735,0.9988341330148497,0.0030794443700137555,1e-08
736,0.9988342219551137,0.0030792264863682005,1e-08
737,0.9988343039615042,0.0030789963351000077,1e-08
738,0.9988343859678946,0.0030787740511115497,1e-08
739,0.9988344546399127,0.003078548433529984,1e-08
740,0.9988345165114008,0.003078328149697391,1e-08
741,0.9988346186526936,0.003078105599021485,1e-08
742,0.9988346933251793,0.0030778830483455784,1e-08
743,0.9988348569379291,0.0030776626311692615,1e-08
744,0.9988348978744523,0.003077433679994587,1e-08
745,0.9988350414856435,0.0030772120627247514,1e-08
746,0.9988351504274663,0.0030769849783622177,1e-08
747,0.9988352388343555,0.0030767692282162524,1e-08
748,0.9988353412423358,0.003076544677384481,1e-08
749,0.9988353828455778,0.003076318926459191,1e-08
750,0.9988355332572988,0.0030760967758144573,1e-08
751,0.9988356627340551,0.003075873691763654,1e-08
752,0.9988357106044522,0.003075652874556164,1e-08
753,0.9988358399478647,0.0030754267235997006,1e-08
754,0.9988359287547852,0.003075207239829454,1e-08
755,0.998835969424621,0.0030749878894029315,1e-08
756,0.9988361399712445,0.0030747646720084036,1e-08
757,0.9988362085099188,0.0030745454549256056,1e-08
758,0.9988363107845554,0.0030743191706254177,1e-08
759,0.9988363926576022,0.003074095153168544,1e-08
760,0.9988365424026046,0.00307387113571167,1e-08
761,0.9988367064153855,0.0030736537854410126,1e-08
762,0.9988367950889622,0.0030734335016084197,1e-08
763,0.9988368632276052,0.0030732069506207837,1e-08
764,0.9988369312329047,0.003072987066819364,1e-08
765,0.9988370881784683,0.003072761982612695,1e-08
766,0.9988371633843287,0.0030725436989359673,1e-08
767,0.9988372792600252,0.0030723220816661315,1e-08
768,0.998837368333633,0.003072093797210079,1e-08
769,0.9988374434061499,0.003071870713159275,1e-08
770,0.998837525545884,0.003071649895951785,1e-08
771,0.9988376480887667,0.003071422944932976,1e-08
772,0.9988377846327404,0.00307119639394534,1e-08
773,0.9988378941079381,0.003070968776207909,1e-08
774,0.9988379829148585,0.0030707443587198622,1e-08
775,0.9988381129249897,0.0030705136740767714,1e-08
776,0.9988382014652226,0.003070282989433681,1e-08
777,0.9988382905388306,0.0030700544382901798,1e-08
778,0.9988384613521414,0.003069828287333717,1e-08
779,0.9988385228235983,0.003069602003033529,1e-08
780,0.9988386250982348,0.00306937505201472,1e-08
781,0.9988387136384678,0.0030691475676210135,1e-08
782,0.998838829647508,0.00306892141666455,1e-08
783,0.9988389387226745,0.003068697665895125,1e-08
784,0.9988391028687992,0.0030684669812520346,1e-08
785,0.9988392732820788,0.003068246430731993,1e-08
786,0.9988393552884692,0.0030680205464629785,1e-08
787,0.9988394784980705,0.0030677911952571315,1e-08
788,0.9988395877065808,0.003067568244550052,1e-08
789,0.9988396694462838,0.0030673359597822697,1e-08
790,0.9988397579865168,0.0030671036750144873,1e-08
791,0.9988397993230713,0.0030668809909948566,1e-08
792,0.9988399497347924,0.003066650306351766,1e-08
793,0.9988400249406528,0.003066418554958881,1e-08
794,0.9988401272152895,0.0030661926706898666,1e-08
795,0.9988402501582032,0.003065965586327333,1e-08
796,0.9988403524328399,0.003065751302962335,1e-08
797,0.9988404613746626,0.003065521018350418,1e-08
798,0.9988405232461507,0.003065301134548998,1e-08
799,0.9988406595234369,0.003065078317185643,1e-08
800,0.9988407280621112,0.003064853366322699,1e-08
801,0.9988408375373089,0.003064628682147203,1e-08
802,0.9988409328780719,0.00306440746490854,1e-08
803,0.9988409807484688,0.003064184647545185,1e-08
804,0.9988411246263474,0.0030639620968692786,1e-08
805,0.9988412199671103,0.003063749813660146,1e-08
806,0.9988413222417468,0.0030635191290170555,1e-08
807,0.9988414454513481,0.003063296845028598,1e-08
808,0.998841520523865,0.0030630840284445677,1e-08
809,0.9988415547932021,0.00306286267786218,1e-08
810,0.9988416434667787,0.0030626419939984145,1e-08
811,0.9988417528086327,0.003062418243228989,1e-08
812,0.9988419101542274,0.0030621980927401206,1e-08
813,0.998842019229394,0.003061979142344771,1e-08
814,0.9988421148368443,0.0030617568583563137,1e-08
815,0.9988422108443258,0.0030615371078986185,1e-08
816,0.9988422993845587,0.0030613152239413336,1e-08
817,0.9988423604559845,0.0030610910731407354,1e-08
818,0.9988424423290312,0.003060879456650224,1e-08
819,0.9988426058084373,0.0030606543724435555,1e-08
820,0.9988426874147965,0.0030604344886421358,1e-08
821,0.9988427556867834,0.0030602183384649973,1e-08
822,0.9988427690211559,0.0030599900540089447,1e-08
823,0.9988428786296972,0.003059774170519255,1e-08
824,0.9988429674366176,0.003059548552937689,1e-08
825,0.9988430835790015,0.003059334669603864,1e-08
826,0.9988431517176447,0.0030591074518976063,1e-08
827,0.9988432129224142,0.003058886901377565,1e-08
828,0.9988433359986717,0.0030586679509822154,1e-08
829,0.9988434109378448,0.0030584476671496226,1e-08
830,0.9988435204130425,0.0030582247164425433,1e-08
831,0.9988435820178431,0.003057996031955318,1e-08
832,0.9988436640242335,0.0030577850821834284,1e-08
833,0.9988437868338037,0.0030575582645083433,1e-08
834,0.9988438481719168,0.003057338514050648,1e-08
835,0.998843937112181,0.0030571179635306067,1e-08
836,0.9988440331196625,0.003056898213072911,1e-08
837,0.9988440947244631,0.003056678862646389,1e-08
838,0.9988441903319135,0.0030564600455947636,1e-08
839,0.9988442519367141,0.003056229360951673,1e-08
840,0.998844340476947,0.003056021344741719,1e-08
841,0.9988444086155902,0.0030557981273471907,1e-08
842,0.9988445178241004,0.0030555791769518413,1e-08
843,0.9988446203654244,0.003055355026151243,1e-08
844,0.9988446954379412,0.0030551316754129907,1e-08
845,0.9988447641099593,0.0030549081913310142,1e-08
846,0.9988448662512521,0.0030546951080595353,1e-08
847,0.9988450091957246,0.003054470157196591,1e-08
848,0.9988451320052947,0.0030542592074247013,1e-08
849,0.998845220812215,0.0030540346565929304,1e-08
850,0.9988453709572487,0.0030538134393542672,1e-08
851,0.9988454530969829,0.0030535902219597393,1e-08
852,0.9988456304441362,0.003053367004565211,1e-08
853,0.9988457468532076,0.0030531504543569,1e-08
854,0.9988458492611879,0.0030529265702437503,1e-08
855,0.9988459587363855,0.0030527128202536497,1e-08
856,0.9988459863385365,0.0030524882694218784,1e-08
857,0.9988460884798294,0.0030522730526508102,1e-08
858,0.9988461499512862,0.0030520527688182174,1e-08
859,0.9988462795613863,0.003051826617861754,1e-08
860,0.9988463885032091,0.0030516087342161995,1e-08
861,0.9988465117128104,0.003051388583727331,1e-08
862,0.9988465734509547,0.0030511740336748843,1e-08
863,0.9988466687917176,0.0030509516163427022,1e-08
864,0.9988467986685051,0.0030507331993222505,1e-08
865,0.9988468464055584,0.003050516649113939,1e-08
866,0.9988468942759554,0.0030502999655619032,1e-08
867,0.9988469554807249,0.0030500723478244724,1e-08
868,0.9988470234860243,0.003049859531240442,1e-08
869,0.9988472145675813,0.003049641514251163,1e-08
870,0.9988473441776813,0.003049423230574435,1e-08
871,0.9988474053824508,0.0030492029467418425,1e-08
872,0.9988475281920209,0.0030489859965023578,1e-08
873,0.9988476104650988,0.0030487651792948677,1e-08
874,0.9988476988719881,0.0030485459622120697,1e-08
875,0.9988478220815893,0.003048328478597688,1e-08
876,0.9988479246229134,0.0030481079280776464,1e-08
877,0.9988480062292726,0.0030478943114312703,1e-08
878,0.9988481426399026,0.0030476716274116396,1e-08
879,0.9988481831763948,0.0030474478766422146,1e-08
880,0.9988482925182488,0.0030472267927472755,1e-08
881,0.9988484426632823,0.0030470075756644775,1e-08
882,0.9988485249363602,0.003046795292455345,1e-08
883,0.9988487092173873,0.0030465675413741894,1e-08
884,0.9988488593624208,0.003046348457635116,1e-08
885,0.9988489344349377,0.0030461340409263936,1e-08
886,0.9988490025735808,0.003045911756937936,1e-08
887,0.9988490844466276,0.003045694673354727,1e-08
888,0.9988492349916923,0.0030454733227723396,1e-08
889,0.998849289795963,0.0030452541056895416,1e-08
890,0.9988493790029146,0.0030450355553253653,1e-08
891,0.998849440741059,0.0030448219386789888,1e-08
892,0.9988494816775824,0.003044594320941558,1e-08
893,0.998849618221556,0.0030443821710761493,1e-08
894,0.9988497339639087,0.0030441681543986,1e-08
895,0.9988498433057628,0.00304394733719111,1e-08
896,0.9988499454470555,0.003043729186858107,1e-08
897,0.9988499931841088,0.0030435119699311736,1e-08
898,0.9988500543888783,0.00304329381959817,1e-08
899,0.998850115993679,0.003043079002858275,1e-08
900,0.9988501978667257,0.0030428507184022224,1e-08
901,0.9988502526709964,0.0030426440356295112,1e-08
902,0.9988503138757658,0.0030424234851094702,1e-08
903,0.9988504229509324,0.0030422037346517746,1e-08
904,0.9988505456271588,0.0030419789171325547,1e-08
905,0.998850600164742,0.0030417715676412218,1e-08
906,0.99885067563729,0.00304155315062077,1e-08
907,0.9988507167071571,0.003041330066569966,1e-08
908,0.9988508597849732,0.0030411105827997196,1e-08
909,0.9988509553924236,0.0030408893655610564,1e-08
910,0.9988510308649716,0.003040668415009842,1e-08
911,0.9988511127380183,0.0030404582653002984,1e-08
912,0.9988511808766615,0.003040237714780257,1e-08
913,0.9988513035528879,0.0030400191644160807,1e-08
914,0.998851371158156,0.003039798080521142,1e-08
915,0.9988514734327927,0.003039575263157787,1e-08
916,0.998851548238622,0.003039356046074989,1e-08
917,0.9988516573137884,0.003039139629210402,1e-08
918,0.9988517459873651,0.003038918812002912,1e-08
919,0.998851814259352,0.0030387010617010813,1e-08
920,0.9988519169340198,0.003038481044555937,1e-08
921,0.9988520056075965,0.0030382515600063656,1e-08
922,0.998852149485475,0.0030380395434846815,1e-08
923,0.9988523272326595,0.003037816192746429,1e-08
924,0.9988524365745135,0.0030375875082592034,1e-08
925,0.9988525385824626,0.0030373690912387516,1e-08
926,0.9988526132549482,0.0030371606749976243,1e-08
927,0.9988527016618375,0.0030369387910403394,1e-08
928,0.9988528176708776,0.0030367183738640225,1e-08
929,0.9988529067444855,0.003036499556812397,1e-08
930,0.9988529954180622,0.0030362751393243504,1e-08
931,0.9988531248948185,0.003036052321960995,1e-08
932,0.9988532613054485,0.0030358344383154406,1e-08
933,0.9988533571795862,0.0030356130877330534,1e-08
934,0.9988534734553138,0.0030353872034640387,1e-08
935,0.9988535830638553,0.0030351719866929705,1e-08
936,0.9988536990728955,0.003034954636422313,1e-08
937,0.9988537948136895,0.0030347368861204827,1e-08
938,0.9988538974883573,0.0030345099351016735,1e-08
939,0.9988539864286213,0.0030342947183306054,1e-08
940,0.9988541295064376,0.0030340801682781585,1e-08
941,0.9988541907112071,0.003033861884601431,1e-08
942,0.9988542519159765,0.003033637067082211,1e-08
943,0.9988543340557107,0.003033421850311143,1e-08
944,0.9988543956605114,0.0030332024998846203,1e-08
945,0.998854491134618,0.0030329876831447253,1e-08
946,0.9988546343457779,0.0030327695328117217,1e-08
947,0.9988547095516384,0.003032548848947956,1e-08
948,0.9988548048924013,0.0030323386992384123,1e-08
949,0.9988548800982618,0.0030321122815945003,1e-08
950,0.9988549893067721,0.0030318895975748696,1e-08
951,0.998855153319553,0.0030316767809908393,1e-08
952,0.9988551810550477,0.003031461030844874,1e-08
953,0.9988552694619368,0.003031241413730903,1e-08
954,0.9988553517350148,0.003031025396897489,1e-08
955,0.998855549483758,0.0030308032462527555,1e-08
956,0.9988556246896185,0.0030305921631371413,1e-08
957,0.9988557205637563,0.003030366812243024,1e-08
958,0.9988558096373641,0.0030301513287845075,1e-08
959,0.998855884709881,0.0030299338451701256,1e-08
960,0.9988559941850786,0.003029714494743603,1e-08
961,0.9988561104608062,0.0030295007447535024,1e-08
962,0.9988562263365026,0.0030292841945451913,1e-08
963,0.998856349012729,0.003029068977774123,1e-08
964,0.9988564383530243,0.0030288509607848436,1e-08
965,0.9988565814308406,0.0030286300102336295,1e-08
966,0.9988567042404106,0.0030284083929637932,1e-08
967,0.9988567930473311,0.003028195443036039,1e-08
968,0.9988569157235574,0.003027981293014765,1e-08
969,0.9988570113310078,0.003027755808776924,1e-08
970,0.9988570592014048,0.0030275441922864126,1e-08
971,0.9988571406744203,0.003027328042109274,1e-08
972,0.9988572433490881,0.0030271014911216376,1e-08
973,0.9988573458904121,0.0030268901413185753,1e-08
974,0.9988574550989223,0.003026674124485161,1e-08
975,0.998857584442335,0.003026456640870779,1e-08
976,0.998857680183129,0.0030262359570070135,1e-08
977,0.9988577485884595,0.0030260156731744207,1e-08
978,0.9988578099265728,0.0030258027232466663,1e-08
979,0.998857898866837,0.0030255881731942194,1e-08
980,0.9988580766140215,0.0030253644224247944,1e-08
981,0.998858233559585,0.0030251582730269804,1e-08
982,0.998858322099818,0.003024935989038523,1e-08
983,0.9988584653109779,0.0030247243725480114,1e-08
984,0.998858581320018,0.0030245067555899055,1e-08
985,0.9988586770608121,0.0030242964725366375,1e-08
986,0.9988587522666726,0.003024078322203634,1e-08
987,0.9988588477407793,0.003023861238620425,1e-08
988,0.9988589365476996,0.0030236461551930815,1e-08
989,0.9988590390890236,0.003023431205109462,1e-08
990,0.9988591205620392,0.003023213854838804,1e-08
991,0.9988592231033633,0.003022998638067736,1e-08
992,0.9988593593806495,0.003022783821327841,1e-08
993,0.9988594344531663,0.003022576471836508,1e-08
994,0.9988595157928382,0.0030223552545978454,1e-08
995,0.9988595981992597,0.0030221433714198854,1e-08
996,0.9988596800723065,0.0030219337550852388,1e-08
997,0.998859728209391,0.0030217124045028515,1e-08
998,0.9988598303506838,0.0030214955876070914,1e-08
999,0.9988598986226707,0.003021282771023061,1e-08
