epoch,categorical_accuracy,loss,lr
0,0.8217516072027768,0.40881288129944665,1e-04
1,0.9402605889227567,0.1390958803953807,1e-04
2,0.9578968196507268,0.08710745249726962,1e-04
3,0.9686405830735328,0.06364431806217037,1e-04
4,0.975428962867532,0.04938324385945596,1e-04
5,0.9797687899212976,0.04039851876113239,1e-04
6,0.9812635704708312,0.037190373674435104,1e-04
7,0.983420931319529,0.032817160136689345,1e-04
8,0.9848829267809055,0.029858736451027677,1e-04
9,0.986231570275838,0.027153883655440955,1e-04
10,0.987299654041094,0.025023517547846173,1e-04
11,0.9881697397104046,0.023294224438176258,1e-04
12,0.9886770051731093,0.022283519981783174,1e-04
13,0.9885801642933147,0.022461394455921428,1e-04
14,0.9905623685593573,0.018567411448823193,1e-04
15,0.9909926313548547,0.017716894851334944,1e-04
16,0.9909179692700405,0.017856091474989216,1e-04
17,0.9908484998565392,0.01798872670009774,1e-04
18,0.9920171870614591,0.015698371650140642,1e-04
19,0.9917946751885767,0.01613169194040799,1e-04
20,0.9922256517063585,0.015284173019226199,1e-04
21,0.9929800956307908,0.013803887469287736,1e-04
22,0.9932992121650602,0.013179129462791253,1e-04
23,0.9930133220200037,0.013736959384812638,1e-04
24,0.9921995718073792,0.0153303259222662,1e-04
25,0.9924323650147824,0.014876158686898549,1e-04
26,0.9948414621470492,0.010155685070456241,1e-04
27,0.9944198360912485,0.010979065258510128,1e-04
28,0.9939771390601293,0.011843868859176852,1e-04
29,0.9935259462336299,0.01272654865313138,1e-04
30,0.9941648823569552,0.011474726029923832,1e-04
31,0.9955924390679771,0.008684470498480186,5e-05
32,0.9968027443160413,0.006319263481985053,5e-05
33,0.9963159798509056,0.007266384389530659,5e-05
34,0.996051534443627,0.00778082797761644,5e-05
35,0.9962891098903597,0.007314119789586872,5e-05
36,0.9963394880828175,0.0072161512309008215,5e-05
37,0.9967281833724421,0.0064587003910305685,2.5e-05
38,0.997838312014104,0.0042993096663133225,2.5e-05
39,0.9977927208613496,0.004384738314866611,2.5e-05
40,0.9976220676296242,0.004714045274358918,2.5e-05
41,0.9976464665309428,0.004665828895220174,2.5e-05
42,0.9976836230930866,0.004590848785688605,2.5e-05
43,0.9978435586229534,0.00428089356910379,1.25e-05
44,0.9984136451810799,0.003183405221894621,1.25e-05
45,0.9984707333630897,0.00307148256041844,1.25e-05
46,0.998445040160911,0.003119097910836413,1.25e-05
47,0.9984418836482686,0.003121508672607904,1.25e-05
48,0.9984191292084303,0.0031628166762924436,1.25e-05
49,0.998394094124203,0.003210623459320128,1.25e-05
50,0.9984734245061341,0.0030591501383620294,6.25e-06
51,0.9987125488735685,0.0026034795819234544,6.25e-06
52,0.9987566439764078,0.002517790022364482,6.25e-06
53,0.9987617935776977,0.0025083126516168117,6.25e-06
54,0.998782429852475,0.002468186701747945,6.25e-06
55,0.9987953753279359,0.0024408169566663826,6.25e-06
56,0.9988007390125753,0.0024294004197023033,6.25e-06
57,0.9988200931207712,0.00239129922151153,6.25e-06
58,0.9988189418310554,0.0023929922127501383,6.25e-06
59,0.998831048241131,0.002368860253017897,3.125e-06
60,0.9988917304365427,0.0022548784047095117,3.125e-06
61,0.9989198794967643,0.002200935767543965,3.125e-06
62,0.9989179497463858,0.0022052114652030917,3.125e-06
63,0.9989262903296707,0.002190482564779911,3.125e-06
64,0.9989415113157873,0.0021599281401312505,3.125e-06
65,0.9989542295068703,0.0021351411698023546,1.5625e-06
66,0.9989779876915934,0.0020910592613180776,1.5625e-06
67,0.9989736346190408,0.0021003887779984395,1.5625e-06
68,0.9989707962645247,0.002103707439344146,1.5625e-06
69,0.9989913465325998,0.0020668095929828895,1.5625e-06
70,0.9989914471404397,0.0020638773393201575,7.8125e-07
71,0.9989957593431409,0.002057599589863836,7.8125e-07
72,0.9989956274661975,0.002057160494286021,7.8125e-07
73,0.999003036176865,0.0020428082855217526,7.8125e-07
74,0.9990106412361666,0.0020283339618378626,3.90625e-07
75,0.9990058691976321,0.0020377689624217995,3.90625e-07
76,0.9990059581378963,0.0020369974929126816,3.90625e-07
77,0.9990095496844392,0.0020302208363817136,3.90625e-07
78,0.9990128830775319,0.0020249596714175993,3.90625e-07
79,0.9990165696981502,0.0020173565286716395,1.953125e-07
80,0.9990147124200859,0.0020217720533402634,1.953125e-07
81,0.9990169551948573,0.0020162770119153215,1.953125e-07
82,0.9990100863929297,0.002027946412773627,1.953125e-07
83,0.9990132903759378,0.002023794307908076,1e-07
84,0.9990155210831021,0.0020192083041587327,1e-07
85,0.9990121670217322,0.0020261353185165713,1e-07
86,0.9990137408110386,0.002023944905784577,1e-07
87,0.9990196127352832,0.0020122034212979862,1e-07
88,0.9990202221161034,0.00201070805722733,1e-07
89,0.9990247414682802,0.002002517621515223,1e-07
90,0.999017045801918,0.002015870648250166,1e-07
91,0.999013754678786,0.00202279860626878,1e-07
92,0.9990229013248845,0.002006391424778367,1e-07
93,0.9990260041000059,0.0019991001046551896,1e-07
94,0.9990241433550048,0.002003861527770947,1e-07
95,0.9990271463223485,0.001997957333482378,1e-07
96,0.9990214575457093,0.0020082391712161396,1e-07
97,0.9990332337967235,0.0019869636950494308,1e-07
98,0.9990305061174986,0.0019906129249448678,1e-07
99,0.9990350707398699,0.0019821802511340125,1e-07
100,0.999029654117772,0.001993165551531139,1e-07
101,0.9990292959565285,0.0019942158785290803,1e-07
102,0.9990351558798378,0.0019827004441447397,1e-07
103,0.9990276638960145,0.0019971946079489176,1e-07
104,0.9990219781862809,0.0020067237738786332,1e-07
105,0.999032285989531,0.0019882213580773695,1e-07
106,0.9990224225542422,0.002005515793693654,1e-07
107,0.9990336031588398,0.0019855901124088667,1e-07
108,0.9990352492204448,0.0019823329752748386,1e-07
109,0.9990290497373414,0.0019943103145828034,1e-07
