epoch,categorical_accuracy,loss,lr
0,0.8771263750674207,0.3595030430529342,1e-04
1,0.9456262367150394,0.15493141477240013,1e-04
2,0.964570385231001,0.10351731681933739,1e-04
3,0.9726820496104708,0.0781758103594684,1e-04
4,0.9779510602721698,0.06120455348176644,1e-04
5,0.9810780430800162,0.05190133957829851,1e-04
6,0.9823739893351092,0.04714113411387341,1e-04
7,0.9839169907089848,0.042531669514891284,1e-04
8,0.9852877074573397,0.03840616219874963,1e-04
9,0.9867342895176053,0.034166581080747264,1e-04
10,0.986977265518517,0.03344914989370928,1e-04
11,0.9880584578386089,0.030762781724500442,1e-04
12,0.9882210757775062,0.029796352024529738,1e-04
13,0.9884185339647118,0.029772903652490853,1e-04
14,0.9904186174906874,0.024329093151040357,1e-04
15,0.9902641039833393,0.02420384941572611,1e-04
16,0.989861101445469,0.025746062295865558,1e-04
17,0.9913864778458938,0.021754986747174253,1e-04
18,0.9921626173276495,0.019461074751808038,1e-04
19,0.9917377545529564,0.020198714283401233,1e-04
20,0.9921331415640428,0.01955837631854385,1e-04
21,0.9926178727373981,0.018189729265326957,1e-04
22,0.9925274710927233,0.018591054426131133,1e-04
23,0.9920421224045807,0.020486242637888296,1e-04
24,0.9943371725829122,0.013936830618912542,1e-04
25,0.9938045912140968,0.015050380791264526,1e-04
26,0.9936233382230371,0.015538647469295652,1e-04
27,0.9937059639284275,0.015278311171287659,1e-04
28,0.9939529802441863,0.014691370933668759,1e-04
29,0.9951184503317413,0.011941774289636255,5e-05
30,0.9972003911698958,0.006939268389704244,5e-05
31,0.9959696048591494,0.009744270451021041,5e-05
32,0.9960643936456983,0.00948344996450073,5e-05
33,0.9961705223159235,0.009168058692402638,5e-05
34,0.9959646418057299,0.009543353887545715,5e-05
35,0.9965352065344518,0.008491638911131694,2.5e-05
36,0.9983156858141257,0.004533257490254197,2.5e-05
37,0.9983507199442093,0.0041910528299873755,2.5e-05
38,0.9971327190964547,0.0070715079144460105,2.5e-05
39,0.9980932820830036,0.004736418061279244,2.5e-05
40,0.9982225726248167,0.004351299880093309,2.5e-05
41,0.9972930438566527,0.006469039505314273,2.5e-05
42,0.99819672947762,0.004521234025834941,1.25e-05
43,0.9988780007666389,0.0031305360515347744,1.25e-05
44,0.998994057610531,0.0027522627788130194,1.25e-05
45,0.9989244801219411,0.0027841737847936693,1.25e-05
46,0.9982504018601155,0.0043510891601570385,1.25e-05
47,0.9986682600222978,0.0032765617302693926,1.25e-05
48,0.998841151895139,0.002903942549648076,1.25e-05
49,0.9986616850432667,0.003263514577418928,6.25e-06
50,0.9989936737139486,0.0025814023566582307,6.25e-06
51,0.9991496970056154,0.0022973221605872814,6.25e-06
52,0.999196206629943,0.0021790463137633105,6.25e-06
53,0.9991993295399668,0.0021323349899289427,6.25e-06
54,0.9989696595092747,0.0025612337399384534,6.25e-06
55,0.9989001966296159,0.0026821324763761237,6.25e-06
56,0.9991007962616232,0.0022659592980050674,6.25e-06
57,0.999103613481159,0.0022640383234080884,3.125e-06
58,0.9992243451560103,0.0020440248966527483,3.125e-06
59,0.9992846427214492,0.001935008308023081,3.125e-06
60,0.9993125993666766,0.0018741221970790514,3.125e-06
61,0.9993289873103968,0.0018281127256263147,3.125e-06
62,0.9993236018240585,0.0018147210507136425,3.125e-06
63,0.9992740162266981,0.0018848689157821518,3.125e-06
64,0.9992847117934984,0.0018539813078780527,3.125e-06
65,0.9993226834858291,0.0017815715364692002,3.125e-06
66,0.9992959469356792,0.0018147290844125964,1.5625e-06
67,0.99936058537272,0.0017118387494819089,1.5625e-06
68,0.9993873335904456,0.0016667853716096238,1.5625e-06
69,0.9994000419807647,0.0016401343476884088,1.5625e-06
70,0.999409856278891,0.0016160750309704914,1.5625e-06
71,0.9994149872787313,0.0015963285045320131,1.5625e-06
72,0.9994083892312359,0.0015968266134650366,1.5625e-06
73,0.9994212274316706,0.0015700468767142148,1.5625e-06
74,0.9994305107550866,0.001547806756837883,1.5625e-06
75,0.9994347763541561,0.0015338812618760154,1.5625e-06
76,0.9994343365198813,0.0015275682252948954,7.8125e-07
77,0.9994468370273343,0.001504507327493451,7.8125e-07
78,0.9994544044170337,0.00149094249689988,7.8125e-07
79,0.9994608042490829,0.0014781265929617378,7.8125e-07
80,0.9994658258403974,0.0014653000919087383,7.8125e-07
81,0.9994713246022295,0.0014522224603810972,7.8125e-07
82,0.9994745341856741,0.001440921318167779,7.8125e-07
83,0.9994739718085167,0.00143681162208388,3.90625e-07
84,0.9994791320773045,0.001426917076835115,3.90625e-07
85,0.9994834512138794,0.0014191580120428784,3.90625e-07
86,0.9994871241000941,0.0014118234737894979,3.90625e-07
87,0.9994874810612442,0.0014081488892978258,1.953125e-07
88,0.9994893766756292,0.0014039320264155383,1.953125e-07
89,0.9994917081906491,0.0013996168864249998,1.953125e-07
90,0.9994937585504263,0.0013954822305021902,1.953125e-07
91,0.9994940904429561,0.001392927914086971,1e-07
92,0.9994950027140461,0.0013906457268042277,1e-07
93,0.9994965373669695,0.0013883632063737786,1e-07
94,0.9994975715808954,0.0013861182177905774,1e-07
95,0.9994988256786227,0.0013838904075479757,1e-07
96,0.9994997100142025,0.0013816664898124787,1e-07
97,0.9995005334783721,0.001379439558007471,1e-07
98,0.9995012732693547,0.001377211218589518,1e-07
99,0.9995021361365948,0.0013749825504024552,1e-07
100,0.9995030650089785,0.0013727522827580705,1e-07
101,0.9995038735386509,0.0013705234545976041,1e-07
102,0.9995048067447057,0.001368297484342136,1e-07
103,0.9995054095250114,0.0013660761465277352,1e-07
104,0.9995062287221819,0.001363858655627694,1e-07
105,0.9995072159991168,0.0013616457336221017,1e-07
106,0.9995079805920322,0.0013594358686743965,1e-07
107,0.9995089260657095,0.001357230719377368,1e-07
108,0.9995097521967535,0.0013550303057358304,1e-07
109,0.9995104962547353,0.0013528345016169078,1e-07
110,0.9995114376614291,0.001350644734801133,1e-07
111,0.9995122879276873,0.0013484604541062308,1e-07
112,0.9995130974574377,0.0013462798978063754,1e-07
113,0.9995139509239452,0.0013441049595224364,1e-07
114,0.999514636910735,0.0013419348701677895,1e-07
115,0.9995154359730032,0.0013397694221416216,1e-07
116,0.999516385046961,0.0013376091789806853,1e-07
117,0.9995173169862503,0.0013354534673577715,1e-07
118,0.9995181658523995,0.0013333018229300547,1e-07
119,0.9995189457131712,0.0013311553359680425,1e-07
120,0.9995199182556246,0.001329014161773551,1e-07
121,0.9995207585877753,0.0013268763122033698,1e-07
122,0.9995216737257554,0.0013247423233181525,1e-07
123,0.9995225103909537,0.0013226120412322094,1e-07
124,0.9995233227209224,0.0013204872083664775,1e-07
125,0.9995242361921058,0.0013183684904792166,1e-07
126,0.9995249903842107,0.0013162553786440498,1e-07
127,0.9995258717195566,0.0013141466849428858,1e-07
128,0.999526843795307,0.0013120416202191763,1e-07
129,0.9995277446655085,0.00130994113562126,1e-07
130,0.9995285573955084,0.0013078452547837906,1e-07
131,0.9995293841265992,0.0013057542810344421,1e-07
132,0.9995302439936056,0.0013036665476417696,1e-07
133,0.9995308375731944,0.001301583719758319,1e-07
134,0.9995315912985961,0.0012995046969890955,1e-07
135,0.9995324172296247,0.0012974295990374376,1e-07
136,0.9995331689548705,0.0012953587274893471,1e-07
137,0.9995338858107325,0.0012932925691015048,1e-07
138,0.9995346543372877,0.0012912305667666954,1e-07
139,0.9995355352726025,0.0012891728636764159,1e-07
140,0.9995362861311142,0.0012871192980667585,1e-07
141,0.9995369624504841,0.0012850690463058322,1e-07
142,0.9995376373030729,0.001283023318302374,1e-07
143,0.9995383130890678,0.0012809828309091203,1e-07
144,0.9995392217598772,0.0012789457403788796,1e-07
145,0.9995398505422093,0.0012769115086814433,1e-07
146,0.9995405886663953,0.0012748814617176603,1e-07
147,0.9995413285907216,0.0012728553130068728,1e-07
148,0.9995420492468797,0.001270834375069981,1e-07
149,0.9995428235738869,0.0012688171279805992,1e-07
150,0.9995437143766374,0.0012668030922742815,1e-07
151,0.9995444823698176,0.0012647930695597182,1e-07
152,0.9995452941664114,0.0012627876928614993,1e-07
153,0.999546019889631,0.0012607861820569833,1e-07
154,0.999546879889981,0.0012587872781125117,1e-07
155,0.9995476279482746,0.001256792489869621,1e-07
156,0.9995483898076435,0.0012548020631808036,1e-07
157,0.9995491751355079,0.0012528159207451132,1e-07
158,0.9995499160599122,0.001250835076622692,1e-07
159,0.9995507897946658,0.001248858880258287,1e-07
160,0.9995516193926468,0.001246883966220372,1e-07
161,0.9995524664586556,0.001244911927683227,1e-07
162,0.9995534668032755,0.0012429463006483111,1e-07
163,0.99955431300255,0.001240984409353727,1e-07
164,0.9995551148650363,0.0012390254897262612,1e-07
165,0.999555815452964,0.001237071187581015,1e-07
166,0.9995566102482328,0.0012351200758048252,1e-07
167,0.9995572383638464,0.0012331698377946417,1e-07
168,0.9995580342925369,0.0012312257308611891,1e-07
169,0.9995588462891462,0.0012292810576075637,1e-07
170,0.9995596072151091,0.0012273382365816092,1e-07
171,0.9995604604149292,0.0012253906764493738,1e-07
172,0.9995612665444146,0.0012234529874639657,1e-07
173,0.9995620532723881,0.0012215235517584245,1e-07
174,0.9995629372079367,0.0012195986410148726,1e-07
175,0.9995638419451063,0.00121767741325689,1e-07
176,0.999564756749727,0.0012157604606041865,1e-07
177,0.999565599882096,0.001213846321468256,1e-07
178,0.9995663196715199,0.0012119338288799062,1e-07
179,0.9995670667297355,0.0012100239829821783,1e-07
180,0.9995678965277319,0.0012081178822330673,1e-07
181,0.9995686888561419,0.001206214623844123,1e-07
182,0.9995693169050835,0.0012043142144076559,1e-07
183,0.9995701539036411,0.0012024174657545076,1e-07
184,0.9995708743597838,0.001200523645503387,1e-07
185,0.9995716116839074,0.0011986347252434804,1e-07
186,0.9995722399995365,0.0011967500348379304,1e-07
187,0.9995729565887109,0.0011948678139933142,1e-07
188,0.9995739117964803,0.0011929902467339912,1e-07
189,0.9995745733146966,0.0011911171338582407,1e-07
190,0.9995753854446496,0.0011892472570907884,1e-07
191,0.9995762256434566,0.0011873815029753284,1e-07
192,0.9995771265136583,0.001185518216369861,1e-07
193,0.9995779465775628,0.0011836568373511961,1e-07
194,0.9995787117705249,0.0011817987399521885,1e-07
195,0.9995794186256076,0.0011799417969888446,1e-07
196,0.9995800697430135,0.001178088334846879,1e-07
197,0.9995808892735433,0.001176238903862146,1e-07
198,0.999581530323498,0.0011743922542139442,1e-07
199,0.9995821935751827,0.001172548029152468,1e-07
200,0.9995829380998675,0.0011707071360238146,1e-07
201,0.9995837706980822,0.0011688715743490335,1e-07
202,0.9995846643677228,0.001167039792753977,1e-07
203,0.9995853841571466,0.0011652130724257223,1e-07
204,0.9995861766189004,0.0011633893563354834,1e-07
205,0.9995869209435696,0.0011615693629311733,1e-07
206,0.9995877980119163,0.0011597526999296186,1e-07
207,0.9995885654717217,0.0011579386935641226,1e-07
208,0.9995893263976846,0.0011561297157480354,1e-07
209,0.9995899886492915,0.0011543238021681289,1e-07
210,0.9995905144235965,0.0011525206798213583,1e-07
211,0.9995911423391943,0.0011507235093544117,1e-07
212,0.9995919382012131,0.0011489303467193122,1e-07
213,0.9995927133282826,0.0011471397953228535,1e-07
214,0.9995934639201068,0.0011453545153983795,1e-07
215,0.9995940316310131,0.001143573871105326,1e-07
216,0.9995946147431196,0.0011417972497494632,1e-07
217,0.999595192121446,0.0011400222299344186,1e-07
218,0.9995958037691095,0.0011382518361146266,1e-07
219,0.9995965036903185,0.0011364852363893228,1e-07
220,0.9995971998112314,0.001134722723587316,1e-07
221,0.9995978610627603,0.0011329641107636998,1e-07
222,0.9995984617762385,0.0011312088304263346,1e-07
223,0.9995991099600824,0.0011294584498848553,1e-07
224,0.9995998310162717,0.001127712345702008,1e-07
225,0.9996005474721026,0.0011259696388704924,1e-07
226,0.9996012717285412,0.0011242314322106228,1e-07
227,0.9996019681161415,0.001122498572516902,1e-07
228,0.9996027371093997,0.0011207696523066032,1e-07
229,0.9996034774337572,0.0011190468653216406,1e-07
230,0.9996041904226513,0.0011173275336026792,1e-07
231,0.9996049371475074,0.0011156120870985879,1e-07
232,0.9996056365353416,0.0011138995908406746,1e-07
233,0.9996062679845481,0.0011121919108272147,1e-07
234,0.9996069886407063,0.0011104867705461722,1e-07
235,0.9996076716272623,0.0011087854852204803,1e-07
236,0.999608542428454,0.0011070870311375525,1e-07
237,0.9996092087470445,0.001105392557084826,1e-07
238,0.9996099560052757,0.0011037011312514072,1e-07
239,0.9996106348581763,0.0011020133983489944,1e-07
240,0.9996113757825804,0.0011003294084954256,1e-07
241,0.9996120817042571,0.0010986505086706655,1e-07
242,0.9996129491718557,0.001096976388254806,1e-07
243,0.9996135641531123,0.0010953044527260039,1e-07
244,0.9996141312639719,0.0010936368814207535,1e-07
245,0.9996147141760627,0.0010919710025650978,1e-07
246,0.9996154333654399,0.0010903077225447727,1e-07
247,0.9996161426207096,0.0010886451789913429,1e-07
248,0.9996167128651468,0.001086987296722374,1e-07
249,0.9996174975262926,0.001085333352341651,1e-07
250,0.999618094706162,0.001083685177958089,1e-07
251,0.9996187334892733,0.0010820404007305315,1e-07
252,0.9996193926739746,0.001080400922939377,1e-07
253,0.9996200998624166,0.0010787641435681366,1e-07
254,0.9996207283113894,0.0010771314109640688,1e-07
255,0.9996213122235582,0.0010755025365057045,1e-07
256,0.9996219470063579,0.0010738759542832576,1e-07
257,0.999622630459617,0.0010722528949753127,1e-07
258,0.9996232657757915,0.00107063500192282,1e-07
259,0.9996239587631268,0.0010690204465490405,1e-07
260,0.9996247194890742,0.0010674090358539082,1e-07
261,0.9996253076682421,0.0010658013548602255,1e-07
262,0.9996260480592715,0.0010641970244531626,1e-07
263,0.9996267233785634,0.0010625957291458955,1e-07
264,0.999627296756578,0.0010609966301035252,1e-07
265,0.9996279452071094,0.0010594009755678544,1e-07
266,0.999628512317969,0.001057807116712479,1e-07
267,0.999629105764214,0.0010562172955415373,1e-07
268,0.9996297613486348,0.0010546317555473114,1e-07
269,0.9996303959314189,0.0010530498069950631,1e-07
270,0.9996310751176787,0.0010514701683396136,1e-07
271,0.9996316512959116,0.0010498941988665747,1e-07
272,0.999632238274986,0.0010483209340639362,1e-07
273,0.999632818720218,0.0010467511893923799,1e-07
274,0.9996334671040776,0.0010451863067370726,1e-07
275,0.9996339566088897,0.0010436242061833303,1e-07
276,0.9996345471882446,0.0010420666058500656,1e-07
277,0.9996351653030788,0.001040513914932577,1e-07
278,0.9996358748917078,0.0010389626556045117,1e-07
279,0.9996365306761441,0.0010374139666102069,1e-07
280,0.9996372738673917,0.0010358704341700774,1e-07
281,0.999637874447526,0.0010343296756440256,1e-07
282,0.999638496029297,0.0010327938540098498,1e-07
283,0.9996391588809507,0.0010312609129549647,1e-07
284,0.9996396887889111,0.0010297313276303294,1e-07
285,0.9996401664928035,0.001028205792995699,1e-07
286,0.9996407262030864,0.0010266838410295759,1e-07
287,0.9996412861800568,0.001025164956473709,1e-07
288,0.9996419038281878,0.0010236512310926643,1e-07
289,0.9996426956232228,0.0010221402646180178,1e-07
290,0.9996434364142834,0.0010206325262757873,1e-07
291,0.9996440269269666,0.0010191283429794688,1e-07
292,0.9996446173729779,0.0010176275696005658,1e-07
293,0.9996452111525823,0.0010161279092315725,1e-07
294,0.9996457745964895,0.001014631274244821,1e-07
295,0.9996463645091259,0.0010131367597683652,1e-07
296,0.9996470534294777,0.001011644581948606,1e-07
297,0.9996476166733693,0.0010101562792029528,1e-07
298,0.999648299326566,0.0010086713966294203,1e-07
299,0.9996489449102073,0.001007191776575352,1e-07
300,0.9996495771594762,0.0010057174475260405,1e-07
301,0.9996501958743571,0.001004246797978954,1e-07
302,0.9996507727859805,0.0010027795877298278,1e-07
303,0.9996514245034331,0.0010013141163531848,1e-07
304,0.999652083354775,0.0009998525531098644,1e-07
305,0.9996528138116969,0.0009983927683580001,1e-07
306,0.9996533358523776,0.0009969368367709825,1e-07
307,0.9996539983706719,0.0009954835132810849,1e-07
308,0.9996546023510713,0.0009940329816754152,1e-07
309,0.9996552404007922,0.000992586562597251,1e-07
310,0.9996558447145509,0.000991141084136006,1e-07
311,0.9996564012912562,0.000989698646797161,1e-07
312,0.9996568988633636,0.000988260752260237,1e-07
313,0.9996575474472388,0.0009868265401228994,1e-07
314,0.9996581782963986,0.0009853949783548558,1e-07
315,0.9996588751507018,0.0009839666899538733,1e-07
316,0.9996595550703522,0.0009825411410730122,1e-07
317,0.9996601791189821,0.0009811193066580383,1e-07
318,0.9996607801658195,0.0009797001050816957,1e-07
319,0.9996614388171459,0.0009782844620183323,1e-07
320,0.9996620912013171,0.0009768723908804516,1e-07
321,0.9996626922481545,0.0009754618677310386,1e-07
322,0.9996632728934022,0.0009740567291320835,1e-07
323,0.999663760998105,0.0009726548715586638,1e-07
324,0.9996643543110064,0.000971259176420213,1e-07
325,0.9996648625506117,0.0009698653881198084,1e-07
326,0.9996653056518077,0.0009684744022838835,1e-07
327,0.9996658380932989,0.000967087143675257,1e-07
328,0.999666206655353,0.0009657016866230348,1e-07
329,0.9996667735661969,0.000964320660010462,1e-07
330,0.9996673950146242,0.0009629401621256145,1e-07
331,0.999667999261711,0.000961562465020545,1e-07
332,0.9996685045677544,0.000960191507535722,1e-07
333,0.9996690673449429,0.0009588213581298202,1e-07
334,0.9996696482568779,0.0009574534016194122,1e-07
335,0.9996701156933036,0.0009560920542096397,1e-07
336,0.9996706105985365,0.0009547354372791733,1e-07
337,0.9996711125709866,0.0009533809864273325,1e-07
338,0.9996717643551112,0.0009520298491393698,1e-07
339,0.9996721525853646,0.0009506812848709237,1e-07
340,0.9996726678255153,0.0009493366268394938,1e-07
341,0.9996731799987605,0.0009479937303060081,1e-07
342,0.9996736108323339,0.0009466562088088927,1e-07
343,0.9996741027373329,0.0009453219909139417,1e-07
344,0.9996746655811933,0.0009439899454132125,1e-07
345,0.9996752256915074,0.000942660142616546,1e-07
346,0.9996757040621184,0.0009413329791938506,1e-07
347,0.9996762095015055,0.0009400079794977094,1e-07
348,0.9996767050067851,0.0009386835745826179,1e-07
349,0.999677210512844,0.000937359518246122,1e-07
350,0.9996777525550834,0.0009360438092723458,1e-07
351,0.9996781899224991,0.0009347326831589505,1e-07
352,0.9996787359650503,0.0009334185993525078,1e-07
353,0.9996794769561264,0.0009321098238861572,1e-07
354,0.9996799922629491,0.0009308034612950077,1e-07
355,0.9996805791086798,0.0009295004364314033,1e-07
356,0.9996810946155181,0.0009282034694861596,1e-07
357,0.9996815583849913,0.00092691016565189,1e-07
358,0.9996821086278698,0.0009256192914665894,1e-07
359,0.9996826339354717,0.0009243338666317185,1e-07
360,0.9996832246481706,0.0009230527007550348,1e-07
361,0.9996837261539178,0.0009217763542154933,1e-07
362,0.9996841935903434,0.0009204991198137951,1e-07
363,0.9996846853619987,0.0009192252799148996,1e-07
364,0.9996852730744638,0.0009179563547381834,1e-07
365,0.9996857351771403,0.0009166852700019045,1e-07
366,0.9996862876868622,0.0009154163880577239,1e-07
367,0.9996868378630687,0.0009141548343213229,1e-07
368,0.9996872707634697,0.0009128980938424888,1e-07
369,0.999687738399911,0.0009116427891933171,1e-07
370,0.9996881918352456,0.000910388179341127,1e-07
371,0.9996887550124652,0.0009091351276263074,1e-07
372,0.9996891373755948,0.0009078905691840151,1e-07
373,0.999689751623461,0.0009066433628221638,1e-07
374,0.9996901673891934,0.0009053987098249771,1e-07
375,0.9996906322254164,0.0009041559810581423,1e-07
376,0.9996910656591923,0.0009029152281858419,1e-07
377,0.99969170430896,0.0009016822150849682,1e-07
378,0.9996922094816596,0.0009004509397822753,1e-07
379,0.9996927247884823,0.0008992186244652697,1e-07
380,0.9996932640971753,0.0008979924437246166,1e-07
381,0.999693758602377,0.0008967666402431799,1e-07
382,0.9996944038526591,0.0008955446189737949,1e-07
383,0.9996948824899575,0.000894326021408707,1e-07
384,0.9996953125901403,0.0008931180916833889,1e-07
385,0.9996958382311016,0.000891907182119743,1e-07
386,0.9996963094678234,0.0008906938794578277,1e-07
387,0.9996967835714353,0.0008894851112882664,1e-07
388,0.9996971528668799,0.0008882841446869398,1e-07
389,0.9996975554315836,0.0008870944455326551,1e-07
390,0.999698032668773,0.0008858997568700898,1e-07
391,0.9996985582430624,0.0008847037399383272,1e-07
392,0.9996990766167907,0.0008835117299757143,1e-07
393,0.9996996025244395,0.0008823251759965348,1e-07
394,0.9997000019555657,0.0008811481907398996,1e-07
395,0.9997004051203162,0.0008799670970657793,1e-07
396,0.9997007768159478,0.0008787838094462786,1e-07
397,0.9997012755881487,0.0008776055473893005,1e-07
398,0.9997017877613938,0.0008764390036120222,1e-07
399,0.9997023306703674,0.000875280654858118,1e-07
400,0.9997026690300679,0.000874116867570057,1e-07
401,0.9997031610017388,0.0008729518502056719,1e-07
402,0.9997036457061768,0.0008717913254114286,1e-07
403,0.9997041478786426,0.0008706348236357628,1e-07
404,0.9997046295161749,0.0008694845094842033,1e-07
405,0.9997050834182125,0.0008683286527376435,1e-07
406,0.9997055063178342,0.0008671755264040501,1e-07
407,0.9997059674871048,0.0008660314540312078,1e-07
408,0.9997064115217068,0.0008648944465725155,1e-07
409,0.9997069226282022,0.000863760695943137,1e-07
410,0.9997074268674957,0.0008626253179815427,1e-07
411,0.9997078531673824,0.0008614942184295214,1e-07
412,0.9997083140032936,0.0008603700171201334,1e-07
413,0.9997088058416209,0.0008592491615141723,1e-07
414,0.9997092460092549,0.0008581269151341431,1e-07
415,0.999709713645696,0.0008570101623706884,1e-07
416,0.9997101714813736,0.0008558933194716288,1e-07
417,0.9997105637119387,0.0008547778871072918,1e-07
418,0.9997109737438911,0.0008536697117293642,1e-07
419,0.999711431846256,0.0008525671839106711,1e-07
420,0.9997119196842714,0.0008514607105045648,1e-07
421,0.9997123947212894,0.0008503529944397734,1e-07
422,0.9997126669425026,0.0008492505669055879,1e-07
423,0.9997132615221693,0.000848154980366736,1e-07
424,0.9997138254994514,0.0008470634287858686,1e-07
425,0.9997142893355965,0.0008459786093214077,1e-07
426,0.999714729236543,0.0008448863680953273,1e-07
427,0.9997151417353543,0.0008437911180980004,1e-07
428,0.999715504163597,0.0008427009223194005,1e-07
429,0.9997158451235001,0.0008416236796742149,1e-07
430,0.9997161691487502,0.0008405422142390251,1e-07
431,0.9997166883225409,0.00083945852366299,1e-07
432,0.9997172070296285,0.0008383768558845584,1e-07
433,0.9997177362708703,0.0008373004992052229,1e-07
434,0.9997182451771943,0.0008362344949764967,1e-07
435,0.9997187468162853,0.0008351650642356377,1e-07
436,0.9997190776420652,0.0008340974048567729,1e-07
437,0.9997195727473137,0.0008330299246748149,1e-07
438,0.9997198801712702,0.0008319600205897782,1e-07
439,0.9997204671503447,0.0008309025846963948,1e-07
440,0.9997209507880328,0.0008298493505057606,1e-07
441,0.9997214840295864,0.0008287884511670277,1e-07
442,0.9997220029366897,0.0008277278595264263,1e-07
443,0.9997222967595862,0.0008266760067829614,1e-07
444,0.9997227375272669,0.0008256301552721251,1e-07
445,0.9997234140466523,0.0008245815911801153,1e-07
446,0.9997238133444348,0.0008235270243416873,1e-07
447,0.9997242091752806,0.0008224737126629183,1e-07
448,0.9997245880048014,0.0008214346755747069,1e-07
449,0.9997250895772204,0.0008204080511806601,1e-07
450,0.9997254476717922,0.0008193707943988248,1e-07
451,0.9997258913730348,0.0008183388311203134,1e-07
452,0.9997262396001709,0.0008173068272054973,1e-07
453,0.9997267141704858,0.0008162737564839162,1e-07
454,0.999727028528316,0.0008152504874131865,1e-07
455,0.999727448361032,0.0008142240581515332,1e-07
456,0.9997277280494937,0.0008131942276726867,1e-07
457,0.99972825709072,0.0008121742882885109,1e-07
458,0.9997286320532728,0.0008111649800387708,1e-07
459,0.9997289837473458,0.0008101488691593168,1e-07
460,0.9997294473168034,0.0008091362880715283,1e-07
461,0.9997298056780626,0.0008081215474241771,1e-07
462,0.9997301407041699,0.0008071115983123224,1e-07
463,0.9997305572032928,0.0008061101860392155,1e-07
464,0.9997310833109572,0.0008051046903668491,1e-07
465,0.9997314723412729,0.0008040955037981406,1e-07
466,0.999731896040957,0.0008030931217635912,1e-07
467,0.9997322639362924,0.0008021000289945875,1e-07
468,0.9997327217719699,0.0008011112482559407,1e-07
469,0.9997331146025817,0.0008001177798554518,1e-07
470,0.9997335032995381,0.0007991187480656988,1e-07
471,0.9997338586605635,0.0007981223850792937,1e-07
472,0.9997343364977996,0.0007971331242658015,1e-07
473,0.9997348414038119,0.0007961524168532201,1e-07
474,0.9997352337677207,0.0007951725066625941,1e-07
475,0.9997356369324711,0.0007941933885096,1e-07
476,0.9997360672993415,0.0007932067704476209,1e-07
477,0.9997364937992438,0.0007922241568073924,1e-07
478,0.9997368700285619,0.0007912529577610893,1e-07
479,0.9997372588588621,0.0007902864459290021,1e-07
480,0.9997378225694566,0.0007893066233754136,1e-07
481,0.9997382323347216,0.0007883385493040738,1e-07
482,0.9997386213650373,0.0007873841564176746,1e-07
483,0.9997389699255327,0.0007864330228103244,1e-07
484,0.9997392874836122,0.0007854636534313401,1e-07
485,0.9997397173171075,0.0007845018644038076,1e-07
486,0.9997400588103855,0.0007835464883922944,1e-07
487,0.9997404399734215,0.0007825924795120564,1e-07
488,0.9997408640064649,0.0007816446897036878,1e-07
489,0.9997411649632507,0.000780705765088105,1e-07
490,0.9997416251324434,0.0007797559496173265,1e-07
491,0.9997419930277788,0.0007788035685250689,1e-07
492,0.9997424131271823,0.0007778618729253242,1e-07
493,0.9997426971493152,0.0007769312723063821,1e-07
494,0.9997431537182272,0.0007759925108382783,1e-07
495,0.9997435362813724,0.0007750431041395884,1e-07
496,0.9997438227703641,0.0007741049416113871,1e-07
497,0.9997442296687389,0.0007731791080550058,1e-07
498,0.9997445714953762,0.0007722519405079527,1e-07
499,0.9997449331235566,0.0007713149129477526,1e-07
500,0.9997451685419019,0.0007703837462121041,1e-07
501,0.9997455714399649,0.0007694611835893259,1e-07
502,0.9997459059993693,0.000768530341602291,1e-07
503,0.9997462131566383,0.000767608943157147,1e-07
504,0.999746581852036,0.0007666906726250208,1e-07
505,0.9997468618071853,0.0007657706235851613,1e-07
506,0.999747281306542,0.0007648536442262428,1e-07
507,0.9997477938798184,0.0007639381102192131,1e-07
508,0.9997481521744056,0.000763016945329053,1e-07
509,0.9997484933343243,0.0007620993659640683,1e-07
510,0.9997488855648894,0.0007611896571749743,1e-07
511,0.999749100981676,0.0007602942933106949,1e-07
512,0.9997494077389139,0.0007593978005254348,1e-07
513,0.9997497527658006,0.0007584855501564486,1e-07
514,0.9997501002595462,0.0007575746474999068,1e-07
515,0.9997503904154903,0.000756678758895843,1e-07
516,0.999750751910327,0.0007557937006604904,1e-07
517,0.9997510862030439,0.0007548891317250517,1e-07
518,0.9997515404384408,0.0007539917011469861,1e-07
519,0.9997519604045007,0.000753105697761484,1e-07
520,0.9997523221660247,0.000752219406438505,1e-07
521,0.9997526424576505,0.0007513307757567957,1e-07
522,0.9997529433477645,0.0007504485285070947,1e-07
523,0.999753376981556,0.0007495603255442629,1e-07
524,0.9997536220006494,0.0007486669528914664,1e-07
525,0.9997540899037781,0.0007477909435708986,1e-07
526,0.9997544067284672,0.0007469346896472196,1e-07
527,0.9997549631051569,0.0007460538615917701,1e-07
528,0.9997552705957852,0.0007451676705695758,1e-07
529,0.9997555439504201,0.0007442943824164625,1e-07
530,0.9997558655088113,0.0007434367684665542,1e-07
531,0.9997562244034454,0.0007425677065135415,1e-07
532,0.9997566409692401,0.0007416823028736687,1e-07
533,0.9997569676613648,0.0007408216184208152,1e-07
534,0.9997572172141449,0.0007399761749993905,1e-07
535,0.9997576514479831,0.0007391127091204805,1e-07
536,0.999757971739609,0.0007382448483678441,1e-07
537,0.9997582753632692,0.0007373931105431588,1e-07
538,0.9997585520514972,0.0007365477441947973,1e-07
539,0.9997589478156711,0.0007356796023492927,1e-07
540,0.9997592522393937,0.0007348230370081168,1e-07
541,0.9997595871321574,0.0007339954676846344,1e-07
542,0.999759989763533,0.0007331538298413401,1e-07
543,0.9997602971874894,0.0007322971983817307,1e-07
544,0.9997606894847264,0.0007314522844042329,1e-07
545,0.9997610373118313,0.0007306162343580292,1e-07
546,0.9997614982810863,0.0007297728321031523,1e-07
547,0.9997618837777934,0.0007289145526716978,1e-07
548,0.9997621498651953,0.0007280850525418301,1e-07
549,0.9997623996846627,0.0007272759821859471,1e-07
550,0.9997627825811672,0.0007264297580477596,1e-07
551,0.9997630928720137,0.0007255791303356229,1e-07
552,0.9997633460250743,0.0007247525191027515,1e-07
553,0.9997637253212982,0.000723935028624573,1e-07
554,0.9997641448873268,0.0007230993723671939,1e-07
555,0.99976453418433,0.0007222521804045637,1e-07
556,0.9997647933378583,0.0007214389829529825,1e-07
557,0.9997652298385398,0.0007206399339021125,1e-07
558,0.9997655619310852,0.0007198078711864839,1e-07
559,0.9997659401605593,0.0007189718295312335,1e-07
560,0.999766301655396,0.0007181601723445365,1e-07
561,0.9997666592165928,0.000717349552771249,1e-07
562,0.9997669940426845,0.0007165151748768345,1e-07
563,0.999767325668527,0.0007157047520962261,1e-07
564,0.9997675814217902,0.0007149119626640049,1e-07
565,0.9997680423243734,0.0007141015970248936,1e-07
566,0.9997684552232158,0.0007132764123354791,1e-07
567,0.9997688201183174,0.0007124560289967792,1e-07
568,0.9997691408099744,0.0007116717436126646,1e-07
569,0.9997694037637987,0.0007108621477601025,1e-07
570,0.9997698439981046,0.0007100318091941302,1e-07
571,0.9997700999513836,0.0007092515143228047,1e-07
572,0.9997704725804212,0.0007084746665299935,1e-07
573,0.9997708447427558,0.0007076570535487791,1e-07
574,0.9997711354320749,0.0007068467076865995,1e-07
575,0.9997715653989139,0.0007060654532108732,1e-07
576,0.9997719336942805,0.0007052917065630434,1e-07
577,0.9997723636611197,0.0007044737231916377,1e-07
578,0.9997726804858086,0.0007036660877783039,1e-07
579,0.9997730505146436,0.0007029034013429426,1e-07
580,0.9997734496124105,0.0007021446106864256,1e-07
581,0.9997738868464826,0.0007013351904172075,1e-07
582,0.9997741734021462,0.0007005305635553766,1e-07
583,0.9997744975607401,0.0006997583276616676,1e-07
584,0.9997747878500279,0.000699004919236092,1e-07
585,0.9997750404697137,0.0006982037886509451,1e-07
586,0.9997754326336069,0.0006974170065878982,1e-07
587,0.999775835998373,0.0006966622368990177,1e-07
588,0.9997760170791506,0.0006958938591428735,1e-07
589,0.9997763175025616,0.00069511013391797,1e-07
590,0.9997766998656911,0.0006943479128183497,1e-07
591,0.9997769352173645,0.0006935922365565446,1e-07
592,0.9997772180394038,0.0006928080804956586,1e-07
593,0.9997774942609288,0.0006920130463328496,1e-07
594,0.9997777032772167,0.0006912747972835766,1e-07
595,0.99977807217263,0.0006905489553046576,1e-07
596,0.9997784372677473,0.0006897692479791174,1e-07
597,0.9997786964212755,0.0006889875871322058,1e-07
598,0.9997789901775002,0.0006882322542809505,1e-07
599,0.9997792525979496,0.0006875028964437433,1e-07
600,0.999779535886692,0.0006867276186626004,1e-07
601,0.9997798225756993,0.0006859510340738934,1e-07
602,0.9997800476599059,0.0006852310942720321,1e-07
603,0.9997803451497549,0.0006845052865731281,1e-07
604,0.9997807989851207,0.0006837198323153753,1e-07
605,0.9997810212691092,0.000682961150008773,1e-07
606,0.999781206150183,0.0006822406840998335,1e-07
607,0.999781523441575,0.0006815158490434558,1e-07
608,0.9997818409329826,0.0006807316893364524,1e-07
609,0.9997821584910621,0.0006799745448124444,1e-07
610,0.9997825203192581,0.0006792721423147021,1e-07
611,0.9997829568199397,0.0006785449849256607,1e-07
612,0.9997832469092119,0.0006777782313520729,1e-07
613,0.9997835678008845,0.00067704078875399,1e-07
614,0.9997838818920272,0.0006763304844604762,1e-07
615,0.999784239919927,0.0006755759233734633,1e-07
616,0.9997845000735331,0.0006748104420588487,1e-07
617,0.9997847016225725,0.0006741123703185086,1e-07
618,0.9997850869192639,0.0006734182238189443,1e-07
619,0.9997853704080218,0.0006726643774116472,1e-07
620,0.9997857295693434,0.000671923315976874,1e-07
621,0.9997858904485468,0.000671199914788743,1e-07
622,0.9997862005393777,0.0006704791964350009,1e-07
623,0.9997865114969429,0.0006697463415316603,1e-07
624,0.9997867364478058,0.0006690390977549619,1e-07
625,0.9997870736074128,0.0006683379718215414,1e-07
626,0.9997873436284546,0.0006675960261056197,1e-07
627,0.9997876102492314,0.0006668610023565109,1e-07
628,0.9997878871374749,0.0006661540794137331,1e-07
629,0.9997880842861713,0.0006654604505082141,1e-07
630,0.9997883060367849,0.0006647268876558252,1e-07
631,0.9997885859252622,0.0006639947466264735,1e-07
632,0.9997888726809414,0.0006633114553592116,1e-07
633,0.9997891833718191,0.0006626062796228999,1e-07
634,0.9997895003298518,0.0006618765906482348,1e-07
635,0.9997897124130454,0.0006611695461709212,1e-07
636,0.9997899168289748,0.0006604780445389201,1e-07
637,0.9997902237195563,0.0006597674396604594,1e-07
638,0.9997904629381977,0.0006590459895276874,1e-07
639,0.9997907702954824,0.0006583630211778418,1e-07
640,0.9997910535175528,0.0006576743380597483,1e-07
641,0.999791285602305,0.0006569497270035735,1e-07
642,0.9997914663497234,0.0006562451007648348,1e-07
643,0.9997916266955519,0.000655572160564611,1e-07
644,0.9997919824566084,0.0006548797574544834,1e-07
645,0.9997922207418437,0.0006541471039258846,1e-07
646,0.9997925384999389,0.0006534534489766692,1e-07
647,0.9997928525244096,0.0006528040556471756,1e-07
648,0.9997931493475399,0.0006521073355665274,1e-07
649,0.9997934771730862,0.0006513862800852773,1e-07
650,0.9997937671290148,0.0006507057289566748,1e-07
651,0.9997940298161517,0.0006500400253473906,1e-07
652,0.9997943203054552,0.0006493265393443491,1e-07
653,0.9997946039942287,0.0006486263703295733,1e-07
654,0.9997948806824567,0.0006479845594268884,1e-07
655,0.999795184306117,0.0006473186493887575,1e-07
656,0.9997955596687009,0.0006466076645083539,1e-07
657,0.9997956893454729,0.0006459181198078209,1e-07
658,0.9997960144374728,0.0006452601166928142,1e-07
659,0.999796246055522,0.000644584264213238,1e-07
660,0.9997965087426589,0.0006438890897364317,1e-07
661,0.9997968438354381,0.0006432477562472519,1e-07
662,0.9997971168567137,0.0006425966753920496,1e-07
663,0.9997973760102419,0.0006418889639519548,1e-07
664,0.9997977133698644,0.0006412042896504857,1e-07
665,0.99979798639114,0.0006405678012572912,1e-07
666,0.9997981264687225,0.0006399265038711852,1e-07
667,0.9997985254998175,0.0006392184726063629,1e-07
668,0.9997987344494336,0.0006385495025478746,1e-07
669,0.9997990825432259,0.0006379321843171617,1e-07
670,0.9997993551644703,0.0006372685636582803,1e-07
671,0.999799624718809,0.0006365749341260847,1e-07
672,0.999799819200631,0.000635924008458757,1e-07
673,0.9998002122312584,0.0006353003067716199,1e-07
674,0.9998004071131116,0.0006346260776444572,1e-07
675,0.9998006595994535,0.0006339459664915465,1e-07
676,0.9998009668233944,0.0006333137616027231,1e-07
677,0.9998013213843574,0.000632682042428833,1e-07
678,0.9998015610697019,0.000632009168859778,1e-07
679,0.9998017927544229,0.0006313497288408064,1e-07
680,0.9998020553082161,0.0006307332482404712,1e-07
681,0.9998023834671217,0.0006300832023129223,1e-07
682,0.9998025438796221,0.0006293963107569648,1e-07
683,0.9998028432362832,0.0006287614606180613,1e-07
684,0.9998031029898582,0.0006281625538481289,1e-07
685,0.9998034822860821,0.0006275008967781353,1e-07
686,0.9998037413729384,0.0006268335020539957,1e-07
687,0.9998039266540434,0.0006262107848836827,1e-07
688,0.9998042339446561,0.0006255903963453523,1e-07
689,0.9998045545029693,0.0006249109531155844,1e-07
690,0.999804694447208,0.0006242612460409385,1e-07
691,0.9998050120052875,0.0006236777643825347,1e-07
692,0.9998053566321431,0.0006230447605382224,1e-07
693,0.9998056161190306,0.0006223674820686177,1e-07
694,0.9998058235351938,0.0006217341883742445,1e-07
695,0.9998060158835161,0.00062114517507547,1e-07
696,0.9998063503095768,0.000620501178854379,1e-07
697,0.9998066572668302,0.0006198279030729915,1e-07
698,0.999806981425424,0.0006192325728024659,1e-07
699,0.9998073233187332,0.0006186464184016053,1e-07
700,0.9998074902650761,0.0006179882624426568,1e-07
701,0.9998077766207241,0.0006173504816066246,1e-07
702,0.9998079577015017,0.0006167464520579352,1e-07
703,0.9998081084465821,0.0006161263636732031,1e-07
704,0.9998084594739364,0.0006154784744078558,1e-07
705,0.9998087912997944,0.0006148832374632877,1e-07
706,0.9998090745218648,0.0006142954242824482,1e-07
707,0.9998093240079731,0.0006136576135449973,1e-07
708,0.9998095448251806,0.0006130191779216117,1e-07
709,0.9998096541670345,0.0006124165795879674,1e-07
710,0.9998098318475471,0.0006118300872538718,1e-07
711,0.9998100910677472,0.0006111848662465825,1e-07
712,0.9998104324276815,0.0006105778954245822,1e-07
713,0.9998106234425667,0.0006100106343539209,1e-07
714,0.9998110164731941,0.000609386015033427,1e-07
715,0.9998112073547355,0.0006087496532166652,1e-07
716,0.9998114223048191,0.0006081542532019353,1e-07
717,0.9998117561975048,0.0006075631866873343,1e-07
718,0.9998119406118756,0.0006069366319417683,1e-07
719,0.9998122309678353,0.0006063367055041608,1e-07
720,0.9998124355837803,0.0006057735460185835,1e-07
721,0.9998127294066769,0.0006051450194030484,1e-07
722,0.9998129610247259,0.0006045035234134125,1e-07
723,0.999813247847077,0.0006039290137920579,1e-07
724,0.9998134320614321,0.0006033690246340993,1e-07
725,0.9998136332771123,0.0006027305885875036,1e-07
726,0.999813971036766,0.0006021220695857772,1e-07
727,0.9998141935874418,0.0006015689406670021,1e-07
728,0.9998144254721785,0.0006009697004360258,1e-07
729,0.9998146706246156,0.0006003387785695469,1e-07
730,0.9998148355708026,0.0005997604184528247,1e-07
731,0.9998150125845967,0.0005992042317355449,1e-07
732,0.9998152483363013,0.0005985955867026758,1e-07
733,0.999815484021334,0.0005979788578367376,1e-07
734,0.999815760242859,0.0005974008555034299,1e-07
735,0.999815952257822,0.0005968256849825921,1e-07
736,0.9998163413548096,0.0005962189591137622,1e-07
737,0.9998164680980196,0.0005956403071285925,1e-07
738,0.9998165906409022,0.000595104221424327,1e-07
739,0.999816731051844,0.0005945120611070419,1e-07
740,0.99981701447393,0.0005939071169159515,1e-07
741,0.9998173110970449,0.0005933528943165722,1e-07
742,0.9998175053121793,0.0005927933791376063,1e-07
743,0.9998177850673129,0.0005921891209456113,1e-07
744,0.9998180040843802,0.0005916313046335698,1e-07
745,0.9998180928246286,0.0005911015556047392,1e-07
746,0.9998183011075261,0.0005905088286213884,1e-07
747,0.9998185977973127,0.0005899314147535341,1e-07
748,0.9998188020798984,0.0005893791609477125,1e-07
749,0.9998190414985554,0.0005888107102091494,1e-07
750,0.9998192871176956,0.0005882248610729623,1e-07
751,0.9998194922670155,0.0005876870671667352,1e-07
752,0.9998197450867169,0.0005871550630630862,1e-07
753,0.9998199874389359,0.000586560460225549,1e-07
754,0.9998202431921991,0.0005859917410131024,1e-07
755,0.9998204813440907,0.0005854574627779743,1e-07
756,0.9998206622915247,0.0005848961032454864,1e-07
757,0.9998209557810619,0.0005843006826277511,1e-07
758,0.9998211304613408,0.0005837714494024617,1e-07
759,0.9998213728802317,0.0005832643358574223,1e-07
760,0.999821485422335,0.0005826694410619124,1e-07
761,0.9998217959131971,0.000582093493083843,1e-07
762,0.9998220485995547,0.000581577228597839,1e-07
763,0.9998221646752666,0.0005810419753925292,1e-07
764,0.9998223928930509,0.0005804422903555691,1e-07
765,0.9998226219775693,0.0005799039387195194,1e-07
766,0.9998228401279022,0.0005794156361984608,1e-07
767,0.9998229253345421,0.0005788441442642493,1e-07
768,0.9998232322917955,0.0005782690727338729,1e-07
769,0.9998233520344599,0.0005777495176634833,1e-07
770,0.9998236317229218,0.000577225932762462,1e-07
771,0.9998238199375886,0.0005766455535105311,1e-07
772,0.9998240897586148,0.0005761019521286363,1e-07
773,0.9998241308951538,0.0005756155326929591,1e-07
774,0.9998244343187985,0.0005750593568000906,1e-07
775,0.9998246526024752,0.0005744851596217035,1e-07
776,0.999824841350517,0.0005739809647367218,1e-07
777,0.9998250010296269,0.000573458213376404,1e-07
778,0.9998252880519936,0.0005728773895382331,1e-07
779,0.9998255034021083,0.0005723463763565297,1e-07
780,0.9998256700817637,0.0005718757191354732,1e-07
781,0.9998258649636168,0.0005713217102775222,1e-07
782,0.9998261859219613,0.0005707474272485322,1e-07
783,0.9998263638691615,0.0005702485132438206,1e-07
784,0.9998265206813812,0.0005697431482684719,1e-07
785,0.9998267456322442,0.0005691640058764341,1e-07
786,0.999827005452491,0.0005686273190388987,1e-07
787,0.999827179599395,0.0005681670219838966,1e-07
788,0.9998273504127059,0.0005676278513956826,1e-07
789,0.999827633301417,0.0005670576698337661,1e-07
790,0.9998278242496302,0.0005665581408519323,1e-07
791,0.9998279400586548,0.0005660619949869227,1e-07
792,0.9998282578167499,0.0005654950882610943,1e-07
793,0.999828561573754,0.0005649556508511437,1e-07
794,0.9998286615148754,0.0005644925698430329,1e-07
795,0.999828817927064,0.000563964512690022,1e-07
796,0.9998292316926406,0.0005634091212170045,1e-07
797,0.9998295115144461,0.0005629039037832638,1e-07
798,0.9998295587847964,0.0005624085787097547,1e-07
799,0.999829774201583,0.0005618557236038207,1e-07
800,0.9998300647575583,0.0005613288650468163,1e-07
801,0.9998301292292491,0.0005608592283439245,1e-07
802,0.999830358513783,0.0005603265501724484,1e-07
803,0.9998305595294474,0.0005597902223879578,1e-07
804,0.9998307706125631,0.0005593016557675428,1e-07
805,0.9998308734205745,0.000558788433059101,1e-07
806,0.9998311705103923,0.0005582331009250175,1e-07
807,0.9998313306562052,0.0005577368763958375,1e-07
808,0.9998314633998828,0.0005572861425942034,1e-07
809,0.9998315622075825,0.0005567362351667019,1e-07
810,0.9998318865661919,0.0005562003439193216,1e-07
811,0.9998320814480451,0.0005557345096326927,1e-07
812,0.9998323574695545,0.0005552336595884406,1e-07
813,0.999832555551657,0.0005546679456720349,1e-07
814,0.9998327363657471,0.0005541772625211265,1e-07
815,0.99983282203909,0.0005537379424222349,1e-07
816,0.999832999052884,0.0005532008147096861,1e-07
817,0.9998332622733959,0.0005526659231455134,1e-07
818,0.999833456688546,0.0005521961136467669,1e-07
819,0.9998336643713966,0.0005517105387349082,1e-07
820,0.9998339381927345,0.0005511549394209875,1e-07
821,0.9998339588610118,0.0005506685033539686,1e-07
822,0.9998341251406361,0.0005502302675721586,1e-07
823,0.9998343919614284,0.0005496980077194134,1e-07
824,0.9998346546485654,0.0005491710353758727,1e-07
825,0.9998348325957654,0.0005487137622788475,1e-07
826,0.9998350372117104,0.0005482416100356903,1e-07
827,0.9998353197670623,0.000547683563151482,1e-07
828,0.9998353883057366,0.0005472029053708445,1e-07
829,0.9998355417176914,0.0005467647302342225,1e-07
830,0.9998358150723263,0.0005462464466333567,1e-07
831,0.9998360775594477,0.0005457365422580449,1e-07
832,0.9998362791084869,0.0005452730137622634,1e-07
833,0.9998365459292794,0.0005447933322580618,1e-07
834,0.9998367810809372,0.0005442652565082241,1e-07
835,0.9998368360852236,0.0005437919262761351,1e-07
836,0.9998369380931726,0.0005433425671055468,1e-07
837,0.9998372553178928,0.000542832358714845,1e-07
838,0.9998374818688804,0.0005423383497880065,1e-07
839,0.9998376904184653,0.0005418813453886778,1e-07
840,0.999837905301877,0.0005413948540072899,1e-07
841,0.9998381200519451,0.000540874293357237,1e-07
842,0.999838280664461,0.000540417639957754,1e-07
843,0.9998384248090271,0.000539970162940671,1e-07
844,0.9998387044974888,0.0005394514385217625,1e-07
845,0.9998389125136987,0.0005389674179058291,1e-07
846,0.99983904932436,0.0005385285763313692,1e-07
847,0.9998392268715289,0.0005380453933132588,1e-07
848,0.9998395379624377,0.0005375142464989089,1e-07
849,0.9998395716984,0.0005370701549385135,1e-07
850,0.9998397691804557,0.0005366412173462844,1e-07
851,0.9998400011985361,0.0005361272526488698,1e-07
852,0.9998402738864524,0.0005356375552722075,1e-07
853,0.9998403592931078,0.0005351968154012199,1e-07
854,0.999840564775787,0.0005347348878806198,1e-07
855,0.9998408345968132,0.0005342103780417987,1e-07
856,0.9998409332044973,0.0005337538079088955,1e-07
857,0.999841148087909,0.0005333331491356331,1e-07
858,0.9998413433697934,0.0005328330483237569,1e-07
859,0.9998415277174922,0.0005323426387171139,1e-07
860,0.9998415852553092,0.0005319084202608923,1e-07
861,0.9998418786781746,0.0005314469185058924,1e-07
862,0.9998421316312197,0.0005309350385738006,1e-07
863,0.9998422241050925,0.0005304895336911933,1e-07
864,0.9998424253874444,0.000530059983058842,1e-07
865,0.9998425520639825,0.000529559936421923,1e-07
866,0.9998429099585386,0.000529093235449918,1e-07
867,0.9998429542953269,0.0005286649211199621,1e-07
868,0.9998431386430258,0.000528194174845742,1e-07
869,0.9998433812619323,0.000527690002456003,1e-07
870,0.9998434735357895,0.0005272688612924479,1e-07
871,0.9998436574834572,0.0005268334721720838,1e-07
872,0.9998439273044833,0.0005263213692286356,1e-07
873,0.9998440841167032,0.0005258676127590014,1e-07
874,0.9998441600559542,0.0005254681324752952,1e-07
875,0.9998444536121633,0.0005249856702571694,1e-07
876,0.9998446442936891,0.0005244647929971577,1e-07
877,0.9998447907717702,0.0005240515775041187,1e-07
878,0.999844869777927,0.0005236533891383071,1e-07
879,0.9998451803354609,0.000523138428997924,1e-07
880,0.999845388284999,0.0005226657047782287,1e-07
881,0.9998455252290038,0.0005222716328261305,1e-07
882,0.9998457407124623,0.0005218174688581073,1e-07
883,0.9998459211265214,0.0005212979323804752,1e-07
884,0.9998460578038388,0.000520882787350681,1e-07
885,0.9998461393435263,0.0005204862585136046,1e-07
886,0.9998464024306943,0.0005199811233494584,1e-07
887,0.999846617380778,0.0005195187175648638,1e-07
888,0.9998467775932628,0.0005191230534273317,1e-07
889,0.9998468770010093,0.0005186743879224519,1e-07
890,0.9998470915510617,0.0005181607871165124,1e-07
891,0.9998472513635153,0.0005177434527966487,1e-07
892,0.9998473402371076,0.0005173531011458534,1e-07
893,0.9998475555872224,0.0005168590207738316,1e-07
894,0.9998478043399401,0.0005164028106339878,1e-07
895,0.9998478559439614,0.0005160053637037205,1e-07
896,0.999847995954872,0.0005155524022708128,1e-07
897,0.9998481837028358,0.0005150639124752322,1e-07
898,0.9998483608499736,0.0005146584392359097,1e-07
899,0.9998485312632533,0.0005142442003476915,1e-07
900,0.9998486987429711,0.0005137560977120009,1e-07
901,0.9998489584298742,0.0005133194919563015,1e-07
902,0.9998490737055239,0.0005129261944338552,1e-07
903,0.9998492007820932,0.0005124600070313304,1e-07
904,0.9998493603945312,0.0005119848690452513,1e-07
905,0.9998494705364475,0.0005116064576600417,1e-07
906,0.9998496232150118,0.000511184955148341,1e-07
907,0.99984988916907,0.0005106782631286625,1e-07
908,0.9998501734578903,0.0005102529701034818,1e-07
909,0.9998502250619116,0.0005098954091386432,1e-07
910,0.9998503991421437,0.0005094147308689417,1e-07
911,0.99985054221996,0.0005089314228899218,1e-07
912,0.9998504937495161,0.0005085771133259142,1e-07
913,0.9998507535697629,0.0005081530669839833,1e-07
914,0.9998510306580222,0.0005076443581852369,1e-07
915,0.9998512999456735,0.0005072151558873217,1e-07
916,0.999851375618237,0.0005068687748708447,1e-07
917,0.999851480559748,0.0005064075041926084,1e-07
918,0.9998516923762542,0.0005059125744054364,1e-07
919,0.9998518147857931,0.0005055459861095262,1e-07
920,0.9998518898583099,0.0005051807433571089,1e-07
921,0.999852248686272,0.0005046698459967024,1e-07
922,0.9998525668443983,0.0005042063290700192,1e-07
923,0.9998527443248953,0.0005038546865392019,1e-07
924,0.9998528229976927,0.0005034702484636509,1e-07
925,0.9998530042118141,0.000502945850844675,1e-07
926,0.9998530682834736,0.0005025344896750104,1e-07
927,0.9998532700325286,0.0005022091937936468,1e-07
928,0.9998536039252143,0.0005017473505895131,1e-07
929,0.9998539287505267,0.0005012518365974736,1e-07
930,0.9998540997638532,0.0005008718457149932,1e-07
931,0.999854226573735,0.0005005212722250021,1e-07
932,0.9998543660512706,0.0005000241891328236,1e-07
933,0.9998544953280114,0.00049958176559385,1e-07
934,0.9998545771343863,0.0004992658342727993,1e-07
935,0.9998547758165355,0.0004988343478206512,1e-07
936,0.9998550041009916,0.000498333746973878,1e-07
937,0.9998551889153935,0.000497933317584636,1e-07
938,0.9998554303342064,0.0004975993427880235,1e-07
939,0.9998554892721325,0.000497129312133534,1e-07
940,0.9998556150152645,0.0004966747929010099,1e-07
941,0.9998557552928626,0.00049634643154639,1e-07
942,0.9998558918368363,0.0004959310802912156,1e-07
943,0.9998561648581119,0.0004954418134941682,1e-07
944,0.9998563870754285,0.000495053413793984,1e-07
945,0.9998565066847492,0.0004947139805275791,1e-07
946,0.9998566738311077,0.000494236804268244,1e-07
947,0.9998568481113553,0.0004937955101914714,1e-07
948,0.9998568445777466,0.0004934693351970054,1e-07
949,0.99985695031932,0.0004930701479577823,1e-07
950,0.9998573022134085,0.0004925754315010363,1e-07
951,0.9998574245562756,0.000492178545027041,1e-07
952,0.9998575374317382,0.0004918589962406633,1e-07
953,0.9998577079116898,0.0004914094328101799,1e-07
954,0.9998577858510966,0.0004909347338679167,1e-07
955,0.9998578439222886,0.0004906036763152361,1e-07
956,0.9998581278110777,0.0004902517100653449,1e-07
957,0.9998582161512951,0.0004897544842496422,1e-07
958,0.9998585193749242,0.0004893288191292219,1e-07
959,0.9998585840466305,0.0004890163097097562,1e-07
960,0.9998588229319126,0.0004886085582370724,1e-07
961,0.9998589154724573,0.0004881226243087928,1e-07
962,0.9998590110799077,0.0004877637783113619,1e-07
963,0.9998591235553391,0.00048744087412841907,1e-07
964,0.9998594071107689,0.00048696595225211674,1e-07
965,0.9998595977922947,0.0004865198702167866,1e-07
966,0.9998597576047483,0.00048619781269405925,1e-07
967,0.999859863679681,0.0004858163670758207,1e-07
968,0.999860006890841,0.0004853324328313641,1e-07
969,0.9998601307671608,0.0004849700093090558,1e-07
970,0.9998601399678778,0.0004846514090747855,1e-07
971,0.999860388987283,0.00048418676258416785,1e-07
972,0.9998606216054101,0.0004837478845932959,1e-07
973,0.9998607714837563,0.00048341586208504875,1e-07
974,0.9998609110279638,0.00048305075374251947,1e-07
975,0.9998610989759432,0.00048256763974834267,1e-07
976,0.9998612355199169,0.00048219454660389905,1e-07
977,0.9998612431871811,0.0004819009162964022,1e-07
978,0.999861481205729,0.0004814534607775766,1e-07
979,0.9998617482932088,0.00048099634158658776,1e-07
980,0.9998619251736592,0.00048064754306401493,1e-07
981,0.9998620823859101,0.0004803274403322893,1e-07
982,0.9998622359312087,0.00047985279128405083,1e-07
983,0.9998623111370692,0.0004794268648273476,1e-07
984,0.9998622948691349,0.0004791583453023273,1e-07
985,0.9998623384058609,0.0004787795669655081,1e-07
986,0.9998627385037058,0.00047827578501146773,1e-07
987,0.9998629703884423,0.00047788835421409793,1e-07
988,0.9998630897977475,0.0004776214356194964,1e-07
989,0.9998632811459919,0.00047719846852019564,1e-07
990,0.9998633534849624,0.00047671077456706834,1e-07
991,0.999863506496886,0.00047640353714453054,1e-07
992,0.9998635709019049,0.00047611613697340474,1e-07
993,0.999863711579534,0.0004756247638273212,1e-07
994,0.9998639541984404,0.0004751908512095482,1e-07
995,0.9998641867498956,0.0004748937366176756,1e-07
996,0.999864261089022,0.00047455023199315154,1e-07
997,0.9998645002409916,0.000474057866801988,1e-07
998,0.9998645277764706,0.0004736832446687669,1e-07
999,0.9998645277764706,0.0004734281969455087,1e-07
