epoch,categorical_accuracy,loss,lr
0,0.8144088566836628,0.4840533029979774,1e-04
1,0.9329347881161393,0.2038366459226715,1e-04
2,0.9536447405015063,0.13902239788998694,1e-04
3,0.963849834014372,0.10707497705915897,1e-04
4,0.9684923008517664,0.0918359446695587,1e-04
5,0.9741021976108253,0.07462941892278407,1e-04
6,0.9770338357961684,0.06577853051741385,1e-04
7,0.9787355574718791,0.0597768788844747,1e-04
8,0.9819227255697485,0.05012670468530665,1e-04
9,0.9838358429187629,0.0447724370110855,1e-04
10,0.9835617430258117,0.044406653592317165,1e-04
11,0.9838573756633989,0.042650526697837,1e-04
12,0.985409730232802,0.03844526680123886,1e-04
13,0.9864398161036856,0.035822597332298756,1e-04
14,0.9864654208989752,0.03582457492390535,1e-04
15,0.9800885707740016,0.05456508638158074,1e-04
16,0.9842220563483185,0.04292391788972837,1e-04
17,0.9890135760008623,0.028857111395388775,1e-04
18,0.9906216546459753,0.024302212246412398,1e-04
19,0.9902634862018644,0.024605697293826265,1e-04
20,0.9898618557042457,0.025782281643308917,1e-04
21,0.9902357131042736,0.024823224551192333,1e-04
22,0.9901168243730362,0.024963616733116326,1e-04
23,0.9906022113974996,0.023761677361974782,5e-05
24,0.9942650584299826,0.01484946597896733,5e-05
25,0.9951254200081964,0.012587135071164076,5e-05
26,0.9943555320135966,0.01440776684123531,5e-05
27,0.9932549865187148,0.017138077106568506,5e-05
28,0.9936636498310422,0.015671201101327168,5e-05
29,0.9935920197158319,0.01576096713292919,5e-05
30,0.9939001702622279,0.015208885515362891,2.5e-05
31,0.9962198068898263,0.009865756142963665,2.5e-05
32,0.9971639272617281,0.007586409595651215,2.5e-05
33,0.9973297040467828,0.006951783768107627,2.5e-05
34,0.9965141128907001,0.008804474353594435,2.5e-05
35,0.9954465307645349,0.01152607124252974,2.5e-05
36,0.9960313219352056,0.009955849162025807,2.5e-05
37,0.9967181098541157,0.008116988776672539,2.5e-05
38,0.9964966785987751,0.008526603437093414,1.25e-05
39,0.9975314900379053,0.006338192501065782,1.25e-05
40,0.9979965993488662,0.005357002386806629,1.25e-05
41,0.998196282509456,0.004860057308019808,1.25e-05
42,0.9982184709051845,0.0046933174393216865,1.25e-05
43,0.9978987249218644,0.005336284329354246,1.25e-05
44,0.9971615630774957,0.007121670622924464,1.25e-05
45,0.9969631940193091,0.007523611964037021,1.25e-05
46,0.9974329046221654,0.006325870257504368,1.25e-05
47,0.997671433476527,0.005791112521696644,6.25e-06
48,0.9982090489709671,0.0047102878641095474,6.25e-06
49,0.998455072676042,0.004217586688170214,6.25e-06
50,0.9985841077979513,0.003923234946492401,6.25e-06
51,0.9986588656235594,0.0037081057957938186,6.25e-06
52,0.9987151196072299,0.003532495889791873,6.25e-06
53,0.9987545829491328,0.003395550802789662,6.25e-06
54,0.9987191079180247,0.00340699951864479,6.25e-06
55,0.9984307133111378,0.0040444840916163665,6.25e-06
56,0.9981539392097951,0.004623710116896554,6.25e-06
57,0.9983758779713505,0.0040512815775699765,6.25e-06
58,0.9983585490209678,0.004061353990341426,3.125e-06
59,0.998589527420283,0.0035856332428340844,3.125e-06
60,0.9987235858669751,0.0033328836581667663,3.125e-06
61,0.9988063867193474,0.003176471047099238,3.125e-06
62,0.998859762078697,0.0030649670793506125,3.125e-06
63,0.998902064175147,0.002976102663190531,3.125e-06
64,0.9989333860826173,0.002898881152497242,3.125e-06
65,0.9989595353203332,0.0028298254183678987,3.125e-06
66,0.9989786226744086,0.0027736381036948237,3.125e-06
67,0.9989626198273643,0.002780811866496375,3.125e-06
68,0.9989052048198862,0.002877385242502528,3.125e-06
69,0.9988398934637407,0.002973073005355411,3.125e-06
70,0.9988739362499058,0.0028909937935929237,3.125e-06
71,0.9988668763664211,0.0029011043650671105,1.5625e-06
72,0.9989297420653187,0.0027873429211410766,1.5625e-06
73,0.9989692031403783,0.002705834359185816,1.5625e-06
74,0.9990026410794098,0.002643246676093613,1.5625e-06
75,0.9990264958716613,0.002592287913654458,1.5625e-06
76,0.9990479326088156,0.002548931532313368,1.5625e-06
77,0.9990661906982695,0.002509960990401206,1.5625e-06
78,0.9990821104721735,0.002474185108505106,1.5625e-06
79,0.9990963927851427,0.002440710894381148,1.5625e-06
80,0.9991081494346294,0.0024098444727959916,1.5625e-06
81,0.9991139118836764,0.0023887338760304752,1.5625e-06
82,0.9991142523102046,0.0023892707853178,1.5625e-06
83,0.9991031925150212,0.002389492022349672,1.5625e-06
84,0.9991005160397864,0.0023806165779838694,1.5625e-06
85,0.9990687815668332,0.002420775853936046,7.8125e-07
86,0.9990983456039856,0.002372069770295248,7.8125e-07
87,0.9991137612052678,0.002345273193462608,7.8125e-07
88,0.999125491052666,0.0023214079143262785,7.8125e-07
89,0.9990850736364155,0.002386221088941982,3.90625e-07
90,0.9990951361538847,0.0023727864077808525,3.90625e-07
91,0.9991071938935009,0.002352488119107248,3.90625e-07
92,0.9991188002646103,0.0023312448248917223,3.90625e-07
93,0.9990947673251431,0.002368987678816871,1.953125e-07
94,0.9991064022318096,0.0023477703540729696,1.953125e-07
95,0.9991178708588517,0.002329807598180277,1.953125e-07
96,0.9991274153359517,0.0023134724782379783,1.953125e-07
97,0.9991237017132292,0.002317558009890002,1e-07
98,0.9991306097182118,0.0023049718215415707,1e-07
99,0.9991365911176541,0.0022958811024574757,1e-07
100,0.9991421071474984,0.002287559820416173,1e-07
101,0.9991466545685292,0.0022798222407617373,1e-07
102,0.999150915167209,0.0022725525917120745,1e-07
103,0.9991545897202204,0.002265723108473365,1e-07
104,0.9991582616063572,0.002259234277822152,1e-07
105,0.9991616194680233,0.0022531300307859895,1e-07
106,0.9991646917074318,0.0022473599419510306,1e-07
107,0.999167561931098,0.0022418713371604847,1e-07
108,0.9991701271976667,0.0022366476092608415,1e-07
109,0.9991726523277743,0.002231682068668306,1e-07
110,0.9991749323721166,0.0022269260872445035,1e-07
111,0.9991766398385067,0.0022223684253114833,1e-07
112,0.9991784829154644,0.002217980493792443,1e-07
113,0.999180640416924,0.002213744780254994,1e-07
114,0.9991824566917932,0.002209661616235388,1e-07
115,0.9991849970230854,0.002205714145081505,1e-07
116,0.9991876321617655,0.0022018852852539097,1e-07
117,0.99918903760462,0.0021981611628850016,1e-07
118,0.9991906912001454,0.002194513693234156,1e-07
119,0.9991930780528109,0.002190937630710311,1e-07
120,0.9991946220397949,0.0021874280957665535,1e-07
121,0.9991959192075452,0.0021839794875758074,1e-07
122,0.999197326383868,0.0021805832416685903,1e-07
123,0.9991993065381743,0.0021772237469325512,1e-07
124,0.9992007266488384,0.0021739068483544195,1e-07
125,0.9992020926219505,0.0021706184191823056,1e-07
126,0.9992030190941471,0.002167346944716828,1e-07
127,0.9992044270705324,0.00216409882923309,1e-07
128,0.9992060649314983,0.0021608644334382694,1e-07
129,0.9992076339871024,0.0021576363333163395,1e-07
130,0.9992092866492218,0.0021544237353138926,1e-07
131,0.9992106935588572,0.0021512238113459625,1e-07
132,0.9992118539159464,0.0021480237739577358,1e-07
133,0.9992129195989912,0.0021448384216982428,1e-07
134,0.9992143806461786,0.0021416541511636703,1e-07
135,0.9992159495684391,0.0021384764067886993,1e-07
136,0.9992175066231082,0.002135311397390494,1e-07
137,0.9992187075166894,0.0021321475514944153,1e-07
138,0.9992198413383774,0.0021289941357079917,1e-07
139,0.9992212210458931,0.0021258494440389076,1e-07
140,0.9992225466158566,0.00212270522753706,1e-07
141,0.9992236248332116,0.0021195689530603555,1e-07
142,0.9992252081565942,0.002116441067909276,1e-07
143,0.9992265189254044,0.0021133208264528004,1e-07
144,0.9992279806393105,0.002110206432457205,1e-07
145,0.9992292492715038,0.0021070992482682353,1e-07
146,0.9992306980510686,0.0021040004001455317,1e-07
147,0.9992319270801757,0.0021009100591961784,1e-07
148,0.9992336624154042,0.0020978264705959282,1e-07
149,0.9992351914678911,0.00209475124501717,1e-07
150,0.9992363379572329,0.002091685273544967,1e-07
151,0.9992376615270405,0.0020886254835440475,1e-07
152,0.9992389173582363,0.002085571496859943,1e-07
153,0.9992399406379768,0.002082526020734869,1e-07
154,0.9992409783188395,0.0020794874862965686,1e-07
155,0.9992423020219909,0.002076460585707561,1e-07
156,0.9992436265252047,0.0020734395909824217,1e-07
157,0.9992448970242102,0.002070431046316013,1e-07
158,0.9992462091264576,0.0020674326009392087,1e-07
159,0.999247083461258,0.002064436897833392,1e-07
160,0.999248299022649,0.0020614516282229114,1e-07
161,0.9992493092347045,0.0020584714099175193,1e-07
162,0.9992506733410044,0.0020554956329087424,1e-07
163,0.9992520523818014,0.00205252842609906,1e-07
164,0.9992534040871349,0.00204956883485679,1e-07
165,0.9992544699035235,0.0020466186447377407,1e-07
166,0.9992557532035264,0.0020436718204408736,1e-07
167,0.999256969431636,0.0020407292104047,1e-07
168,0.9992580623168007,0.002037793349657495,1e-07
169,0.9992594690930924,0.002034865043665672,1e-07
170,0.9992607789284964,0.002031944462689894,1e-07
171,0.9992621575692623,0.002029025402275316,1e-07
172,0.9992636043486712,0.002026114818107199,1e-07
173,0.9992650936647283,0.002023213149998462,1e-07
174,0.9992659801338076,0.0020203208354832,1e-07
175,0.9992670451501339,0.002017433000418568,1e-07
176,0.9992684933963238,0.002014551276637458,1e-07
177,0.9992696132169208,0.0020116756153730486,1e-07
178,0.9992708270448433,0.002008803582972153,1e-07
179,0.9992718377902737,0.002005940230153876,1e-07
180,0.9992729162743161,0.0020030812031284215,1e-07
181,0.9992738448800124,0.002000230256289919,1e-07
182,0.9992749911026667,0.001997385161600161,1e-07
183,0.9992762201317739,0.0019945514580975566,1e-07
184,0.9992771218020378,0.0019917180953116075,1e-07
185,0.9992783791000144,0.001988889022833945,1e-07
186,0.9992794310486557,0.001986062007938497,1e-07
187,0.9992804959316381,0.0019832456896448263,1e-07
188,0.9992815472135608,0.0019804339976231223,1e-07
189,0.9992826118298558,0.0019776290278700525,1e-07
190,0.9992836496440622,0.001974832568741122,1e-07
191,0.9992847422625395,0.001972043103777014,1e-07
192,0.9992859303551233,0.0019692568477869274,1e-07
193,0.9992868852295331,0.00196647550676318,1e-07
194,0.9992879643802941,0.001963697210833497,1e-07
195,0.9992888652504958,0.00196092324551472,1e-07
196,0.9992899170657933,0.0019581596998881207,1e-07
197,0.999290857539081,0.0019553958957127275,1e-07
198,0.9992920589660371,0.0019526431957229563,1e-07
199,0.9992929750374233,0.0019498979473555299,1e-07
200,0.9992941357945436,0.0019471595947728629,1e-07
201,0.9992951874764974,0.001944430915925806,1e-07
202,0.999296538648456,0.0019417043497433814,1e-07
203,0.9992972072338898,0.0019389861799834892,1e-07
204,0.9992980678342867,0.0019362729911455963,1e-07
205,0.9992989835056416,0.0019335669427078793,1e-07
206,0.999300170798163,0.001930871929960863,1e-07
207,0.9993013179542234,0.001928175794730542,1e-07
208,0.9993023154986251,0.0019254906436895131,1e-07
209,0.9993033654471105,0.0019228113985123526,1e-07
210,0.9993042813851529,0.001920142039912909,1e-07
211,0.9993056460248277,0.0019174739411772672,1e-07
212,0.999306533960688,0.0019148181025115919,1e-07
213,0.9993075583071783,0.0019121608868505914,1e-07
214,0.9993084319752601,0.0019095182639934222,1e-07
215,0.9993095385948284,0.0019068787691143801,1e-07
216,0.9993100435675124,0.0019042487205443717,1e-07
217,0.9993112040579453,0.0019016202330335108,1e-07
218,0.9993121339970787,0.0018990035039910284,1e-07
219,0.9993134578335738,0.0018963910334184142,1e-07
220,0.9993144008403924,0.001893790537346638,1e-07
221,0.9993158602874551,0.001891188301230412,1e-07
222,0.9993164752687117,0.0018885980226866217,1e-07
223,0.9993178955127195,0.0018860071098486116,1e-07
224,0.9993186723732574,0.0018834271969563293,1e-07
225,0.9993197648583909,0.0018808495249938828,1e-07
226,0.9993204621127254,0.001878283782932445,1e-07
227,0.9993214588570648,0.0018757161692407823,1e-07
228,0.9993224550680293,0.0018731634365915584,1e-07
229,0.9993238350422323,0.0018706140789449199,1e-07
230,0.999324450023489,0.0018680753541581115,1e-07
231,0.9993256651848488,0.0018655344661819004,1e-07
232,0.9993265513872407,0.0018630132428240197,1e-07
233,0.9993278621560509,0.0018604868413282505,1e-07
234,0.9993285998135338,0.0018579831541676317,1e-07
235,0.9993296104256205,0.001855475018743709,1e-07
236,0.9993304435572101,0.0018529838498111948,1e-07
237,0.9993316173820154,0.0018504879316153585,1e-07
238,0.9993324915834721,0.0018480148999035042,1e-07
239,0.9993335699341708,0.001845532110269792,1e-07
240,0.9993339792994045,0.001843068802167226,1e-07
241,0.9993356579635501,0.001840594462866497,1e-07
242,0.9993361922718534,0.0018381394274137972,1e-07
243,0.9993372838235808,0.0018356830149006632,1e-07
244,0.9993378568015643,0.001833250622293168,1e-07
245,0.999339141168317,0.0018308091406310414,1e-07
246,0.999339864291334,0.0018283866766618327,1e-07
247,0.9993409997131467,0.0018259575136028796,1e-07
248,0.9993419673885542,0.0018235520701657488,1e-07
249,0.9993430189371643,0.001821140820937652,1e-07
250,0.9993439334084256,0.0018187510916156907,1e-07
251,0.9993453125825664,0.0018163543192969774,1e-07
252,0.9993459547659428,0.0018139824610291012,1e-07
253,0.999347238465977,0.0018115941866382256,1e-07
254,0.999347920919158,0.0018092356017354243,1e-07
255,0.9993492726244916,0.0018068605332564505,1e-07
256,0.9993500088151936,0.0018045102956838139,1e-07
257,0.9993512651797642,0.0018021547411603883,1e-07
258,0.9993517428169848,0.001799817861334402,1e-07
259,0.9993529441105973,0.001797469932274993,1e-07
260,0.9993534362822838,0.0017951419278151113,1e-07
261,0.999354883461724,0.0017928122224414333,1e-07
262,0.9993552792258977,0.0017905012129908074,1e-07
263,0.9993569592234806,0.001788178165297397,1e-07
264,0.9993570817663632,0.0017858755036978097,1e-07
265,0.9993586806909617,0.0017835685596030448,1e-07
266,0.9993588284358083,0.0017812780442624718,1e-07
267,0.9993603590884198,0.001778980738744327,1e-07
268,0.9993607543192187,0.0017767044966514338,1e-07
269,0.999362203365471,0.001774421770524617,1e-07
270,0.9993623943136842,0.0017721585173345268,1e-07
271,0.9993635416030884,0.001769894325724955,1e-07
272,0.9993640041724681,0.0017676452177777778,1e-07
273,0.9993649471792866,0.0017653897809519973,1e-07
274,0.9993654249498508,0.0017631458816789423,1e-07
275,0.9993668450605149,0.00176090602106696,1e-07
276,0.9993670362754156,0.0017586753858483586,1e-07
277,0.9993685662613085,0.0017564448486191639,1e-07
278,0.9993691393726357,0.0017542193203740513,1e-07
279,0.9993700954471392,0.00175199418630028,1e-07
280,0.9993707776336328,0.0017497753137170485,1e-07
281,0.9993718565177064,0.0017475623545503572,1e-07
282,0.9993724584312781,0.0017453539347347972,1e-07
283,0.9993738640074762,0.001743152841401622,1e-07
284,0.9993744921897615,0.0017409537357233372,1e-07
285,0.9993754195953642,0.0017387602423313564,1e-07
286,0.9993759520368555,0.001736574653917361,1e-07
287,0.9993772372036706,0.001734398459204133,1e-07
288,0.9993775645625138,0.0017322322893606487,1e-07
289,0.9993789438699983,0.0017300736595578575,1e-07
290,0.9993790812140343,0.0017279220614879198,1e-07
291,0.9993802955753318,0.0017257693686712143,1e-07
292,0.9993809248243669,0.0017236265962239214,1e-07
293,0.9993819890406308,0.0017214924008773027,1e-07
294,0.9993831084611965,0.0017193668009270549,1e-07
295,0.9993842686849419,0.001717231648344384,1e-07
296,0.999384841396238,0.001715111101196737,1e-07
297,0.999386276041368,0.0017129937529311802,1e-07
298,0.999386752478495,0.0017108959203140115,1e-07
299,0.9993882003246538,0.001708792762998054,1e-07
300,0.9993885276834971,0.0017067125430163955,1e-07
301,0.9993898660544581,0.0017046220179999319,1e-07
302,0.9993902903541889,0.0017025481385514307,1e-07
303,0.9993916019230614,0.0017004716115658874,1e-07
304,0.9993922427730005,0.0016984103413030997,1e-07
305,0.9993932279164359,0.001696354655004096,1e-07
306,0.9993935532751232,0.0016943144331263249,1e-07
307,0.9993946048237333,0.0016922666159952247,1e-07
308,0.9993950956619826,0.0016902292099618822,1e-07
309,0.9993960382687699,0.0016881814679017362,1e-07
310,0.9993964612350634,0.001686160105892084,1e-07
311,0.9993978125403659,0.0016841290713187883,1e-07
312,0.9993979636188055,0.0016821217235522574,1e-07
313,0.9993992474521833,0.0016801000417260166,1e-07
314,0.9993994797369511,0.001678101235836061,1e-07
315,0.9994011854698728,0.0016760909156373783,1e-07
316,0.9994014178879842,0.0016740985344017188,1e-07
317,0.999402811063216,0.001672101860318512,1e-07
318,0.9994029338727861,0.0016701262932837476,1e-07
319,0.999404231707255,0.0016681487896397368,1e-07
320,0.9994040956966562,0.0016661884366811755,1e-07
321,0.9994056372834532,0.0016642216783406534,1e-07
322,0.9994057472920258,0.0016622663039601588,1e-07
323,0.9994072484756743,0.001660313996485324,1e-07
324,0.9994075224970278,0.0016583713868365184,1e-07
325,0.9994088604679577,0.0016564280814303698,1e-07
326,0.9994093530396754,0.0016544932938754866,1e-07
327,0.9994105127300459,0.001652562477528503,1e-07
328,0.999410690210543,0.0016506434329972921,1e-07
329,0.9994119736438897,0.0016487131973596237,1e-07
330,0.9994125887584899,0.0016468031247515206,1e-07
331,0.999413748182173,0.0016448858201345408,1e-07
332,0.999413529098434,0.001642987679510942,1e-07
333,0.99941515335834,0.0016410791770121711,1e-07
334,0.9994151008209126,0.0016391926055192797,1e-07
335,0.9994168469569827,0.001637300806665914,1e-07
336,0.9994168066871779,0.0016354189618434383,1e-07
337,0.9994186222953284,0.0016335300108682473,1e-07
338,0.9994186901672841,0.001631654201607247,1e-07
339,0.9994200824091098,0.0016297724131042642,1e-07
340,0.9994200837425471,0.0016279086007416808,1e-07
341,0.9994218032098723,0.0016260498148124556,1e-07
342,0.9994216133284088,0.0016241919075324297,1e-07
343,0.9994233742656323,0.001622333570726745,1e-07
344,0.9994233889334421,0.0016204878521569582,1e-07
345,0.9994247538398043,0.001618640937465316,1e-07
346,0.9994246987688461,0.0016168147668381007,1e-07
347,0.9994264883749704,0.0016149675617592462,1e-07
348,0.9994263112945044,0.00161314210778944,1e-07
349,0.99942796382328,0.0016113139694958708,1e-07
350,0.9994275815268224,0.0016095061796629838,1e-07
351,0.99942943820484,0.0016076820376443716,1e-07
352,0.9994292604576555,0.0016058782589964578,1e-07
353,0.9994308307133531,0.0016040558292206492,1e-07
354,0.9994307353725903,0.0016022601551105428,1e-07
355,0.9994324020358006,0.0016004550735616194,1e-07
356,0.9994320449413069,0.001598669016802521,1e-07
357,0.9994339170871965,0.0015968695041120378,1e-07
358,0.999433657600309,0.0015950927789394912,1e-07
359,0.999435296394681,0.0015933106311438584,1e-07
360,0.9994347086155442,0.001591544265697879,1e-07
361,0.9994366195644575,0.001589762532257452,1e-07
362,0.9994361001906512,0.0015880067566992045,1e-07
363,0.9994378617945934,0.0015862361615616412,1e-07
364,0.9994371098693319,0.0015844829690171785,1e-07
365,0.9994389678807867,0.0015827303881740292,1e-07
366,0.9994385021111576,0.0015809816015718643,1e-07
367,0.9994401278378446,0.0015792225687936473,1e-07
368,0.9994401423723106,0.0015775005763367452,1e-07
369,0.9994416980935423,0.0015757667920104242,1e-07
370,0.9994413704680116,0.0015740457315922983,1e-07
371,0.9994431995438783,0.0015722977348954378,1e-07
372,0.9994425865627775,0.0015705711454657267,1e-07
373,0.9994445513825555,0.0015688440944766106,1e-07
374,0.9994439506690774,0.0015671476521878242,1e-07
375,0.9994458900202041,0.0015654311680377688,1e-07
376,0.9994452219681452,0.0015637322793994933,1e-07
377,0.9994474325404071,0.001562025107172999,1e-07
378,0.9994463828586092,0.0015603374557385233,1e-07
379,0.9994481703312338,0.001558629107704257,1e-07
380,0.999447803102617,0.0015569413138758724,1e-07
381,0.9994499326018945,0.001555252967270037,1e-07
382,0.9994493189540752,0.0015535797833041048,1e-07
383,0.9994510800246424,0.0015518929112923459,1e-07
384,0.9994506841271249,0.0015502178130496367,1e-07
385,0.999452377992455,0.001548534180092369,1e-07
386,0.9994519812948752,0.0015468740719500763,1e-07
387,0.999453934113718,0.0015452096792291099,1e-07
388,0.9994532919303416,0.0015435564296942003,1e-07
389,0.9994551492750778,0.0015418753966140108,1e-07
390,0.9994545345605086,0.0015402349638330732,1e-07
391,0.9994563779041538,0.001538568390343209,1e-07
392,0.9994559958743836,0.0015369369673789574,1e-07
393,0.9994578942889869,0.0015352812211000062,1e-07
394,0.9994575383945866,0.0015336572782108373,1e-07
395,0.9994591491867765,0.0015320087014358925,1e-07
396,0.9994587539559776,0.0015304011453054554,1e-07
397,0.999460446754558,0.0015287717495825125,1e-07
398,0.9994600100538608,0.0015271623283327751,1e-07
399,0.9994616479148267,0.0015255285750437003,1e-07
400,0.9994612389496242,0.0015239185361677085,1e-07
401,0.9994629602837616,0.0015222975267102563,1e-07
402,0.9994624811797601,0.001520717994573524,1e-07
403,0.9994643391912149,0.0015191026517685912,1e-07
404,0.999463983163471,0.001517526965895126,1e-07
405,0.9994656084901268,0.001515926718472251,1e-07
406,0.999464829096058,0.001514337646008742,1e-07
407,0.9994670559362544,0.0015127363218092496,1e-07
408,0.999466347481047,0.0015111569887114652,1e-07
409,0.9994683947072467,0.0015095638789541777,1e-07
410,0.9994675613089696,0.0015080156000992554,1e-07
411,0.9994694446557321,0.0015064447382345204,1e-07
412,0.9994689532841079,0.0015048669994667057,1e-07
413,0.9994706468827506,0.0015032864137322452,1e-07
414,0.999470018833809,0.0015017360879730232,1e-07
415,0.9994717793710013,0.0015001880262574176,1e-07
416,0.9994712737315986,0.0014986623241618209,1e-07
417,0.9994731442773636,0.0014970930887259109,1e-07
418,0.9994724758252734,0.0014955382510916573,1e-07
419,0.9994740999518358,0.0014939886221966355,1e-07
420,0.9994739364724298,0.001492453318571576,1e-07
421,0.9994755212625934,0.0014909347969183377,1e-07
422,0.9994748921469021,0.0014894311337797408,1e-07
423,0.9994767636260731,0.001487894528100092,1e-07
424,0.9994759856987853,0.0014863774115693707,1e-07
425,0.9994777599703812,0.0014848441664380557,1e-07
426,0.9994774059427931,0.0014833173012309886,1e-07
427,0.9994791391445219,0.0014818169280623088,1e-07
428,0.9994785799009421,0.0014803297739575973,1e-07
429,0.999480218295283,0.0014788273230228381,1e-07
430,0.9994795358421018,0.001477346064690063,1e-07
431,0.9994811198322031,0.0014758472519294386,1e-07
432,0.9994807372690581,0.001474333887318695,1e-07
433,0.9994826894211822,0.0014728359614110341,1e-07
434,0.9994822665882324,0.0014713465058900025,1e-07
435,0.9994836589634019,0.0014698691820435152,1e-07
436,0.999483139856283,0.001468433729168215,1e-07
437,0.9994850246698265,0.0014669803412364468,1e-07
438,0.9994841779371769,0.0014654918307109301,1e-07
439,0.9994860076797621,0.0014640024268866353,1e-07
440,0.9994854066995966,0.001462521666899986,1e-07
441,0.9994871001648956,0.0014610669773693927,1e-07
442,0.9994862799676473,0.0014596430617212725,1e-07
443,0.9994881371790397,0.0014582044721432072,1e-07
444,0.9994875902030825,0.0014567509776276123,1e-07
445,0.9994893807426128,0.0014552940159147476,1e-07
446,0.9994889277739812,0.0014538318870023468,1e-07
447,0.9994904858954001,0.0014523950345388154,1e-07
448,0.9994896238282223,0.00145097425946746,1e-07
449,0.999491523976294,0.0014495430252802822,1e-07
450,0.9994909900680218,0.0014481264445787478,1e-07
451,0.9994925335216309,0.0014466911012822996,1e-07
452,0.9994922875024596,0.0014452533382334864,1e-07
453,0.9994935856036159,0.001443833674739638,1e-07
454,0.9994932438436503,0.0014424236888553993,1e-07
455,0.9994952114636466,0.0014410181227166173,1e-07
456,0.9994942552557994,0.0014396271234681888,1e-07
457,0.9994963983561369,0.0014382112516435092,1e-07
458,0.999495279468946,0.001436796417204357,1e-07
459,0.9994972857586223,0.0014353730475948811,1e-07
460,0.9994966587764305,0.0014339559436103817,1e-07
461,0.999498432781339,0.0014325688745184767,1e-07
462,0.9994977640625614,0.0014311958459412711,1e-07
463,0.9994997295490581,0.0014298010156000287,1e-07
464,0.9994987878756768,0.0014284036367854533,1e-07
465,0.9995005760150201,0.0014270000178036144,1e-07
466,0.999500029972469,0.001425584229872191,1e-07
467,0.9995017233044242,0.0014241951816872604,1e-07
468,0.9995011233910085,0.001422844530049122,1e-07
469,0.9995027472508834,0.001421483254796665,1e-07
470,0.9995020239945226,0.0014201517179618763,1e-07
471,0.9995040054822661,0.0014187769253149116,1e-07
472,0.9995031570161482,0.0014173913316309484,1e-07
473,0.9995051233027072,0.0014159985593276856,1e-07
474,0.9995042631023415,0.0014146335222586465,1e-07
475,0.9995062843265149,0.0014132969043964012,1e-07
476,0.9995051106350534,0.0014119963239127315,1e-07
477,0.9995072274666771,0.0014106519961072303,1e-07
478,0.9995063664662491,0.001409314815961585,1e-07
479,0.9995084424946932,0.0014079289388570985,1e-07
480,0.9995074708189741,0.0014065574792172589,1e-07
481,0.9995091660177414,0.001405211105874752,1e-07
482,0.9995086050406932,0.0014039132593606414,1e-07
483,0.9995099303439693,0.00140259998726296,1e-07
484,0.9995092606917857,0.0014013128677240866,1e-07
485,0.9995110089613554,0.001399960063965116,1e-07
486,0.9995105437251012,0.001398615907657354,1e-07
487,0.9995120187733797,0.0013972798910789437,1e-07
488,0.9995120045056013,0.0013959744894839051,1e-07
489,0.9995132892723851,0.0013946636289348243,1e-07
490,0.9995129061758652,0.0013934036696830272,1e-07
491,0.9995143277533103,0.0013920914866350554,1e-07
492,0.9995137118386476,0.0013908055157208466,1e-07
493,0.9995150227408014,0.0013894637876947595,1e-07
494,0.9995151455503716,0.0013881384843535372,1e-07
495,0.9995162252345074,0.0013868390169448866,1e-07
496,0.9995158560057348,0.0013855903904772544,1e-07
497,0.9995174683980493,0.0013843139270747651,1e-07
498,0.9995170862349354,0.0013830633345359553,1e-07
499,0.9995188739742475,0.0013817297677578243,1e-07
500,0.9995182737941444,0.0013804203422164015,1e-07
501,0.999519760843358,0.00137911579931458,1e-07
502,0.999519324542692,0.0013778578188302624,1e-07
503,0.9995207039835202,0.0013765940382520375,1e-07
504,0.9995204858331872,0.001375370341559124,1e-07
505,0.9995216733923961,0.0013740798782375463,1e-07
506,0.9995215223139564,0.001372807585114459,1e-07
507,0.9995226701367355,0.0013715047236913254,1e-07
508,0.9995226976055427,0.0013702266100300289,1e-07
509,0.999523611676773,0.001368965029558146,1e-07
510,0.9995235434047861,0.0013677467619015791,1e-07
511,0.9995247041619064,0.00136650003460538,1e-07
512,0.9995244733439196,0.001365267554024845,1e-07
513,0.999525673704126,0.0013639958107818473,1e-07
514,0.9995254560871679,0.0013627321253933317,1e-07
515,0.9995266153775072,0.0013614674814340245,1e-07
516,0.9995262061456173,0.001360236140981398,1e-07
517,0.9995275037133987,0.0013590125845988974,1e-07
518,0.9995270259428344,0.0013578253824165366,1e-07
519,0.999528609799592,0.0013565838526282251,1e-07
520,0.999527953881812,0.0013553538464918166,1e-07
521,0.9995296742825434,0.001354086228016862,1e-07
522,0.9995295778750306,0.0013528497510311513,1e-07
523,0.9995303982056227,0.0013516207187987605,1e-07
524,0.9995302475272142,0.0013504357490169252,1e-07
525,0.9995313133436028,0.0013492292873259276,1e-07
526,0.9995311481307284,0.001348046437273077,1e-07
527,0.9995323106213171,0.0013468072463063445,1e-07
528,0.9995320359332449,0.0013455966321433222,1e-07
529,0.9995330754809199,0.0013443514084799206,1e-07
530,0.9995331564205605,0.001343155498783077,1e-07
531,0.9995341540983059,0.0013419518588940035,1e-07
532,0.99953400315321,0.0013408023117944053,1e-07
533,0.9995349174911277,0.0013395881830996956,1e-07
534,0.9995349309588438,0.0013384024154041191,1e-07
535,0.9995359009010947,0.0013371758431616038,1e-07
536,0.9995359271698083,0.0013359804033255935,1e-07
537,0.9995367057638147,0.0013347982267952801,1e-07
538,0.9995368149723249,0.0013336513382361855,1e-07
539,0.9995377982489482,0.001332477170826088,1e-07
540,0.9995373327460065,0.0013313387072399275,1e-07
541,0.9995387812588838,0.001330121204551826,1e-07
542,0.999538480835473,0.0013289221033627914,1e-07
543,0.9995394238422914,0.0013277405065326,1e-07
544,0.999539245561732,0.0013265987859543526,1e-07
545,0.9995402699082223,0.0013254535894216429,1e-07
546,0.9995399148138844,0.0013243527135627356,1e-07
547,0.9995410487689161,0.0013231602348949786,1e-07
548,0.9995408847561352,0.0013219805934254947,1e-07
549,0.9995420860497477,0.001320776001346335,1e-07
550,0.9995422096593801,0.0013196078457002856,1e-07
551,0.9995426598277934,0.0013184842430378084,1e-07
552,0.9995428102395145,0.0013173949550936244,1e-07
553,0.9995435209615652,0.0013162595779784502,1e-07
554,0.9995436436377916,0.0013151385877591347,1e-07
555,0.9995444078306757,0.0013139428159636623,1e-07
556,0.9995446802519045,0.00131276380478418,1e-07
557,0.9995453643052103,0.0013115911672133495,1e-07
558,0.9995458270079337,0.001310484708009196,1e-07
559,0.9995463459817089,0.001309378521873197,1e-07
560,0.9995462371732298,0.0013083180896607091,1e-07
561,0.9995474514011835,0.0013071762521137114,1e-07
562,0.9995473565937956,0.0013060150257511256,1e-07
563,0.999548229461815,0.0013048276023601205,1e-07
564,0.9995482174608799,0.0013036836866889424,1e-07
565,0.9995489812537328,0.0013025731689328436,1e-07
566,0.9995491168643004,0.0013015066650558067,1e-07
567,0.9995498690562493,0.001300427995940412,1e-07
568,0.9995497045100935,0.0012993405787800323,1e-07
569,0.9995510712832679,0.0012981786275888278,1e-07
570,0.9995509199381408,0.0012970456235752476,1e-07
571,0.9995521221651593,0.0012958999481640747,1e-07
572,0.9995517657373842,0.0012948047469986783,1e-07
573,0.9995527227452937,0.0012937100504950038,1e-07
574,0.9995524479238779,0.0012926239898530933,1e-07
575,0.9995538416324846,0.0012915313118335352,1e-07
576,0.9995534598694018,0.0012904462710953207,1e-07
577,0.9995545243523531,0.0012893402823705386,1e-07
578,0.9995544428793376,0.0012882565109695202,1e-07
579,0.9995554404237393,0.0012871490198815704,1e-07
580,0.9995552896119871,0.0012860665477028895,1e-07
581,0.9995561508791025,0.001284969252363885,1e-07
582,0.9995563006241049,0.0012839089861474055,1e-07
583,0.9995568606677472,0.001282817174569064,1e-07
584,0.9995570929525149,0.00128177388369885,1e-07
585,0.9995578980819224,0.00128068074167829,1e-07
586,0.9995579391517895,0.0012796165723581766,1e-07
587,0.9995584162556351,0.0012785133203375414,1e-07
588,0.9995586621414628,0.001277436559964638,1e-07
589,0.9995595358095446,0.0012763574587517695,1e-07
590,0.9995595507440418,0.0012753347431828312,1e-07
591,0.999560313470145,0.0012742792402281606,1e-07
592,0.9995604654819906,0.001273220948058741,1e-07
593,0.9995611479351718,0.0012721163709022904,1e-07
594,0.9995611204663646,0.001271054575823183,1e-07
595,0.9995620484053422,0.0012699691208925357,1e-07
596,0.9995617361143398,0.0012689436695309797,1e-07
597,0.9995628816702755,0.0012678792395460225,1e-07
598,0.9995627599274552,0.0012668480899865203,1e-07
599,0.9995635906588578,0.0012657661151773269,1e-07
600,0.9995638381448101,0.0012647174924137528,1e-07
601,0.9995643289830594,0.0012636343765976762,1e-07
602,0.9995646439409362,0.0012625923987529585,1e-07
603,0.9995651610478992,0.0012615551758360668,1e-07
604,0.9995654629380911,0.0012605359299711037,1e-07
605,0.9995658580355463,0.0012594796889706388,1e-07
606,0.9995662271309752,0.0012584697856631347,1e-07
607,0.9995666778327634,0.001257403922916788,1e-07
608,0.9995672369429995,0.001256385927442232,1e-07
609,0.9995677425824022,0.00125530265135976,1e-07
610,0.9995680828755867,0.0012542551262728699,1e-07
611,0.9995684119678984,0.0012531881449497732,1e-07
612,0.9995686841224397,0.0012521894336928107,1e-07
613,0.9995686847891584,0.0012511989705395307,1e-07
614,0.9995691493586939,0.001250218413822286,1e-07
615,0.9995696265958833,0.0012491862307838111,1e-07
616,0.9995698724817109,0.0012481678667258455,1e-07
617,0.9995705556016107,0.0012470839043919797,1e-07
618,0.9995708552249593,0.001246090883584964,1e-07
619,0.9995718254338974,0.001245048759179346,1e-07
620,0.9995718110327753,0.0012440569244673626,1e-07
621,0.9995727257707242,0.001243025411858736,1e-07
622,0.99957250722036,0.0012420461235346035,1e-07
623,0.9995734366261185,0.0012410288152229709,1e-07
624,0.9995735866378085,0.0012400356539427689,1e-07
625,0.9995741194793308,0.0012390051346732683,1e-07
626,0.9995742561566483,0.001238011613664513,1e-07
627,0.9995751712946284,0.0012370015531833027,1e-07
628,0.9995751163570139,0.0012360333340160207,1e-07
629,0.9995760176272467,0.0012350208148145653,1e-07
630,0.9995760172272156,0.0012340426253716376,1e-07
631,0.9995767008804901,0.0012330118498647216,1e-07
632,0.9995768372911201,0.0012320390323247818,1e-07
633,0.9995773977347935,0.0012310093526063815,1e-07
634,0.9995776289528115,0.001230043328629694,1e-07
635,0.9995783810114167,0.001229033349990799,1e-07
636,0.999578093522347,0.00122804913192053,1e-07
637,0.9995789677238037,0.0012270414111724278,1e-07
638,0.9995788710496036,0.0012260762191290595,1e-07
639,0.9995795544361908,0.0012251031307346798,1e-07
640,0.9995793761556314,0.0012241486249407192,1e-07
641,0.9995804542396426,0.0012231470496259355,1e-07
642,0.999580496109572,0.0012221860418604557,1e-07
643,0.999580877739311,0.0012211890175513574,1e-07
644,0.9995809601457327,0.00122023016874318,1e-07
645,0.9995818755504002,0.001219211810512491,1e-07
646,0.9995817111375881,0.0012182308207536888,1e-07
647,0.99958270761524,0.0012172403117309489,1e-07
648,0.9995826933474615,0.0012162855054578437,1e-07
649,0.9995834995436188,0.001215357403381586,1e-07
650,0.9995833779341422,0.001214447518675463,1e-07
651,0.9995838418369591,0.0012134647499368854,1e-07
652,0.9995842512021929,0.001212509195916709,1e-07
653,0.9995848119125537,0.0012115150146351469,1e-07
654,0.9995850852671886,0.0012105435896841955,1e-07
655,0.9995857406515937,0.0012095495796724904,1e-07
656,0.9995858213245469,0.0012086273046453657,1e-07
657,0.999586368833879,0.0012076774595987147,1e-07
658,0.9995866825916623,0.0012067924965286556,1e-07
659,0.9995871600955392,0.0012058120838330509,1e-07
660,0.9995875837285513,0.0012048248821318408,1e-07
661,0.9995880336302773,0.0012038250748910347,1e-07
662,0.9995881437721935,0.0012028695077187918,1e-07
663,0.9995886894147135,0.001201930947340577,1e-07
664,0.9995886087417603,0.0012010708194415104,1e-07
665,0.9995893442657436,0.0012001707795780815,1e-07
666,0.9995890730446084,0.0011992614321208557,1e-07
667,0.9995903827466688,0.0011982311492955617,1e-07
668,0.9995901512619633,0.0011972363618795263,1e-07
669,0.9995914882994872,0.0011962383637966283,1e-07
670,0.9995911474729278,0.0011953112569802193,1e-07
671,0.9995921296828012,0.0011943929553747082,1e-07
672,0.9995914610973674,0.0011935075560727383,1e-07
673,0.9995928404048519,0.001192597390941117,1e-07
674,0.9995925259803499,0.0011917136501993825,1e-07
675,0.999593564461275,0.001190768805281957,1e-07
676,0.9995931686971011,0.0011898446854170604,1e-07
677,0.9995941239715422,0.0011888699208503959,1e-07
678,0.999594232913365,0.001187936027307205,1e-07
679,0.9995948068247545,0.0011869690390626673,1e-07
680,0.9995948744300228,0.0011860817181916857,1e-07
681,0.999595584885386,0.0011851766434958064,1e-07
682,0.9995951059147282,0.00118431206827752,1e-07
683,0.999596034253737,0.0011833718799078583,1e-07
684,0.9995957893013154,0.0011824189639513295,1e-07
685,0.9995969759271183,0.001181459854152762,1e-07
686,0.9995966088318451,0.0011805583105914262,1e-07
687,0.9995974402299663,0.0011796746834002068,1e-07
688,0.9995974682321485,0.0011788189695495382,1e-07
689,0.9995980810799054,0.0011779044095116358,1e-07
690,0.9995981646864206,0.0011769952766870209,1e-07
691,0.9995988872760627,0.00117602979214039,1e-07
692,0.9995988884761563,0.001175061906755629,1e-07
693,0.9995997624109255,0.0011741014905401529,1e-07
694,0.9995997069399363,0.001173188922193914,1e-07
695,0.9996003497900312,0.001172301482205577,1e-07
696,0.9996001712427843,0.001171493871126822,1e-07
697,0.9996006766154996,0.0011706601364628705,1e-07
698,0.9996007580885151,0.0011697885323439826,1e-07
699,0.9996013329333107,0.001168796539416545,1e-07
700,0.9996016721597454,0.0011678502151846232,1e-07
701,0.9996024654215614,0.0011669120913313106,1e-07
702,0.9996023144764655,0.0011660279570042179,1e-07
703,0.9996029021222586,0.0011651484509023694,1e-07
704,0.9996029563931544,0.0011643349367919976,1e-07
705,0.9996036264453692,0.0011634694645311517,1e-07
706,0.9996035571066325,0.0011625606543553776,1e-07
707,0.9996041180836808,0.0011616156191561972,1e-07
708,0.999604580386373,0.0011606638843138439,1e-07
709,0.9996049641496116,0.0011597708009820956,1e-07
710,0.9996050045527601,0.0011589176684849265,1e-07
711,0.999605701673751,0.0011580921131692998,1e-07
712,0.9996052783074262,0.0011572501934925198,1e-07
713,0.9996064259968614,0.0011563750003895283,1e-07
714,0.9996062469162397,0.0011554599063581905,1e-07
715,0.9996071635210008,0.001154533524728501,1e-07
716,0.9996070533790844,0.0011535950764358434,1e-07
717,0.99960790104514,0.0011526850639202817,1e-07
718,0.9996078595752418,0.00115178628945494,1e-07
719,0.9996085430951727,0.0011509430734531838,1e-07
720,0.9996082700072252,0.0011501743951609245,1e-07
721,0.9996090623356352,0.001149396383784601,1e-07
722,0.9996090623356352,0.0011485380895570716,1e-07
723,0.9996093760934185,0.0011476121556510735,1e-07
724,0.9996097035856055,0.0011466699590845558,1e-07
725,0.9996105637859711,0.0011457552394313504,1e-07
726,0.9996105509849736,0.0011449120406509883,1e-07
727,0.9996108774104108,0.001144102271298578,1e-07
728,0.9996107276654084,0.001143354799639344,1e-07
729,0.9996112869089882,0.0011425476815026478,1e-07
730,0.9996113971842482,0.0011416717186456618,1e-07
731,0.9996121612437886,0.001140719742801455,1e-07
732,0.9996120663030569,0.0011398086646429557,1e-07
733,0.9996131310526957,0.0011389484074694923,1e-07
734,0.9996126812843135,0.0011380974076254922,1e-07
735,0.9996138276403116,0.0011372748894280477,1e-07
736,0.9996133373354372,0.0011364646527540643,1e-07
737,0.9996145372956124,0.0011356512959150627,1e-07
738,0.9996138144392829,0.0011348416405038229,1e-07
739,0.9996151790789577,0.001133947412779511,1e-07
740,0.9996142374055764,0.001133047522569671,1e-07
741,0.9996157123205113,0.0011321745959518923,1e-07
742,0.9996151934800799,0.0011312738800592203,1e-07
743,0.9996162838317137,0.001130435014429025,1e-07
744,0.9996158229958024,0.001129628134559594,1e-07
745,0.9996166810626685,0.00112882934985224,1e-07
746,0.9996162852984947,0.001128078576828972,1e-07
747,0.9996170772268734,0.0011272731694701218,1e-07
748,0.9996168581431344,0.0011264056029054493,1e-07
749,0.9996177454122761,0.0011255091564209977,1e-07
750,0.9996177320779036,0.0011246220660041726,1e-07
751,0.9996182090484056,0.001123790378472403,1e-07
752,0.9996185104052225,0.001123040377644726,1e-07
753,0.9996189737746646,0.0011223031784656772,1e-07
754,0.9996190431134012,0.0011215355261973829,1e-07
755,0.999619834108374,0.0011206148325434888,1e-07
756,0.9996198081063478,0.0011197127117561821,1e-07
757,0.9996205457638307,0.001118843859707222,1e-07
758,0.9996204076197324,0.0011180289474735767,1e-07
759,0.9996210368687675,0.0011172424538281873,1e-07
760,0.9996206948421146,0.001116445999901421,1e-07
761,0.9996218287971462,0.0011156366996936421,1e-07
762,0.9996213227577124,0.0011148444129535887,1e-07
763,0.9996225101835776,0.0011140214611611576,1e-07
764,0.9996218688002635,0.0011132239369686977,1e-07
765,0.9996233555827898,0.0011124259433386143,1e-07
766,0.9996224561793692,0.0011115628722739995,1e-07
767,0.9996238213524189,0.0011106755154952719,1e-07
768,0.9996236438719218,0.0011097314501633364,1e-07
769,0.999624641683011,0.0011088821710263414,1e-07
770,0.9996245310077198,0.0011081025977770047,1e-07
771,0.999624899969805,0.0011073787704407566,1e-07
772,0.9996248870354637,0.0011067475904934566,1e-07
773,0.9996254056092077,0.0011060373677655437,1e-07
774,0.999625119586919,0.0011051610893240695,1e-07
775,0.9996263468825577,0.0011041938256999995,1e-07
776,0.9996266361050958,0.0011032811376829768,1e-07
777,0.9996267842499735,0.0011024600786487186,1e-07
778,0.999627153078715,0.0011017491983174778,1e-07
779,0.9996270706722934,0.0011011235387873434,1e-07
780,0.9996274539021571,0.001100463170986112,1e-07
781,0.9996278483328936,0.0010995819266628728,1e-07
782,0.9996282606316893,0.0010986345174180143,1e-07
783,0.9996288594783552,0.0010977348422965502,1e-07
784,0.9996288058741781,0.001096958479421084,1e-07
785,0.9996294600584896,0.0010962576131840077,1e-07
786,0.9996289974891099,0.0010955285858657206,1e-07
787,0.9996301565127618,0.0010947577047976404,1e-07
788,0.9996297210121582,0.0010939394775921296,1e-07
789,0.9996310856518329,0.0010931296215793201,1e-07
790,0.999630253186962,0.0010923766296982486,1e-07
791,0.9996314672815719,0.0010916208462910498,1e-07
792,0.9996309075046172,0.0010908343424235098,1e-07
793,0.9996319042489566,0.001089995121459635,1e-07
794,0.9996318370437195,0.0010890555402987493,1e-07
795,0.9996329016600146,0.0010882211489104446,1e-07
796,0.9996321784036538,0.0010874959626466856,1e-07
797,0.999632750581575,0.001086889173467258,1e-07
798,0.9996325608334552,0.0010863423267844544,1e-07
799,0.9996333104918734,0.0010855671105478209,1e-07
800,0.9996334473025346,0.001084625649422728,1e-07
801,0.9996340482827001,0.0010836720874197615,1e-07
802,0.9996342677664704,0.0010828364855204593,1e-07
803,0.9996342941685278,0.0010821260776544214,1e-07
804,0.999634363240577,0.0010815482781689522,1e-07
805,0.9996346904660764,0.0010809326689988292,1e-07
806,0.9996351130323389,0.0010801575736049459,1e-07
807,0.9996355778685618,0.00107918344987598,1e-07
808,0.9996354822611115,0.0010783136799169487,1e-07
809,0.9996362740561466,0.0010775224771806388,1e-07
810,0.9996360273702566,0.0010768282345065877,1e-07
811,0.9996369290405205,0.001076164147405108,1e-07
812,0.999636328060355,0.0010754481807400075,1e-07
813,0.9996377765732324,0.0010746686564528194,1e-07
814,0.999637025048002,0.001073856891404527,1e-07
815,0.999637995390284,0.0010730909385199615,1e-07
816,0.9996374358800167,0.0010723545845890714,1e-07
817,0.9996382940802265,0.001071626642967368,1e-07
818,0.9996379952569403,0.0010708239438273722,1e-07
819,0.9996389635990663,0.0010700029889027895,1e-07
820,0.9996390049356209,0.0010691708440437155,1e-07
821,0.9996393865653599,0.0010684119963352266,1e-07
822,0.9996395769801982,0.0010677634525022696,1e-07
823,0.9996396333845936,0.0010671713317185016,1e-07
824,0.9996402335646969,0.0010665641416289261,1e-07
825,0.9996404667828707,0.0010656942288853307,1e-07
826,0.9996410812307525,0.0010647791517498408,1e-07
827,0.9996406167945606,0.0010639411539607108,1e-07
828,0.9996414488594004,0.00106325805802117,1e-07
829,0.9996410268265129,0.0010626769959116646,1e-07
830,0.9996417355484077,0.0010620707164724801,1e-07
831,0.9996416954119467,0.001061222612589829,1e-07
832,0.999642527210099,0.0010603978137133571,1e-07
833,0.9996431153892671,0.0010595693079399474,1e-07
834,0.999642856169067,0.0010588366849964143,1e-07
835,0.99964361996192,0.0010581581842066237,1e-07
836,0.9996435247545008,0.0010574829366976934,1e-07
837,0.9996444249579837,0.0010567613296842064,1e-07
838,0.9996438385122841,0.0010560179707478062,1e-07
839,0.9996449984693421,0.001055245643831379,1e-07
840,0.9996445896374833,0.0010545593733280497,1e-07
841,0.9996457222590777,0.0010538725063264146,1e-07
842,0.9996449858016883,0.0010531805324163997,1e-07
843,0.999646063619012,0.0010523812635892887,1e-07
844,0.9996458462687413,0.0010514684174219209,1e-07
845,0.9996467059357321,0.0010506519219594314,1e-07
846,0.9996464475155944,0.0010499673571228727,1e-07
847,0.9996468698151693,0.0010493281138519146,1e-07
848,0.9996467191367608,0.001048848490148441,1e-07
849,0.9996473754545719,0.001048192102735512,1e-07
850,0.9996471973073563,0.0010473839045667362,1e-07
851,0.9996479225638729,0.0010464859759029817,1e-07
852,0.9996480981775578,0.0010457185278172653,1e-07
853,0.9996485767481844,0.0010450323137310927,1e-07
854,0.9996483987343124,0.0010443921481877445,1e-07
855,0.999648876371533,0.0010437745547158565,1e-07
856,0.9996491506595739,0.0010431058581080392,1e-07
857,0.9996498188449766,0.0010422162551256271,1e-07
858,0.9996496965687813,0.001041464547752205,1e-07
859,0.9996501471372259,0.0010407591490004674,1e-07
860,0.9996500645974605,0.001040095757623776,1e-07
861,0.9996508291903758,0.001039395551952498,1e-07
862,0.9996508021215997,0.0010386706757389418,1e-07
863,0.9996516621886217,0.0010379311648888673,1e-07
864,0.9996511030783856,0.0010372583422108223,1e-07
865,0.9996521131570973,0.0010366051816118472,1e-07
866,0.9996517156594552,0.0010359903106502918,1e-07
867,0.9996525083878963,0.001035232664825826,1e-07
868,0.9996525374568282,0.001034296553759571,1e-07
869,0.9996529600230906,0.001033482127078086,1e-07
870,0.9996533015163687,0.001032785023731894,1e-07
871,0.9996536838128263,0.0010321180212339574,1e-07
872,0.9996534105915351,0.0010316133519264264,1e-07
873,0.9996543257295152,0.0010310636268617685,1e-07
874,0.9996537387504407,0.0010303597801189944,1e-07
875,0.9996547900323633,0.0010295210900558658,1e-07
876,0.9996548717720664,0.0010287625837151245,1e-07
877,0.9996552950050474,0.0010280237107728326,1e-07
878,0.9996555674262761,0.001027307272944714,1e-07
879,0.9996554734189504,0.001026692595064611,1e-07
880,0.9996556218305157,0.0010261718599217937,1e-07
881,0.9996562230773687,0.0010254704943945072,1e-07
882,0.9996563048170717,0.0010247236486955107,1e-07
883,0.9996565105664383,0.0010238999929094179,1e-07
884,0.999656864327339,0.0010231936294015109,1e-07
885,0.9996569884703463,0.0010225298611399815,1e-07
886,0.9996572606248877,0.0010218718953814016,1e-07
887,0.9996575345128975,0.0010212303486431822,1e-07
888,0.9996573974355488,0.0010206320720411717,1e-07
889,0.9996582717703493,0.001020002030789377,1e-07
890,0.9996577781318818,0.0010193468083109774,1e-07
891,0.9996587219387626,0.0010185661054488743,1e-07
892,0.9996585028550236,0.0010177171237634442,1e-07
893,0.9996589674245591,0.0010169478280728128,1e-07
894,0.9996588310139292,0.0010162609000638194,1e-07
895,0.9996597592195942,0.0010155839413212783,1e-07
896,0.9996593913242587,0.0010150350391397553,1e-07
897,0.9996601421827704,0.0010144937673379965,1e-07
898,0.9996597462852529,0.0010139079833110499,1e-07
899,0.9996606064856186,0.0010131230393958005,1e-07
900,0.9996603883352856,0.001012355767105033,1e-07
901,0.9996610157175085,0.0010116623561038643,1e-07
902,0.9996613433430392,0.0010109160266560345,1e-07
903,0.9996616029632704,0.0010102525774948923,1e-07
904,0.9996618356480694,0.0010096198134072192,1e-07
905,0.9996617389738693,0.0010090681708754318,1e-07
906,0.9996620124618479,0.0010084606421201425,1e-07
907,0.9996623948916493,0.001007689010733176,1e-07
908,0.9996625862398937,0.00100695301174531,1e-07
909,0.9996629274664842,0.0010062663498703365,1e-07
910,0.9996630776115178,0.001005682889559625,1e-07
911,0.9996635145789025,0.0010050651423322658,1e-07
912,0.9996637056604595,0.0010044150289108505,1e-07
913,0.9996643485105544,0.0010037713726983517,1e-07
914,0.9996641835643675,0.0010031964465162155,1e-07
915,0.9996646077307545,0.0010024875228804217,1e-07
916,0.9996652087109201,0.0010016899632359802,1e-07
917,0.9996649900272122,0.0010009254978045662,1e-07
918,0.9996654408623441,0.001000284990437706,1e-07
919,0.9996657679544999,0.0009996951781997198,1e-07
920,0.9996653991257585,0.0009991944318215864,1e-07
921,0.9996658488941406,0.0009985864151702043,1e-07
922,0.9996661378499913,0.0009978436305949682,1e-07
923,0.9996670379201305,0.0009971013904306455,1e-07
924,0.9996668188363914,0.000996420290414869,1e-07
925,0.9996673243424503,0.000995855096859651,1e-07
926,0.9996670243190706,0.0009953422898737092,1e-07
927,0.9996675570272493,0.0009947177575472992,1e-07
928,0.9996674750208588,0.0009939629092064564,1e-07
929,0.999668172408537,0.000993196512732636,1e-07
930,0.9996685952414869,0.000992425846199503,1e-07
931,0.9996688129917887,0.0009916690813356144,1e-07
932,0.9996690860797361,0.0009910531752348004,1e-07
933,0.9996693610344958,0.0009904701527511759,1e-07
934,0.9996692350246762,0.0009899189804708772,1e-07
935,0.9996694831773472,0.0009891918682432327,1e-07
936,0.9996697273297065,0.000988620070625207,1e-07
937,0.9996700421542396,0.0009879394112036603,1e-07
938,0.9996703561787104,0.0009874761277058118,1e-07
939,0.9996701794982756,0.0009869981588839013,1e-07
940,0.9996704247173847,0.0009866037472894508,1e-07
941,0.999670684337616,0.0009857567011389643,1e-07
942,0.9996718294935205,0.0009846966398212645,1e-07
943,0.9996715173358619,0.0009837056282202981,1e-07
944,0.9996722943297435,0.0009830050574164,1e-07
945,0.9996723908705999,0.0009824908119394555,1e-07
946,0.999672129650244,0.0009821695646401848,1e-07
947,0.99967240340491,0.000981780707384814,1e-07
948,0.9996727176960682,0.0009811363409932754,1e-07
949,0.9996732508042782,0.0009802186463686577,1e-07
950,0.999673441485804,0.0009793292183347747,1e-07
951,0.9996735629619368,0.0009787200775398025,1e-07
952,0.999674096870209,0.000978030615169904,1e-07
953,0.9996743555570342,0.0009773070123791487,1e-07
954,0.9996742198131229,0.0009768020206832137,1e-07
955,0.9996746843826584,0.0009762864936122585,1e-07
956,0.9996746291783566,0.0009757224945348877,1e-07
957,0.9996748077256035,0.0009751570108203401,1e-07
958,0.9996753524347173,0.0009743366474945929,1e-07
959,0.9996756801935917,0.0009735545331455446,1e-07
960,0.9996759120783283,0.000972804683615465,1e-07
961,0.9996766094660066,0.0009720426624174901,1e-07
962,0.9996758303386253,0.0009714837933297246,1e-07
963,0.9996769922958391,0.0009709327105095223,1e-07
964,0.9996761455631896,0.0009703580000017451,1e-07
965,0.9996771420408416,0.0009699918211737785,1e-07
966,0.9996769912290893,0.0009695991577787097,1e-07
967,0.9996771144386906,0.0009688648297055572,1e-07
968,0.9996780425110119,0.0009678030510665328,1e-07
969,0.9996785086806722,0.000966839133210999,1e-07
970,0.9996785070805475,0.0009662519342625947,1e-07
971,0.9996792050016007,0.000965769624233249,1e-07
972,0.9996786712266722,0.0009653872268888277,1e-07
973,0.9996790276544473,0.0009651069685095875,1e-07
974,0.9996789315136221,0.0009644019216244625,1e-07
975,0.9996799955965422,0.000963479166156253,1e-07
976,0.9996801737437578,0.0009626755431812451,1e-07
977,0.9996802421490885,0.0009620410475784327,1e-07
978,0.99968022788131,0.0009615922573812189,1e-07
979,0.9996801598760106,0.0009614134551014468,1e-07
980,0.9996803636252214,0.0009608712107955188,1e-07
981,0.9996810486119332,0.0009598400282256318,1e-07
982,0.9996814849125992,0.0009590043509949386,1e-07
983,0.9996818669423694,0.0009584242002845802,1e-07
984,0.9996822084356475,0.0009578692614021701,1e-07
985,0.9996816905286221,0.0009574243067577533,1e-07
986,0.9996817305317395,0.0009570320633335625,1e-07
987,0.9996819078788928,0.0009564425460567127,1e-07
988,0.9996820173540905,0.0009557178869987504,1e-07
989,0.9996830826371041,0.0009549154021495419,1e-07
990,0.9996830965048514,0.000954150466873572,1e-07
991,0.9996836009441606,0.0009535574960398386,1e-07
992,0.9996839144352565,0.0009530253262820047,1e-07
993,0.9996837241537619,0.0009526815041604086,1e-07
994,0.9996837112194207,0.0009523284386101718,1e-07
995,0.9996839696395584,0.0009516742458018544,1e-07
996,0.9996847350325361,0.0009506581030921204,1e-07
997,0.9996855122931052,0.0009499133632375631,1e-07
998,0.9996848306399864,0.0009494079897898745,1e-07
999,0.99968564923711,0.0009490829318909233,1e-07
